{"/Users/Michael/Documents/development/ananda-library-chatbot/web/src/components/AnswerItem.tsx": {"path":"/Users/Michael/Documents/development/ananda-library-chatbot/web/src/components/AnswerItem.tsx","statementMap":{"0":{"start":{"line":371,"column":0},"end":{"line":371,"column":15}},"1":{"start":{"line":4,"column":32},"end":{"line":4,"column":null}},"2":{"start":{"line":5,"column":17},"end":{"line":5,"column":null}},"3":{"start":{"line":6,"column":36},"end":{"line":6,"column":null}},"4":{"start":{"line":7,"column":30},"end":{"line":7,"column":null}},"5":{"start":{"line":8,"column":24},"end":{"line":8,"column":null}},"6":{"start":{"line":9,"column":23},"end":{"line":9,"column":null}},"7":{"start":{"line":10,"column":23},"end":{"line":10,"column":null}},"8":{"start":{"line":12,"column":34},"end":{"line":12,"column":null}},"9":{"start":{"line":13,"column":39},"end":{"line":13,"column":null}},"10":{"start":{"line":15,"column":27},"end":{"line":15,"column":null}},"11":{"start":{"line":18,"column":25},"end":{"line":18,"column":null}},"12":{"start":{"line":40,"column":50},"end":{"line":62,"column":null}},"13":{"start":{"line":48,"column":24},"end":{"line":48,"column":null}},"14":{"start":{"line":64,"column":29},"end":{"line":64,"column":null}},"15":{"start":{"line":66,"column":46},"end":{"line":369,"column":null}},"16":{"start":{"line":78,"column":33},"end":{"line":79,"column":null}},"17":{"start":{"line":81,"column":34},"end":{"line":81,"column":null}},"18":{"start":{"line":82,"column":36},"end":{"line":82,"column":null}},"19":{"start":{"line":83,"column":50},"end":{"line":83,"column":null}},"20":{"start":{"line":84,"column":54},"end":{"line":84,"column":null}},"21":{"start":{"line":87,"column":34},"end":{"line":101,"column":null}},"22":{"start":{"line":88,"column":4},"end":{"line":91,"column":null}},"23":{"start":{"line":89,"column":6},"end":{"line":89,"column":null}},"24":{"start":{"line":90,"column":6},"end":{"line":90,"column":null}},"25":{"start":{"line":92,"column":22},"end":{"line":92,"column":null}},"26":{"start":{"line":93,"column":4},"end":{"line":96,"column":null}},"27":{"start":{"line":96,"column":8},"end":{"line":96,"column":null}},"28":{"start":{"line":104,"column":24},"end":{"line":106,"column":null}},"29":{"start":{"line":105,"column":4},"end":{"line":105,"column":null}},"30":{"start":{"line":109,"column":28},"end":{"line":125,"column":null}},"31":{"start":{"line":110,"column":4},"end":{"line":124,"column":null}},"32":{"start":{"line":112,"column":6},"end":{"line":114,"column":null}},"33":{"start":{"line":113,"column":8},"end":{"line":113,"column":null}},"34":{"start":{"line":117,"column":6},"end":{"line":117,"column":null}},"35":{"start":{"line":119,"column":6},"end":{"line":120,"column":null}},"36":{"start":{"line":123,"column":6},"end":{"line":123,"column":null}},"37":{"start":{"line":123,"column":23},"end":{"line":123,"column":43}},"38":{"start":{"line":144,"column":20},"end":{"line":144,"column":null}},"39":{"start":{"line":164,"column":26},"end":{"line":164,"column":null}},"40":{"start":{"line":185,"column":33},"end":{"line":185,"column":null}},"41":{"start":{"line":243,"column":29},"end":{"line":243,"column":null}},"42":{"start":{"line":254,"column":16},"end":{"line":254,"column":null}},"43":{"start":{"line":265,"column":24},"end":{"line":265,"column":null}},"44":{"start":{"line":268,"column":22},"end":{"line":268,"column":39}},"45":{"start":{"line":294,"column":31},"end":{"line":294,"column":null}},"46":{"start":{"line":316,"column":31},"end":{"line":316,"column":null}},"47":{"start":{"line":346,"column":33},"end":{"line":346,"column":null}},"48":{"start":{"line":364,"column":25},"end":{"line":364,"column":null}},"49":{"start":{"line":371,"column":15},"end":{"line":371,"column":null}}},"fnMap":{"0":{"name":"(anonymous_5)","decl":{"start":{"line":40,"column":50},"end":{"line":40,"column":51}},"loc":{"start":{"line":40,"column":71},"end":{"line":62,"column":null}}},"1":{"name":"(anonymous_6)","decl":{"start":{"line":48,"column":17},"end":{"line":48,"column":18}},"loc":{"start":{"line":48,"column":24},"end":{"line":48,"column":null}}},"2":{"name":"(anonymous_7)","decl":{"start":{"line":66,"column":46},"end":{"line":66,"column":47}},"loc":{"start":{"line":77,"column":1},"end":{"line":369,"column":null}}},"3":{"name":"(anonymous_8)","decl":{"start":{"line":87,"column":34},"end":{"line":87,"column":35}},"loc":{"start":{"line":87,"column":53},"end":{"line":101,"column":null}}},"4":{"name":"(anonymous_9)","decl":{"start":{"line":95,"column":11},"end":{"line":95,"column":12}},"loc":{"start":{"line":96,"column":8},"end":{"line":96,"column":null}}},"5":{"name":"(anonymous_10)","decl":{"start":{"line":104,"column":24},"end":{"line":104,"column":25}},"loc":{"start":{"line":104,"column":40},"end":{"line":106,"column":null}}},"6":{"name":"(anonymous_11)","decl":{"start":{"line":109,"column":28},"end":{"line":109,"column":29}},"loc":{"start":{"line":109,"column":47},"end":{"line":125,"column":null}}},"7":{"name":"(anonymous_12)","decl":{"start":{"line":123,"column":17},"end":{"line":123,"column":23}},"loc":{"start":{"line":123,"column":23},"end":{"line":123,"column":43}}},"8":{"name":"(anonymous_13)","decl":{"start":{"line":143,"column":50},"end":{"line":143,"column":51}},"loc":{"start":{"line":144,"column":20},"end":{"line":144,"column":null}}},"9":{"name":"(anonymous_14)","decl":{"start":{"line":163,"column":29},"end":{"line":163,"column":30}},"loc":{"start":{"line":164,"column":26},"end":{"line":164,"column":null}}},"10":{"name":"(anonymous_15)","decl":{"start":{"line":185,"column":27},"end":{"line":185,"column":33}},"loc":{"start":{"line":185,"column":33},"end":{"line":185,"column":null}}},"11":{"name":"(anonymous_16)","decl":{"start":{"line":243,"column":23},"end":{"line":243,"column":29}},"loc":{"start":{"line":243,"column":29},"end":{"line":243,"column":null}}},"12":{"name":"(anonymous_17)","decl":{"start":{"line":253,"column":14},"end":{"line":253,"column":15}},"loc":{"start":{"line":254,"column":16},"end":{"line":254,"column":null}}},"13":{"name":"(anonymous_18)","decl":{"start":{"line":264,"column":22},"end":{"line":264,"column":23}},"loc":{"start":{"line":265,"column":24},"end":{"line":265,"column":null}}},"14":{"name":"(anonymous_19)","decl":{"start":{"line":267,"column":25},"end":{"line":267,"column":26}},"loc":{"start":{"line":268,"column":22},"end":{"line":268,"column":39}}},"15":{"name":"(anonymous_20)","decl":{"start":{"line":294,"column":25},"end":{"line":294,"column":31}},"loc":{"start":{"line":294,"column":31},"end":{"line":294,"column":null}}},"16":{"name":"(anonymous_21)","decl":{"start":{"line":316,"column":25},"end":{"line":316,"column":31}},"loc":{"start":{"line":316,"column":31},"end":{"line":316,"column":null}}},"17":{"name":"(anonymous_22)","decl":{"start":{"line":346,"column":27},"end":{"line":346,"column":33}},"loc":{"start":{"line":346,"column":33},"end":{"line":346,"column":null}}},"18":{"name":"(anonymous_23)","decl":{"start":{"line":364,"column":19},"end":{"line":364,"column":25}},"loc":{"start":{"line":364,"column":25},"end":{"line":364,"column":null}}}},"branchMap":{"0":{"loc":{"start":{"line":74,"column":2},"end":{"line":74,"column":20}},"type":"default-arg","locations":[{"start":{"line":74,"column":15},"end":{"line":74,"column":20}}]},"1":{"loc":{"start":{"line":76,"column":2},"end":{"line":76,"column":29}},"type":"default-arg","locations":[{"start":{"line":76,"column":25},"end":{"line":76,"column":29}}]},"2":{"loc":{"start":{"line":79,"column":4},"end":{"line":79,"column":null}},"type":"binary-expr","locations":[{"start":{"line":79,"column":4},"end":{"line":79,"column":18}},{"start":{"line":79,"column":18},"end":{"line":79,"column":null}}]},"3":{"loc":{"start":{"line":88,"column":4},"end":{"line":91,"column":null}},"type":"if","locations":[{"start":{"line":88,"column":4},"end":{"line":91,"column":null}}]},"4":{"loc":{"start":{"line":98,"column":11},"end":{"line":98,"column":null}},"type":"binary-expr","locations":[{"start":{"line":98,"column":11},"end":{"line":98,"column":33}},{"start":{"line":98,"column":33},"end":{"line":98,"column":null}}]},"5":{"loc":{"start":{"line":105,"column":11},"end":{"line":105,"column":null}},"type":"cond-expr","locations":[{"start":{"line":105,"column":38},"end":{"line":105,"column":71}},{"start":{"line":105,"column":74},"end":{"line":105,"column":null}}]},"6":{"loc":{"start":{"line":112,"column":6},"end":{"line":114,"column":null}},"type":"if","locations":[{"start":{"line":112,"column":6},"end":{"line":114,"column":null}}]},"7":{"loc":{"start":{"line":120,"column":8},"end":{"line":120,"column":null}},"type":"cond-expr","locations":[{"start":{"line":120,"column":33},"end":{"line":120,"column":46}},{"start":{"line":120,"column":49},"end":{"line":120,"column":null}}]},"8":{"loc":{"start":{"line":130,"column":8},"end":{"line":130,"column":null}},"type":"cond-expr","locations":[{"start":{"line":130,"column":21},"end":{"line":130,"column":26}},{"start":{"line":130,"column":26},"end":{"line":130,"column":null}}]},"9":{"loc":{"start":{"line":141,"column":14},"end":{"line":157,"column":15}},"type":"cond-expr","locations":[{"start":{"line":141,"column":14},"end":{"line":157,"column":15}}]},"10":{"loc":{"start":{"line":143,"column":18},"end":{"line":144,"column":null}},"type":"cond-expr","locations":[{"start":{"line":143,"column":18},"end":{"line":144,"column":null}}]},"11":{"loc":{"start":{"line":146,"column":23},"end":{"line":146,"column":null}},"type":"binary-expr","locations":[{"start":{"line":146,"column":23},"end":{"line":146,"column":69}},{"start":{"line":146,"column":69},"end":{"line":146,"column":null}}]},"12":{"loc":{"start":{"line":152,"column":21},"end":{"line":152,"column":null}},"type":"binary-expr","locations":[{"start":{"line":152,"column":21},"end":{"line":152,"column":53}},{"start":{"line":152,"column":53},"end":{"line":152,"column":null}}]},"13":{"loc":{"start":{"line":161,"column":22},"end":{"line":164,"column":null}},"type":"cond-expr","locations":[{"start":{"line":161,"column":22},"end":{"line":164,"column":null}}]},"14":{"loc":{"start":{"line":166,"column":29},"end":{"line":167,"column":null}},"type":"binary-expr","locations":[{"start":{"line":166,"column":29},"end":{"line":166,"column":null}},{"start":{"line":167,"column":30},"end":{"line":167,"column":null}}]},"15":{"loc":{"start":{"line":174,"column":25},"end":{"line":174,"column":null}},"type":"binary-expr","locations":[{"start":{"line":174,"column":25},"end":{"line":174,"column":57}},{"start":{"line":174,"column":57},"end":{"line":174,"column":null}}]},"16":{"loc":{"start":{"line":181,"column":14},"end":{"line":181,"column":28}},"type":"binary-expr","locations":[{"start":{"line":181,"column":14},"end":{"line":181,"column":28}},{"start":{"line":181,"column":29},"end":{"line":181,"column":null}},{"start":{"line":182,"column":15},"end":{"line":182,"column":30}},{"start":{"line":182,"column":30},"end":{"line":182,"column":58}},{"start":{"line":183,"column":14},"end":{"line":183,"column":null}}]},"17":{"loc":{"start":{"line":199,"column":13},"end":{"line":199,"column":27}},"type":"binary-expr","locations":[{"start":{"line":199,"column":13},"end":{"line":199,"column":27}},{"start":{"line":199,"column":31},"end":{"line":199,"column":null}}]},"18":{"loc":{"start":{"line":207,"column":13},"end":{"line":207,"column":null}},"type":"binary-expr","locations":[{"start":{"line":207,"column":13},"end":{"line":207,"column":null}}]},"19":{"loc":{"start":{"line":209,"column":17},"end":{"line":213,"column":null}},"type":"cond-expr","locations":[{"start":{"line":210,"column":20},"end":{"line":212,"column":null}},{"start":{"line":213,"column":20},"end":{"line":213,"column":null}}]},"20":{"loc":{"start":{"line":210,"column":20},"end":{"line":212,"column":null}},"type":"binary-expr","locations":[{"start":{"line":210,"column":20},"end":{"line":212,"column":50}},{"start":{"line":212,"column":50},"end":{"line":212,"column":null}}]},"21":{"loc":{"start":{"line":225,"column":22},"end":{"line":225,"column":null}},"type":"binary-expr","locations":[{"start":{"line":225,"column":22},"end":{"line":225,"column":35}},{"start":{"line":225,"column":39},"end":{"line":225,"column":null}}]},"22":{"loc":{"start":{"line":226,"column":27},"end":{"line":226,"column":null}},"type":"cond-expr","locations":[{"start":{"line":226,"column":40},"end":{"line":226,"column":47}},{"start":{"line":226,"column":47},"end":{"line":226,"column":null}}]},"23":{"loc":{"start":{"line":231,"column":11},"end":{"line":231,"column":25}},"type":"binary-expr","locations":[{"start":{"line":231,"column":11},"end":{"line":231,"column":25}}]},"24":{"loc":{"start":{"line":234,"column":30},"end":{"line":234,"column":null}},"type":"cond-expr","locations":[{"start":{"line":234,"column":55},"end":{"line":234,"column":72}},{"start":{"line":234,"column":75},"end":{"line":234,"column":null}}]},"25":{"loc":{"start":{"line":241,"column":11},"end":{"line":241,"column":36}},"type":"binary-expr","locations":[{"start":{"line":241,"column":11},"end":{"line":241,"column":36}},{"start":{"line":241,"column":36},"end":{"line":241,"column":null}}]},"26":{"loc":{"start":{"line":246,"column":22},"end":{"line":246,"column":57}},"type":"cond-expr","locations":[{"start":{"line":246,"column":41},"end":{"line":246,"column":50}},{"start":{"line":246,"column":50},"end":{"line":246,"column":57}}]},"27":{"loc":{"start":{"line":251,"column":11},"end":{"line":251,"column":36}},"type":"binary-expr","locations":[{"start":{"line":251,"column":11},"end":{"line":251,"column":36}},{"start":{"line":252,"column":12},"end":{"line":255,"column":null}},{"start":{"line":256,"column":13},"end":{"line":256,"column":37}},{"start":{"line":256,"column":37},"end":{"line":256,"column":52}}]},"28":{"loc":{"start":{"line":288,"column":24},"end":{"line":288,"column":null}},"type":"binary-expr","locations":[{"start":{"line":288,"column":24},"end":{"line":288,"column":39}},{"start":{"line":288,"column":43},"end":{"line":288,"column":null}}]},"29":{"loc":{"start":{"line":292,"column":13},"end":{"line":292,"column":null}},"type":"binary-expr","locations":[{"start":{"line":292,"column":13},"end":{"line":292,"column":null}}]},"30":{"loc":{"start":{"line":299,"column":19},"end":{"line":299,"column":null}},"type":"cond-expr","locations":[{"start":{"line":299,"column":46},"end":{"line":299,"column":56}},{"start":{"line":299,"column":56},"end":{"line":299,"column":null}}]},"31":{"loc":{"start":{"line":304,"column":13},"end":{"line":304,"column":null}},"type":"binary-expr","locations":[{"start":{"line":304,"column":13},"end":{"line":304,"column":null}}]},"32":{"loc":{"start":{"line":307,"column":30},"end":{"line":307,"column":null}},"type":"binary-expr","locations":[{"start":{"line":307,"column":30},"end":{"line":307,"column":53}},{"start":{"line":307,"column":57},"end":{"line":307,"column":null}}]},"33":{"loc":{"start":{"line":308,"column":27},"end":{"line":308,"column":null}},"type":"binary-expr","locations":[{"start":{"line":308,"column":27},"end":{"line":308,"column":43}},{"start":{"line":308,"column":47},"end":{"line":308,"column":null}}]},"34":{"loc":{"start":{"line":314,"column":13},"end":{"line":314,"column":29}},"type":"binary-expr","locations":[{"start":{"line":314,"column":13},"end":{"line":314,"column":29}},{"start":{"line":314,"column":29},"end":{"line":314,"column":null}}]},"35":{"loc":{"start":{"line":325,"column":13},"end":{"line":325,"column":null}},"type":"binary-expr","locations":[{"start":{"line":325,"column":13},"end":{"line":325,"column":null}}]},"36":{"loc":{"start":{"line":329,"column":13},"end":{"line":329,"column":27}},"type":"binary-expr","locations":[{"start":{"line":329,"column":13},"end":{"line":329,"column":27}},{"start":{"line":329,"column":27},"end":{"line":329,"column":36}}]},"37":{"loc":{"start":{"line":337,"column":11},"end":{"line":337,"column":25}},"type":"binary-expr","locations":[{"start":{"line":337,"column":11},"end":{"line":337,"column":25}},{"start":{"line":337,"column":25},"end":{"line":337,"column":47}},{"start":{"line":337,"column":47},"end":{"line":337,"column":68}}]},"38":{"loc":{"start":{"line":344,"column":15},"end":{"line":344,"column":37}},"type":"binary-expr","locations":[{"start":{"line":344,"column":15},"end":{"line":344,"column":37}}]},"39":{"loc":{"start":{"line":361,"column":7},"end":{"line":361,"column":29}},"type":"binary-expr","locations":[{"start":{"line":361,"column":7},"end":{"line":361,"column":29}},{"start":{"line":361,"column":29},"end":{"line":361,"column":51}}]}},"s":{"0":0,"1":1,"2":1,"3":1,"4":1,"5":1,"6":1,"7":1,"8":1,"9":1,"10":1,"11":1,"12":1,"13":0,"14":1,"15":1,"16":0,"17":0,"18":0,"19":0,"20":0,"21":0,"22":0,"23":0,"24":0,"25":0,"26":0,"27":0,"28":0,"29":0,"30":0,"31":0,"32":0,"33":0,"34":0,"35":0,"36":0,"37":0,"38":0,"39":0,"40":0,"41":0,"42":0,"43":0,"44":0,"45":0,"46":0,"47":0,"48":0,"49":1},"f":{"0":0,"1":0,"2":0,"3":0,"4":0,"5":0,"6":0,"7":0,"8":0,"9":0,"10":0,"11":0,"12":0,"13":0,"14":0,"15":0,"16":0,"17":0,"18":0},"b":{"0":[0],"1":[0],"2":[0,0],"3":[0],"4":[0,0],"5":[0,0],"6":[0],"7":[0,0],"8":[0,0],"9":[0],"10":[0],"11":[0,0],"12":[0,0],"13":[0],"14":[0,0],"15":[0,0],"16":[0,0,0,0,0],"17":[0,0],"18":[0],"19":[0,0],"20":[0,0],"21":[0,0],"22":[0,0],"23":[0],"24":[0,0],"25":[0,0],"26":[0,0],"27":[0,0,0,0],"28":[0,0],"29":[0],"30":[0,0],"31":[0],"32":[0,0],"33":[0,0],"34":[0,0],"35":[0],"36":[0,0],"37":[0,0,0],"38":[0],"39":[0,0]}}
,"/Users/Michael/Documents/development/ananda-library-chatbot/web/src/components/AudioPlayer.tsx": {"path":"/Users/Michael/Documents/development/ananda-library-chatbot/web/src/components/AudioPlayer.tsx","statementMap":{"0":{"start":{"line":26,"column":16},"end":{"line":26,"column":28}},"1":{"start":{"line":4,"column":56},"end":{"line":4,"column":null}},"2":{"start":{"line":5,"column":31},"end":{"line":5,"column":null}},"3":{"start":{"line":6,"column":32},"end":{"line":6,"column":null}},"4":{"start":{"line":7,"column":25},"end":{"line":7,"column":null}},"5":{"start":{"line":8,"column":30},"end":{"line":8,"column":null}},"6":{"start":{"line":34,"column":34},"end":{"line":34,"column":null}},"7":{"start":{"line":35,"column":56},"end":{"line":35,"column":null}},"8":{"start":{"line":36,"column":28},"end":{"line":36,"column":null}},"9":{"start":{"line":37,"column":34},"end":{"line":37,"column":null}},"10":{"start":{"line":38,"column":40},"end":{"line":38,"column":null}},"11":{"start":{"line":50,"column":6},"end":{"line":53,"column":null}},"12":{"start":{"line":56,"column":24},"end":{"line":107,"column":null}},"13":{"start":{"line":57,"column":4},"end":{"line":106,"column":null}},"14":{"start":{"line":58,"column":6},"end":{"line":60,"column":null}},"15":{"start":{"line":59,"column":8},"end":{"line":59,"column":null}},"16":{"start":{"line":63,"column":21},"end":{"line":63,"column":null}},"17":{"start":{"line":69,"column":6},"end":{"line":73,"column":null}},"18":{"start":{"line":71,"column":28},"end":{"line":71,"column":null}},"19":{"start":{"line":72,"column":8},"end":{"line":72,"column":null}},"20":{"start":{"line":76,"column":6},"end":{"line":76,"column":null}},"21":{"start":{"line":78,"column":23},"end":{"line":79,"column":null}},"22":{"start":{"line":82,"column":6},"end":{"line":85,"column":null}},"23":{"start":{"line":83,"column":8},"end":{"line":83,"column":null}},"24":{"start":{"line":84,"column":8},"end":{"line":84,"column":null}},"25":{"start":{"line":87,"column":19},"end":{"line":87,"column":null}},"26":{"start":{"line":88,"column":6},"end":{"line":88,"column":null}},"27":{"start":{"line":90,"column":6},"end":{"line":92,"column":null}},"28":{"start":{"line":91,"column":8},"end":{"line":91,"column":null}},"29":{"start":{"line":95,"column":6},"end":{"line":97,"column":null}},"30":{"start":{"line":96,"column":8},"end":{"line":96,"column":null}},"31":{"start":{"line":99,"column":6},"end":{"line":99,"column":null}},"32":{"start":{"line":100,"column":6},"end":{"line":100,"column":null}},"33":{"start":{"line":101,"column":6},"end":{"line":101,"column":null}},"34":{"start":{"line":103,"column":6},"end":{"line":103,"column":null}},"35":{"start":{"line":104,"column":6},"end":{"line":104,"column":null}},"36":{"start":{"line":105,"column":6},"end":{"line":105,"column":null}},"37":{"start":{"line":110,"column":2},"end":{"line":120,"column":null}},"38":{"start":{"line":111,"column":4},"end":{"line":119,"column":null}},"39":{"start":{"line":112,"column":6},"end":{"line":112,"column":null}},"40":{"start":{"line":113,"column":20},"end":{"line":117,"column":null}},"41":{"start":{"line":114,"column":8},"end":{"line":116,"column":null}},"42":{"start":{"line":115,"column":10},"end":{"line":115,"column":null}},"43":{"start":{"line":118,"column":6},"end":{"line":118,"column":null}},"44":{"start":{"line":118,"column":19},"end":{"line":118,"column":null}},"45":{"start":{"line":123,"column":2},"end":{"line":127,"column":null}},"46":{"start":{"line":124,"column":4},"end":{"line":126,"column":null}},"47":{"start":{"line":125,"column":6},"end":{"line":125,"column":null}},"48":{"start":{"line":130,"column":21},"end":{"line":139,"column":null}},"49":{"start":{"line":131,"column":18},"end":{"line":131,"column":null}},"50":{"start":{"line":132,"column":20},"end":{"line":132,"column":null}},"51":{"start":{"line":133,"column":20},"end":{"line":133,"column":null}},"52":{"start":{"line":134,"column":4},"end":{"line":138,"column":null}},"53":{"start":{"line":142,"column":32},"end":{"line":155,"column":null}},"54":{"start":{"line":143,"column":4},"end":{"line":154,"column":null}},"55":{"start":{"line":144,"column":6},"end":{"line":144,"column":null}},"56":{"start":{"line":146,"column":6},"end":{"line":152,"column":null}},"57":{"start":{"line":147,"column":8},"end":{"line":147,"column":null}},"58":{"start":{"line":148,"column":8},"end":{"line":148,"column":null}},"59":{"start":{"line":150,"column":8},"end":{"line":150,"column":null}},"60":{"start":{"line":151,"column":8},"end":{"line":151,"column":null}},"61":{"start":{"line":153,"column":6},"end":{"line":153,"column":null}},"62":{"start":{"line":158,"column":21},"end":{"line":162,"column":null}},"63":{"start":{"line":159,"column":20},"end":{"line":159,"column":null}},"64":{"start":{"line":160,"column":4},"end":{"line":160,"column":null}},"65":{"start":{"line":161,"column":4},"end":{"line":161,"column":null}},"66":{"start":{"line":169,"column":32},"end":{"line":169,"column":null}},"67":{"start":{"line":170,"column":23},"end":{"line":170,"column":null}}},"fnMap":{"0":{"name":"AudioPlayer","decl":{"start":{"line":26,"column":16},"end":{"line":26,"column":28}},"loc":{"start":{"line":33,"column":19},"end":{"line":207,"column":null}}},"1":{"name":"(anonymous_6)","decl":{"start":{"line":56,"column":36},"end":{"line":56,"column":null}},"loc":{"start":{"line":56,"column":36},"end":{"line":107,"column":5}}},"2":{"name":"(anonymous_7)","decl":{"start":{"line":110,"column":12},"end":{"line":110,"column":null}},"loc":{"start":{"line":110,"column":12},"end":{"line":120,"column":5}}},"3":{"name":"(anonymous_8)","decl":{"start":{"line":113,"column":31},"end":{"line":113,"column":null}},"loc":{"start":{"line":113,"column":31},"end":{"line":117,"column":9}}},"4":{"name":"(anonymous_9)","decl":{"start":{"line":118,"column":13},"end":{"line":118,"column":19}},"loc":{"start":{"line":118,"column":19},"end":{"line":118,"column":null}}},"5":{"name":"(anonymous_10)","decl":{"start":{"line":123,"column":12},"end":{"line":123,"column":null}},"loc":{"start":{"line":123,"column":12},"end":{"line":127,"column":5}}},"6":{"name":"(anonymous_11)","decl":{"start":{"line":130,"column":21},"end":{"line":130,"column":22}},"loc":{"start":{"line":130,"column":22},"end":{"line":139,"column":null}}},"7":{"name":"(anonymous_12)","decl":{"start":{"line":142,"column":32},"end":{"line":142,"column":null}},"loc":{"start":{"line":142,"column":32},"end":{"line":155,"column":null}}},"8":{"name":"(anonymous_13)","decl":{"start":{"line":158,"column":21},"end":{"line":158,"column":22}},"loc":{"start":{"line":158,"column":22},"end":{"line":162,"column":null}}},"9":{"name":"(anonymous_14)","decl":{"start":{"line":169,"column":26},"end":{"line":169,"column":32}},"loc":{"start":{"line":169,"column":32},"end":{"line":169,"column":null}}},"10":{"name":"(anonymous_15)","decl":{"start":{"line":170,"column":17},"end":{"line":170,"column":23}},"loc":{"start":{"line":170,"column":23},"end":{"line":170,"column":null}}}},"branchMap":{"0":{"loc":{"start":{"line":30,"column":2},"end":{"line":30,"column":18}},"type":"default-arg","locations":[{"start":{"line":30,"column":13},"end":{"line":30,"column":18}}]},"1":{"loc":{"start":{"line":31,"column":2},"end":{"line":31,"column":20}},"type":"default-arg","locations":[{"start":{"line":31,"column":15},"end":{"line":31,"column":20}}]},"2":{"loc":{"start":{"line":58,"column":6},"end":{"line":60,"column":null}},"type":"if","locations":[{"start":{"line":58,"column":6},"end":{"line":60,"column":null}}]},"3":{"loc":{"start":{"line":69,"column":6},"end":{"line":73,"column":null}},"type":"if","locations":[{"start":{"line":69,"column":6},"end":{"line":73,"column":null}}]},"4":{"loc":{"start":{"line":69,"column":10},"end":{"line":69,"column":46}},"type":"binary-expr","locations":[{"start":{"line":69,"column":10},"end":{"line":69,"column":21}},{"start":{"line":69,"column":21},"end":{"line":69,"column":46}}]},"5":{"loc":{"start":{"line":82,"column":6},"end":{"line":85,"column":null}},"type":"if","locations":[{"start":{"line":82,"column":6},"end":{"line":85,"column":null}}]},"6":{"loc":{"start":{"line":90,"column":6},"end":{"line":92,"column":null}},"type":"if","locations":[{"start":{"line":90,"column":6},"end":{"line":92,"column":null}}]},"7":{"loc":{"start":{"line":95,"column":6},"end":{"line":97,"column":null}},"type":"if","locations":[{"start":{"line":95,"column":6},"end":{"line":97,"column":null}}]},"8":{"loc":{"start":{"line":111,"column":4},"end":{"line":119,"column":null}},"type":"if","locations":[{"start":{"line":111,"column":4},"end":{"line":119,"column":null}}]},"9":{"loc":{"start":{"line":111,"column":8},"end":{"line":111,"column":48}},"type":"binary-expr","locations":[{"start":{"line":111,"column":9},"end":{"line":111,"column":22}},{"start":{"line":111,"column":22},"end":{"line":111,"column":31}},{"start":{"line":111,"column":37},"end":{"line":111,"column":48}}]},"10":{"loc":{"start":{"line":114,"column":8},"end":{"line":116,"column":null}},"type":"if","locations":[{"start":{"line":114,"column":8},"end":{"line":116,"column":null}}]},"11":{"loc":{"start":{"line":114,"column":12},"end":{"line":114,"column":33}},"type":"binary-expr","locations":[{"start":{"line":114,"column":12},"end":{"line":114,"column":25}},{"start":{"line":114,"column":25},"end":{"line":114,"column":33}}]},"12":{"loc":{"start":{"line":124,"column":4},"end":{"line":126,"column":null}},"type":"if","locations":[{"start":{"line":124,"column":4},"end":{"line":126,"column":null}}]},"13":{"loc":{"start":{"line":124,"column":8},"end":{"line":124,"column":75}},"type":"binary-expr","locations":[{"start":{"line":124,"column":8},"end":{"line":124,"column":30}},{"start":{"line":124,"column":30},"end":{"line":124,"column":64}},{"start":{"line":124,"column":64},"end":{"line":124,"column":75}}]},"14":{"loc":{"start":{"line":134,"column":11},"end":{"line":138,"column":59}},"type":"cond-expr","locations":[{"start":{"line":135,"column":8},"end":{"line":137,"column":29}},{"start":{"line":138,"column":8},"end":{"line":138,"column":59}}]},"15":{"loc":{"start":{"line":143,"column":4},"end":{"line":154,"column":null}},"type":"if","locations":[{"start":{"line":143,"column":4},"end":{"line":154,"column":null}},{"start":{"line":145,"column":11},"end":{"line":154,"column":null}}]},"16":{"loc":{"start":{"line":146,"column":6},"end":{"line":152,"column":null}},"type":"if","locations":[{"start":{"line":146,"column":6},"end":{"line":152,"column":null}},{"start":{"line":149,"column":13},"end":{"line":152,"column":null}}]},"17":{"loc":{"start":{"line":172,"column":7},"end":{"line":172,"column":16}},"type":"binary-expr","locations":[{"start":{"line":172,"column":7},"end":{"line":172,"column":16}}]},"18":{"loc":{"start":{"line":173,"column":7},"end":{"line":173,"column":null}},"type":"binary-expr","locations":[{"start":{"line":173,"column":7},"end":{"line":173,"column":null}}]},"19":{"loc":{"start":{"line":176,"column":7},"end":{"line":176,"column":null}},"type":"binary-expr","locations":[{"start":{"line":176,"column":7},"end":{"line":176,"column":22}},{"start":{"line":176,"column":22},"end":{"line":176,"column":35}},{"start":{"line":176,"column":35},"end":{"line":176,"column":45}},{"start":{"line":176,"column":45},"end":{"line":176,"column":60}},{"start":{"line":176,"column":60},"end":{"line":176,"column":null}}]},"20":{"loc":{"start":{"line":181,"column":12},"end":{"line":181,"column":null}},"type":"cond-expr","locations":[{"start":{"line":181,"column":24},"end":{"line":181,"column":58}},{"start":{"line":181,"column":58},"end":{"line":181,"column":null}}]},"21":{"loc":{"start":{"line":183,"column":20},"end":{"line":183,"column":null}},"type":"binary-expr","locations":[{"start":{"line":183,"column":20},"end":{"line":183,"column":33}},{"start":{"line":183,"column":33},"end":{"line":183,"column":44}},{"start":{"line":183,"column":44},"end":{"line":183,"column":60}},{"start":{"line":183,"column":60},"end":{"line":183,"column":null}}]},"22":{"loc":{"start":{"line":184,"column":22},"end":{"line":184,"column":null}},"type":"cond-expr","locations":[{"start":{"line":184,"column":34},"end":{"line":184,"column":50}},{"start":{"line":184,"column":50},"end":{"line":184,"column":null}}]},"23":{"loc":{"start":{"line":187,"column":13},"end":{"line":187,"column":null}},"type":"cond-expr","locations":[{"start":{"line":187,"column":25},"end":{"line":187,"column":35}},{"start":{"line":187,"column":35},"end":{"line":187,"column":null}}]},"24":{"loc":{"start":{"line":202,"column":20},"end":{"line":202,"column":null}},"type":"binary-expr","locations":[{"start":{"line":202,"column":20},"end":{"line":202,"column":33}},{"start":{"line":202,"column":33},"end":{"line":202,"column":44}},{"start":{"line":202,"column":44},"end":{"line":202,"column":null}}]}},"s":{"0":0,"1":2,"2":2,"3":2,"4":2,"5":2,"6":0,"7":0,"8":0,"9":0,"10":0,"11":0,"12":0,"13":0,"14":0,"15":0,"16":0,"17":0,"18":0,"19":0,"20":0,"21":0,"22":0,"23":0,"24":0,"25":0,"26":0,"27":0,"28":0,"29":0,"30":0,"31":0,"32":0,"33":0,"34":0,"35":0,"36":0,"37":0,"38":0,"39":0,"40":0,"41":0,"42":0,"43":0,"44":0,"45":0,"46":0,"47":0,"48":0,"49":0,"50":0,"51":0,"52":0,"53":0,"54":0,"55":0,"56":0,"57":0,"58":0,"59":0,"60":0,"61":0,"62":0,"63":0,"64":0,"65":0,"66":0,"67":0},"f":{"0":0,"1":0,"2":0,"3":0,"4":0,"5":0,"6":0,"7":0,"8":0,"9":0,"10":0},"b":{"0":[0],"1":[0],"2":[0],"3":[0],"4":[0,0],"5":[0],"6":[0],"7":[0],"8":[0],"9":[0,0,0],"10":[0],"11":[0,0],"12":[0],"13":[0,0,0],"14":[0,0],"15":[0,0],"16":[0,0],"17":[0],"18":[0],"19":[0,0,0,0,0],"20":[0,0],"21":[0,0,0,0],"22":[0,0],"23":[0,0],"24":[0,0,0]}}
,"/Users/Michael/Documents/development/ananda-library-chatbot/web/src/components/AuthErrorBoundary.tsx": {"path":"/Users/Michael/Documents/development/ananda-library-chatbot/web/src/components/AuthErrorBoundary.tsx","statementMap":{"0":{"start":{"line":207,"column":0},"end":{"line":207,"column":15}},"1":{"start":{"line":1,"column":55},"end":{"line":1,"column":null}},"2":{"start":{"line":2,"column":22},"end":{"line":2,"column":null}},"3":{"start":{"line":3,"column":17},"end":{"line":3,"column":null}},"4":{"start":{"line":4,"column":39},"end":{"line":4,"column":null}},"5":{"start":{"line":27,"column":4},"end":{"line":27,"column":null}},"6":{"start":{"line":67,"column":3},"end":{"line":98,"column":null}},"7":{"start":{"line":69,"column":4},"end":{"line":97,"column":null}},"8":{"start":{"line":71,"column":6},"end":{"line":73,"column":null}},"9":{"start":{"line":76,"column":6},"end":{"line":76,"column":null}},"10":{"start":{"line":79,"column":6},"end":{"line":84,"column":null}},"11":{"start":{"line":86,"column":6},"end":{"line":88,"column":null}},"12":{"start":{"line":90,"column":6},"end":{"line":90,"column":null}},"13":{"start":{"line":91,"column":6},"end":{"line":95,"column":null}},"14":{"start":{"line":102,"column":3},"end":{"line":107,"column":null}},"15":{"start":{"line":104,"column":4},"end":{"line":106,"column":null}},"16":{"start":{"line":105,"column":6},"end":{"line":105,"column":null}},"17":{"start":{"line":111,"column":3},"end":{"line":122,"column":null}},"18":{"start":{"line":114,"column":4},"end":{"line":119,"column":null}},"19":{"start":{"line":28,"column":4},"end":{"line":33,"column":null}},"20":{"start":{"line":40,"column":4},"end":{"line":48,"column":null}},"21":{"start":{"line":53,"column":4},"end":{"line":56,"column":null}},"22":{"start":{"line":59,"column":4},"end":{"line":61,"column":null}},"23":{"start":{"line":125,"column":4},"end":{"line":200,"column":null}},"24":{"start":{"line":203,"column":4},"end":{"line":203,"column":null}},"25":{"start":{"line":207,"column":15},"end":{"line":207,"column":null}}},"fnMap":{"0":{"name":"(anonymous_5)","decl":{"start":{"line":26,"column":2},"end":{"line":26,"column":14}},"loc":{"start":{"line":26,"column":45},"end":{"line":34,"column":null}}},"1":{"name":"(anonymous_6)","decl":{"start":{"line":68,"column":26},"end":{"line":68,"column":null}},"loc":{"start":{"line":68,"column":26},"end":{"line":98,"column":null}}},"2":{"name":"(anonymous_7)","decl":{"start":{"line":103,"column":18},"end":{"line":103,"column":null}},"loc":{"start":{"line":103,"column":18},"end":{"line":107,"column":null}}},"3":{"name":"(anonymous_8)","decl":{"start":{"line":112,"column":20},"end":{"line":112,"column":null}},"loc":{"start":{"line":112,"column":20},"end":{"line":122,"column":null}}},"4":{"name":"(anonymous_9)","decl":{"start":{"line":36,"column":2},"end":{"line":36,"column":9}},"loc":{"start":{"line":38,"column":37},"end":{"line":49,"column":null}}},"5":{"name":"(anonymous_10)","decl":{"start":{"line":51,"column":2},"end":{"line":51,"column":20}},"loc":{"start":{"line":51,"column":62},"end":{"line":62,"column":null}}},"6":{"name":"(anonymous_11)","decl":{"start":{"line":124,"column":2},"end":{"line":124,"column":22}},"loc":{"start":{"line":124,"column":22},"end":{"line":204,"column":null}}}},"branchMap":{"0":{"loc":{"start":{"line":104,"column":4},"end":{"line":106,"column":null}},"type":"if","locations":[{"start":{"line":104,"column":4},"end":{"line":106,"column":null}}]},"1":{"loc":{"start":{"line":44,"column":8},"end":{"line":47,"column":null}},"type":"binary-expr","locations":[{"start":{"line":44,"column":8},"end":{"line":44,"column":null}},{"start":{"line":45,"column":8},"end":{"line":45,"column":null}},{"start":{"line":46,"column":8},"end":{"line":46,"column":null}},{"start":{"line":47,"column":8},"end":{"line":47,"column":null}}]},"2":{"loc":{"start":{"line":125,"column":4},"end":{"line":200,"column":null}},"type":"if","locations":[{"start":{"line":125,"column":4},"end":{"line":200,"column":null}}]},"3":{"loc":{"start":{"line":148,"column":15},"end":{"line":150,"column":null}},"type":"cond-expr","locations":[{"start":{"line":149,"column":18},"end":{"line":149,"column":null}},{"start":{"line":150,"column":18},"end":{"line":150,"column":null}}]},"4":{"loc":{"start":{"line":154,"column":15},"end":{"line":156,"column":null}},"type":"cond-expr","locations":[{"start":{"line":155,"column":18},"end":{"line":155,"column":null}},{"start":{"line":156,"column":18},"end":{"line":156,"column":null}}]},"5":{"loc":{"start":{"line":185,"column":13},"end":{"line":185,"column":55}},"type":"binary-expr","locations":[{"start":{"line":185,"column":13},"end":{"line":185,"column":55}},{"start":{"line":185,"column":55},"end":{"line":185,"column":71}}]},"6":{"loc":{"start":{"line":190,"column":17},"end":{"line":190,"column":37}},"type":"binary-expr","locations":[{"start":{"line":190,"column":17},"end":{"line":190,"column":37}}]}},"s":{"0":4,"1":1,"2":1,"3":1,"4":1,"5":5,"6":4,"7":0,"8":0,"9":0,"10":0,"11":0,"12":0,"13":0,"14":4,"15":0,"16":0,"17":4,"18":0,"19":4,"20":0,"21":0,"22":0,"23":4,"24":4,"25":1},"f":{"0":5,"1":0,"2":0,"3":0,"4":0,"5":0,"6":4},"b":{"0":[0],"1":[0,0,0,0],"2":[0],"3":[0,0],"4":[0,0],"5":[0,0],"6":[0]}}
,"/Users/Michael/Documents/development/ananda-library-chatbot/web/src/components/ChatInput.tsx": {"path":"/Users/Michael/Documents/development/ananda-library-chatbot/web/src/components/ChatInput.tsx","statementMap":{"0":{"start":{"line":74,"column":13},"end":{"line":74,"column":51}},"1":{"start":{"line":22,"column":43},"end":{"line":22,"column":null}},"2":{"start":{"line":23,"column":22},"end":{"line":23,"column":null}},"3":{"start":{"line":24,"column":22},"end":{"line":24,"column":null}},"4":{"start":{"line":25,"column":19},"end":{"line":25,"column":null}},"5":{"start":{"line":26,"column":26},"end":{"line":26,"column":null}},"6":{"start":{"line":27,"column":31},"end":{"line":27,"column":null}},"7":{"start":{"line":35,"column":7},"end":{"line":35,"column":null}},"8":{"start":{"line":36,"column":25},"end":{"line":36,"column":null}},"9":{"start":{"line":74,"column":51},"end":{"line":548,"column":null}},"10":{"start":{"line":102,"column":28},"end":{"line":102,"column":null}},"11":{"start":{"line":103,"column":44},"end":{"line":103,"column":null}},"12":{"start":{"line":104,"column":42},"end":{"line":104,"column":null}},"13":{"start":{"line":105,"column":34},"end":{"line":105,"column":null}},"14":{"start":{"line":106,"column":40},"end":{"line":106,"column":null}},"15":{"start":{"line":107,"column":56},"end":{"line":107,"column":null}},"16":{"start":{"line":108,"column":50},"end":{"line":108,"column":null}},"17":{"start":{"line":112,"column":2},"end":{"line":117,"column":null}},"18":{"start":{"line":113,"column":28},"end":{"line":113,"column":null}},"19":{"start":{"line":114,"column":4},"end":{"line":115,"column":null}},"20":{"start":{"line":120,"column":2},"end":{"line":130,"column":null}},"21":{"start":{"line":121,"column":4},"end":{"line":129,"column":null}},"22":{"start":{"line":122,"column":6},"end":{"line":122,"column":null}},"23":{"start":{"line":123,"column":6},"end":{"line":128,"column":null}},"24":{"start":{"line":125,"column":8},"end":{"line":125,"column":null}},"25":{"start":{"line":127,"column":8},"end":{"line":127,"column":null}},"26":{"start":{"line":133,"column":2},"end":{"line":148,"column":null}},"27":{"start":{"line":134,"column":25},"end":{"line":140,"column":null}},"28":{"start":{"line":135,"column":26},"end":{"line":135,"column":null}},"29":{"start":{"line":136,"column":6},"end":{"line":136,"column":null}},"30":{"start":{"line":137,"column":6},"end":{"line":139,"column":null}},"31":{"start":{"line":138,"column":8},"end":{"line":138,"column":null}},"32":{"start":{"line":142,"column":4},"end":{"line":142,"column":20}},"33":{"start":{"line":143,"column":4},"end":{"line":143,"column":null}},"34":{"start":{"line":145,"column":4},"end":{"line":147,"column":null}},"35":{"start":{"line":146,"column":6},"end":{"line":146,"column":null}},"36":{"start":{"line":151,"column":2},"end":{"line":161,"column":null}},"37":{"start":{"line":152,"column":4},"end":{"line":160,"column":null}},"38":{"start":{"line":153,"column":6},"end":{"line":153,"column":null}},"39":{"start":{"line":154,"column":6},"end":{"line":156,"column":null}},"40":{"start":{"line":155,"column":8},"end":{"line":155,"column":null}},"41":{"start":{"line":157,"column":6},"end":{"line":159,"column":null}},"42":{"start":{"line":158,"column":8},"end":{"line":158,"column":null}},"43":{"start":{"line":164,"column":21},"end":{"line":170,"column":null}},"44":{"start":{"line":165,"column":4},"end":{"line":169,"column":null}},"45":{"start":{"line":166,"column":6},"end":{"line":168,"column":null}},"46":{"start":{"line":167,"column":8},"end":{"line":167,"column":null}},"47":{"start":{"line":173,"column":24},"end":{"line":175,"column":null}},"48":{"start":{"line":174,"column":4},"end":{"line":174,"column":null}},"49":{"start":{"line":178,"column":24},"end":{"line":186,"column":null}},"50":{"start":{"line":179,"column":4},"end":{"line":181,"column":null}},"51":{"start":{"line":180,"column":6},"end":{"line":180,"column":null}},"52":{"start":{"line":182,"column":4},"end":{"line":184,"column":null}},"53":{"start":{"line":183,"column":6},"end":{"line":183,"column":null}},"54":{"start":{"line":185,"column":4},"end":{"line":185,"column":null}},"55":{"start":{"line":189,"column":19},"end":{"line":207,"column":null}},"56":{"start":{"line":190,"column":4},"end":{"line":190,"column":null}},"57":{"start":{"line":191,"column":4},"end":{"line":206,"column":null}},"58":{"start":{"line":192,"column":6},"end":{"line":192,"column":null}},"59":{"start":{"line":193,"column":6},"end":{"line":193,"column":null}},"60":{"start":{"line":195,"column":29},"end":{"line":195,"column":null}},"61":{"start":{"line":196,"column":30},"end":{"line":196,"column":null}},"62":{"start":{"line":197,"column":6},"end":{"line":200,"column":null}},"63":{"start":{"line":198,"column":8},"end":{"line":198,"column":null}},"64":{"start":{"line":199,"column":8},"end":{"line":199,"column":null}},"65":{"start":{"line":201,"column":6},"end":{"line":201,"column":null}},"66":{"start":{"line":202,"column":6},"end":{"line":202,"column":null}},"67":{"start":{"line":203,"column":6},"end":{"line":203,"column":null}},"68":{"start":{"line":204,"column":6},"end":{"line":204,"column":null}},"69":{"start":{"line":205,"column":6},"end":{"line":205,"column":null}},"70":{"start":{"line":210,"column":18},"end":{"line":228,"column":null}},"71":{"start":{"line":211,"column":4},"end":{"line":227,"column":null}},"72":{"start":{"line":212,"column":6},"end":{"line":226,"column":null}},"73":{"start":{"line":213,"column":8},"end":{"line":213,"column":null}},"74":{"start":{"line":214,"column":31},"end":{"line":214,"column":null}},"75":{"start":{"line":215,"column":32},"end":{"line":215,"column":null}},"76":{"start":{"line":216,"column":8},"end":{"line":219,"column":null}},"77":{"start":{"line":217,"column":10},"end":{"line":217,"column":null}},"78":{"start":{"line":218,"column":10},"end":{"line":218,"column":null}},"79":{"start":{"line":220,"column":8},"end":{"line":220,"column":null}},"80":{"start":{"line":221,"column":8},"end":{"line":221,"column":null}},"81":{"start":{"line":222,"column":8},"end":{"line":222,"column":null}},"82":{"start":{"line":223,"column":8},"end":{"line":223,"column":null}},"83":{"start":{"line":224,"column":8},"end":{"line":224,"column":null}},"84":{"start":{"line":225,"column":8},"end":{"line":225,"column":null}},"85":{"start":{"line":231,"column":31},"end":{"line":231,"column":null}},"86":{"start":{"line":232,"column":33},"end":{"line":232,"column":null}},"87":{"start":{"line":233,"column":30},"end":{"line":233,"column":null}},"88":{"start":{"line":234,"column":28},"end":{"line":234,"column":null}},"89":{"start":{"line":237,"column":28},"end":{"line":242,"column":null}},"90":{"start":{"line":238,"column":4},"end":{"line":238,"column":null}},"91":{"start":{"line":239,"column":21},"end":{"line":239,"column":null}},"92":{"start":{"line":240,"column":4},"end":{"line":240,"column":null}},"93":{"start":{"line":241,"column":4},"end":{"line":241,"column":null}},"94":{"start":{"line":245,"column":23},"end":{"line":249,"column":null}},"95":{"start":{"line":246,"column":4},"end":{"line":246,"column":null}},"96":{"start":{"line":247,"column":4},"end":{"line":247,"column":null}},"97":{"start":{"line":248,"column":4},"end":{"line":248,"column":null}},"98":{"start":{"line":251,"column":26},"end":{"line":251,"column":null}},"99":{"start":{"line":254,"column":31},"end":{"line":261,"column":null}},"100":{"start":{"line":255,"column":4},"end":{"line":260,"column":null}},"101":{"start":{"line":257,"column":6},"end":{"line":257,"column":null}},"102":{"start":{"line":259,"column":6},"end":{"line":259,"column":null}},"103":{"start":{"line":273,"column":16},"end":{"line":273,"column":null}},"104":{"start":{"line":274,"column":16},"end":{"line":274,"column":null}},"105":{"start":{"line":314,"column":33},"end":{"line":314,"column":null}},"106":{"start":{"line":330,"column":37},"end":{"line":330,"column":null}},"107":{"start":{"line":343,"column":37},"end":{"line":343,"column":null}},"108":{"start":{"line":356,"column":37},"end":{"line":356,"column":null}},"109":{"start":{"line":383,"column":22},"end":{"line":383,"column":null}},"110":{"start":{"line":384,"column":22},"end":{"line":387,"column":null}},"111":{"start":{"line":420,"column":33},"end":{"line":420,"column":null}},"112":{"start":{"line":433,"column":35},"end":{"line":433,"column":null}},"113":{"start":{"line":442,"column":39},"end":{"line":442,"column":null}},"114":{"start":{"line":460,"column":32},"end":{"line":460,"column":null}}},"fnMap":{"0":{"name":"(anonymous_5)","decl":{"start":{"line":74,"column":51},"end":{"line":74,"column":52}},"loc":{"start":{"line":100,"column":1},"end":{"line":548,"column":null}}},"1":{"name":"(anonymous_6)","decl":{"start":{"line":112,"column":12},"end":{"line":112,"column":null}},"loc":{"start":{"line":112,"column":12},"end":{"line":117,"column":5}}},"2":{"name":"(anonymous_7)","decl":{"start":{"line":120,"column":12},"end":{"line":120,"column":null}},"loc":{"start":{"line":120,"column":12},"end":{"line":130,"column":5}}},"3":{"name":"(anonymous_8)","decl":{"start":{"line":133,"column":12},"end":{"line":133,"column":null}},"loc":{"start":{"line":133,"column":12},"end":{"line":148,"column":5}}},"4":{"name":"(anonymous_9)","decl":{"start":{"line":134,"column":25},"end":{"line":134,"column":null}},"loc":{"start":{"line":134,"column":25},"end":{"line":140,"column":null}}},"5":{"name":"(anonymous_10)","decl":{"start":{"line":145,"column":11},"end":{"line":145,"column":null}},"loc":{"start":{"line":145,"column":11},"end":{"line":147,"column":null}}},"6":{"name":"(anonymous_11)","decl":{"start":{"line":151,"column":12},"end":{"line":151,"column":null}},"loc":{"start":{"line":151,"column":12},"end":{"line":161,"column":5}}},"7":{"name":"(anonymous_12)","decl":{"start":{"line":164,"column":21},"end":{"line":164,"column":null}},"loc":{"start":{"line":164,"column":21},"end":{"line":170,"column":null}}},"8":{"name":"(anonymous_13)","decl":{"start":{"line":165,"column":15},"end":{"line":165,"column":null}},"loc":{"start":{"line":165,"column":15},"end":{"line":169,"column":7}}},"9":{"name":"(anonymous_14)","decl":{"start":{"line":173,"column":24},"end":{"line":173,"column":25}},"loc":{"start":{"line":173,"column":25},"end":{"line":175,"column":null}}},"10":{"name":"(anonymous_15)","decl":{"start":{"line":178,"column":24},"end":{"line":178,"column":25}},"loc":{"start":{"line":178,"column":25},"end":{"line":186,"column":null}}},"11":{"name":"(anonymous_16)","decl":{"start":{"line":189,"column":19},"end":{"line":189,"column":20}},"loc":{"start":{"line":189,"column":20},"end":{"line":207,"column":null}}},"12":{"name":"(anonymous_17)","decl":{"start":{"line":210,"column":18},"end":{"line":210,"column":19}},"loc":{"start":{"line":210,"column":19},"end":{"line":228,"column":null}}},"13":{"name":"(anonymous_18)","decl":{"start":{"line":237,"column":28},"end":{"line":237,"column":29}},"loc":{"start":{"line":237,"column":29},"end":{"line":242,"column":null}}},"14":{"name":"(anonymous_19)","decl":{"start":{"line":245,"column":23},"end":{"line":245,"column":24}},"loc":{"start":{"line":245,"column":24},"end":{"line":249,"column":null}}},"15":{"name":"(anonymous_20)","decl":{"start":{"line":254,"column":31},"end":{"line":254,"column":null}},"loc":{"start":{"line":254,"column":31},"end":{"line":261,"column":null}}},"16":{"name":"(anonymous_21)","decl":{"start":{"line":272,"column":24},"end":{"line":272,"column":25}},"loc":{"start":{"line":272,"column":25},"end":{"line":275,"column":null}}},"17":{"name":"(anonymous_22)","decl":{"start":{"line":314,"column":27},"end":{"line":314,"column":33}},"loc":{"start":{"line":314,"column":33},"end":{"line":314,"column":null}}},"18":{"name":"(anonymous_23)","decl":{"start":{"line":330,"column":31},"end":{"line":330,"column":37}},"loc":{"start":{"line":330,"column":37},"end":{"line":330,"column":null}}},"19":{"name":"(anonymous_24)","decl":{"start":{"line":343,"column":31},"end":{"line":343,"column":37}},"loc":{"start":{"line":343,"column":37},"end":{"line":343,"column":null}}},"20":{"name":"(anonymous_25)","decl":{"start":{"line":356,"column":31},"end":{"line":356,"column":37}},"loc":{"start":{"line":356,"column":37},"end":{"line":356,"column":null}}},"21":{"name":"(anonymous_26)","decl":{"start":{"line":382,"column":30},"end":{"line":382,"column":31}},"loc":{"start":{"line":382,"column":31},"end":{"line":389,"column":null}}},"22":{"name":"(anonymous_27)","decl":{"start":{"line":420,"column":27},"end":{"line":420,"column":33}},"loc":{"start":{"line":420,"column":33},"end":{"line":420,"column":null}}},"23":{"name":"(anonymous_28)","decl":{"start":{"line":433,"column":29},"end":{"line":433,"column":35}},"loc":{"start":{"line":433,"column":35},"end":{"line":433,"column":null}}},"24":{"name":"(anonymous_29)","decl":{"start":{"line":442,"column":33},"end":{"line":442,"column":39}},"loc":{"start":{"line":442,"column":39},"end":{"line":442,"column":null}}},"25":{"name":"(anonymous_30)","decl":{"start":{"line":459,"column":35},"end":{"line":459,"column":36}},"loc":{"start":{"line":460,"column":32},"end":{"line":460,"column":null}}}},"branchMap":{"0":{"loc":{"start":{"line":97,"column":2},"end":{"line":97,"column":34}},"type":"default-arg","locations":[{"start":{"line":97,"column":30},"end":{"line":97,"column":34}}]},"1":{"loc":{"start":{"line":115,"column":6},"end":{"line":115,"column":null}},"type":"cond-expr","locations":[{"start":{"line":115,"column":33},"end":{"line":115,"column":40}},{"start":{"line":115,"column":40},"end":{"line":115,"column":null}}]},"2":{"loc":{"start":{"line":121,"column":4},"end":{"line":129,"column":null}},"type":"if","locations":[{"start":{"line":121,"column":4},"end":{"line":129,"column":null}}]},"3":{"loc":{"start":{"line":121,"column":8},"end":{"line":121,"column":35}},"type":"binary-expr","locations":[{"start":{"line":121,"column":8},"end":{"line":121,"column":20}},{"start":{"line":121,"column":20},"end":{"line":121,"column":35}}]},"4":{"loc":{"start":{"line":123,"column":6},"end":{"line":128,"column":null}},"type":"if","locations":[{"start":{"line":123,"column":6},"end":{"line":128,"column":null}}]},"5":{"loc":{"start":{"line":137,"column":6},"end":{"line":139,"column":null}},"type":"if","locations":[{"start":{"line":137,"column":6},"end":{"line":139,"column":null}}]},"6":{"loc":{"start":{"line":152,"column":4},"end":{"line":160,"column":null}},"type":"if","locations":[{"start":{"line":152,"column":4},"end":{"line":160,"column":null}}]},"7":{"loc":{"start":{"line":154,"column":6},"end":{"line":156,"column":null}},"type":"if","locations":[{"start":{"line":154,"column":6},"end":{"line":156,"column":null}}]},"8":{"loc":{"start":{"line":157,"column":6},"end":{"line":159,"column":null}},"type":"if","locations":[{"start":{"line":157,"column":6},"end":{"line":159,"column":null}}]},"9":{"loc":{"start":{"line":166,"column":6},"end":{"line":168,"column":null}},"type":"if","locations":[{"start":{"line":166,"column":6},"end":{"line":168,"column":null}}]},"10":{"loc":{"start":{"line":179,"column":4},"end":{"line":181,"column":null}},"type":"if","locations":[{"start":{"line":179,"column":4},"end":{"line":181,"column":null}}]},"11":{"loc":{"start":{"line":182,"column":4},"end":{"line":184,"column":null}},"type":"if","locations":[{"start":{"line":182,"column":4},"end":{"line":184,"column":null}}]},"12":{"loc":{"start":{"line":191,"column":4},"end":{"line":206,"column":null}},"type":"if","locations":[{"start":{"line":191,"column":4},"end":{"line":206,"column":null}},{"start":{"line":194,"column":11},"end":{"line":206,"column":null}}]},"13":{"loc":{"start":{"line":197,"column":6},"end":{"line":200,"column":null}},"type":"if","locations":[{"start":{"line":197,"column":6},"end":{"line":200,"column":null}}]},"14":{"loc":{"start":{"line":211,"column":4},"end":{"line":227,"column":null}},"type":"if","locations":[{"start":{"line":211,"column":4},"end":{"line":227,"column":null}}]},"15":{"loc":{"start":{"line":211,"column":8},"end":{"line":211,"column":40}},"type":"binary-expr","locations":[{"start":{"line":211,"column":8},"end":{"line":211,"column":29}},{"start":{"line":211,"column":29},"end":{"line":211,"column":40}}]},"16":{"loc":{"start":{"line":212,"column":6},"end":{"line":226,"column":null}},"type":"if","locations":[{"start":{"line":212,"column":6},"end":{"line":226,"column":null}}]},"17":{"loc":{"start":{"line":216,"column":8},"end":{"line":219,"column":null}},"type":"if","locations":[{"start":{"line":216,"column":8},"end":{"line":219,"column":null}}]},"18":{"loc":{"start":{"line":251,"column":26},"end":{"line":251,"column":null}},"type":"binary-expr","locations":[{"start":{"line":251,"column":26},"end":{"line":251,"column":60}},{"start":{"line":251,"column":60},"end":{"line":251,"column":null}}]},"19":{"loc":{"start":{"line":255,"column":4},"end":{"line":260,"column":null}},"type":"if","locations":[{"start":{"line":255,"column":4},"end":{"line":260,"column":null}}]},"20":{"loc":{"start":{"line":283,"column":27},"end":{"line":283,"column":null}},"type":"cond-expr","locations":[{"start":{"line":283,"column":43},"end":{"line":283,"column":48}},{"start":{"line":283,"column":48},"end":{"line":283,"column":null}}]},"21":{"loc":{"start":{"line":292,"column":16},"end":{"line":296,"column":17}},"type":"cond-expr","locations":[{"start":{"line":292,"column":16},"end":{"line":296,"column":17}}]},"22":{"loc":{"start":{"line":304,"column":11},"end":{"line":304,"column":null}},"type":"binary-expr","locations":[{"start":{"line":304,"column":11},"end":{"line":304,"column":null}},{"start":{"line":305,"column":13},"end":{"line":305,"column":null}},{"start":{"line":306,"column":14},"end":{"line":306,"column":null}},{"start":{"line":307,"column":14},"end":{"line":307,"column":null}},{"start":{"line":308,"column":15},"end":{"line":308,"column":null}},{"start":{"line":309,"column":16},"end":{"line":309,"column":null}},{"start":{"line":310,"column":16},"end":{"line":310,"column":48}}]},"23":{"loc":{"start":{"line":317,"column":19},"end":{"line":317,"column":null}},"type":"cond-expr","locations":[{"start":{"line":317,"column":33},"end":{"line":317,"column":50}},{"start":{"line":317,"column":50},"end":{"line":317,"column":null}}]},"24":{"loc":{"start":{"line":323,"column":12},"end":{"line":323,"column":25}},"type":"binary-expr","locations":[{"start":{"line":323,"column":12},"end":{"line":323,"column":25}},{"start":{"line":323,"column":25},"end":{"line":323,"column":35}}]},"25":{"loc":{"start":{"line":325,"column":15},"end":{"line":325,"column":null}},"type":"binary-expr","locations":[{"start":{"line":325,"column":15},"end":{"line":325,"column":null}}]},"26":{"loc":{"start":{"line":327,"column":19},"end":{"line":327,"column":null}},"type":"binary-expr","locations":[{"start":{"line":327,"column":19},"end":{"line":327,"column":null}}]},"27":{"loc":{"start":{"line":332,"column":24},"end":{"line":334,"column":null}},"type":"cond-expr","locations":[{"start":{"line":333,"column":28},"end":{"line":333,"column":null}},{"start":{"line":334,"column":28},"end":{"line":334,"column":null}}]},"28":{"loc":{"start":{"line":340,"column":19},"end":{"line":340,"column":null}},"type":"binary-expr","locations":[{"start":{"line":340,"column":19},"end":{"line":340,"column":null}}]},"29":{"loc":{"start":{"line":345,"column":24},"end":{"line":347,"column":null}},"type":"cond-expr","locations":[{"start":{"line":346,"column":28},"end":{"line":346,"column":null}},{"start":{"line":347,"column":28},"end":{"line":347,"column":null}}]},"30":{"loc":{"start":{"line":353,"column":19},"end":{"line":353,"column":null}},"type":"binary-expr","locations":[{"start":{"line":353,"column":19},"end":{"line":353,"column":null}}]},"31":{"loc":{"start":{"line":358,"column":24},"end":{"line":360,"column":null}},"type":"cond-expr","locations":[{"start":{"line":359,"column":28},"end":{"line":359,"column":null}},{"start":{"line":360,"column":28},"end":{"line":360,"column":null}}]},"32":{"loc":{"start":{"line":368,"column":15},"end":{"line":368,"column":null}},"type":"binary-expr","locations":[{"start":{"line":368,"column":15},"end":{"line":368,"column":null}}]},"33":{"loc":{"start":{"line":376,"column":15},"end":{"line":376,"column":null}},"type":"binary-expr","locations":[{"start":{"line":376,"column":15},"end":{"line":376,"column":null}}]},"34":{"loc":{"start":{"line":383,"column":37},"end":{"line":383,"column":null}},"type":"cond-expr","locations":[{"start":{"line":383,"column":56},"end":{"line":383,"column":61}},{"start":{"line":383,"column":61},"end":{"line":383,"column":null}}]},"35":{"loc":{"start":{"line":387,"column":24},"end":{"line":387,"column":null}},"type":"cond-expr","locations":[{"start":{"line":387,"column":43},"end":{"line":387,"column":55}},{"start":{"line":387,"column":55},"end":{"line":387,"column":null}}]},"36":{"loc":{"start":{"line":400,"column":15},"end":{"line":400,"column":null}},"type":"binary-expr","locations":[{"start":{"line":400,"column":15},"end":{"line":400,"column":null}},{"start":{"line":401,"column":16},"end":{"line":401,"column":null}},{"start":{"line":402,"column":16},"end":{"line":402,"column":null}}]},"37":{"loc":{"start":{"line":414,"column":16},"end":{"line":414,"column":null}},"type":"binary-expr","locations":[{"start":{"line":414,"column":16},"end":{"line":414,"column":null}},{"start":{"line":415,"column":16},"end":{"line":415,"column":null}},{"start":{"line":416,"column":16},"end":{"line":416,"column":null}},{"start":{"line":417,"column":16},"end":{"line":417,"column":47}}]},"38":{"loc":{"start":{"line":429,"column":15},"end":{"line":429,"column":null}},"type":"binary-expr","locations":[{"start":{"line":429,"column":15},"end":{"line":429,"column":null}}]},"39":{"loc":{"start":{"line":451,"column":23},"end":{"line":451,"column":null}},"type":"binary-expr","locations":[{"start":{"line":451,"column":23},"end":{"line":451,"column":null}}]},"40":{"loc":{"start":{"line":460,"column":32},"end":{"line":460,"column":null}},"type":"cond-expr","locations":[{"start":{"line":460,"column":53},"end":{"line":460,"column":63}},{"start":{"line":460,"column":63},"end":{"line":460,"column":null}}]},"41":{"loc":{"start":{"line":468,"column":23},"end":{"line":468,"column":null}},"type":"binary-expr","locations":[{"start":{"line":468,"column":23},"end":{"line":468,"column":null}}]},"42":{"loc":{"start":{"line":480,"column":23},"end":{"line":480,"column":null}},"type":"binary-expr","locations":[{"start":{"line":480,"column":23},"end":{"line":480,"column":null}}]},"43":{"loc":{"start":{"line":495,"column":23},"end":{"line":495,"column":null}},"type":"binary-expr","locations":[{"start":{"line":495,"column":23},"end":{"line":495,"column":null}}]},"44":{"loc":{"start":{"line":512,"column":11},"end":{"line":512,"column":null}},"type":"binary-expr","locations":[{"start":{"line":512,"column":11},"end":{"line":512,"column":null}}]},"45":{"loc":{"start":{"line":521,"column":9},"end":{"line":521,"column":null}},"type":"binary-expr","locations":[{"start":{"line":521,"column":9},"end":{"line":521,"column":null}},{"start":{"line":522,"column":10},"end":{"line":522,"column":null}},{"start":{"line":523,"column":10},"end":{"line":523,"column":null}}]},"46":{"loc":{"start":{"line":525,"column":15},"end":{"line":525,"column":null}},"type":"binary-expr","locations":[{"start":{"line":525,"column":15},"end":{"line":525,"column":null}}]},"47":{"loc":{"start":{"line":541,"column":17},"end":{"line":541,"column":null}},"type":"cond-expr","locations":[{"start":{"line":541,"column":39},"end":{"line":541,"column":60}},{"start":{"line":541,"column":60},"end":{"line":541,"column":null}}]}},"s":{"0":12,"1":1,"2":1,"3":1,"4":1,"5":1,"6":1,"7":1,"8":1,"9":1,"10":38,"11":38,"12":38,"13":38,"14":38,"15":38,"16":38,"17":38,"18":12,"19":12,"20":38,"21":13,"22":1,"23":1,"24":1,"25":1,"26":38,"27":12,"28":12,"29":12,"30":12,"31":12,"32":12,"33":12,"34":12,"35":12,"36":38,"37":23,"38":22,"39":22,"40":22,"41":22,"42":11,"43":38,"44":2,"45":0,"46":0,"47":38,"48":3,"49":38,"50":3,"51":1,"52":2,"53":0,"54":2,"55":38,"56":3,"57":3,"58":1,"59":1,"60":2,"61":2,"62":2,"63":1,"64":1,"65":1,"66":1,"67":1,"68":1,"69":1,"70":38,"71":2,"72":1,"73":1,"74":1,"75":1,"76":1,"77":0,"78":0,"79":1,"80":1,"81":1,"82":1,"83":1,"84":1,"85":38,"86":38,"87":38,"88":38,"89":38,"90":1,"91":1,"92":1,"93":1,"94":38,"95":0,"96":0,"97":0,"98":38,"99":38,"100":0,"101":0,"102":0,"103":0,"104":0,"105":0,"106":0,"107":1,"108":0,"109":0,"110":0,"111":0,"112":0,"113":0,"114":0},"f":{"0":38,"1":12,"2":13,"3":12,"4":12,"5":12,"6":23,"7":2,"8":0,"9":3,"10":3,"11":3,"12":2,"13":1,"14":0,"15":0,"16":0,"17":0,"18":0,"19":1,"20":0,"21":0,"22":0,"23":0,"24":0,"25":0},"b":{"0":[38],"1":[10,2],"2":[1],"3":[13,12],"4":[1],"5":[12],"6":[22],"7":[22],"8":[11],"9":[0],"10":[1],"11":[0],"12":[1,2],"13":[1],"14":[1],"15":[2,2],"16":[1],"17":[0],"18":[38,38],"19":[0],"20":[2,36],"21":[2],"22":[38,0,0,0,0,0,0],"23":[0,0],"24":[38,0],"25":[38],"26":[38],"27":[38,0],"28":[38],"29":[0,38],"30":[38],"31":[0,38],"32":[38],"33":[38],"34":[0,0],"35":[0,0],"36":[38,38,38],"37":[38,0,0,0],"38":[38],"39":[0],"40":[0,0],"41":[0],"42":[0],"43":[0],"44":[38],"45":[38,38,38],"46":[38],"47":[25,13]}}
,"/Users/Michael/Documents/development/ananda-library-chatbot/web/src/components/CollectionSelector.jsx": {"path":"/Users/Michael/Documents/development/ananda-library-chatbot/web/src/components/CollectionSelector.jsx","statementMap":{"0":{"start":{"line":4,"column":24},"end":{"line":4,"column":43}},"1":{"start":{"line":1,"column":34},"end":{"line":1,"column":null}},"2":{"start":{"line":2,"column":25},"end":{"line":2,"column":null}},"3":{"start":{"line":5,"column":33},"end":{"line":8,"column":null}},"4":{"start":{"line":6,"column":4},"end":{"line":6,"column":null}},"5":{"start":{"line":7,"column":4},"end":{"line":7,"column":null}},"6":{"start":{"line":14,"column":23},"end":{"line":14,"column":null}},"7":{"start":{"line":19,"column":8},"end":{"line":19,"column":26}}},"fnMap":{"0":{"name":"CollectionSelector","decl":{"start":{"line":4,"column":24},"end":{"line":4,"column":43}},"loc":{"start":{"line":4,"column":84},"end":{"line":23,"column":null}}},"1":{"name":"(anonymous_2)","decl":{"start":{"line":5,"column":33},"end":{"line":5,"column":34}},"loc":{"start":{"line":5,"column":34},"end":{"line":8,"column":null}}},"2":{"name":"(anonymous_3)","decl":{"start":{"line":14,"column":16},"end":{"line":14,"column":17}},"loc":{"start":{"line":14,"column":23},"end":{"line":14,"column":null}}},"3":{"name":"(anonymous_4)","decl":{"start":{"line":18,"column":45},"end":{"line":18,"column":46}},"loc":{"start":{"line":19,"column":8},"end":{"line":19,"column":26}}}},"branchMap":{},"s":{"0":0,"1":0,"2":0,"3":0,"4":0,"5":0,"6":0,"7":0},"f":{"0":0,"1":0,"2":0,"3":0},"b":{}}
,"/Users/Michael/Documents/development/ananda-library-chatbot/web/src/components/CopyButton.tsx": {"path":"/Users/Michael/Documents/development/ananda-library-chatbot/web/src/components/CopyButton.tsx","statementMap":{"0":{"start":{"line":86,"column":0},"end":{"line":86,"column":15}},"1":{"start":{"line":1,"column":18},"end":{"line":1,"column":null}},"2":{"start":{"line":2,"column":36},"end":{"line":2,"column":null}},"3":{"start":{"line":3,"column":25},"end":{"line":3,"column":null}},"4":{"start":{"line":4,"column":26},"end":{"line":4,"column":null}},"5":{"start":{"line":7,"column":28},"end":{"line":7,"column":null}},"6":{"start":{"line":18,"column":46},"end":{"line":84,"column":null}},"7":{"start":{"line":25,"column":30},"end":{"line":25,"column":null}},"8":{"start":{"line":27,"column":32},"end":{"line":30,"column":null}},"9":{"start":{"line":28,"column":22},"end":{"line":28,"column":null}},"10":{"start":{"line":29,"column":4},"end":{"line":29,"column":null}},"11":{"start":{"line":32,"column":24},"end":{"line":49,"column":null}},"12":{"start":{"line":33,"column":4},"end":{"line":48,"column":null}},"13":{"start":{"line":35,"column":22},"end":{"line":35,"column":null}},"14":{"start":{"line":36,"column":27},"end":{"line":36,"column":null}},"15":{"start":{"line":37,"column":26},"end":{"line":37,"column":45}},"16":{"start":{"line":38,"column":27},"end":{"line":38,"column":43}},"17":{"start":{"line":40,"column":8},"end":{"line":46,"column":null}},"18":{"start":{"line":41,"column":10},"end":{"line":41,"column":null}},"19":{"start":{"line":42,"column":15},"end":{"line":46,"column":null}},"20":{"start":{"line":43,"column":10},"end":{"line":43,"column":null}},"21":{"start":{"line":45,"column":10},"end":{"line":45,"column":null}},"22":{"start":{"line":51,"column":21},"end":{"line":69,"column":null}},"23":{"start":{"line":52,"column":24},"end":{"line":52,"column":82}},"24":{"start":{"line":54,"column":4},"end":{"line":56,"column":null}},"25":{"start":{"line":55,"column":6},"end":{"line":55,"column":null}},"26":{"start":{"line":58,"column":4},"end":{"line":61,"column":null}},"27":{"start":{"line":62,"column":24},"end":{"line":62,"column":null}},"28":{"start":{"line":63,"column":4},"end":{"line":63,"column":null}},"29":{"start":{"line":64,"column":4},"end":{"line":64,"column":null}},"30":{"start":{"line":65,"column":4},"end":{"line":65,"column":null}},"31":{"start":{"line":65,"column":21},"end":{"line":65,"column":39}},"32":{"start":{"line":68,"column":4},"end":{"line":68,"column":null}},"33":{"start":{"line":86,"column":15},"end":{"line":86,"column":null}}},"fnMap":{"0":{"name":"(anonymous_2)","decl":{"start":{"line":18,"column":46},"end":{"line":18,"column":47}},"loc":{"start":{"line":24,"column":1},"end":{"line":84,"column":null}}},"1":{"name":"(anonymous_3)","decl":{"start":{"line":27,"column":32},"end":{"line":27,"column":33}},"loc":{"start":{"line":27,"column":33},"end":{"line":30,"column":null}}},"2":{"name":"(anonymous_4)","decl":{"start":{"line":32,"column":24},"end":{"line":32,"column":25}},"loc":{"start":{"line":32,"column":25},"end":{"line":49,"column":null}}},"3":{"name":"(anonymous_5)","decl":{"start":{"line":34,"column":11},"end":{"line":34,"column":12}},"loc":{"start":{"line":34,"column":12},"end":{"line":47,"column":null}}},"4":{"name":"(anonymous_6)","decl":{"start":{"line":51,"column":21},"end":{"line":51,"column":null}},"loc":{"start":{"line":51,"column":21},"end":{"line":69,"column":null}}},"5":{"name":"(anonymous_7)","decl":{"start":{"line":65,"column":15},"end":{"line":65,"column":21}},"loc":{"start":{"line":65,"column":21},"end":{"line":65,"column":39}}}},"branchMap":{"0":{"loc":{"start":{"line":35,"column":22},"end":{"line":35,"column":null}},"type":"binary-expr","locations":[{"start":{"line":35,"column":22},"end":{"line":35,"column":40}},{"start":{"line":35,"column":44},"end":{"line":35,"column":null}}]},"1":{"loc":{"start":{"line":36,"column":27},"end":{"line":36,"column":null}},"type":"binary-expr","locations":[{"start":{"line":36,"column":27},"end":{"line":36,"column":47}},{"start":{"line":36,"column":51},"end":{"line":36,"column":null}}]},"2":{"loc":{"start":{"line":40,"column":8},"end":{"line":46,"column":null}},"type":"if","locations":[{"start":{"line":40,"column":8},"end":{"line":46,"column":null}},{"start":{"line":42,"column":15},"end":{"line":46,"column":null}}]},"3":{"loc":{"start":{"line":40,"column":12},"end":{"line":40,"column":58}},"type":"binary-expr","locations":[{"start":{"line":40,"column":12},"end":{"line":40,"column":46}},{"start":{"line":40,"column":46},"end":{"line":40,"column":58}}]},"4":{"loc":{"start":{"line":42,"column":15},"end":{"line":46,"column":null}},"type":"if","locations":[{"start":{"line":42,"column":15},"end":{"line":46,"column":null}},{"start":{"line":44,"column":15},"end":{"line":46,"column":null}}]},"5":{"loc":{"start":{"line":54,"column":4},"end":{"line":56,"column":null}},"type":"if","locations":[{"start":{"line":54,"column":4},"end":{"line":56,"column":null}}]},"6":{"loc":{"start":{"line":54,"column":8},"end":{"line":54,"column":67}},"type":"binary-expr","locations":[{"start":{"line":54,"column":8},"end":{"line":54,"column":19}},{"start":{"line":54,"column":19},"end":{"line":54,"column":41}},{"start":{"line":54,"column":41},"end":{"line":54,"column":67}}]},"7":{"loc":{"start":{"line":68,"column":34},"end":{"line":68,"column":null}},"type":"binary-expr","locations":[{"start":{"line":68,"column":34},"end":{"line":68,"column":46}},{"start":{"line":68,"column":46},"end":{"line":68,"column":null}}]},"8":{"loc":{"start":{"line":78,"column":8},"end":{"line":80,"column":9}},"type":"cond-expr","locations":[{"start":{"line":78,"column":8},"end":{"line":80,"column":9}}]}},"s":{"0":10,"1":2,"2":2,"3":2,"4":2,"5":2,"6":2,"7":20,"8":20,"9":9,"10":9,"11":20,"12":8,"13":18,"14":18,"15":18,"16":18,"17":18,"18":1,"19":17,"20":5,"21":12,"22":20,"23":9,"24":9,"25":8,"26":9,"27":9,"28":9,"29":9,"30":9,"31":1,"32":9,"33":2},"f":{"0":20,"1":9,"2":8,"3":18,"4":9,"5":1},"b":{"0":[18,1],"1":[18,1],"2":[1,17],"3":[18,1],"4":[5,12],"5":[8],"6":[9,9,9],"7":[9,1],"8":[9]}}
,"/Users/Michael/Documents/development/ananda-library-chatbot/web/src/components/DownvotedAnswerReview.tsx": {"path":"/Users/Michael/Documents/development/ananda-library-chatbot/web/src/components/DownvotedAnswerReview.tsx","statementMap":{"0":{"start":{"line":170,"column":0},"end":{"line":170,"column":15}},"1":{"start":{"line":1,"column":32},"end":{"line":1,"column":null}},"2":{"start":{"line":2,"column":17},"end":{"line":2,"column":null}},"3":{"start":{"line":4,"column":30},"end":{"line":4,"column":null}},"4":{"start":{"line":5,"column":24},"end":{"line":5,"column":null}},"5":{"start":{"line":6,"column":39},"end":{"line":6,"column":null}},"6":{"start":{"line":8,"column":30},"end":{"line":8,"column":null}},"7":{"start":{"line":16,"column":68},"end":{"line":168,"column":null}},"8":{"start":{"line":21,"column":33},"end":{"line":21,"column":null}},"9":{"start":{"line":23,"column":40},"end":{"line":24,"column":null}},"10":{"start":{"line":27,"column":23},"end":{"line":46,"column":null}},"11":{"start":{"line":28,"column":4},"end":{"line":45,"column":null}},"12":{"start":{"line":29,"column":28},"end":{"line":29,"column":null}},"13":{"start":{"line":30,"column":23},"end":{"line":36,"column":null}},"14":{"start":{"line":38,"column":6},"end":{"line":42,"column":null}},"15":{"start":{"line":39,"column":8},"end":{"line":39,"column":null}},"16":{"start":{"line":41,"column":8},"end":{"line":41,"column":null}},"17":{"start":{"line":44,"column":6},"end":{"line":44,"column":null}},"18":{"start":{"line":48,"column":26},"end":{"line":72,"column":null}},"19":{"start":{"line":57,"column":4},"end":{"line":59,"column":null}},"20":{"start":{"line":58,"column":6},"end":{"line":58,"column":null}},"21":{"start":{"line":62,"column":4},"end":{"line":64,"column":null}},"22":{"start":{"line":63,"column":6},"end":{"line":63,"column":null}},"23":{"start":{"line":67,"column":4},"end":{"line":69,"column":null}},"24":{"start":{"line":68,"column":6},"end":{"line":68,"column":null}},"25":{"start":{"line":71,"column":4},"end":{"line":71,"column":null}},"26":{"start":{"line":75,"column":24},"end":{"line":94,"column":8}},"27":{"start":{"line":79,"column":10},"end":{"line":92,"column":null}},"28":{"start":{"line":80,"column":12},"end":{"line":80,"column":null}},"29":{"start":{"line":83,"column":12},"end":{"line":91,"column":null}},"30":{"start":{"line":142,"column":25},"end":{"line":142,"column":null}},"31":{"start":{"line":150,"column":25},"end":{"line":150,"column":null}},"32":{"start":{"line":158,"column":25},"end":{"line":158,"column":null}},"33":{"start":{"line":170,"column":15},"end":{"line":170,"column":null}}},"fnMap":{"0":{"name":"(anonymous_5)","decl":{"start":{"line":16,"column":68},"end":{"line":16,"column":69}},"loc":{"start":{"line":20,"column":1},"end":{"line":168,"column":null}}},"1":{"name":"(anonymous_6)","decl":{"start":{"line":27,"column":23},"end":{"line":27,"column":30}},"loc":{"start":{"line":27,"column":30},"end":{"line":46,"column":null}}},"2":{"name":"(anonymous_7)","decl":{"start":{"line":48,"column":26},"end":{"line":48,"column":null}},"loc":{"start":{"line":49,"column":4},"end":{"line":72,"column":null}}},"3":{"name":"(anonymous_8)","decl":{"start":{"line":78,"column":9},"end":{"line":78,"column":null}},"loc":{"start":{"line":78,"column":9},"end":{"line":93,"column":null}}},"4":{"name":"(anonymous_9)","decl":{"start":{"line":142,"column":19},"end":{"line":142,"column":25}},"loc":{"start":{"line":142,"column":25},"end":{"line":142,"column":null}}},"5":{"name":"(anonymous_10)","decl":{"start":{"line":150,"column":19},"end":{"line":150,"column":25}},"loc":{"start":{"line":150,"column":25},"end":{"line":150,"column":null}}},"6":{"name":"(anonymous_11)","decl":{"start":{"line":158,"column":19},"end":{"line":158,"column":25}},"loc":{"start":{"line":158,"column":25},"end":{"line":158,"column":null}}}},"branchMap":{"0":{"loc":{"start":{"line":19,"column":2},"end":{"line":19,"column":21}},"type":"default-arg","locations":[{"start":{"line":19,"column":16},"end":{"line":19,"column":21}}]},"1":{"loc":{"start":{"line":29,"column":28},"end":{"line":29,"column":null}},"type":"cond-expr","locations":[{"start":{"line":29,"column":56},"end":{"line":29,"column":68}},{"start":{"line":29,"column":68},"end":{"line":29,"column":null}}]},"2":{"loc":{"start":{"line":38,"column":6},"end":{"line":42,"column":null}},"type":"if","locations":[{"start":{"line":38,"column":6},"end":{"line":42,"column":null}},{"start":{"line":40,"column":13},"end":{"line":42,"column":null}}]},"3":{"loc":{"start":{"line":57,"column":4},"end":{"line":59,"column":null}},"type":"if","locations":[{"start":{"line":57,"column":4},"end":{"line":59,"column":null}}]},"4":{"loc":{"start":{"line":62,"column":4},"end":{"line":64,"column":null}},"type":"if","locations":[{"start":{"line":62,"column":4},"end":{"line":64,"column":null}}]},"5":{"loc":{"start":{"line":67,"column":4},"end":{"line":69,"column":null}},"type":"if","locations":[{"start":{"line":67,"column":4},"end":{"line":69,"column":null}}]},"6":{"loc":{"start":{"line":75,"column":24},"end":{"line":94,"column":8}},"type":"cond-expr","locations":[{"start":{"line":76,"column":6},"end":{"line":93,"column":null}},{"start":{"line":94,"column":6},"end":{"line":94,"column":8}}]},"7":{"loc":{"start":{"line":76,"column":6},"end":{"line":93,"column":null}},"type":"cond-expr","locations":[{"start":{"line":77,"column":8},"end":{"line":77,"column":22}},{"start":{"line":78,"column":8},"end":{"line":93,"column":null}}]},"8":{"loc":{"start":{"line":105,"column":37},"end":{"line":105,"column":58}},"type":"binary-expr","locations":[{"start":{"line":105,"column":37},"end":{"line":105,"column":50}},{"start":{"line":105,"column":54},"end":{"line":105,"column":58}}]},"9":{"loc":{"start":{"line":107,"column":7},"end":{"line":107,"column":null}},"type":"binary-expr","locations":[{"start":{"line":107,"column":7},"end":{"line":107,"column":null}}]},"10":{"loc":{"start":{"line":110,"column":26},"end":{"line":110,"column":null}},"type":"cond-expr","locations":[{"start":{"line":110,"column":51},"end":{"line":110,"column":68}},{"start":{"line":110,"column":71},"end":{"line":110,"column":null}}]},"11":{"loc":{"start":{"line":115,"column":8},"end":{"line":115,"column":29}},"type":"binary-expr","locations":[{"start":{"line":115,"column":8},"end":{"line":115,"column":29}},{"start":{"line":115,"column":33},"end":{"line":115,"column":54}}]},"12":{"loc":{"start":{"line":117,"column":11},"end":{"line":117,"column":32}},"type":"binary-expr","locations":[{"start":{"line":117,"column":11},"end":{"line":117,"column":32}}]},"13":{"loc":{"start":{"line":123,"column":11},"end":{"line":123,"column":33}},"type":"binary-expr","locations":[{"start":{"line":123,"column":11},"end":{"line":123,"column":33}}]},"14":{"loc":{"start":{"line":134,"column":7},"end":{"line":134,"column":25}},"type":"binary-expr","locations":[{"start":{"line":134,"column":7},"end":{"line":134,"column":25}}]},"15":{"loc":{"start":{"line":144,"column":12},"end":{"line":144,"column":null}},"type":"cond-expr","locations":[{"start":{"line":144,"column":41},"end":{"line":144,"column":67}},{"start":{"line":144,"column":67},"end":{"line":144,"column":null}}]},"16":{"loc":{"start":{"line":152,"column":12},"end":{"line":152,"column":null}},"type":"cond-expr","locations":[{"start":{"line":152,"column":39},"end":{"line":152,"column":66}},{"start":{"line":152,"column":66},"end":{"line":152,"column":null}}]},"17":{"loc":{"start":{"line":160,"column":12},"end":{"line":160,"column":null}},"type":"cond-expr","locations":[{"start":{"line":160,"column":38},"end":{"line":160,"column":66}},{"start":{"line":160,"column":66},"end":{"line":160,"column":null}}]}},"s":{"0":7,"1":1,"2":1,"3":1,"4":1,"5":1,"6":1,"7":1,"8":6,"9":6,"10":6,"11":0,"12":0,"13":0,"14":0,"15":0,"16":0,"17":0,"18":6,"19":6,"20":0,"21":6,"22":6,"23":0,"24":0,"25":0,"26":6,"27":0,"28":0,"29":0,"30":0,"31":0,"32":0,"33":1},"f":{"0":6,"1":0,"2":6,"3":0,"4":0,"5":0,"6":0},"b":{"0":[6],"1":[0,0],"2":[0,0],"3":[0],"4":[6],"5":[0],"6":[0,6],"7":[0,0],"8":[6,0],"9":[6],"10":[0,0],"11":[6,6],"12":[0],"13":[0],"14":[6],"15":[0,6],"16":[0,6],"17":[0,6]}}
,"/Users/Michael/Documents/development/ananda-library-chatbot/web/src/components/FeedbackModal.tsx": {"path":"/Users/Michael/Documents/development/ananda-library-chatbot/web/src/components/FeedbackModal.tsx","statementMap":{"0":{"start":{"line":131,"column":0},"end":{"line":131,"column":15}},"1":{"start":{"line":1,"column":43},"end":{"line":1,"column":null}},"2":{"start":{"line":11,"column":24},"end":{"line":19,"column":null}},"3":{"start":{"line":21,"column":52},"end":{"line":129,"column":null}},"4":{"start":{"line":28,"column":46},"end":{"line":28,"column":null}},"5":{"start":{"line":29,"column":40},"end":{"line":29,"column":null}},"6":{"start":{"line":32,"column":2},"end":{"line":37,"column":null}},"7":{"start":{"line":33,"column":4},"end":{"line":36,"column":null}},"8":{"start":{"line":34,"column":6},"end":{"line":34,"column":null}},"9":{"start":{"line":35,"column":6},"end":{"line":35,"column":null}},"10":{"start":{"line":39,"column":2},"end":{"line":41,"column":null}},"11":{"start":{"line":40,"column":4},"end":{"line":40,"column":null}},"12":{"start":{"line":43,"column":23},"end":{"line":47,"column":null}},"13":{"start":{"line":44,"column":4},"end":{"line":46,"column":null}},"14":{"start":{"line":45,"column":6},"end":{"line":45,"column":null}},"15":{"start":{"line":56,"column":24},"end":{"line":56,"column":null}},"16":{"start":{"line":66,"column":12},"end":{"line":67,"column":null}},"17":{"start":{"line":75,"column":33},"end":{"line":75,"column":null}},"18":{"start":{"line":95,"column":29},"end":{"line":95,"column":null}},"19":{"start":{"line":131,"column":15},"end":{"line":131,"column":null}}},"fnMap":{"0":{"name":"(anonymous_4)","decl":{"start":{"line":21,"column":52},"end":{"line":21,"column":53}},"loc":{"start":{"line":27,"column":1},"end":{"line":129,"column":null}}},"1":{"name":"(anonymous_5)","decl":{"start":{"line":32,"column":12},"end":{"line":32,"column":null}},"loc":{"start":{"line":32,"column":12},"end":{"line":37,"column":5}}},"2":{"name":"(anonymous_6)","decl":{"start":{"line":43,"column":23},"end":{"line":43,"column":null}},"loc":{"start":{"line":43,"column":23},"end":{"line":47,"column":null}}},"3":{"name":"(anonymous_7)","decl":{"start":{"line":56,"column":17},"end":{"line":56,"column":18}},"loc":{"start":{"line":56,"column":24},"end":{"line":56,"column":null}}},"4":{"name":"(anonymous_8)","decl":{"start":{"line":65,"column":31},"end":{"line":65,"column":32}},"loc":{"start":{"line":66,"column":12},"end":{"line":67,"column":null}}},"5":{"name":"(anonymous_9)","decl":{"start":{"line":75,"column":26},"end":{"line":75,"column":27}},"loc":{"start":{"line":75,"column":33},"end":{"l
[...]
t":{"line":1454,"column":4},"end":{"line":1456,"column":null}},"type":"if","locations":[{"start":{"line":1454,"column":4},"end":{"line":1456,"column":null}}]},"132":{"loc":{"start":{"line":1454,"column":8},"end":{"line":1454,"column":47}},"type":"binary-expr","locations":[{"start":{"line":1454,"column":8},"end":{"line":1454,"column":25}},{"start":{"line":1454,"column":25},"end":{"line":1454,"column":47}}]},"133":{"loc":{"start":{"line":1459,"column":31},"end":{"line":1459,"column":68}},"type":"binary-expr","locations":[{"start":{"line":1459,"column":31},"end":{"line":1459,"column":62}},{"start":{"line":1459,"column":66},"end":{"line":1459,"column":68}}]}},"s":{"0":0,"1":0,"2":0,"3":0,"4":0,"5":0,"6":0,"7":0,"8":0,"9":0,"10":0,"11":0,"12":0,"13":0,"14":0,"15":0,"16":0,"17":0,"18":0,"19":0,"20":0,"21":0,"22":0,"23":0,"24":0,"25":0,"26":0,"27":0,"28":0,"29":0,"30":0,"31":0,"32":0,"33":0,"34":0,"35":0,"36":0,"37":0,"38":0,"39":0,"40":0,"41":0,"42":0,"43":0,"44":0,"45":0,"46":0,"47":0,"48":0,"49":0,"50":0,"51":0,"52":0,"53":0,"54":0,"55":0,"56":0,"57":0,"58":0,"59":0,"60":0,"61":0,"62":0,"63":0,"64":0,"65":0,"66":0,"67":0,"68":0,"69":0,"70":0,"71":0,"72":0,"73":0,"74":0,"75":0,"76":0,"77":0,"78":0,"79":0,"80":0,"81":0,"82":0,"83":0,"84":0,"85":0,"86":0,"87":0,"88":0,"89":0,"90":0,"91":0,"92":0,"93":0,"94":0,"95":0,"96":0,"97":0,"98":0,"99":0,"100":0,"101":0,"102":0,"103":0,"104":0,"105":0,"106":0,"107":0,"108":0,"109":0,"110":0,"111":0,"112":0,"113":0,"114":0,"115":0,"116":0,"117":0,"118":0,"119":0,"120":0,"121":0,"122":0,"123":0,"124":0,"125":0,"126":0,"127":0,"128":0,"129":0,"130":0,"131":0,"132":0,"133":0,"134":0,"135":0,"136":0,"137":0,"138":0,"139":0,"140":0,"141":0,"142":0,"143":0,"144":0,"145":0,"146":0,"147":0,"148":0,"149":0,"150":0,"151":0,"152":0,"153":0,"154":0,"155":0,"156":0,"157":0,"158":0,"159":0,"160":0,"161":0,"162":0,"163":0,"164":0,"165":0,"166":0,"167":0,"168":0,"169":0,"170":0,"171":0,"172":0,"173":0,"174":0,"175":0,"176":0,"177":0,"178":0,"179":0,"180":0,"181":0,"182":0,"183":0,"184":0,"185":0,"186":0,"187":0,"188":0,"189":0,"190":0,"191":0,"192":0,"193":0,"194":0,"195":0,"196":0,"197":0,"198":0,"199":0,"200":0,"201":0,"202":0,"203":0,"204":0,"205":0,"206":0,"207":0,"208":0,"209":0,"210":0,"211":0,"212":0,"213":0,"214":0,"215":0,"216":0,"217":0,"218":0,"219":0,"220":0,"221":0,"222":0,"223":0,"224":0,"225":0,"226":0,"227":0,"228":0,"229":0,"230":0,"231":0,"232":0,"233":0,"234":0,"235":0,"236":0,"237":0,"238":0,"239":0,"240":0,"241":0,"242":0,"243":0,"244":0,"245":0,"246":0,"247":0,"248":0,"249":0,"250":0,"251":0,"252":0,"253":0,"254":0,"255":0,"256":0,"257":0,"258":0,"259":0,"260":0,"261":0,"262":0,"263":0,"264":0,"265":0,"266":0,"267":0,"268":0,"269":0,"270":0,"271":0,"272":0,"273":0,"274":0,"275":0,"276":0,"277":0,"278":0,"279":0,"280":0,"281":0,"282":0,"283":0,"284":0,"285":0,"286":0,"287":0,"288":0,"289":0,"290":0,"291":0,"292":0,"293":0,"294":0,"295":0,"296":0,"297":0,"298":0,"299":0,"300":0,"301":0,"302":0,"303":0,"304":0,"305":0,"306":0,"307":0,"308":0,"309":0,"310":0,"311":0,"312":0,"313":0,"314":0,"315":0,"316":0,"317":0,"318":0,"319":0,"320":0,"321":0,"322":0,"323":0,"324":0,"325":0,"326":0,"327":0,"328":0,"329":0,"330":0,"331":0,"332":0,"333":0,"334":0,"335":0,"336":0,"337":0,"338":0,"339":0,"340":0,"341":0,"342":0,"343":0,"344":0,"345":0,"346":0,"347":0,"348":0,"349":0,"350":0,"351":0,"352":0,"353":0,"354":0,"355":0,"356":0,"357":0,"358":0,"359":0,"360":0,"361":0,"362":0,"363":0,"364":0,"365":0,"366":0,"367":0,"368":0,"369":0,"370":0,"371":0,"372":0,"373":0,"374":0,"375":0,"376":0,"377":0,"378":0,"379":0,"380":0,"381":0,"382":0,"383":0,"384":0,"385":0,"386":0,"387":0,"388":0,"389":0,"390":0,"391":0,"392":0,"393":0,"394":0,"395":0,"396":0,"397":0,"398":0,"399":0,"400":0,"401":0,"402":0,"403":0,"404":0,"405":0,"406":0,"407":0,"408":0,"409":0,"410":0,"411":0,"412":0,"413":0,"414":0,"415":0,"416":0,"417":0,"418":0,"419":0,"420":0,"421":0,"422":0,"423":0,"424":0,"425":0,"426":0,"427":0,"428":0,"429":0,"430":0,"431":0,"432":0,"433":0,"434":0,"435":0,"436":0,"437":0,"438":0,"439":0,"440":0,"441":0,"442":0,"443":0,"444":0,"445":0,"446":0,"447":0,"448":0,"449":0,"450":0,"451":0,"452":0,"453":0,"454":0,"455":0,"456":0,"457":0,"458":0,"459":0,"460":0,"461":0,"462":0,"463":0,"464":0,"465":0,"466":0,"467":0,"468":0,"469":0,"470":0,"471":0,"472":0,"473":0,"474":0,"475":0,"476":0,"477":0,"478":0,"479":0,"480":0,"481":0,"482":0,"483":0,"484":0,"485":0,"486":0,"487":0,"488":0,"489":0,"490":0,"491":0,"492":0,"493":0,"494":0,"495":0,"496":0,"497":0,"498":0,"499":0,"500":0,"501":0,"502":0,"503":0,"504":0,"505":0,"506":0,"507":0,"508":0,"509":0,"510":0,"511":0,"512":0,"513":0,"514":0,"515":0,"516":0,"517":0,"518":0,"519":0,"520":0,"521":0,"522":0,"523":0,"524":0,"525":0,"526":0,"527":0,"528":0,"529":0,"530":0,"531":0,"532":0,"533":0,"534":0,"535":0,"536":0},"f":{"0":0,"1":0,"2":0,"3":0,"4":0,"5":0,"6":0,"7":0,"8":0,"9":0,"10":0,"11":0,"12":0,"13":0,"14":0,"15":0,"16":0,"17":0,"18":0,"19":0,"20":0,"21":0,"22":0,"23":0,"24":0,"25":0,"26":0,"27":0,"28":0,"29":0,"30":0,"31":0,"32":0,"33":0,"34":0,"35":0,"36":0,"37":0,"38":0,"39":0,"40":0,"41":0,"42":0,"43":0,"44":0,"45":0,"46":0,"47":0,"48":0},"b":{"0":[0,0],"1":[0,0],"2":[0],"3":[0,0],"4":[0],"5":[0,0,0],"6":[0],"7":[0],"8":[0,0,0],"9":[0],"10":[0,0],"11":[0],"12":[0],"13":[0],"14":[0,0],"15":[0],"16":[0,0],"17":[0,0],"18":[0,0],"19":[0],"20":[0],"21":[0],"22":[0,0],"23":[0],"24":[0],"25":[0],"26":[0,0],"27":[0],"28":[0,0],"29":[0],"30":[0,0,0],"31":[0],"32":[0,0],"33":[0],"34":[0],"35":[0],"36":[0,0],"37":[0],"38":[0,0],"39":[0,0],"40":[0,0],"41":[0,0,0,0,0,0,0],"42":[0,0],"43":[0,0],"44":[0],"45":[0],"46":[0],"47":[0,0],"48":[0],"49":[0],"50":[0,0],"51":[0,0],"52":[0],"53":[0],"54":[0],"55":[0],"56":[0],"57":[0,0],"58":[0],"59":[0],"60":[0],"61":[0,0],"62":[0,0],"63":[0,0],"64":[0,0,0,0,0,0,0],"65":[0,0],"66":[0,0],"67":[0],"68":[0,0],"69":[0,0],"70":[0],"71":[0,0,0,0,0,0],"72":[0,0],"73":[0],"74":[0],"75":[0],"76":[0],"77":[0],"78":[0,0],"79":[0,0],"80":[0,0],"81":[0,0],"82":[0,0],"83":[0,0],"84":[0,0,0,0,0,0,0],"85":[0,0],"86":[0,0],"87":[0],"88":[0,0],"89":[0,0],"90":[0,0],"91":[0,0,0,0,0,0,0],"92":[0,0],"93":[0,0],"94":[0],"95":[0,0],"96":[0,0],"97":[0],"98":[0,0,0,0,0],"99":[0],"100":[0,0],"101":[0,0],"102":[0],"103":[0],"104":[0],"105":[0,0],"106":[0,0],"107":[0,0],"108":[0],"109":[0,0],"110":[0,0],"111":[0],"112":[0],"113":[0,0,0,0],"114":[0,0],"115":[0,0],"116":[0,0],"117":[0,0],"118":[0,0],"119":[0,0],"120":[0,0],"121":[0,0],"122":[0],"123":[0,0],"124":[0],"125":[0,0],"126":[0,0],"127":[0,0,0,0],"128":[0,0],"129":[0],"130":[0],"131":[0],"132":[0,0],"133":[0,0]}}
,"/Users/Michael/Documents/development/ananda-library-chatbot/web/src/utils/server/sudoCookieUtils.ts": {"path":"/Users/Michael/Documents/development/ananda-library-chatbot/web/src/utils/server/sudoCookieUtils.ts","statementMap":{"0":{"start":{"line":152,"column":39},"end":{"line":152,"column":55}},"1":{"start":{"line":152,"column":57},"end":{"line":152,"column":null}},"2":{"start":{"line":152,"column":24},"end":{"line":152,"column":37}},"3":{"start":{"line":152,"column":9},"end":{"line":152,"column":22}},"4":{"start":{"line":1,"column":19},"end":{"line":1,"column":null}},"5":{"start":{"line":2,"column":19},"end":{"line":2,"column":null}},"6":{"start":{"line":3,"column":20},"end":{"line":3,"column":null}},"7":{"start":{"line":5,"column":30},"end":{"line":5,"column":null}},"8":{"start":{"line":6,"column":22},"end":{"line":6,"column":null}},"9":{"start":{"line":7,"column":28},"end":{"line":7,"column":null}},"10":{"start":{"line":9,"column":18},"end":{"line":12,"column":null}},"11":{"start":{"line":15,"column":13},"end":{"line":15,"column":null}},"12":{"start":{"line":16,"column":17},"end":{"line":16,"column":null}},"13":{"start":{"line":17,"column":18},"end":{"line":17,"column":null}},"14":{"start":{"line":18,"column":2},"end":{"line":18,"column":null}},"15":{"start":{"line":19,"column":2},"end":{"line":19,"column":null}},"16":{"start":{"line":23,"column":2},"end":{"line":34,"column":null}},"17":{"start":{"line":24,"column":22},"end":{"line":24,"column":null}},"18":{"start":{"line":25,"column":15},"end":{"line":25,"column":null}},"19":{"start":{"line":26,"column":26},"end":{"line":26,"column":null}},"20":{"start":{"line":27,"column":21},"end":{"line":27,"column":null}},"21":{"start":{"line":28,"column":20},"end":{"line":28,"column":null}},"22":{"start":{"line":29,"column":4},"end":{"line":29,"column":null}},"23":{"start":{"line":30,"column":4},"end":{"line":30,"column":null}},"24":{"start":{"line":32,"column":4},"end":{"line":32,"column":null}},"25":{"start":{"line":33,"column":4},"end":{"line":33,"column":null}},"26":{"start":{"line":43,"column":4},"end":{"line":43,"column":null}},"27":{"start":{"line":44,"column":18},"end":{"line":44,"column":null}},"28":{"start":{"line":45,"column":25},"end":{"line":45,"column":null}},"29":{"start":{"line":46,"column":17},"end":{"line":46,"column":null}},"30":{"start":{"line":47,"column":31},"end":{"line":47,"column":56}},"31":{"start":{"line":49,"column":2},"end":{"line":51,"column":null}},"32":{"start":{"line":50,"column":4},"end":{"line":50,"column":null}},"33":{"start":{"line":54,"column":2},"end":{"line":56,"column":null}},"34":{"start":{"line":55,"column":4},"end":{"line":55,"column":null}},"35":{"start":{"line":58,"column":16},"end":{"line":58,"column":null}},"36":{"start":{"line":60,"column":2},"end":{"line":75,"column":null}},"37":{"start":{"line":61,"column":18},"end":{"line":61,"column":null}},"38":{"start":{"line":62,"column":27},"end":{"line":62,"column":null}},"39":{"start":{"line":63,"column":23},"end":{"line":63,"column":null}},"40":{"start":{"line":64,"column":4},"end":{"line":64,"column":58}},"41":{"start":{"line":65,"column":4},"end":{"line":71,"column":null}},"42":{"start":{"line":72,"column":4},"end":{"line":72,"column":null}},"43":{"start":{"line":74,"column":4},"end":{"line":74,"column":null}},"44":{"start":{"line":80,"column":4},"end":{"line":80,"column":null}},"45":{"start":{"line":83,"column":2},"end":{"line":91,"column":null}},"46":{"start":{"line":84,"column":20},"end":{"line":87,"column":null}},"47":{"start":{"line":86,"column":18},"end":{"line":86,"column":null}},"48":{"start":{"line":87,"column":19},"end":{"line":87,"column":null}},"49":{"start":{"line":89,"column":27},"end":{"line":89,"column":49}},"50":{"start":{"line":90,"column":4},"end":{"line":90,"column":null}},"51":{"start":{"line":94,"column":18},"end":{"line":94,"column":null}},"52":{"start":{"line":95,"column":25},"end":{"line":95,"column":null}},"53":{"start":{"line":96,"column":2},"end":{"line":96,"column":null}},"54":{"start":{"line":104,"column":2},"end":{"line":106,"column":null}},"55":{"start":{"line":105,"column":4},"end":{"line":105,"column":null}},"56":{"start":{"line":108,"column":2},"end":{"line":134,"column":null}},"57":{"start":{"line":109,"column":22},"end":{"line":109,"column":null}},"58":{"start":{"line":110,"column":4},"end":{"line":113,"column":null}},"59":{"start":{"line":111,"column":6},"end":{"line":111,"column":null}},"60":{"start":{"line":112,"column":6},"end":{"line":112,"column":null}},"61":{"start":{"line":115,"column":27},"end":{"line":115,"column":null}},"62":{"start":{"line":116,"column":23},"end":{"line":116,"column":null}},"63":{"start":{"line":117,"column":15},"end":{"line":117,"column":null}},"64":{"start":{"line":119,"column":4},"end":{"line":121,"column":null}},"65":{"start":{"line":120,"column":6},"end":{"line":120,"column":null}},"66":{"start":{"line":123,"column":4},"end":{"line":124,"column":null}},"67":{"start":{"line":126,"column":4},"end":{"line":130,"column":null}},"68":{"start":{"line":132,"column":4},"end":{"line":132,"column":null}},"69":{"start":{"line":133,"column":4},"end":{"line":133,"column":null}},"70":{"start":{"line":145,"column":4},"end":{"line":145,"column":null}},"71":{"start":{"line":146,"column":18},"end":{"line":146,"column":null}},"72":{"start":{"line":147,"column":25},"end":{"line":147,"column":null}},"73":{"start":{"line":148,"column":2},"end":{"line":148,"column":null}},"74":{"start":{"line":149,"column":2},"end":{"line":149,"column":null}}},"fnMap":{"0":{"name":"encrypt","decl":{"start":{"line":14,"column":9},"end":{"line":14,"column":17}},"loc":{"start":{"line":14,"column":29},"end":{"line":20,"column":null}}},"1":{"name":"decrypt","decl":{"start":{"line":22,"column":9},"end":{"line":22,"column":17}},"loc":{"start":{"line":22,"column":29},"end":{"line":35,"column":null}}},"2":{"name":"setSudoCookie","decl":{"start":{"line":37,"column":15},"end":{"line":37,"column":null}},"loc":{"start":{"line":40,"column":18},"end":{"line":76,"column":null}}},"3":{"name":"getSudoCookie","decl":{"start":{"line":78,"column":9},"end":{"line":78,"column":23}},"loc":{"start":{"line":78,"column":65},"end":{"line":97,"column":null}}},"4":{"name":"(anonymous_10)","decl":{"start":{"line":86,"column":11},"end":{"line":86,"column":12}},"loc":{"start":{"line":86,"column":18},"end":{"line":86,"column":null}}},"5":{"name":"(anonymous_11)","decl":{"start":{"line":87,"column":12},"end":{"line":87,"column":13}},"loc":{"start":{"line":87,"column":19},"end":{"line":87,"column":null}}},"6":{"name":"validateSudoCookie","decl":{"start":{"line":100,"column":9},"end":{"line":100,"column":null}},"loc":{"start":{"line":102,"column":16},"end":{"line":135,"column":null}}},"7":{"name":"deleteSudoCookie","decl":{"start":{"line":143,"column":9},"end":{"line":143,"column":26}},"loc":{"start":{"line":143,"column":67},"end":{"line":150,"column":null}}}},"branchMap":{"0":{"loc":{"start":{"line":11,"column":10},"end":{"line":11,"column":null}},"type":"binary-expr","locations":[{"start":{"line":11,"column":10},"end":{"line":11,"column":32}},{"start":{"line":11,"column":36},"end":{"line":11,"column":null}}]},"1":{"loc":{"start":{"line":43,"column":4},"end":{"line":43,"column":null}},"type":"binary-expr","locations":[{"start":{"line":43,"column":4},"end":{"line":43,"column":52}},{"start":{"line":43,"column":52},"end":{"line":43,"column":null}}]},"2":{"loc":{"start":{"line":49,"column":2},"end":{"line":51,"column":null}},"type":"if","locations":[{"start":{"line":49,"column":2},"end":{"line":51,"column":null}}]},"3":{"loc":{"start":{"line":49,"column":6},"end":{"line":49,"column":42}},"type":"binary-expr","locations":[{"start":{"line":49,"column":6},"end":{"line":49,"column":19}},{"start":{"line":49,"column":19},"end":{"line":49,"column":42}}]},"4":{"loc":{"start":{"line":54,"column":2},"end":{"line":56,"column":null}},"type":"if","locations":[{"start":{"line":54,"column":2},"end":{"line":56,"column":null}}]},"5":{"loc":{"start":{"line":60,"column":2},"end":{"line":75,"column":null}},"type":"if","locations":[{"start":{"line":60,"column":2},"end":{"line":75,"column":null}},{"start":{"line":73,"column":9},"end":{"line":75,"column":null}}]},"6":{"loc":{"start":{"line":80,"column":4},"end":{"line":80,"column":null}},"type":"binary-expr","locations":[{"start":{"line":80,"column":4},"end":{"line":80,"column":52}},{"start":{"line":80,"column":52},"end":{"line":80,"column":null}}]},"7":{"loc":{"start":{"line":83,"column":2},"end":{"line":91,"column":null}},"type":"if","locations":[{"start":{"line":83,"column":2},"end":{"line":91,"column":null}}]},"8":{"loc":{"start":{"line":104,"column":2},"end":{"line":106,"column":null}},"type":"if","locations":[{"start":{"line":104,"column":2},"end":{"line":106,"column":null}}]},"9":{"loc":{"start":{"line":110,"column":4},"end":{"line":113,"column":null}},"type":"if","locations":[{"start":{"line":110,"column":4},"end":{"line":113,"column":null}}]},"10":{"loc":{"start":{"line":119,"column":4},"end":{"line":121,"column":null}},"type":"if","locations":[{"start":{"line":119,"column":4},"end":{"line":121,"column":null}}]},"11":{"loc":{"start":{"line":145,"column":4},"end":{"line":145,"column":null}},"type":"binary-expr","locations":[{"start":{"line":145,"column":4},"end":{"line":145,"column":52}},{"start":{"line":145,"column":52},"end":{"line":145,"column":null}}]}},"s":{"0":0,"1":0,"2":0,"3":0,"4":0,"5":0,"6":0,"7":0,"8":0,"9":0,"10":0,"11":0,"12":0,"13":0,"14":0,"15":0,"16":0,"17":0,"18":0,"19":0,"20":0,"21":0,"22":0,"23":0,"24":0,"25":0,"26":0,"27":0,"28":0,"29":0,"30":0,"31":0,"32":0,"33":0,"34":0,"35":0,"36":0,"37":0,"38":0,"39":0,"40":0,"41":0,"42":0,"43":0,"44":0,"45":0,"46":0,"47":0,"48":0,"49":0,"50":0,"51":0,"52":0,"53":0,"54":0,"55":0,"56":0,"57":0,"58":0,"59":0,"60":0,"61":0,"62":0,"63":0,"64":0,"65":0,"66":0,"67":0,"68":0,"69":0,"70":0,"71":0,"72":0,"73":0,"74":0},"f":{"0":0,"1":0,"2":0,"3":0,"4":0,"5":0,"6":0,"7":0},"b":{"0":[0,0],"1":[0,0],"2":[0],"3":[0,0],"4":[0],"5":[0,0],"6":[0,0],"7":[0],"8":[0],"9":[0],"10":[0],"11":[0,0]}}
,"/Users/Michael/Documents/development/ananda-library-chatbot/web/src/utils/shared/chatHistory.ts": {"path":"/Users/Michael/Documents/development/ananda-library-chatbot/web/src/utils/shared/chatHistory.ts","statementMap":{"0":{"start":{"line":19,"column":16},"end":{"line":19,"column":34}},"1":{"start":{"line":53,"column":16},"end":{"line":53,"column":34}},"2":{"start":{"line":20,"column":2},"end":{"line":20,"column":null}},"3":{"start":{"line":20,"column":16},"end":{"line":20,"column":null}},"4":{"start":{"line":22,"column":2},"end":{"line":45,"column":null}},"5":{"start":{"line":29,"column":27},"end":{"line":29,"column":null}},"6":{"start":{"line":30,"column":4},"end":{"line":43,"column":null}},"7":{"start":{"line":30,"column":17},"end":{"line":30,"column":20}},"8":{"start":{"line":31,"column":6},"end":{"line":31,"column":42}},"9":{"start":{"line":31,"column":35},"end":{"line":31,"column":42}},"10":{"start":{"line":33,"column":26},"end":{"line":33,"column":36}},"11":{"start":{"line":34,"column":31},"end":{"line":34,"column":45}},"12":{"start":{"line":37,"column":6},"end":{"line":42,"column":null}},"13":{"start":{"line":41,"column":8},"end":{"line":41,"column":null}},"14":{"start":{"line":44,"column":4},"end":{"line":44,"column":null}},"15":{"start":{"line":47,"column":2},"end":{"line":47,"column":null}},"16":{"start":{"line":57,"column":2},"end":{"line":60,"column":null}}},"fnMap":{"0":{"name":"convertChatHistory","decl":{"start":{"line":19,"column":16},"end":{"line":19,"column":34}},"loc":{"start":{"line":19,"column":55},"end":{"line":48,"column":null}}},"1":{"name":"createChatMessages","decl":{"start":{"line":53,"column":16},"end":{"line":53,"column":34}},"loc":{"start":{"line":55,"column":25},"end":{"line":61,"column":null}}}},"branchMap":{"0":{"loc":{"start":{"line":20,"column":2},"end":{"line":20,"column":null}},"type":"if","locations":[{"start":{"line":20,"column":2},"end":{"line":20,"column":null}}]},"1":{"loc":{"start":{"line":22,"column":2},"end":{"line":45,"column":null}},"type":"if","locations":[{"start":{"line":22,"column":2},"end":{"line":45,"column":null}}]},"2":{"loc":{"start":{"line":23,"column":4},"end":{"line":26,"column":24}},"type":"binary-expr","locations":[{"start":{"line":23,"column":4},"end":{"line":23,"column":null}},{"start":{"line":24,"column":4},"end":{"line":24,"column":null}},{"start":{"line":25,"column":4},"end":{"line":25,"column":null}},{"start":{"line":26,"column":4},"end":{"line":26,"column":24}}]},"3":{"loc":{"start":{"line":31,"column":6},"end":{"line":31,"column":42}},"type":"if","locations":[{"start":{"line":31,"column":6},"end":{"line":31,"column":42}}]},"4":{"loc":{"start":{"line":37,"column":6},"end":{"line":42,"column":null}},"type":"if","locations":[{"start":{"line":37,"column":6},"end":{"line":42,"column":null}}]},"5":{"loc":{"start":{"line":38,"column":8},"end":{"line":39,"column":null}},"type":"binary-expr","locations":[{"start":{"line":38,"column":8},"end":{"line":38,"column":null}},{"start":{"line":39,"column":8},"end":{"line":39,"column":null}}]}},"s":{"0":0,"1":0,"2":0,"3":0,"4":0,"5":0,"6":0,"7":0,"8":0,"9":0,"10":0,"11":0,"12":0,"13":0,"14":0,"15":0,"16":0},"f":{"0":0,"1":0},"b":{"0":[0],"1":[0],"2":[0,0,0,0],"3":[0],"4":[0],"5":[0,0]}}
}
