TN:
SF:src/components/AnswerItem.tsx
FN:40,(anonymous_5)
FN:48,(anonymous_6)
FN:66,(anonymous_7)
FN:87,(anonymous_8)
FN:95,(anonymous_9)
FN:104,(anonymous_10)
FN:109,(anonymous_11)
FN:123,(anonymous_12)
FN:143,(anonymous_13)
FN:163,(anonymous_14)
FN:185,(anonymous_15)
FN:243,(anonymous_16)
FN:253,(anonymous_17)
FN:264,(anonymous_18)
FN:267,(anonymous_19)
FN:294,(anonymous_20)
FN:316,(anonymous_21)
FN:346,(anonymous_22)
FN:364,(anonymous_23)
FNF:19
FNH:0
FNDA:0,(anonymous_5)
FNDA:0,(anonymous_6)
FNDA:0,(anonymous_7)
FNDA:0,(anonymous_8)
FNDA:0,(anonymous_9)
FNDA:0,(anonymous_10)
FNDA:0,(anonymous_11)
FNDA:0,(anonymous_12)
FNDA:0,(anonymous_13)
FNDA:0,(anonymous_14)
FNDA:0,(anonymous_15)
FNDA:0,(anonymous_16)
FNDA:0,(anonymous_17)
FNDA:0,(anonymous_18)
FNDA:0,(anonymous_19)
FNDA:0,(anonymous_20)
FNDA:0,(anonymous_21)
FNDA:0,(anonymous_22)
FNDA:0,(anonymous_23)
DA:4,1
DA:5,1
DA:6,1
DA:7,1
DA:8,1
DA:9,1
DA:10,1
DA:12,1
DA:13,1
DA:15,1
DA:18,1
DA:40,1
DA:48,0
DA:64,1
DA:66,1
DA:78,0
DA:81,0
DA:82,0
DA:83,0
DA:84,0
DA:87,0
DA:88,0
DA:89,0
DA:90,0
DA:92,0
DA:93,0
DA:96,0
DA:104,0
DA:105,0
DA:109,0
DA:110,0
DA:112,0
DA:113,0
DA:117,0
DA:119,0
DA:123,0
DA:144,0
DA:164,0
DA:185,0
DA:243,0
DA:254,0
DA:265,0
DA:268,0
DA:294,0
DA:316,0
DA:346,0
DA:364,0
DA:371,1
LF:48
LH:15
BRDA:74,0,0,0
BRDA:76,1,0,0
BRDA:79,2,0,0
BRDA:79,2,1,0
BRDA:88,3,0,0
BRDA:98,4,0,0
BRDA:98,4,1,0
BRDA:105,5,0,0
BRDA:105,5,1,0
BRDA:112,6,0,0
BRDA:120,7,0,0
BRDA:120,7,1,0
BRDA:130,8,0,0
BRDA:130,8,1,0
BRDA:141,9,0,0
BRDA:143,10,0,0
BRDA:146,11,0,0
BRDA:146,11,1,0
BRDA:152,12,0,0
BRDA:152,12,1,0
BRDA:161,13,0,0
BRDA:166,14,0,0
BRDA:166,14,1,0
BRDA:174,15,0,0
BRDA:174,15,1,0
BRDA:181,16,0,0
BRDA:181,16,1,0
BRDA:181,16,2,0
BRDA:181,16,3,0
BRDA:181,16,4,0
BRDA:199,17,0,0
BRDA:199,17,1,0
BRDA:207,18,0,0
BRDA:209,19,0,0
BRDA:209,19,1,0
BRDA:210,20,0,0
BRDA:210,20,1,0
BRDA:225,21,0,0
BRDA:225,21,1,0
BRDA:226,22,0,0
BRDA:226,22,1,0
BRDA:231,23,0,0
BRDA:234,24,0,0
BRDA:234,24,1,0
BRDA:241,25,0,0
BRDA:241,25,1,0
BRDA:246,26,0,0
BRDA:246,26,1,0
BRDA:251,27,0,0
BRDA:251,27,1,0
BRDA:251,27,2,0
BRDA:251,27,3,0
BRDA:288,28,0,0
BRDA:288,28,1,0
BRDA:292,29,0,0
BRDA:299,30,0,0
BRDA:299,30,1,0
BRDA:304,31,0,0
BRDA:307,32,0,0
BRDA:307,32,1,0
BRDA:308,33,0,0
BRDA:308,33,1,0
BRDA:314,34,0,0
BRDA:314,34,1,0
BRDA:325,35,0,0
BRDA:329,36,0,0
BRDA:329,36,1,0
BRDA:337,37,0,0
BRDA:337,37,1,0
BRDA:337,37,2,0
BRDA:344,38,0,0
BRDA:361,39,0,0
BRDA:361,39,1,0
BRF:73
BRH:0
end_of_record
TN:
SF:src/components/AudioPlayer.tsx
FN:26,AudioPlayer
FN:56,(anonymous_6)
FN:110,(anonymous_7)
FN:113,(anonymous_8)
FN:118,(anonymous_9)
FN:123,(anonymous_10)
FN:130,(anonymous_11)
FN:142,(anonymous_12)
FN:158,(anonymous_13)
FN:169,(anonymous_14)
FN:170,(anonymous_15)
FNF:11
FNH:0
FNDA:0,AudioPlayer
FNDA:0,(anonymous_6)
FNDA:0,(anonymous_7)
FNDA:0,(anonymous_8)
FNDA:0,(anonymous_9)
FNDA:0,(anonymous_10)
FNDA:0,(anonymous_11)
FNDA:0,(anonymous_12)
FNDA:0,(anonymous_13)
FNDA:0,(anonymous_14)
FNDA:0,(anonymous_15)
DA:4,2
DA:5,2
DA:6,2
DA:7,2
DA:8,2
DA:26,0
DA:34,0
DA:35,0
DA:36,0
DA:37,0
DA:38,0
DA:50,0
DA:56,0
DA:57,0
DA:58,0
DA:59,0
DA:63,0
DA:69,0
DA:71,0
DA:72,0
DA:76,0
DA:78,0
DA:82,0
DA:83,0
DA:84,0
DA:87,0
DA:88,0
DA:90,0
DA:91,0
DA:95,0
DA:96,0
DA:99,0
DA:100,0
DA:101,0
DA:103,0
DA:104,0
DA:105,0
DA:110,0
DA:111,0
DA:112,0
DA:113,0
DA:114,0
DA:115,0
DA:118,0
DA:123,0
DA:124,0
DA:125,0
DA:130,0
DA:131,0
DA:132,0
DA:133,0
DA:134,0
DA:142,0
DA:143,0
DA:144,0
DA:146,0
DA:147,0
DA:148,0
DA:150,0
DA:151,0
DA:153,0
DA:158,0
DA:159,0
DA:160,0
DA:161,0
DA:169,0
DA:170,0
LF:67
LH:5
BRDA:30,0,0,0
BRDA:31,1,0,0
BRDA:58,2,0,0
BRDA:69,3,0,0
BRDA:69,4,0,0
BRDA:69,4,1,0
BRDA:82,5,0,0
BRDA:90,6,0,0
BRDA:95,7,0,0
BRDA:111,8,0,0
BRDA:111,9,0,0
BRDA:111,9,1,0
BRDA:111,9,2,0
BRDA:114,10,0,0
BRDA:114,11,0,0
BRDA:114,11,1,0
BRDA:124,12,0,0
BRDA:124,13,0,0
BRDA:124,13,1,0
BRDA:124,13,2,0
BRDA:134,14,0,0
BRDA:134,14,1,0
BRDA:143,15,0,0
BRDA:143,15,1,0
BRDA:146,16,0,0
BRDA:146,16,1,0
BRDA:172,17,0,0
BRDA:173,18,0,0
BRDA:176,19,0,0
BRDA:176,19,1,0
BRDA:176,19,2,0
BRDA:176,19,3,0
BRDA:176,19,4,0
BRDA:181,20,0,0
BRDA:181,20,1,0
BRDA:183,21,0,0
BRDA:183,21,1,0
BRDA:183,21,2,0
BRDA:183,21,3,0
BRDA:184,22,0,0
BRDA:184,22,1,0
BRDA:187,23,0,0
BRDA:187,23,1,0
BRDA:202,24,0,0
BRDA:202,24,1,0
BRDA:202,24,2,0
BRF:46
BRH:0
end_of_record
TN:
SF:src/components/AuthErrorBoundary.tsx
FN:26,(anonymous_5)
FN:68,(anonymous_6)
FN:103,(anonymous_7)
FN:112,(anonymous_8)
FN:36,(anonymous_9)
FN:51,(anonymous_10)
FN:124,(anonymous_11)
FNF:7
FNH:2
FNDA:5,(anonymous_5)
FNDA:0,(anonymous_6)
FNDA:0,(anonymous_7)
FNDA:0,(anonymous_8)
FNDA:0,(anonymous_9)
FNDA:0,(anonymous_10)
FNDA:4,(anonymous_11)
DA:1,1
DA:2,1
DA:3,1
DA:4,1
DA:27,5
DA:28,4
DA:40,0
DA:53,0
DA:59,0
DA:67,4
DA:69,0
DA:71,0
DA:76,0
DA:79,0
DA:86,0
DA:90,0
DA:91,0
DA:102,4
DA:104,0
DA:105,0
DA:111,4
DA:114,0
DA:125,4
DA:203,4
DA:207,4
LF:25
LH:12
BRDA:104,0,0,0
BRDA:44,1,0,0
BRDA:44,1,1,0
BRDA:44,1,2,0
BRDA:44,1,3,0
BRDA:125,2,0,0
BRDA:148,3,0,0
BRDA:148,3,1,0
BRDA:154,4,0,0
BRDA:154,4,1,0
BRDA:185,5,0,0
BRDA:185,5,1,0
BRDA:190,6,0,0
BRF:13
BRH:0
end_of_record
TN:
SF:src/components/ChatInput.tsx
FN:74,(anonymous_5)
FN:112,(anonymous_6)
FN:120,(anonymous_7)
FN:133,(anonymous_8)
FN:134,(anonymous_9)
FN:145,(anonymous_10)
FN:151,(anonymous_11)
FN:164,(anonymous_12)
FN:165,(anonymous_13)
FN:173,(anonymous_14)
FN:178,(anonymous_15)
FN:189,(anonymous_16)
FN:210,(anonymous_17)
FN:237,(anonymous_18)
FN:245,(anonymous_19)
FN:254,(anonymous_20)
FN:272,(anonymous_21)
FN:314,(anonymous_22)
FN:330,(anonymous_23)
FN:343,(anonymous_24)
FN:356,(anonymous_25)
FN:382,(anonymous_26)
FN:420,(anonymous_27)
FN:433,(anonymous_28)
FN:442,(anonymous_29)
FN:459,(anonymous_30)
FNF:26
FNH:14
FNDA:38,(anonymous_5)
FNDA:12,(anonymous_6)
FNDA:13,(anonymous_7)
FNDA:12,(anonymous_8)
FNDA:12,(anonymous_9)
FNDA:12,(anonymous_10)
FNDA:23,(anonymous_11)
FNDA:2,(anonymous_12)
FNDA:0,(anonymous_13)
FNDA:3,(anonymous_14)
FNDA:3,(anonymous_15)
FNDA:3,(anonymous_16)
FNDA:2,(anonymous_17)
FNDA:1,(anonymous_18)
FNDA:0,(anonymous_19)
FNDA:0,(anonymous_20)
FNDA:0,(anonymous_21)
FNDA:0,(anonymous_22)
FNDA:0,(anonymous_23)
FNDA:1,(anonymous_24)
FNDA:0,(anonymous_25)
FNDA:0,(anonymous_26)
FNDA:0,(anonymous_27)
FNDA:0,(anonymous_28)
FNDA:0,(anonymous_29)
FNDA:0,(anonymous_30)
DA:22,1
DA:23,1
DA:24,1
DA:25,1
DA:26,1
DA:27,1
DA:35,1
DA:36,1
DA:74,12
DA:102,38
DA:103,38
DA:104,38
DA:105,38
DA:106,38
DA:107,38
DA:108,38
DA:112,38
DA:113,12
DA:114,12
DA:120,38
DA:121,13
DA:122,1
DA:123,1
DA:125,1
DA:127,1
DA:133,38
DA:134,12
DA:135,12
DA:136,12
DA:137,12
DA:138,12
DA:142,12
DA:143,12
DA:145,12
DA:146,12
DA:151,38
DA:152,23
DA:153,22
DA:154,22
DA:155,22
DA:157,22
DA:158,11
DA:164,38
DA:165,2
DA:166,0
DA:167,0
DA:173,38
DA:174,3
DA:178,38
DA:179,3
DA:180,1
DA:182,2
DA:183,0
DA:185,2
DA:189,38
DA:190,3
DA:191,3
DA:192,1
DA:193,1
DA:195,2
DA:196,2
DA:197,2
DA:198,1
DA:199,1
DA:201,1
DA:202,1
DA:203,1
DA:204,1
DA:205,1
DA:210,38
DA:211,2
DA:212,1
DA:213,1
DA:214,1
DA:215,1
DA:216,1
DA:217,0
DA:218,0
DA:220,1
DA:221,1
DA:222,1
DA:223,1
DA:224,1
DA:225,1
DA:231,38
DA:232,38
DA:233,38
DA:234,38
DA:237,38
DA:238,1
DA:239,1
DA:240,1
DA:241,1
DA:245,38
DA:246,0
DA:247,0
DA:248,0
DA:251,38
DA:254,38
DA:255,0
DA:257,0
DA:259,0
DA:273,0
DA:274,0
DA:314,0
DA:330,0
DA:343,1
DA:356,0
DA:383,0
DA:384,0
DA:420,0
DA:433,0
DA:442,0
DA:460,0
LF:114
LH:92
BRDA:97,0,0,38
BRDA:115,1,0,10
BRDA:115,1,1,2
BRDA:121,2,0,1
BRDA:121,3,0,13
BRDA:121,3,1,12
BRDA:123,4,0,1
BRDA:137,5,0,12
BRDA:152,6,0,22
BRDA:154,7,0,22
BRDA:157,8,0,11
BRDA:166,9,0,0
BRDA:179,10,0,1
BRDA:182,11,0,0
BRDA:191,12,0,1
BRDA:191,12,1,2
BRDA:197,13,0,1
BRDA:211,14,0,1
BRDA:211,15,0,2
BRDA:211,15,1,2
BRDA:212,16,0,1
BRDA:216,17,0,0
BRDA:251,18,0,38
BRDA:251,18,1,38
BRDA:255,19,0,0
BRDA:283,20,0,2
BRDA:283,20,1,36
BRDA:292,21,0,2
BRDA:304,22,0,38
BRDA:304,22,1,0
BRDA:304,22,2,0
BRDA:304,22,3,0
BRDA:304,22,4,0
BRDA:304,22,5,0
BRDA:304,22,6,0
BRDA:317,23,0,0
BRDA:317,23,1,0
BRDA:323,24,0,38
BRDA:323,24,1,0
BRDA:325,25,0,38
BRDA:327,26,0,38
BRDA:332,27,0,38
BRDA:332,27,1,0
BRDA:340,28,0,38
BRDA:345,29,0,0
BRDA:345,29,1,38
BRDA:353,30,0,38
BRDA:358,31,0,0
BRDA:358,31,1,38
BRDA:368,32,0,38
BRDA:376,33,0,38
BRDA:383,34,0,0
BRDA:383,34,1,0
BRDA:387,35,0,0
BRDA:387,35,1,0
BRDA:400,36,0,38
BRDA:400,36,1,38
BRDA:400,36,2,38
BRDA:414,37,0,38
BRDA:414,37,1,0
BRDA:414,37,2,0
BRDA:414,37,3,0
BRDA:429,38,0,38
BRDA:451,39,0,0
BRDA:460,40,0,0
BRDA:460,40,1,0
BRDA:468,41,0,0
BRDA:480,42,0,0
BRDA:495,43,0,0
BRDA:512,44,0,38
BRDA:521,45,0,38
BRDA:521,45,1,38
BRDA:521,45,2,38
BRDA:525,46,0,38
BRDA:541,47,0,25
BRDA:541,47,1,13
BRF:76
BRH:47
end_of_record
TN:
SF:src/components/CollectionSelector.jsx
FN:4,CollectionSelector
FN:5,(anonymous_2)
FN:14,(anonymous_3)
FN:18,(anonymous_4)
FNF:4
FNH:0
FNDA:0,CollectionSelector
FNDA:0,(anonymous_2)
FNDA:0,(anonymous_3)
FNDA:0,(anonymous_4)
DA:1,0
DA:2,0
DA:4,0
DA:5,0
DA:6,0
DA:7,0
DA:14,0
DA:19,0
LF:8
LH:0
BRF:0
BRH:0
end_of_record
TN:
SF:src/components/CopyButton.tsx
FN:18,(anonymous_2)
FN:27,(anonymous_3)
FN:32,(anonymous_4)
FN:34,(anonymous_5)
FN:51,(anonymous_6)
FN:65,(anonymous_7)
FNF:6
FNH:6
FNDA:20,(anonymous_2)
FNDA:9,(anonymous_3)
FNDA:8,(anonymous_4)
FNDA:18,(anonymous_5)
FNDA:9,(anonymous_6)
FNDA:1,(anonymous_7)
DA:1,2
DA:2,2
DA:3,2
DA:4,2
DA:7,2
DA:18,2
DA:25,20
DA:27,20
DA:28,9
DA:29,9
DA:32,20
DA:33,8
DA:35,18
DA:36,18
DA:37,18
DA:38,18
DA:40,18
DA:41,1
DA:42,17
DA:43,5
DA:45,12
DA:51,20
DA:52,9
DA:54,9
DA:55,8
DA:58,9
DA:62,9
DA:63,9
DA:64,9
DA:65,9
DA:68,9
DA:86,10
LF:32
LH:32
BRDA:35,0,0,18
BRDA:35,0,1,1
BRDA:36,1,0,18
BRDA:36,1,1,1
BRDA:40,2,0,1
BRDA:40,2,1,17
BRDA:40,3,0,18
BRDA:40,3,1,1
BRDA:42,4,0,5
BRDA:42,4,1,12
BRDA:54,5,0,8
BRDA:54,6,0,9
BRDA:54,6,1,9
BRDA:54,6,2,9
BRDA:68,7,0,9
BRDA:68,7,1,1
BRDA:78,8,0,9
BRF:17
BRH:17
end_of_record
TN:
SF:src/components/DownvotedAnswerReview.tsx
FN:16,(anonymous_5)
FN:27,(anonymous_6)
FN:48,(anonymous_7)
FN:78,(anonymous_8)
FN:142,(anonymous_9)
FN:150,(anonymous_10)
FN:158,(anonymous_11)
FNF:7
FNH:2
FNDA:6,(anonymous_5)
FNDA:0,(anonymous_6)
FNDA:6,(anonymous_7)
FNDA:0,(anonymous_8)
FNDA:0,(anonymous_9)
FNDA:0,(anonymous_10)
FNDA:0,(anonymous_11)
DA:1,1
DA:2,1
DA:4,1
DA:5,1
DA:6,1
DA:8,1
DA:16,1
DA:21,6
DA:23,6
DA:27,6
DA:28,0
DA:29,0
DA:30,0
DA:38,0
DA:39,0
DA:41,0
DA:44,0
DA:48,6
DA:57,6
DA:58,0
DA:62,6
DA:63,6
DA:67,0
DA:68,0
DA:71,0
DA:75,6
DA:79,0
DA:80,0
DA:83,0
DA:142,0
DA:150,0
DA:158,0
DA:170,7
LF:33
LH:16
BRDA:19,0,0,6
BRDA:29,1,0,0
BRDA:29,1,1,0
BRDA:38,2,0,0
BRDA:38,2,1,0
BRDA:57,3,0,0
BRDA:62,4,0,6
BRDA:67,5,0,0
BRDA:75,6,0,0
BRDA:75,6,1,6
BRDA:76,7,0,0
BRDA:76,7,1,0
BRDA:105,8,0,6
BRDA:105,8,1,0
BRDA:107,9,0,6
BRDA:110,10,0,0
BRDA:110,10,1,0
BRDA:115,11,0,6
BRDA:115,11,1,6
BRDA:117,12,0,0
BRDA:123,13,0,0
BRDA:134,14,0,6
BRDA:144,15,0,0
BRDA:144,15,1,6
BRDA:152,16,0,0
BRDA:152,16,1,6
BRDA:160,17,0,0
BRDA:160,17,1,6
BRF:28
BRH:11
end_of_record
TN:
SF:src/components/FeedbackModal.tsx
FN:21,(anonymous_4)
FN:32,(anonymous_5)
FN:43,(anonymous_6)
FN:56,(anonymous_7)
FN:65,(anonymous_8)
FN:75,(anonymous_9)
FN:95,(anonymous_10)
FNF:7
FNH:2
FNDA:15,(anonymous_4)
FNDA:8,(anonymous_5)
FNDA:0,(anonymous_6)
FNDA:0,(anonymous_7)
FNDA:0,(anonymous_8)
FNDA:0,(anonymous_9)
FNDA:0,(anonymous_10)
DA:1,1
DA:11,1
DA:21,1
DA:28,15
DA:29,15
DA:32,15
DA:33,8
DA:34,0
DA:35,0
DA:39,15
DA:40,15
DA:43,0
DA:44,0
DA:45,0
DA:56,0
DA:66,0
DA:75,0
DA:95,0
DA:131,30
LF:19
LH:10
BRDA:33,0,0,0
BRDA:39,1,0,15
BRDA:39,2,0,15
BRDA:39,2,1,0
BRDA:44,3,0,0
BRDA:44,4,0,0
BRDA:44,4,1,0
BRDA:101,5,0,0
BRDA:118,6,0,0
BRDA:118,6,1,0
BRF:10
BRH:2
end_of_record
TN:
SF:src/components/Footer.tsx
FN:12,(anonymous_2)
FN:76,(anonymous_3)
FNF:2
FNH:1
FNDA:25,(anonymous_2)
FNDA:0,(anonymous_3)
DA:2,3
DA:3,3
DA:5,3
DA:6,3
DA:12,3
DA:13,25
DA:14,25
DA:78,0
DA:79,0
DA:80,0
DA:82,0
DA:83,0
DA:85,0
DA:86,0
DA:89,0
DA:90,0
DA:92,0
DA:93,0
DA:107,0
DA:108,0
DA:119,0
DA:122,0
DA:123,0
DA:134,0
DA:152,25
LF:25
LH:8
BRDA:19,0,0,25
BRDA:23,1,0,0
BRDA:60,2,0,0
BRDA:79,3,0,0
BRDA:80,4,0,0
BRDA:80,4,1,0
BRDA:80,4,2,0
BRDA:80,4,3,0
BRDA:80,4,4,0
BRDA:100,5,0,0
BRDA:107,6,0,0
BRDA:119,7,0,0
BRDA:119,7,1,0
BRDA:122,8,0,0
BRDA:122,8,1,0
BRF:15
BRH:1
end_of_record
TN:
SF:src/components/LikeButton.tsx
FN:14,(anonymous_1)
FN:36,(anonymous_2)
FN:52,(anonymous_3)
FN:58,(anonymous_4)
FN:71,(anonymous_5)
FN:91,(anonymous_6)
FN:112,(anonymous_7)
FNF:7
FNH:6
FNDA:24,(anonymous_1)
FNDA:17,(anonymous_2)
FNDA:18,(anonymous_3)
FNDA:4,(anonymous_4)
FNDA:2,(anonymous_5)
FNDA:0,(anonymous_6)
FNDA:1,(anonymous_7)
DA:1,3
DA:2,3
DA:3,3
DA:14,3
DA:23,24
DA:26,24
DA:29,24
DA:30,24
DA:31,24
DA:32,24
DA:36,24
DA:37,17
DA:38,17
DA:39,10
DA:43,17
DA:45,14
DA:46,2
DA:52,24
DA:53,18
DA:54,2
DA:58,24
DA:60,4
DA:63,4
DA:65,4
DA:66,4
DA:69,4
DA:70,4
DA:71,4
DA:73,4
DA:74,4
DA:76,4
DA:78,4
DA:81,3
DA:82,3
DA:85,3
DA:88,3
DA:91,3
DA:92,0
DA:95,1
DA:98,1
DA:101,1
DA:102,1
DA:103,1
DA:104,1
DA:105,1
DA:107,0
DA:111,1
DA:112,1
DA:115,1
DA:121,24
DA:122,0
DA:150,12
LF:52
LH:49
BRDA:19,0,0,22
BRDA:20,1,0,23
BRDA:38,2,0,10
BRDA:43,3,0,14
BRDA:45,4,0,2
BRDA:45,5,0,14
BRDA:45,5,1,4
BRDA:53,6,0,2
BRDA:53,7,0,18
BRDA:53,7,1,14
BRDA:60,8,0,0
BRDA:60,9,0,4
BRDA:60,9,1,4
BRDA:73,10,0,3
BRDA:73,10,1,1
BRDA:82,11,0,3
BRDA:82,11,1,0
BRDA:103,12,0,1
BRDA:103,12,1,0
BRDA:111,13,0,1
BRDA:111,13,1,0
BRDA:121,14,0,0
BRDA:130,15,0,8
BRDA:130,15,1,16
BRDA:131,16,0,8
BRDA:131,16,1,16
BRDA:132,17,0,1
BRDA:132,17,1,23
BRDA:134,18,0,8
BRDA:134,18,1,16
BRDA:139,19,0,8
BRDA:139,19,1,16
BRDA:142,20,0,24
BRDA:142,20,1,23
BRDA:145,21,0,24
BRF:35
BRH:30
end_of_record
TN:
SF:src/components/LikePrompt.tsx
FN:11,(anonymous_2)
FN:16,(anonymous_3)
FNF:2
FNH:1
FNDA:15,(anonymous_2)
FNDA:0,(anonymous_3)
DA:1,1
DA:2,1
DA:3,1
DA:11,1
DA:12,15
DA:14,15
DA:16,0
DA:17,0
DA:20,0
DA:40,30
LF:10
LH:7
BRDA:14,0,0,15
BRDA:14,1,0,15
BRDA:14,1,1,0
BRF:3
BRH:2
end_of_record
TN:
SF:src/components/MessageItem.tsx
FN:45,(anonymous_5)
FN:70,(anonymous_6)
FN:113,(anonymous_7)
FN:123,(anonymous_8)
FN:137,(anonymous_9)
FN:148,(anonymous_10)
FN:165,(anonymous_11)
FN:169,(anonymous_12)
FN:189,(anonymous_13)
FN:204,(anonymous_14)
FN:219,(anonymous_15)
FN:277,(anonymous_16)
FN:306,(anonymous_17)
FNF:13
FNH:11
FNDA:32,(anonymous_5)
FNDA:1,(anonymous_6)
FNDA:7,(anonymous_7)
FNDA:7,(anonymous_8)
FNDA:2,(anonymous_9)
FNDA:3,(anonymous_10)
FNDA:3,(anonymous_11)
FNDA:32,(anonymous_12)
FNDA:15,(anonymous_13)
FNDA:0,(anonymous_14)
FNDA:0,(anonymous_15)
FNDA:1,(anonymous_16)
FNDA:1,(anonymous_17)
DA:4,2
DA:5,2
DA:6,2
DA:7,2
DA:8,2
DA:9,2
DA:10,2
DA:11,2
DA:12,2
DA:16,2
DA:17,2
DA:19,2
DA:45,2
DA:67,32
DA:68,32
DA:70,32
DA:72,1
DA:73,1
DA:74,1
DA:77,1
DA:85,32
DA:96,31
DA:108,1
DA:113,32
DA:116,7
DA:117,6
DA:119,6
DA:121,5
DA:122,5
DA:123,7
DA:126,5
DA:130,5
DA:137,2
DA:149,3
DA:165,32
DA:166,3
DA:169,32
DA:170,32
DA:186,16
DA:189,32
DA:190,15
DA:192,15
DA:194,15
DA:195,0
DA:198,0
DA:204,0
DA:218,32
DA:220,0
DA:235,32
DA:278,1
DA:307,1
DA:308,1
DA:345,45
LF:53
LH:49
BRDA:56,0,0,0
BRDA:64,1,0,30
BRDA:73,2,0,1
BRDA:73,2,1,0
BRDA:85,3,0,31
BRDA:85,3,1,1
BRDA:109,4,0,0
BRDA:109,4,1,1
BRDA:109,5,0,1
BRDA:109,5,1,0
BRDA:116,6,0,1
BRDA:117,7,0,0
BRDA:117,8,0,6
BRDA:117,8,1,6
BRDA:119,9,0,1
BRDA:119,10,0,6
BRDA:119,10,1,1
BRDA:126,11,0,0
BRDA:130,12,0,5
BRDA:130,12,1,4
BRDA:130,12,2,3
BRDA:135,13,0,5
BRDA:135,13,1,4
BRDA:140,14,0,1
BRDA:140,14,1,2
BRDA:144,15,0,5
BRDA:166,16,0,0
BRDA:166,16,1,3
BRDA:170,17,0,16
BRDA:170,18,0,32
BRDA:170,18,1,17
BRDA:172,19,0,1
BRDA:172,19,1,15
BRDA:176,20,0,0
BRDA:176,20,1,16
BRDA:176,21,0,16
BRDA:176,21,1,0
BRDA:190,22,0,0
BRDA:192,23,0,15
BRDA:192,23,1,15
BRDA:194,24,0,0
BRDA:206,25,0,0
BRDA:206,25,1,15
BRDA:208,26,0,0
BRDA:208,26,1,15
BRDA:211,27,0,0
BRDA:211,27,1,15
BRDA:220,28,0,0
BRDA:220,29,0,0
BRDA:220,29,1,0
BRDA:237,30,0,32
BRDA:237,30,1,1
BRDA:237,30,2,32
BRDA:241,31,0,32
BRDA:241,31,1,0
BRDA:247,32,0,32
BRDA:247,32,1,31
BRDA:257,33,0,32
BRDA:257,33,1,1
BRDA:260,34,0,32
BRDA:260,34,1,31
BRDA:260,34,2,16
BRDA:260,34,3,1
BRDA:267,35,0,15
BRDA:267,35,1,0
BRDA:269,36,0,15
BRDA:269,36,1,0
BRDA:274,37,0,15
BRDA:278,38,0,1
BRDA:278,38,1,1
BRDA:281,39,0,0
BRDA:281,39,1,15
BRDA:286,40,0,15
BRDA:286,40,1,0
BRDA:293,41,0,0
BRDA:293,41,1,15
BRDA:298,42,0,15
BRDA:298,42,1,0
BRDA:300,43,0,15
BRDA:300,43,1,0
BRDA:301,44,0,15
BRDA:301,44,1,15
BRDA:307,45,0,1
BRDA:316,46,0,15
BRDA:335,47,0,32
BRDA:335,47,1,31
BRDA:335,47,2,7
BRF:87
BRH:62
end_of_record
TN:
SF:src/components/ModelComparisonChat.tsx
FN:54,(anonymous_5)
FN:87,(anonymous_6)
FN:99,(anonymous_7)
FN:112,(anonymous_8)
FN:124,(anonymous_9)
FN:125,(anonymous_10)
FN:127,(anonymous_11)
FN:144,(anonymous_12)
FN:151,(anonymous_13)
FN:161,(anonymous_14)
FN:182,(anonymous_15)
FN:183,(anonymous_16)
FN:196,(anonymous_17)
FN:203,(anonymous_18)
FN:219,(anonymous_19)
FN:249,(anonymous_20)
FN:250,(anonymous_21)
FN:301,(anonymous_22)
FN:302,(anonymous_23)
FN:331,(anonymous_24)
FN:341,(anonymous_25)
FN:354,(anonymous_26)
FN:363,(anonymous_27)
FN:392,(anonymous_28)
FN:408,(anonymous_29)
FN:435,(anonymous_30)
FN:439,(anonymous_31)
FN:440,(anonymous_32)
FN:446,(anonymous_33)
FN:450,(anonymous_34)
FN:452,(anonymous_35)
FN:455,(anonymous_36)
FN:457,(anonymous_37)
FN:460,(anonymous_38)
FN:471,(anonymous_39)
FN:512,(anonymous_40)
FN:558,(anonymous_41)
FN:562,(anonymous_42)
FN:594,(anonymous_43)
FN:595,(anonymous_44)
FN:604,(anonymous_45)
FN:606,(anonymous_46)
FN:612,(anonymous_47)
FN:618,(anonymous_48)
FN:626,(anonymous_49)
FN:628,(anonymous_50)
FN:634,(anonymous_51)
FN:637,(anonymous_52)
FN:660,(anonymous_53)
FN:673,(anonymous_54)
FN:679,(anonymous_55)
FN:685,(anonymous_56)
FN:699,(anonymous_57)
FN:715,(anonymous_58)
FN:733,(anonymous_59)
FN:737,(anonymous_60)
FN:777,(anonymous_61)
FN:783,(anonymous_62)
FN:811,(anonymous_63)
FN:839,(anonymous_64)
FN:843,(anonymous_65)
FN:857,(anonymous_66)
FN:872,(anonymous_67)
FN:889,(anonymous_68)
FN:903,(anonymous_69)
FN:904,(anonymous_70)
FN:932,(anonymous_71)
FN:937,(anonymous_72)
FN:938,(anonymous_73)
FN:949,(anonymous_74)
FN:959,(anonymous_75)
FNF:71
FNH:0
FNDA:0,(anonymous_5)
FNDA:0,(anonymous_6)
FNDA:0,(anonymous_7)
FNDA:0,(anonymous_8)
FNDA:0,(anonymous_9)
FNDA:0,(anonymous_10)
FNDA:0,(anonymous_11)
FNDA:0,(anonymous_12)
FNDA:0,(anonymous_13)
FNDA:0,(anonymous_14)
FNDA:0,(anonymous_15)
FNDA:0,(anonymous_16)
FNDA:0,(anonymous_17)
FNDA:0,(anonymous_18)
FNDA:0,(anonymous_19)
FNDA:0,(anonymous_20)
FNDA:0,(anonymous_21)
FNDA:0,(anonymous_22)
FNDA:0,(anonymous_23)
FNDA:0,(anonymous_24)
FNDA:0,(anonymous_25)
FNDA:0,(anonymous_26)
FNDA:0,(anonymous_27)
FNDA:0,(anonymous_28)
FNDA:0,(anonymous_29)
FNDA:0,(anonymous_30)
FNDA:0,(anonymous_31)
FNDA:0,(anonymous_32)
FNDA:0,(anonymous_33)
FNDA:0,(anonymous_34)
FNDA:0,(anonymous_35)
FNDA:0,(anonymous_36)
FNDA:0,(anonymous_37)
FNDA:0,(anonymous_38)
FNDA:0,(anonymous_39)
FNDA:0,(anonymous_40)
FNDA:0,(anonymous_41)
FNDA:0,(anonymous_42)
FNDA:0,(anonymous_43)
FNDA:0,(anonymous_44)
FNDA:0,(anonymous_45)
FNDA:0,(anonymous_46)
FNDA:0,(anonymous_47)
FNDA:0,(anonymous_48)
FNDA:0,(anonymous_49)
FNDA:0,(anonymous_50)
FNDA:0,(anonymous_51)
FNDA:0,(anonymous_52)
FNDA:0,(anonymous_53)
FNDA:0,(anonymous_54)
FNDA:0,(anonymous_55)
FNDA:0,(anonymous_56)
FNDA:0,(anonymous_57)
FNDA:0,(anonymous_58)
FNDA:0,(anonymous_59)
FNDA:0,(anonymous_60)
FNDA:0,(anonymous_61)
FNDA:0,(anonymous_62)
FNDA:0,(anonymous_63)
FNDA:0,(anonymous_64)
FNDA:0,(anonymous_65)
FNDA:0,(anonymous_66)
FNDA:0,(anonymous_67)
FNDA:0,(anonymous_68)
FNDA:0,(anonymous_69)
FNDA:0,(anonymous_70)
FNDA:0,(anonymous_71)
FNDA:0,(anonymous_72)
FNDA:0,(anonymous_73)
FNDA:0,(anonymous_74)
FNDA:0,(anonymous_75)
DA:7,0
DA:9,0
DA:10,0
DA:12,0
DA:13,0
DA:14,0
DA:15,0
DA:52,0
DA:54,0
DA:59,0
DA:60,0
DA:61,0
DA:62,0
DA:63,0
DA:64,0
DA:65,0
DA:66,0
DA:67,0
DA:68,0
DA:69,0
DA:70,0
DA:71,0
DA:72,0
DA:73,0
DA:74,0
DA:75,0
DA:76,0
DA:77,0
DA:78,0
DA:79,0
DA:80,0
DA:81,0
DA:82,0
DA:83,0
DA:86,0
DA:87,0
DA:96,0
DA:98,0
DA:100,0
DA:101,0
DA:102,0
DA:104,0
DA:105,0
DA:111,0
DA:113,0
DA:114,0
DA:115,0
DA:117,0
DA:118,0
DA:124,0
DA:125,0
DA:126,0
DA:127,0
DA:129,0
DA:130,0
DA:131,0
DA:132,0
DA:134,0
DA:135,0
DA:138,0
DA:139,0
DA:140,0
DA:141,0
DA:144,0
DA:145,0
DA:146,0
DA:147,0
DA:151,0
DA:152,0
DA:153,0
DA:157,0
DA:161,0
DA:162,0
DA:182,0
DA:183,0
DA:184,0
DA:185,0
DA:186,0
DA:187,0
DA:189,0
DA:190,0
DA:193,0
DA:196,0
DA:198,0
DA:199,0
DA:203,0
DA:204,0
DA:205,0
DA:206,0
DA:207,0
DA:208,0
DA:209,0
DA:210,0
DA:211,0
DA:214,0
DA:215,0
DA:219,0
DA:220,0
DA:221,0
DA:222,0
DA:224,0
DA:225,0
DA:228,0
DA:230,0
DA:231,0
DA:232,0
DA:233,0
DA:234,0
DA:237,0
DA:245,0
DA:249,0
DA:250,0
DA:253,0
DA:255,0
DA:257,0
DA:258,0
DA:260,0
DA:267,0
DA:281,0
DA:283,0
DA:289,0
DA:290,0
DA:293,0
DA:294,0
DA:297,0
DA:298,0
DA:301,0
DA:302,0
DA:304,0
DA:305,0
DA:306,0
DA:307,0
DA:309,0
DA:310,0
DA:312,0
DA:313,0
DA:314,0
DA:315,0
DA:318,0
DA:319,0
DA:322,0
DA:323,0
DA:324,0
DA:325,0
DA:328,0
DA:329,0
DA:330,0
DA:331,0
DA:332,0
DA:333,0
DA:334,0
DA:335,0
DA:337,0
DA:339,0
DA:340,0
DA:341,0
DA:342,0
DA:343,0
DA:344,0
DA:345,0
DA:347,0
DA:352,0
DA:353,0
DA:354,0
DA:355,0
DA:356,0
DA:357,0
DA:358,0
DA:360,0
DA:362,0
DA:363,0
DA:364,0
DA:365,0
DA:366,0
DA:367,0
DA:369,0
DA:374,0
DA:380,0
DA:381,0
DA:384,0
DA:385,0
DA:387,0
DA:392,0
DA:393,0
DA:398,0
DA:401,0
DA:402,0
DA:403,0
DA:406,0
DA:408,0
DA:414,0
DA:416,0
DA:417,0
DA:418,0
DA:419,0
DA:423,0
DA:424,0
DA:431,0
DA:432,0
DA:435,0
DA:436,0
DA:439,0
DA:440,0
DA:446,0
DA:447,0
DA:450,0
DA:451,0
DA:452,0
DA:455,0
DA:456,0
DA:457,0
DA:460,0
DA:461,0
DA:464,0
DA:465,0
DA:466,0
DA:467,0
DA:471,0
DA:472,0
DA:473,0
DA:475,0
DA:476,0
DA:478,0
DA:502,0
DA:504,0
DA:505,0
DA:506,0
DA:507,0
DA:512,0
DA:513,0
DA:515,0
DA:517,0
DA:518,0
DA:520,0
DA:546,0
DA:547,0
DA:550,0
DA:551,0
DA:552,0
DA:553,0
DA:555,0
DA:558,0
DA:562,0
DA:563,0
DA:564,0
DA:565,0
DA:566,0
DA:567,0
DA:569,0
DA:571,0
DA:573,0
DA:576,0
DA:577,0
DA:578,0
DA:579,0
DA:580,0
DA:581,0
DA:582,0
DA:583,0
DA:584,0
DA:586,0
DA:587,0
DA:591,0
DA:594,0
DA:599,0
DA:600,0
DA:601,0
DA:605,0
DA:609,0
DA:637,0
DA:638,0
DA:643,0
DA:644,0
DA:645,0
DA:661,0
DA:662,0
DA:674,0
DA:680,0
DA:686,0
DA:700,0
DA:716,0
DA:777,0
DA:783,0
DA:811,0
DA:839,0
DA:843,0
DA:858,0
DA:872,0
DA:878,0
DA:885,0
DA:886,0
DA:889,0
DA:890,0
DA:891,0
DA:898,0
DA:899,0
DA:903,0
DA:904,0
DA:905,0
DA:906,0
DA:909,0
DA:911,0
DA:912,0
DA:915,0
DA:933,0
DA:938,0
DA:949,0
DA:959,0
DA:988,0
LF:309
LH:0
BRDA:100,0,0,0
BRDA:100,0,1,0
BRDA:113,1,0,0
BRDA:113,1,1,0
BRDA:134,2,0,0
BRDA:134,2,1,0
BRDA:145,3,0,0
BRDA:152,4,0,0
BRDA:152,4,1,0
BRDA:152,5,0,0
BRDA:152,5,1,0
BRDA:198,6,0,0
BRDA:214,7,0,0
BRDA:221,8,0,0
BRDA:224,9,0,0
BRDA:224,10,0,0
BRDA:224,10,1,0
BRDA:289,11,0,0
BRDA:293,12,0,0
BRDA:307,13,0,0
BRDA:313,14,0,0
BRDA:318,15,0,0
BRDA:322,16,0,0
BRDA:328,17,0,0
BRDA:329,18,0,0
BRDA:329,18,1,0
BRDA:334,19,0,0
BRDA:339,20,0,0
BRDA:344,21,0,0
BRDA:352,22,0,0
BRDA:353,23,0,0
BRDA:353,23,1,0
BRDA:357,24,0,0
BRDA:362,25,0,0
BRDA:366,26,0,0
BRDA:385,27,0,0
BRDA:385,27,1,0
BRDA:398,28,0,0
BRDA:398,28,1,0
BRDA:401,29,0,0
BRDA:418,30,0,0
BRDA:418,30,1,0
BRDA:423,31,0,0
BRDA:461,32,0,0
BRDA:461,33,0,0
BRDA:461,33,1,0
BRDA:464,34,0,0
BRDA:464,35,0,0
BRDA:464,35,1,0
BRDA:487,36,0,0
BRDA:487,36,1,0
BRDA:492,37,0,0
BRDA:492,37,1,0
BRDA:494,38,0,0
BRDA:494,38,1,0
BRDA:506,39,0,0
BRDA:513,40,0,0
BRDA:529,41,0,0
BRDA:529,41,1,0
BRDA:534,42,0,0
BRDA:534,42,1,0
BRDA:536,43,0,0
BRDA:536,43,1,0
BRDA:546,44,0,0
BRDA:556,45,0,0
BRDA:556,45,1,0
BRDA:565,46,0,0
BRDA:569,47,0,0
BRDA:573,48,0,0
BRDA:573,48,1,0
BRDA:599,49,0,0
BRDA:599,50,0,0
BRDA:599,50,1,0
BRDA:658,51,0,0
BRDA:678,52,0,0
BRDA:678,52,1,0
BRDA:698,53,0,0
BRDA:698,53,1,0
BRDA:709,54,0,0
BRDA:709,54,1,0
BRDA:714,55,0,0
BRDA:714,55,1,0
BRDA:722,56,0,0
BRDA:722,56,1,0
BRDA:729,57,0,0
BRDA:729,57,1,0
BRDA:735,58,0,0
BRDA:735,58,1,0
BRDA:746,59,0,0
BRDA:746,59,1,0
BRDA:759,60,0,0
BRDA:759,60,1,0
BRDA:759,60,2,0
BRDA:759,60,3,0
BRDA:759,60,4,0
BRDA:801,61,0,0
BRDA:815,62,0,0
BRDA:820,63,0,0
BRDA:836,64,0,0
BRDA:890,65,0,0
BRDA:905,66,0,0
BRDA:905,67,0,0
BRDA:905,67,1,0
BRDA:915,68,0,0
BRDA:927,69,0,0
BRDA:927,69,1,0
BRDA:964,70,0,0
BRF:107
BRH:0
end_of_record
TN:
SF:src/components/NPSSurvey.tsx
FN:18,(anonymous_5)
FN:31,(anonymous_6)
FN:61,(anonymous_7)
FN:76,(anonymous_8)
FN:85,(anonymous_9)
FN:91,(anonymous_10)
FN:112,(anonymous_11)
FN:147,(anonymous_12)
FN:161,(anonymous_13)
FN:188,(anonymous_14)
FN:219,(anonymous_15)
FN:223,(anonymous_16)
FN:241,(anonymous_17)
FN:251,(anonymous_18)
FN:300,(anonymous_19)
FNF:15
FNH:5
FNDA:37,(anonymous_5)
FNDA:23,(anonymous_6)
FNDA:0,(anonymous_7)
FNDA:1,(anonymous_8)
FNDA:0,(anonymous_9)
FNDA:0,(anonymous_10)
FNDA:0,(anonymous_11)
FNDA:0,(anonymous_12)
FNDA:0,(anonymous_13)
FNDA:1,(anonymous_14)
FNDA:44,(anonymous_15)
FNDA:0,(anonymous_16)
FNDA:0,(anonymous_17)
FNDA:0,(anonymous_18)
FNDA:0,(anonymous_19)
DA:4,4
DA:6,4
DA:7,4
DA:8,4
DA:9,4
DA:10,4
DA:11,4
DA:18,4
DA:23,37
DA:24,37
DA:25,37
DA:26,37
DA:27,37
DA:28,37
DA:29,37
DA:31,37
DA:33,23
DA:34,4
DA:35,4
DA:36,4
DA:39,19
DA:40,19
DA:41,19
DA:42,19
DA:43,19
DA:46,19
DA:47,9
DA:50,9
DA:53,9
DA:55,9
DA:60,9
DA:62,0
DA:63,0
DA:64,0
DA:68,0
DA:69,0
DA:70,0
DA:76,37
DA:77,1
DA:78,1
DA:80,1
DA:82,0
DA:83,0
DA:85,0
DA:86,0
DA:91,37
DA:92,0
DA:93,0
DA:94,0
DA:96,0
DA:97,0
DA:98,0
DA:100,0
DA:101,0
DA:102,0
DA:104,0
DA:105,0
DA:106,0
DA:108,0
DA:112,37
DA:113,0
DA:114,0
DA:117,0
DA:118,0
DA:119,0
DA:127,0
DA:128,0
DA:134,0
DA:136,0
DA:138,0
DA:139,0
DA:140,0
DA:141,0
DA:142,0
DA:143,0
DA:145,0
DA:147,0
DA:148,0
DA:152,0
DA:155,0
DA:156,0
DA:161,37
DA:162,0
DA:163,0
DA:164,0
DA:188,1
DA:220,44
DA:223,0
DA:241,0
DA:251,0
DA:300,0
DA:306,33
LF:92
LH:41
BRDA:20,0,0,29
BRDA:33,1,0,4
BRDA:43,2,0,19
BRDA:43,2,1,4
BRDA:46,3,0,9
BRDA:46,4,0,19
BRDA:46,4,1,18
BRDA:47,5,0,0
BRDA:47,5,1,9
BRDA:50,6,0,0
BRDA:50,6,1,9
BRDA:55,7,0,9
BRDA:55,7,1,0
BRDA:56,8,0,9
BRDA:56,8,1,9
BRDA:66,9,0,0
BRDA:66,9,1,9
BRDA:68,10,0,0
BRDA:68,11,0,0
BRDA:68,11,1,0
BRDA:77,12,0,1
BRDA:77,12,1,0
BRDA:78,13,0,1
BRDA:78,13,1,0
BRDA:92,14,0,0
BRDA:96,15,0,0
BRDA:100,16,0,0
BRDA:100,17,0,0
BRDA:100,17,1,0
BRDA:104,18,0,0
BRDA:113,19,0,0
BRDA:117,20,0,0
BRDA:117,20,1,0
BRDA:136,21,0,0
BRDA:136,21,1,0
BRDA:145,22,0,0
BRDA:171,23,0,37
BRDA:183,24,0,4
BRDA:183,24,1,0
BRDA:222,25,0,0
BRDA:222,25,1,44
BRDA:255,26,0,4
BRDA:261,27,0,0
BRDA:261,27,1,4
BRDA:280,28,0,37
BRDA:299,29,0,37
BRF:46
BRH:22
end_of_record
TN:
SF:src/components/Navbar.tsx
FN:6,(anonymous_2)
FN:9,(anonymous_3)
FNF:2
FNH:0
FNDA:0,(anonymous_2)
FNDA:0,(anonymous_3)
DA:1,0
DA:2,0
DA:3,0
DA:4,0
DA:6,0
DA:7,0
DA:9,0
DA:10,0
DA:11,0
DA:14,0
DA:15,0
DA:46,0
LF:12
LH:0
BRF:0
BRH:0
end_of_record
TN:
SF:src/components/RandomQueries.tsx
FN:12,(anonymous_4)
FN:21,(anonymous_5)
FN:24,(anonymous_6)
FN:29,(anonymous_7)
FN:59,(anonymous_8)
FN:67,(anonymous_9)
FN:80,(anonymous_10)
FNF:7
FNH:0
FNDA:0,(anonymous_4)
FNDA:0,(anonymous_5)
FNDA:0,(anonymous_6)
FNDA:0,(anonymous_7)
FNDA:0,(anonymous_8)
FNDA:0,(anonymous_9)
FNDA:0,(anonymous_10)
DA:1,0
DA:2,0
DA:12,0
DA:19,0
DA:21,0
DA:22,0
DA:23,0
DA:24,0
DA:25,0
DA:29,0
DA:30,0
DA:31,0
DA:32,0
DA:59,0
DA:68,0
DA:80,0
DA:95,0
LF:17
LH:0
BRDA:22,0,0,0
BRDA:52,1,0,0
BRDA:55,2,0,0
BRDA:55,2,1,0
BRDA:71,3,0,0
BRDA:71,3,1,0
BRDA:78,4,0,0
BRDA:78,4,1,0
BRF:8
BRH:0
end_of_record
TN:
SF:src/components/SecureDataFetcher.tsx
FN:39,(anonymous_4)
FN:59,(anonymous_5)
FN:96,(anonymous_6)
FN:134,(anonymous_7)
FN:187,(anonymous_8)
FNF:5
FNH:0
FNDA:0,(anonymous_4)
FNDA:0,(anonymous_5)
FNDA:0,(anonymous_6)
FNDA:0,(anonymous_7)
FNDA:0,(anonymous_8)
DA:15,0
DA:16,0
DA:39,0
DA:41,0
DA:42,0
DA:43,0
DA:44,0
DA:59,0
DA:60,0
DA:61,0
DA:62,0
DA:65,0
DA:67,0
DA:68,0
DA:71,0
DA:74,0
DA:75,0
DA:78,0
DA:79,0
DA:80,0
DA:82,0
DA:96,0
DA:97,0
DA:98,0
DA:100,0
DA:102,0
DA:108,0
DA:111,0
DA:112,0
DA:116,0
DA:119,0
DA:120,0
DA:122,0
DA:134,0
DA:135,0
DA:136,0
DA:137,0
DA:188,0
LF:38
LH:0
BRDA:67,0,0,0
BRDA:78,1,0,0
BRDA:78,1,1,0
BRDA:111,2,0,0
BRDA:112,3,0,0
BRDA:112,3,1,0
BRDA:119,4,0,0
BRDA:119,4,1,0
BRDA:136,5,0,0
BRDA:152,6,0,0
BRDA:152,6,1,0
BRDA:156,7,0,0
BRDA:166,8,0,0
BRDA:171,9,0,0
BRF:14
BRH:0
end_of_record
TN:
SF:src/components/SessionExpiredModal.tsx
FN:16,(anonymous_4)
FN:30,(anonymous_5)
FN:62,(anonymous_6)
FNF:3
FNH:0
FNDA:0,(anonymous_4)
FNDA:0,(anonymous_5)
FNDA:0,(anonymous_6)
DA:1,0
DA:2,0
DA:3,0
DA:4,0
DA:16,0
DA:21,0
DA:22,0
DA:25,0
DA:30,0
DA:31,0
DA:32,0
DA:34,0
DA:36,0
DA:42,0
DA:43,0
DA:47,0
DA:49,0
DA:50,0
DA:55,0
DA:62,0
DA:64,0
DA:66,0
DA:162,0
LF:23
LH:0
BRDA:25,0,0,0
BRDA:42,1,0,0
BRDA:123,2,0,0
BRDA:123,2,1,0
BRDA:128,3,0,0
BRDA:128,3,1,0
BRF:6
BRH:0
end_of_record
TN:
SF:src/components/SourcesList.tsx
FN:40,(anonymous_5)
FN:52,(anonymous_6)
FN:70,(anonymous_7)
FN:84,(anonymous_8)
FN:105,(anonymous_9)
FN:146,(anonymous_10)
FN:154,(anonymous_11)
FN:159,(anonymous_12)
FN:165,(anonymous_13)
FN:166,(anonymous_14)
FN:181,(anonymous_15)
FN:191,(anonymous_16)
FN:204,(anonymous_17)
FN:216,(anonymous_18)
FN:236,(anonymous_19)
FN:251,(anonymous_20)
FN:258,(anonymous_21)
FN:275,(anonymous_22)
FN:286,(anonymous_23)
FN:294,(anonymous_24)
FN:302,(anonymous_25)
FN:359,(anonymous_27)
FN:368,(anonymous_28)
FN:390,(anonymous_29)
FN:403,(anonymous_30)
FNF:25
FNH:18
FNDA:27,(anonymous_5)
FNDA:1,(anonymous_6)
FNDA:22,(anonymous_7)
FNDA:3,(anonymous_8)
FNDA:1,(anonymous_9)
FNDA:27,(anonymous_10)
FNDA:3,(anonymous_11)
FNDA:4,(anonymous_12)
FNDA:5,(anonymous_13)
FNDA:5,(anonymous_14)
FNDA:1,(anonymous_15)
FNDA:0,(anonymous_16)
FNDA:27,(anonymous_17)
FNDA:27,(anonymous_18)
FNDA:1,(anonymous_19)
FNDA:27,(anonymous_20)
FNDA:0,(anonymous_21)
FNDA:0,(anonymous_22)
FNDA:0,(anonymous_23)
FNDA:0,(anonymous_24)
FNDA:0,(anonymous_25)
FNDA:0,(anonymous_27)
FNDA:3,(anonymous_28)
FNDA:27,(anonymous_29)
FNDA:5,(anonymous_30)
DA:21,3
DA:23,3
DA:24,3
DA:25,3
DA:29,3
DA:30,3
DA:31,3
DA:35,3
DA:40,3
DA:41,27
DA:52,3
DA:53,1
DA:54,1
DA:55,1
DA:56,0
DA:57,1
DA:61,1
DA:63,1
DA:64,1
DA:65,1
DA:66,1
DA:67,1
DA:70,3
DA:77,22
DA:80,22
DA:83,22
DA:85,3
DA:86,3
DA:100,0
DA:105,22
DA:106,1
DA:107,1
DA:114,1
DA:131,0
DA:135,22
DA:136,22
DA:139,22
DA:140,1
DA:146,21
DA:147,27
DA:149,21
DA:154,21
DA:155,3
DA:156,1
DA:157,1
DA:159,4
DA:160,2
DA:165,21
DA:166,5
DA:167,5
DA:168,5
DA:169,5
DA:170,4
DA:171,4
DA:173,1
DA:174,1
DA:176,5
DA:181,21
DA:185,1
DA:186,1
DA:187,1
DA:191,21
DA:195,0
DA:196,0
DA:197,0
DA:198,0
DA:199,0
DA:204,21
DA:205,27
DA:207,9
DA:209,4
DA:211,14
DA:216,21
DA:218,27
DA:221,27
DA:222,0
DA:237,1
DA:251,21
DA:252,27
DA:253,27
DA:258,0
DA:271,21
DA:275,0
DA:286,0
DA:294,0
DA:303,0
DA:359,0
DA:369,3
DA:370,3
DA:391,27
DA:392,27
DA:393,27
DA:404,5
DA:405,5
DA:477,14
LF:95
LH:80
BRDA:41,0,0,27
BRDA:41,0,1,1
BRDA:41,0,2,1
BRDA:55,1,0,0
BRDA:55,1,1,1
BRDA:57,2,0,1
BRDA:58,3,0,1
BRDA:58,3,1,1
BRDA:61,4,0,1
BRDA:61,4,1,0
BRDA:65,5,0,1
BRDA:65,5,1,0
BRDA:72,6,0,21
BRDA:74,7,0,21
BRDA:85,8,0,3
BRDA:92,9,0,3
BRDA:92,9,1,0
BRDA:106,10,0,1
BRDA:107,11,0,0
BRDA:135,12,0,22
BRDA:135,12,1,2
BRDA:136,13,0,22
BRDA:136,13,1,2
BRDA:139,14,0,1
BRDA:147,15,0,27
BRDA:147,15,1,0
BRDA:149,16,0,1
BRDA:149,16,1,20
BRDA:155,17,0,1
BRDA:155,17,1,2
BRDA:169,18,0,4
BRDA:169,18,1,1
BRDA:197,19,0,0
BRDA:205,20,0,9
BRDA:205,20,1,4
BRDA:205,20,2,14
BRDA:221,21,0,0
BRDA:221,22,0,27
BRDA:221,22,1,9
BRDA:228,23,0,13
BRDA:228,23,1,14
BRDA:233,24,0,13
BRDA:233,24,1,14
BRDA:235,25,0,13
BRDA:235,25,1,0
BRDA:237,26,0,1
BRDA:237,26,1,1
BRDA:256,27,0,0
BRDA:271,28,0,1
BRDA:278,29,0,0
BRDA:278,29,1,1
BRDA:281,30,0,1
BRDA:309,31,0,0
BRDA:309,31,1,0
BRDA:316,32,0,0
BRDA:316,32,1,0
BRDA:318,33,0,0
BRDA:318,33,1,0
BRDA:348,34,0,20
BRDA:350,35,0,20
BRDA:350,35,1,0
BRDA:350,36,0,20
BRDA:350,36,1,0
BRDA:350,36,2,0
BRDA:353,37,0,20
BRDA:357,38,0,0
BRDA:357,39,0,0
BRDA:357,39,1,0
BRDA:362,40,0,0
BRDA:362,40,1,0
BRDA:374,41,0,6
BRDA:374,41,1,14
BRDA:380,42,0,20
BRDA:387,43,0,20
BRDA:387,43,1,0
BRDA:387,43,2,0
BRDA:397,44,0,20
BRDA:397,44,1,7
BRDA:433,45,0,27
BRDA:433,45,1,27
BRDA:433,45,2,27
BRDA:441,46,0,27
BRDA:444,47,0,8
BRDA:444,47,1,8
BRDA:444,47,2,3
BRDA:447,48,0,8
BRDA:447,48,1,8
BRDA:447,48,2,1
BRF:88
BRH:61
end_of_record
TN:
SF:src/components/Toast.tsx
FN:8,(anonymous_4)
FN:9,(anonymous_5)
FN:10,(anonymous_6)
FN:14,(anonymous_7)
FNF:4
FNH:4
FNDA:3,(anonymous_4)
FNDA:3,(anonymous_5)
FNDA:1,(anonymous_6)
FNDA:3,(anonymous_7)
DA:1,5
DA:8,5
DA:9,3
DA:10,3
DA:11,1
DA:14,3
DA:38,5
LF:7
LH:7
BRF:0
BRH:0
end_of_record
TN:
SF:src/components/TruncatedMarkdown.tsx
FN:13,(anonymous_5)
FN:22,(anonymous_6)
FN:34,(anonymous_7)
FN:57,(anonymous_8)
FNF:4
FNH:3
FNDA:21,(anonymous_5)
FNDA:21,(anonymous_6)
FNDA:0,(anonymous_7)
FNDA:2,(anonymous_8)
DA:1,2
DA:2,2
DA:3,2
DA:13,2
DA:18,21
DA:20,21
DA:22,21
DA:23,21
DA:25,19
DA:28,19
DA:34,21
DA:36,0
DA:53,21
DA:57,19
DA:58,2
DA:59,2
DA:83,20
LF:17
LH:16
BRDA:14,0,0,0
BRDA:23,1,0,2
BRDA:28,2,0,5
BRDA:28,2,1,14
BRDA:28,3,0,19
BRDA:28,3,1,17
BRDA:36,4,0,0
BRDA:36,5,0,0
BRDA:36,5,1,0
BRDA:53,6,0,2
BRDA:74,7,0,19
BRDA:74,7,1,17
BRF:12
BRH:8
end_of_record
TN:
SF:src/components/layout.tsx
FN:19,Layout
FN:26,(anonymous_3)
FN:28,(anonymous_4)
FN:32,(anonymous_5)
FN:39,(anonymous_6)
FN:84,(anonymous_7)
FNF:6
FNH:5
FNDA:41,Layout
FNDA:16,(anonymous_3)
FNDA:16,(anonymous_4)
FNDA:16,(anonymous_5)
FNDA:25,(anonymous_6)
FNDA:0,(anonymous_7)
DA:2,3
DA:4,3
DA:5,3
DA:6,3
DA:7,3
DA:8,3
DA:9,3
DA:10,3
DA:11,3
DA:12,3
DA:19,42
DA:20,41
DA:21,41
DA:22,41
DA:23,41
DA:26,41
DA:27,16
DA:28,16
DA:32,41
DA:33,16
DA:34,0
DA:39,41
DA:40,25
DA:42,24
DA:52,24
DA:57,41
DA:84,0
LF:27
LH:25
BRDA:33,0,0,0
BRDA:40,1,0,1
BRDA:42,2,0,24
BRDA:57,3,0,16
BRDA:65,4,0,25
BRDA:70,5,0,25
BRDA:70,5,1,0
BRDA:74,6,0,0
BRF:8
BRH:5
end_of_record
TN:
SF:src/components/popup.tsx
FN:12,(anonymous_2)
FN:15,(anonymous_3)
FN:17,(anonymous_4)
FNF:3
FNH:0
FNDA:0,(anonymous_2)
FNDA:0,(anonymous_3)
FNDA:0,(anonymous_4)
DA:1,1
DA:2,1
DA:3,1
DA:12,1
DA:13,0
DA:15,0
DA:16,0
DA:17,0
DA:18,0
DA:19,0
DA:20,0
DA:44,1
LF:12
LH:5
BRDA:19,0,0,0
BRDA:19,1,0,0
BRDA:19,1,1,0
BRF:3
BRH:0
end_of_record
TN:
SF:src/components/Header/AnandaHeader.tsx
FN:9,AnandaHeader
FNF:1
FNH:0
FNDA:0,AnandaHeader
DA:1,3
DA:3,3
DA:9,0
DA:10,0
DA:11,0
LF:5
LH:2
BRF:0
BRH:0
end_of_record
TN:
SF:src/components/Header/AnandaPublicHeader.tsx
FN:9,AnandaHeader
FNF:1
FNH:0
FNDA:0,AnandaHeader
DA:1,3
DA:3,3
DA:9,0
DA:10,0
DA:11,0
LF:5
LH:2
BRF:0
BRH:0
end_of_record
TN:
SF:src/components/Header/BaseHeader.tsx
FN:18,BaseHeader
FN:26,(anonymous_3)
FN:28,(anonymous_4)
FN:36,(anonymous_5)
FN:61,(anonymous_6)
FNF:5
FNH:0
FNDA:0,BaseHeader
FNDA:0,(anonymous_3)
FNDA:0,(anonymous_4)
FNDA:0,(anonymous_5)
FNDA:0,(anonymous_6)
DA:1,3
DA:2,3
DA:3,3
DA:4,3
DA:6,3
DA:7,3
DA:18,0
DA:25,0
DA:26,0
DA:28,0
DA:29,0
DA:30,0
DA:31,0
DA:32,0
DA:33,0
DA:36,0
DA:37,0
DA:62,0
LF:18
LH:6
BRDA:42,0,0,0
BRDA:49,1,0,0
BRDA:49,1,1,0
BRDA:50,2,0,0
BRDA:50,2,1,0
BRDA:52,3,0,0
BRDA:66,4,0,0
BRDA:66,4,1,0
BRDA:75,5,0,0
BRDA:78,6,0,0
BRF:10
BRH:0
end_of_record
TN:
SF:src/components/Header/CrystalHeader.tsx
FN:11,CrystalHeader
FNF:1
FNH:0
FNDA:0,CrystalHeader
DA:1,3
DA:2,3
DA:3,3
DA:5,3
DA:11,0
DA:12,0
LF:6
LH:4
BRF:0
BRH:0
end_of_record
TN:
SF:src/components/Header/JairamHeader.tsx
FN:9,JairamHeader
FNF:1
FNH:0
FNDA:0,JairamHeader
DA:1,3
DA:3,3
DA:9,0
DA:10,0
DA:11,0
LF:5
LH:2
BRF:0
BRH:0
end_of_record
TN:
SF:src/components/ui/LoadingDots.tsx
FN:3,(anonymous_2)
FNF:1
FNH:0
FNDA:0,(anonymous_2)
DA:1,0
DA:3,0
DA:23,0
DA:25,0
LF:4
LH:0
BRDA:4,0,0,0
BRDA:5,1,0,0
BRDA:13,2,0,0
BRDA:13,2,1,0
BRF:4
BRH:0
end_of_record
TN:
SF:src/components/ui/TextArea.tsx
FN:7,(anonymous_4)
FNF:1
FNH:0
FNDA:0,(anonymous_4)
DA:1,0
DA:2,0
DA:6,0
DA:20,0
DA:22,0
LF:5
LH:0
BRF:0
BRH:0
end_of_record
TN:
SF:src/utils/cn.ts
FN:4,cn
FNF:1
FNH:0
FNDA:0,cn
DA:1,0
DA:2,0
DA:4,0
DA:5,0
LF:4
LH:0
BRF:0
BRH:0
end_of_record
TN:
SF:src/utils/env.ts
FN:1,(anonymous_4)
FN:2,(anonymous_5)
FN:3,(anonymous_6)
FNF:3
FNH:0
FNDA:0,(anonymous_4)
FNDA:0,(anonymous_5)
FNDA:0,(anonymous_6)
DA:1,3
DA:2,3
DA:3,3
LF:3
LH:3
BRDA:3,0,0,0
BRDA:3,0,1,0
BRF:2
BRH:0
end_of_record
TN:
SF:src/utils/client/analytics.ts
FN:5,(anonymous_1)
FNF:1
FNH:1
FNDA:3,(anonymous_1)
DA:3,3
DA:5,3
DA:11,3
DA:12,1
DA:20,2
LF:5
LH:5
BRDA:11,0,0,1
BRDA:11,0,1,2
BRF:2
BRH:2
end_of_record
TN:
SF:src/utils/client/authConfig.ts
FN:14,(anonymous_4)
FN:30,(anonymous_5)
FN:59,(anonymous_6)
FNF:3
FNH:1
FNDA:0,(anonymous_4)
FNDA:2,(anonymous_5)
FNDA:0,(anonymous_6)
DA:14,2
DA:16,0
DA:19,0
DA:30,2
DA:35,2
DA:38,1
DA:41,1
DA:44,1
DA:47,0
DA:59,2
DA:65,0
DA:70,0
DA:74,0
DA:75,0
DA:79,0
DA:80,0
DA:84,0
DA:85,0
DA:89,0
DA:90,0
DA:94,0
LF:21
LH:7
BRDA:16,0,0,0
BRDA:35,1,0,1
BRDA:38,2,0,0
BRDA:41,3,0,0
BRDA:41,4,0,1
BRDA:41,4,1,0
BRDA:44,5,0,1
BRDA:65,6,0,0
BRDA:66,7,0,0
BRDA:66,7,1,0
BRDA:66,7,2,0
BRDA:74,8,0,0
BRDA:79,9,0,0
BRDA:79,10,0,0
BRDA:79,10,1,0
BRDA:84,11,0,0
BRDA:89,12,0,0
BRF:17
BRH:3
end_of_record
TN:
SF:src/utils/client/clipboard.ts
FN:1,(anonymous_1)
FNF:1
FNH:1
FNDA:4,(anonymous_1)
DA:1,2
DA:2,4
DA:3,4
DA:4,1
DA:5,1
DA:6,1
DA:8,3
DA:11,1
DA:15,4
LF:9
LH:9
BRDA:1,0,0,2
BRDA:3,1,0,1
BRDA:3,1,1,3
BRDA:3,2,0,4
BRDA:3,2,1,2
BRF:5
BRH:5
end_of_record
TN:
SF:src/utils/client/collectionQueries.ts
FN:3,loadQueries
FN:17,(anonymous_4)
FN:30,getCollectionQueries
FNF:3
FNH:3
FNDA:13,loadQueries
FNDA:37,(anonymous_4)
FNDA:5,getCollectionQueries
DA:1,8
DA:3,8
DA:7,13
DA:12,1
DA:15,12
DA:16,12
DA:17,37
DA:19,12
DA:20,8
DA:22,12
DA:23,10
DA:25,12
DA:27,12
DA:30,8
DA:34,5
DA:35,1
DA:38,4
DA:39,4
DA:40,5
DA:43,4
DA:44,0
DA:46,4
DA:47,4
LF:23
LH:22
BRDA:7,0,0,1
BRDA:8,1,0,13
BRDA:8,1,1,5
BRDA:8,1,2,3
BRDA:19,2,0,8
BRDA:22,3,0,10
BRDA:34,4,0,1
BRDA:34,5,0,5
BRDA:34,5,1,2
BRDA:43,6,0,0
BRF:10
BRH:9
end_of_record
TN:
SF:src/utils/client/collectionsConfig.ts
FNF:0
FNH:0
DA:1,7
LF:1
LH:1
BRF:0
BRH:0
end_of_record
TN:
SF:src/utils/client/libraryMappings.ts
FN:25,getMappedLibraryName
FN:29,getLibraryUrl
FNF:2
FNH:2
FNDA:32,getMappedLibraryName
FNDA:32,getLibraryUrl
DA:10,5
DA:25,32
DA:26,32
DA:29,32
DA:30,32
LF:5
LH:5
BRDA:26,0,0,32
BRDA:26,0,1,29
BRF:2
BRH:2
end_of_record
TN:
SF:src/utils/client/reactQueryConfig.ts
FN:36,queryFetch
FN:95,createQueryClient
FN:101,(anonymous_7)
FN:113,(anonymous_8)
FN:128,(anonymous_9)
FN:153,(anonymous_10)
FN:154,(anonymous_11)
FN:155,(anonymous_12)
FN:156,(anonymous_13)
FNF:9
FNH:1
FNDA:0,queryFetch
FNDA:1,createQueryClient
FNDA:0,(anonymous_7)
FNDA:0,(anonymous_8)
FNDA:0,(anonymous_9)
FNDA:0,(anonymous_10)
FNDA:0,(anonymous_11)
FNDA:0,(anonymous_12)
FNDA:0,(anonymous_13)
DA:11,1
DA:12,1
DA:15,1
DA:36,0
DA:41,0
DA:42,0
DA:43,0
DA:44,0
DA:46,0
DA:54,0
DA:55,0
DA:58,0
DA:60,0
DA:70,0
DA:71,0
DA:75,0
DA:76,0
DA:82,0
DA:95,0
DA:96,1
DA:103,0
DA:104,0
DA:105,0
DA:106,0
DA:110,0
DA:115,0
DA:120,0
DA:123,0
DA:130,0
DA:135,0
DA:137,0
DA:147,1
DA:152,1
DA:153,0
DA:154,0
DA:155,0
DA:156,0
LF:37
LH:6
BRDA:38,0,0,0
BRDA:41,1,0,0
BRDA:58,2,0,0
BRDA:65,3,0,0
BRDA:65,3,1,0
BRDA:70,4,0,0
BRDA:75,5,0,0
BRDA:103,6,0,0
BRDA:103,7,0,0
BRDA:103,7,1,0
BRDA:105,8,0,0
BRDA:105,9,0,0
BRDA:105,9,1,0
BRDA:105,9,2,0
BRDA:105,9,3,0
BRDA:115,10,0,0
BRDA:116,11,0,0
BRDA:116,11,1,0
BRDA:116,11,2,0
BRDA:130,12,0,0
BRDA:131,13,0,0
BRDA:131,13,1,0
BRDA:131,13,2,0
BRF:23
BRH:0
end_of_record
TN:
SF:src/utils/client/siteConfig.ts
FN:9,(anonymous_23)
FN:20,(anonymous_24)
FN:24,(anonymous_25)
FN:28,(anonymous_26)
FN:32,(anonymous_27)
FN:36,(anonymous_28)
FN:40,getGreeting
FN:45,(anonymous_30)
FN:52,(anonymous_31)
FN:56,(anonymous_32)
FN:60,(anonymous_33)
FN:64,(anonymous_34)
FN:68,(anonymous_35)
FN:72,(anonymous_36)
FN:76,getChatPlaceholder
FN:81,(anonymous_38)
FN:88,(anonymous_39)
FN:95,(anonymous_40)
FN:99,(anonymous_41)
FN:104,(anonymous_42)
FN:109,(anonymous_43)
FN:115,(anonymous_44)
FNF:22
FNH:22
FNDA:16,(anonymous_23)
FNDA:13,(anonymous_24)
FNDA:4,(anonymous_25)
FNDA:4,(anonymous_26)
FNDA:4,(anonymous_27)
FNDA:4,(anonymous_28)
FNDA:4,getGreeting
FNDA:3,(anonymous_30)
FNDA:41,(anonymous_31)
FNDA:41,(anonymous_32)
FNDA:41,(anonymous_33)
FNDA:4,(anonymous_34)
FNDA:4,(anonymous_35)
FNDA:3,(anonymous_36)
FNDA:42,getChatPlaceholder
FNDA:5,(anonymous_38)
FNDA:30,(anonymous_39)
FNDA:3,(anonymous_40)
FNDA:3,(anonymous_41)
FNDA:3,(anonymous_42)
FNDA:42,(anonymous_43)
FNDA:1,(anonymous_44)
DA:9,16
DA:10,16
DA:20,13
DA:21,13
DA:24,6
DA:25,4
DA:28,6
DA:29,4
DA:32,6
DA:33,4
DA:36,6
DA:37,4
DA:40,4
DA:41,4
DA:45,6
DA:46,3
DA:52,41
DA:53,41
DA:56,41
DA:57,41
DA:60,41
DA:61,41
DA:64,6
DA:65,4
DA:68,6
DA:69,4
DA:72,6
DA:73,3
DA:76,42
DA:77,42
DA:81,6
DA:84,5
DA:88,30
DA:91,30
DA:95,6
DA:96,3
DA:99,6
DA:101,3
DA:104,6
DA:106,3
DA:109,42
DA:112,42
DA:115,6
DA:117,1
LF:44
LH:44
BRDA:10,0,0,16
BRDA:10,0,1,3
BRDA:21,1,0,13
BRDA:21,1,1,9
BRDA:25,2,0,4
BRDA:25,2,1,2
BRDA:29,3,0,4
BRDA:29,3,1,2
BRDA:33,4,0,4
BRDA:33,4,1,2
BRDA:37,5,0,4
BRDA:37,5,1,2
BRDA:41,6,0,4
BRDA:41,6,1,2
BRDA:46,7,0,3
BRDA:46,7,1,2
BRDA:53,8,0,41
BRDA:53,8,1,2
BRDA:57,9,0,41
BRDA:57,9,1,2
BRDA:61,10,0,41
BRDA:61,10,1,2
BRDA:65,11,0,4
BRDA:65,11,1,2
BRDA:69,12,0,4
BRDA:69,12,1,2
BRDA:73,13,0,3
BRDA:73,13,1,2
BRDA:77,14,0,42
BRDA:77,14,1,41
BRDA:84,15,0,5
BRDA:84,15,1,2
BRDA:91,16,0,30
BRDA:91,16,1,3
BRDA:96,17,0,3
BRDA:96,17,1,2
BRDA:101,18,0,3
BRDA:101,18,1,2
BRDA:106,19,0,3
BRDA:106,19,1,2
BRDA:112,20,0,42
BRDA:112,20,1,40
BRDA:117,21,0,1
BRDA:117,21,1,1
BRF:44
BRH:44
end_of_record
TN:
SF:src/utils/client/tokenManager.ts
FN:45,parseJwtExpiration
FN:63,isTokenValid
FN:73,fetchNewToken
FN:141,initializeTokenManager
FN:157,(anonymous_10)
FN:161,(anonymous_11)
FN:178,isAuthenticated
FN:196,getToken
FN:217,withAuth
FN:237,fetchWithAuth
FN:249,fetchWithRetry
FN:285,(anonymous_17)
FNF:12
FNH:8
FNDA:0,parseJwtExpiration
FNDA:10,isTokenValid
FNDA:7,fetchNewToken
FNDA:0,initializeTokenManager
FNDA:0,(anonymous_10)
FNDA:0,(anonymous_11)
FNDA:3,isAuthenticated
FNDA:7,getToken
FNDA:7,withAuth
FNDA:7,fetchWithAuth
FNDA:7,fetchWithRetry
FNDA:7,(anonymous_17)
DA:30,5
DA:33,5
DA:36,5
DA:39,5
DA:40,5
DA:46,0
DA:48,0
DA:50,0
DA:52,0
DA:54,0
DA:56,0
DA:64,10
DA:67,0
DA:74,7
DA:77,7
DA:84,0
DA:86,0
DA:87,0
DA:89,0
DA:90,0
DA:94,0
DA:97,0
DA:99,0
DA:100,0
DA:103,0
DA:106,0
DA:107,0
DA:109,0
DA:110,0
DA:114,0
DA:119,0
DA:122,7
DA:123,0
DA:124,0
DA:125,0
DA:129,0
DA:132,7
DA:133,7
DA:141,7
DA:143,0
DA:144,0
DA:148,0
DA:149,0
DA:153,0
DA:156,0
DA:158,0
DA:159,0
DA:162,0
DA:163,0
DA:164,0
DA:165,0
DA:169,0
DA:178,3
DA:180,3
DA:185,0
DA:189,3
DA:196,0
DA:198,7
DA:199,0
DA:203,7
DA:204,0
DA:208,7
DA:217,0
DA:218,7
DA:220,0
DA:237,7
DA:242,7
DA:254,7
DA:255,7
DA:256,0
DA:259,0
DA:260,0
DA:265,0
DA:268,0
DA:271,0
DA:273,0
DA:274,0
DA:277,0
DA:280,7
DA:281,7
DA:284,7
DA:285,7
DA:287,0
DA:291,0
LF:84
LH:27
BRDA:64,0,0,10
BRDA:84,1,0,0
BRDA:86,2,0,0
BRDA:86,3,0,0
BRDA:86,3,1,0
BRDA:97,4,0,0
BRDA:97,5,0,0
BRDA:97,5,1,0
BRDA:109,6,0,0
BRDA:122,7,0,0
BRDA:143,8,0,0
BRDA:143,9,0,0
BRDA:143,9,1,0
BRDA:148,10,0,0
BRDA:180,11,0,0
BRDA:181,12,0,3
BRDA:181,12,1,0
BRDA:181,12,2,0
BRDA:198,13,0,0
BRDA:198,14,0,7
BRDA:198,14,1,0
BRDA:203,15,0,0
BRDA:223,16,0,0
BRDA:223,16,1,0
BRDA:252,17,0,7
BRDA:259,18,0,0
BRDA:259,19,0,0
BRDA:259,19,1,0
BRDA:271,20,0,0
BRDA:271,21,0,0
BRDA:271,21,1,0
BRDA:280,22,0,7
BRF:32
BRH:5
end_of_record
TN:
SF:src/utils/client/uuid.ts
FN:4,(anonymous_2)
FNF:1
FNH:1
FNDA:5,(anonymous_2)
DA:1,3
DA:2,3
DA:4,5
DA:5,5
DA:6,5
DA:7,4
DA:8,4
DA:10,5
LF:8
LH:8
BRDA:6,0,0,4
BRF:1
BRH:1
end_of_record
TN:
SF:src/utils/client/voteHandler.ts
FN:4,(anonymous_1)
FN:25,(anonymous_2)
FN:55,(anonymous_3)
FNF:3
FNH:2
FNDA:6,(anonymous_1)
FNDA:0,(anonymous_2)
FNDA:1,(anonymous_3)
DA:1,2
DA:2,2
DA:4,6
DA:11,6
DA:12,1
DA:13,1
DA:16,5
DA:19,5
DA:20,1
DA:22,4
DA:25,5
DA:26,0
DA:27,0
DA:30,5
DA:37,5
DA:38,5
DA:45,4
DA:46,4
DA:47,1
DA:49,3
DA:51,2
DA:52,2
DA:55,2
LF:23
LH:21
BRDA:11,0,0,1
BRDA:16,1,0,5
BRDA:16,1,1,4
BRDA:19,2,0,1
BRDA:19,2,1,4
BRDA:19,3,0,5
BRDA:19,3,1,4
BRDA:19,3,2,4
BRDA:19,3,3,1
BRDA:22,4,0,3
BRDA:22,4,1,1
BRDA:31,5,0,4
BRDA:31,5,1,1
BRDA:46,6,0,1
BRDA:47,7,0,1
BRDA:47,7,1,0
BRDA:53,8,0,2
BRDA:53,8,1,0
BRF:18
BRH:16
end_of_record
TN:
SF:src/utils/server/answersUtils.ts
FN:18,getAnswersByIds
FN:33,(anonymous_6)
FN:67,parseAndRemoveWordsFromSources
FN:90,(anonymous_8)
FN:103,getCacheKeyForDocumentCount
FN:111,getTotalDocuments
FNF:6
FNH:0
FNDA:0,getAnswersByIds
FNDA:0,(anonymous_6)
FNDA:0,parseAndRemoveWordsFromSources
FNDA:0,(anonymous_8)
FNDA:0,getCacheKeyForDocumentCount
FNDA:0,getTotalDocuments
DA:3,0
DA:4,0
DA:5,0
DA:6,0
DA:11,0
DA:18,0
DA:20,0
DA:21,0
DA:24,0
DA:25,0
DA:26,0
DA:27,0
DA:28,0
DA:29,0
DA:33,0
DA:34,0
DA:36,0
DA:40,0
DA:43,0
DA:44,0
DA:47,0
DA:58,0
DA:59,0
DA:63,0
DA:67,0
DA:70,0
DA:71,0
DA:74,0
DA:75,0
DA:76,0
DA:77,0
DA:78,0
DA:80,0
DA:85,0
DA:86,0
DA:90,0
DA:91,0
DA:92,0
DA:93,0
DA:95,0
DA:104,0
DA:105,0
DA:106,0
DA:111,0
DA:112,0
DA:115,0
DA:116,0
DA:117,0
DA:121,0
DA:122,0
DA:126,0
DA:127,0
DA:131,0
DA:132,0
DA:136,0
DA:138,0
LF:56
LH:0
BRDA:20,0,0,0
BRDA:40,1,0,0
BRDA:40,1,1,0
BRDA:43,2,0,0
BRDA:70,3,0,0
BRDA:75,4,0,0
BRDA:75,4,1,0
BRDA:78,5,0,0
BRDA:78,5,1,0
BRDA:85,6,0,0
BRDA:92,7,0,0
BRDA:92,8,0,0
BRDA:92,8,1,0
BRDA:105,9,0,0
BRDA:105,9,1,0
BRDA:116,10,0,0
BRDA:121,11,0,0
BRF:17
BRH:0
end_of_record
TN:
SF:src/utils/server/apiMiddleware.ts
FN:25,withApiMiddleware
FN:53,withJwtOnlyAuth
FN:62,applyCors
FN:87,applySecurityChecks
FN:88,(anonymous_7)
FN:90,(anonymous_8)
FN:110,(anonymous_9)
FN:126,(anonymous_10)
FN:139,(anonymous_11)
FNF:9
FNH:0
FNDA:0,withApiMiddleware
FNDA:0,withJwtOnlyAuth
FNDA:0,applyCors
FNDA:0,applySecurityChecks
FNDA:0,(anonymous_7)
FNDA:0,(anonymous_8)
FNDA:0,(anonymous_9)
FNDA:0,(anonymous_10)
FNDA:0,(anonymous_11)
DA:3,0
DA:4,0
DA:5,0
DA:25,0
DA:30,0
DA:33,0
DA:35,0
DA:36,0
DA:37,0
DA:42,0
DA:53,0
DA:55,0
DA:58,0
DA:67,0
DA:69,0
DA:70,0
DA:72,0
DA:76,0
DA:77,0
DA:78,0
DA:81,0
DA:88,0
DA:90,0
DA:92,0
DA:93,0
DA:94,0
DA:97,0
DA:99,0
DA:100,0
DA:103,0
DA:104,0
DA:106,0
DA:107,0
DA:110,0
DA:112,0
DA:113,0
DA:114,0
DA:116,0
DA:119,0
DA:120,0
DA:125,0
DA:126,0
DA:127,0
DA:130,0
DA:135,0
DA:138,0
DA:139,0
DA:140,0
DA:143,0
DA:149,0
LF:50
LH:0
BRDA:27,0,0,0
BRDA:33,1,0,0
BRDA:36,2,0,0
BRDA:36,3,0,0
BRDA:36,3,1,0
BRDA:36,3,2,0
BRDA:69,4,0,0
BRDA:69,4,1,0
BRDA:76,5,0,0
BRDA:92,6,0,0
BRDA:92,6,1,0
BRDA:97,7,0,0
BRDA:97,8,0,0
BRDA:97,8,1,0
BRDA:99,9,0,0
BRDA:99,9,1,0
BRDA:103,10,0,0
BRDA:103,11,0,0
BRDA:103,11,1,0
BRDA:107,12,0,0
BRDA:107,12,1,0
BRDA:112,13,0,0
BRDA:119,14,0,0
BRF:23
BRH:0
end_of_record
TN:
SF:src/utils/server/appRouterJwtUtils.ts
FN:26,getTokenFromAppRequest
FN:47,withAppRouterJwtAuth
FN:50,(anonymous_5)
FNF:3
FNH:0
FNDA:0,getTokenFromAppRequest
FNDA:0,withAppRouterJwtAuth
FNDA:0,(anonymous_5)
DA:13,0
DA:14,0
DA:26,0
DA:27,0
DA:29,0
DA:30,0
DA:33,0
DA:34,0
DA:47,0
DA:50,0
DA:51,0
DA:53,0
DA:56,0
DA:60,0
DA:61,0
LF:15
LH:0
BRDA:29,0,0,0
BRDA:29,1,0,0
BRDA:29,1,1,0
BRDA:50,2,0,0
BRDA:60,3,0,0
BRDA:60,3,1,0
BRF:6
BRH:0
end_of_record
TN:
SF:src/utils/server/authMiddleware.ts
FN:6,authMiddleware
FN:9,(anonymous_3)
FNF:2
FNH:0
FNDA:0,authMiddleware
FNDA:0,(anonymous_3)
DA:3,0
DA:4,0
DA:6,0
DA:9,0
DA:10,0
DA:11,0
DA:14,0
DA:15,0
DA:16,0
DA:20,0
LF:10
LH:0
BRDA:14,0,0,0
BRDA:14,1,0,0
BRDA:14,1,1,0
BRF:3
BRH:0
end_of_record
TN:
SF:src/utils/server/awsConfig.ts
FNF:0
FNH:0
DA:1,0
DA:3,0
DA:11,0
LF:3
LH:0
BRF:0
BRH:0
end_of_record
TN:
SF:src/utils/server/corsMiddleware.ts
FN:17,runMiddleware
FN:26,(anonymous_10)
FN:27,(anonymous_11)
FN:37,isAllowedOrigin
FN:162,isAllowedDevOrigin
FN:177,isWordPressRequest
FN:185,setCorsHeaders
FN:231,handleCors
FN:291,addCorsHeaders
FN:417,handleCorsOptions
FN:437,createErrorCorsHeaders
FN:462,logCorsConfigOnDeploy
FN:474,(anonymous_21)
FN:484,(anonymous_22)
FNF:14
FNH:0
FNDA:0,runMiddleware
FNDA:0,(anonymous_10)
FNDA:0,(anonymous_11)
FNDA:0,isAllowedOrigin
FNDA:0,isAllowedDevOrigin
FNDA:0,isWordPressRequest
FNDA:0,setCorsHeaders
FNDA:0,handleCors
FNDA:0,addCorsHeaders
FNDA:0,handleCorsOptions
FNDA:0,createErrorCorsHeaders
FNDA:0,logCorsConfigOnDeploy
FNDA:0,(anonymous_21)
FNDA:0,(anonymous_22)
DA:2,0
DA:4,0
DA:5,0
DA:7,0
DA:10,0
DA:17,0
DA:26,0
DA:27,0
DA:28,0
DA:29,0
DA:31,0
DA:38,0
DA:42,0
DA:44,0
DA:46,0
DA:47,0
DA:50,0
DA:51,0
DA:57,0
DA:58,0
DA:59,0
DA:60,0
DA:64,0
DA:66,0
DA:67,0
DA:68,0
DA:69,0
DA:73,0
DA:74,0
DA:75,0
DA:76,0
DA:77,0
DA:80,0
DA:85,0
DA:86,0
DA:87,0
DA:88,0
DA:89,0
DA:92,0
DA:98,0
DA:103,0
DA:104,0
DA:105,0
DA:108,0
DA:113,0
DA:114,0
DA:115,0
DA:118,0
DA:121,0
DA:122,0
DA:123,0
DA:126,0
DA:130,0
DA:131,0
DA:132,0
DA:133,0
DA:134,0
DA:137,0
DA:141,0
DA:142,0
DA:143,0
DA:146,0
DA:152,0
DA:153,0
DA:154,0
DA:156,0
DA:157,0
DA:166,0
DA:169,0
DA:171,0
DA:173,0
DA:178,0
DA:185,0
DA:190,0
DA:191,0
DA:194,0
DA:195,0
DA:196,0
DA:197,0
DA:201,0
DA:202,0
DA:205,0
DA:206,0
DA:207,0
DA:208,0
DA:212,0
DA:213,0
DA:216,0
DA:217,0
DA:218,0
DA:219,0
DA:220,0
DA:221,0
DA:225,0
DA:231,0
DA:232,0
DA:233,0
DA:234,0
DA:236,0
DA:237,0
DA:238,0
DA:245,0
DA:246,0
DA:250,0
DA:251,0
DA:254,0
DA:256,0
DA:259,0
DA:262,0
DA:263,0
DA:264,0
DA:267,0
DA:268,0
DA:272,0
DA:273,0
DA:277,0
DA:278,0
DA:279,0
DA:281,0
DA:284,0
DA:291,0
DA:296,0
DA:297,0
DA:298,0
DA:301,0
DA:303,0
DA:304,0
DA:305,0
DA:309,0
DA:313,0
DA:314,0
DA:318,0
DA:319,0
DA:323,0
DA:326,0
DA:327,0
DA:328,0
DA:332,0
DA:336,0
DA:337,0
DA:340,0
DA:346,0
DA:347,0
DA:348,0
DA:349,0
DA:350,0
DA:352,0
DA:356,0
DA:357,0
DA:362,0
DA:365,0
DA:367,0
DA:368,0
DA:372,0
DA:376,0
DA:379,0
DA:383,0
DA:384,0
DA:385,0
DA:386,0
DA:390,0
DA:394,0
DA:397,0
DA:399,0
DA:400,0
DA:401,0
DA:402,0
DA:403,0
DA:407,0
DA:410,0
DA:413,0
DA:417,0
DA:423,0
DA:424,0
DA:425,0
DA:429,0
DA:430,0
DA:431,0
DA:433,0
DA:437,0
DA:443,0
DA:444,0
DA:445,0
DA:446,0
DA:449,0
DA:462,0
DA:464,0
DA:468,0
DA:472,0
DA:474,0
DA:475,0
DA:477,0
DA:479,0
DA:480,0
DA:481,0
DA:482,0
DA:483,0
DA:484,0
DA:485,0
DA:487,0
DA:490,0
DA:496,0
LF:202
LH:0
BRDA:12,0,0,0
BRDA:12,0,1,0
BRDA:28,1,0,0
BRDA:38,2,0,0
BRDA:42,3,0,0
BRDA:42,3,1,0
BRDA:50,4,0,0
BRDA:57,5,0,0
BRDA:58,6,0,0
BRDA:66,7,0,0
BRDA:67,8,0,0
BRDA:73,9,0,0
BRDA:75,10,0,0
BRDA:76,11,0,0
BRDA:85,12,0,0
BRDA:87,13,0,0
BRDA:88,14,0,0
BRDA:98,15,0,0
BRDA:99,16,0,0
BRDA:99,16,1,0
BRDA:99,16,2,0
BRDA:103,17,0,0
BRDA:103,18,0,0
BRDA:103,18,1,0
BRDA:104,19,0,0
BRDA:113,20,0,0
BRDA:113,21,0,0
BRDA:113,21,1,0
BRDA:114,22,0,0
BRDA:121,23,0,0
BRDA:121,24,0,0
BRDA:121,24,1,0
BRDA:122,25,0,0
BRDA:132,26,0,0
BRDA:133,27,0,0
BRDA:141,28,0,0
BRDA:142,29,0,0
BRDA:152,30,0,0
BRDA:166,31,0,0
BRDA:169,32,0,0
BRDA:169,32,1,0
BRDA:171,33,0,0
BRDA:171,33,1,0
BRDA:173,34,0,0
BRDA:173,34,1,0
BRDA:179,35,0,0
BRDA:179,35,1,0
BRDA:179,35,2,0
BRDA:194,36,0,0
BRDA:195,37,0,0
BRDA:195,37,1,0
BRDA:205,38,0,0
BRDA:206,39,0,0
BRDA:206,39,1,0
BRDA:216,40,0,0
BRDA:217,41,0,0
BRDA:217,41,1,0
BRDA:218,42,0,0
BRDA:236,43,0,0
BRDA:245,44,0,0
BRDA:250,45,0,0
BRDA:254,46,0,0
BRDA:259,47,0,0
BRDA:259,47,1,0
BRDA:262,48,0,0
BRDA:267,49,0,0
BRDA:301,50,0,0
BRDA:303,51,0,0
BRDA:303,52,0,0
BRDA:303,52,1,0
BRDA:303,52,2,0
BRDA:318,53,0,0
BRDA:318,53,1,0
BRDA:319,54,0,0
BRDA:319,54,1,0
BRDA:323,55,0,0
BRDA:323,55,1,0
BRDA:326,56,0,0
BRDA:326,56,1,0
BRDA:365,57,0,0
BRDA:365,58,0,0
BRDA:365,58,1,0
BRDA:383,59,0,0
BRDA:384,60,0,0
BRDA:384,60,1,0
BRDA:392,61,0,0
BRDA:392,61,1,0
BRDA:397,62,0,0
BRDA:399,63,0,0
BRDA:399,63,1,0
BRDA:400,64,0,0
BRDA:400,64,1,0
BRDA:423,65,0,0
BRDA:423,66,0,0
BRDA:423,66,1,0
BRDA:430,67,0,0
BRDA:439,68,0,0
BRDA:443,69,0,0
BRDA:443,69,1,0
BRDA:443,70,0,0
BRDA:443,70,1,0
BRDA:445,71,0,0
BRDA:445,72,0,0
BRDA:445,72,1,0
BRDA:451,73,0,0
BRDA:451,73,1,0
BRDA:452,74,0,0
BRDA:452,74,1,0
BRDA:453,75,0,0
BRDA:453,75,1,0
BRDA:453,75,2,0
BRDA:464,76,0,0
BRDA:465,77,0,0
BRDA:465,77,1,0
BRDA:472,78,0,0
BRDA:472,79,0,0
BRDA:472,79,1,0
BRDA:479,80,0,0
BRDA:483,81,0,0
BRDA:483,81,1,0
BRF:120
BRH:0
end_of_record
TN:
SF:src/utils/server/customPDFLoader.ts
FN:6,(anonymous_6)
FN:15,(anonymous_7)
FN:24,(anonymous_8)
FN:32,(anonymous_9)
FN:50,PDFLoaderImports
FN:53,(anonymous_11)
FNF:6
FNH:0
FNDA:0,(anonymous_6)
FNDA:0,(anonymous_7)
FNDA:0,(anonymous_8)
FNDA:0,(anonymous_9)
FNDA:0,PDFLoaderImports
FNDA:0,(anonymous_11)
DA:1,0
DA:2,0
DA:3,0
DA:5,0
DA:6,0
DA:7,0
DA:18,0
DA:19,0
DA:20,0
DA:22,0
DA:24,0
DA:25,0
DA:27,0
DA:31,0
DA:36,0
DA:37,0
DA:38,0
DA:51,0
DA:53,0
DA:54,0
DA:56,0
DA:57,0
LF:22
LH:0
BRDA:18,0,0,0
BRDA:18,0,1,0
BRF:2
BRH:0
end_of_record
TN:
SF:src/utils/server/firestoreUtils.ts
FN:3,(anonymous_1)
FNF:1
FNH:0
FNDA:0,(anonymous_1)
DA:1,0
DA:3,0
DA:4,0
DA:5,0
LF:4
LH:0
BRF:0
BRH:0
end_of_record
TN:
SF:src/utils/server/genericRateLimiter.ts
FN:20,genericRateLimiter
FN:90,deleteRateLimitCounter
FNF:2
FNH:0
FNDA:0,genericRateLimiter
FNDA:0,deleteRateLimitCounter
DA:1,0
DA:2,0
DA:4,0
DA:5,0
DA:14,0
DA:20,0
DA:27,0
DA:28,0
DA:29,0
DA:32,0
DA:37,0
DA:38,0
DA:40,0
DA:41,0
DA:45,0
DA:46,0
DA:47,0
DA:48,0
DA:52,0
DA:55,0
DA:56,0
DA:57,0
DA:58,0
DA:59,0
DA:60,0
DA:61,0
DA:62,0
DA:63,0
DA:66,0
DA:67,0
DA:70,0
DA:72,0
DA:76,0
DA:81,0
DA:83,0
DA:85,0
DA:86,0
DA:90,0
DA:95,0
DA:96,0
DA:99,0
DA:102,0
DA:103,0
DA:104,0
DA:106,0
DA:107,0
DA:108,0
DA:110,0
DA:111,0
DA:113,0
DA:118,0
LF:51
LH:0
BRDA:15,0,0,0
BRDA:15,0,1,0
BRDA:17,1,0,0
BRDA:17,1,1,0
BRDA:27,2,0,0
BRDA:37,3,0,0
BRDA:37,3,1,0
BRDA:37,3,2,0
BRDA:47,4,0,0
BRDA:56,5,0,0
BRDA:58,6,0,0
BRDA:58,6,1,0
BRDA:59,7,0,0
BRDA:61,8,0,0
BRDA:62,9,0,0
BRDA:62,9,1,0
BRDA:62,10,0,0
BRDA:62,10,1,0
BRDA:66,11,0,0
BRDA:95,12,0,0
BRDA:110,13,0,0
BRDA:110,13,1,0
BRF:22
BRH:0
end_of_record
TN:
SF:src/utils/server/getCommonSiteConfigProps.ts
FN:3,(anonymous_1)
FNF:1
FNH:0
FNDA:0,(anonymous_1)
DA:1,1
DA:3,1
DA:4,0
DA:6,0
DA:7,0
DA:9,0
DA:10,0
DA:13,0
DA:19,0
DA:20,0
LF:10
LH:2
BRDA:4,0,0,0
BRDA:4,0,1,0
BRDA:9,1,0,0
BRF:3
BRH:0
end_of_record
TN:
SF:src/utils/server/ipUtils.ts
FN:5,getClientIp
FNF:1
FNH:0
FNDA:0,getClientIp
DA:3,0
DA:5,0
DA:7,0
DA:8,0
DA:13,0
DA:17,0
DA:18,0
DA:23,0
DA:27,0
DA:29,0
DA:36,0
DA:40,0
DA:41,0
DA:45,0
DA:46,0
DA:49,0
LF:16
LH:0
BRDA:7,0,0,0
BRDA:13,1,0,0
BRDA:13,1,1,0
BRDA:17,2,0,0
BRDA:18,3,0,0
BRDA:18,3,1,0
BRDA:23,4,0,0
BRDA:23,4,1,0
BRDA:27,5,0,0
BRDA:29,6,0,0
BRDA:29,6,1,0
BRDA:36,7,0,0
BRDA:36,7,1,0
BRDA:40,8,0,0
BRDA:41,9,0,0
BRDA:41,9,1,0
BRDA:45,10,0,0
BRDA:46,11,0,0
BRDA:46,11,1,0
BRF:19
BRH:0
end_of_record
TN:
SF:src/utils/server/jwtUtils.ts
FN:41,verifyToken
FN:77,getTokenFromRequest
FN:101,withJwtAuth
FN:108,(anonymous_8)
FN:115,(anonymous_9)
FNF:5
FNH:0
FNDA:0,verifyToken
FNDA:0,getTokenFromRequest
FNDA:0,withJwtAuth
FNDA:0,(anonymous_8)
FNDA:0,(anonymous_9)
DA:15,0
DA:16,0
DA:41,0
DA:42,0
DA:44,0
DA:46,0
DA:47,0
DA:50,0
DA:51,0
DA:54,0
DA:58,0
DA:63,0
DA:77,0
DA:78,0
DA:80,0
DA:81,0
DA:84,0
DA:85,0
DA:101,0
DA:108,0
DA:109,0
DA:111,0
DA:112,0
DA:114,0
DA:115,0
DA:116,0
DA:119,0
DA:123,0
DA:127,0
DA:128,0
LF:30
LH:0
BRDA:46,0,0,0
BRDA:54,1,0,0
BRDA:55,2,0,0
BRDA:55,2,1,0
BRDA:80,3,0,0
BRDA:80,4,0,0
BRDA:80,4,1,0
BRDA:112,5,0,0
BRDA:127,6,0,0
BRDA:127,6,1,0
BRF:10
BRH:0
end_of_record
TN:
SF:src/utils/server/loadEnv.js
FN:5,loadEnv
FNF:1
FNH:0
FNDA:0,loadEnv
DA:1,0
DA:2,0
DA:3,0
DA:5,0
DA:6,0
DA:7,0
DA:9,0
DA:10,0
DA:11,0
DA:12,0
DA:14,0
DA:15,0
LF:12
LH:0
BRDA:6,0,0,0
BRDA:6,0,1,0
BRF:2
BRH:0
end_of_record
TN:
SF:src/utils/server/loadSiteConfig.ts
FN:10,parseSiteConfig
FN:45,loadSiteConfig
FN:57,loadSiteConfigSync
FNF:3
FNH:0
FNDA:0,parseSiteConfig
FNDA:0,loadSiteConfig
FNDA:0,loadSiteConfigSync
DA:11,0
DA:13,0
DA:14,0
DA:17,0
DA:18,0
DA:19,0
DA:20,0
DA:24,0
DA:35,0
DA:36,0
DA:45,0
DA:48,0
DA:49,0
DA:57,0
DA:58,0
DA:59,0
LF:16
LH:0
BRDA:10,0,0,0
BRDA:13,1,0,0
BRDA:13,1,1,0
BRDA:17,2,0,0
BRDA:27,3,0,0
BRDA:27,3,1,0
BRDA:28,4,0,0
BRDA:28,4,1,0
BRDA:29,5,0,0
BRDA:29,5,1,0
BRDA:30,6,0,0
BRDA:30,6,1,0
BRDA:31,7,0,0
BRDA:31,7,1,0
BRDA:32,8,0,0
BRDA:32,8,1,0
BRDA:48,9,0,0
BRDA:48,9,1,0
BRDA:48,9,2,0
BRDA:58,10,0,0
BRDA:58,10,1,0
BRDA:58,10,2,0
BRF:22
BRH:0
end_of_record
TN:
SF:src/utils/server/makechain.ts
FN:84,loadTextFile
FN:96,streamToString
FN:97,(anonymous_7)
FN:99,(anonymous_8)
FN:101,(anonymous_9)
FN:106,loadTextFileFromS3
FN:131,processTemplate
FN:161,substituteVariables
FN:167,(anonymous_13)
FN:173,loadSiteConfig
FN:193,processSiteConfig
FN:211,(anonymous_16)
FN:266,(anonymous_17)
FN:267,(anonymous_18)
FN:278,(anonymous_19)
FN:287,(anonymous_20)
FN:290,(anonymous_21)
FN:301,retrieveDocumentsByLibrary
FN:331,(anonymous_23)
FN:380,(anonymous_24)
FN:400,(anonymous_25)
FN:415,(anonymous_26)
FN:426,(anonymous_27)
FN:427,(anonymous_28)
FN:451,(anonymous_29)
FN:457,(anonymous_30)
FN:478,(anonymous_31)
FN:497,(anonymous_32)
FN:518,(anonymous_33)
FN:522,(anonymous_34)
FN:526,(anonymous_35)
FN:530,(anonymous_36)
FN:543,(anonymous_37)
FN:588,(anonymous_38)
FN:589,(anonymous_39)
FN:592,(anonymous_40)
FN:607,(anonymous_41)
FN:646,setupAndExecuteLanguageModelChain
FN:706,(anonymous_43)
FNF:39
FNH:0
FNDA:0,loadTextFile
FNDA:0,streamToString
FNDA:0,(anonymous_7)
FNDA:0,(anonymous_8)
FNDA:0,(anonymous_9)
FNDA:0,loadTextFileFromS3
FNDA:0,processTemplate
FNDA:0,substituteVariables
FNDA:0,(anonymous_13)
FNDA:0,loadSiteConfig
FNDA:0,processSiteConfig
FNDA:0,(anonymous_16)
FNDA:0,(anonymous_17)
FNDA:0,(anonymous_18)
FNDA:0,(anonymous_19)
FNDA:0,(anonymous_20)
FNDA:0,(anonymous_21)
FNDA:0,retrieveDocumentsByLibrary
FNDA:0,(anonymous_23)
FNDA:0,(anonymous_24)
FNDA:0,(anonymous_25)
FNDA:0,(anonymous_26)
FNDA:0,(anonymous_27)
FNDA:0,(anonymous_28)
FNDA:0,(anonymous_29)
FNDA:0,(anonymous_30)
FNDA:0,(anonymous_31)
FNDA:0,(anonymous_32)
FNDA:0,(anonymous_33)
FNDA:0,(anonymous_34)
FNDA:0,(anonymous_35)
FNDA:0,(anonymous_36)
FNDA:0,(anonymous_37)
FNDA:0,(anonymous_38)
FNDA:0,(anonymous_39)
FNDA:0,(anonymous_40)
FNDA:0,(anonymous_41)
FNDA:0,setupAndExecuteLanguageModelChain
FNDA:0,(anonymous_43)
DA:29,0
DA:30,0
DA:34,0
DA:35,0
DA:38,0
DA:39,0
DA:41,0
DA:47,0
DA:50,0
DA:85,0
DA:86,0
DA:88,0
DA:91,0
DA:97,0
DA:98,0
DA:99,0
DA:100,0
DA:101,0
DA:110,0
DA:111,0
DA:118,0
DA:119,0
DA:122,0
DA:124,0
DA:125,0
DA:136,0
DA:137,0
DA:138,0
DA:140,0
DA:141,0
DA:145,0
DA:146,0
DA:147,0
DA:151,0
DA:154,0
DA:157,0
DA:165,0
DA:167,0
DA:175,0
DA:177,0
DA:179,0
DA:180,0
DA:181,0
DA:183,0
DA:186,0
DA:187,0
DA:188,0
DA:197,0
DA:202,0
DA:203,0
DA:206,0
DA:211,0
DA:213,0
DA:215,0
DA:216,0
DA:219,0
DA:222,0
DA:223,0
DA:224,0
DA:225,0
DA:229,0
DA:234,0
DA:266,0
DA:267,0
DA:273,0
DA:278,0
DA:282,0
DA:283,0
DA:286,0
DA:287,0
DA:290,0
DA:308,0
DA:311,0
DA:313,0
DA:317,0
DA:320,0
DA:326,0
DA:331,0
DA:343,0
DA:344,0
DA:345,0
DA:347,0
DA:354,0
DA:356,0
DA:358,0
DA:365,0
DA:371,0
DA:372,0
DA:376,0
DA:377,0
DA:378,0
DA:380,0
DA:382,0
DA:389,0
DA:396,0
DA:399,0
DA:401,0
DA:402,0
DA:405,0
DA:406,0
DA:411,0
DA:414,0
DA:415,0
DA:418,0
DA:421,0
DA:425,0
DA:426,0
DA:428,0
DA:429,0
DA:438,0
DA:439,0
DA:440,0
DA:444,0
DA:448,0
DA:451,0
DA:452,0
DA:457,0
DA:462,0
DA:463,0
DA:467,0
DA:470,0
DA:475,0
DA:478,0
DA:479,0
DA:480,0
DA:486,0
DA:487,0
DA:489,0
DA:490,0
DA:492,0
DA:495,0
DA:498,0
DA:499,0
DA:501,0
DA:510,0
DA:521,0
DA:525,0
DA:529,0
DA:533,0
DA:541,0
DA:545,0
DA:550,0
DA:551,0
DA:552,0
DA:555,0
DA:558,0
DA:559,0
DA:560,0
DA:564,0
DA:569,0
DA:572,0
DA:575,0
DA:576,0
DA:579,0
DA:584,0
DA:586,0
DA:588,0
DA:589,0
DA:593,0
DA:594,0
DA:598,0
DA:602,0
DA:607,0
DA:616,0
DA:617,0
DA:638,0
DA:640,0
DA:641,0
DA:646,0
DA:656,0
DA:657,0
DA:658,0
DA:659,0
DA:660,0
DA:663,0
DA:664,0
DA:666,0
DA:667,0
DA:668,0
DA:670,0
DA:673,0
DA:677,0
DA:678,0
DA:687,0
DA:690,0
DA:692,0
DA:693,0
DA:696,0
DA:697,0
DA:707,0
DA:708,0
DA:709,0
DA:713,0
DA:720,0
DA:722,0
DA:730,0
DA:732,0
DA:734,0
DA:735,0
LF:199
LH:0
BRDA:51,0,0,0
BRDA:51,0,1,0
BRDA:118,1,0,0
BRDA:136,2,0,0
BRDA:136,2,1,0
BRDA:137,3,0,0
BRDA:138,4,0,0
BRDA:138,4,1,0
BRDA:140,5,0,0
BRDA:167,6,0,0
BRDA:167,6,1,0
BRDA:175,7,0,0
BRDA:175,7,1,0
BRDA:213,8,0,0
BRDA:213,8,1,0
BRDA:219,9,0,0
BRDA:219,9,1,0
BRDA:222,10,0,0
BRDA:282,11,0,0
BRDA:282,12,0,0
BRDA:282,12,1,0
BRDA:287,13,0,0
BRDA:287,13,1,0
BRDA:293,14,0,0
BRDA:293,14,1,0
BRDA:311,15,0,0
BRDA:311,15,1,0
BRDA:334,16,0,0
BRDA:338,17,0,0
BRDA:343,18,0,0
BRDA:343,18,1,0
BRDA:354,19,0,0
BRDA:354,19,1,0
BRDA:372,20,0,0
BRDA:372,20,1,0
BRDA:405,21,0,0
BRDA:405,21,1,0
BRDA:405,22,0,0
BRDA:405,22,1,0
BRDA:415,23,0,0
BRDA:415,23,1,0
BRDA:418,24,0,0
BRDA:418,24,1,0
BRDA:438,25,0,0
BRDA:462,26,0,0
BRDA:462,26,1,0
BRDA:479,27,0,0
BRDA:479,27,1,0
BRDA:486,28,0,0
BRDA:489,29,0,0
BRDA:498,30,0,0
BRDA:551,31,0,0
BRDA:558,32,0,0
BRDA:593,33,0,0
BRDA:595,34,0,0
BRDA:595,34,1,0
BRDA:611,35,0,0
BRDA:651,36,0,0
BRDA:657,37,0,0
BRDA:657,37,1,0
BRDA:658,38,0,0
BRDA:658,38,1,0
BRDA:663,39,0,0
BRDA:664,40,0,0
BRDA:664,40,1,0
BRDA:666,41,0,0
BRDA:707,42,0,0
BRDA:707,42,1,0
BRF:68
BRH:0
end_of_record
TN:
SF:src/utils/server/pagesCorsUtils.ts
FN:30,isOriginAllowed
FN:56,addPagesCorsHeaders
FN:101,handlePagesCorsOptions
FN:165,withPagesCors
FN:168,(anonymous_5)
FNF:5
FNH:0
FNDA:0,isOriginAllowed
FNDA:0,addPagesCorsHeaders
FNDA:0,handlePagesCorsOptions
FNDA:0,withPagesCors
FNDA:0,(anonymous_5)
DA:15,0
DA:18,0
DA:31,0
DA:34,0
DA:36,0
DA:40,0
DA:43,0
DA:44,0
DA:49,0
DA:57,0
DA:60,0
DA:61,0
DA:62,0
DA:65,0
DA:66,0
DA:67,0
DA:70,0
DA:71,0
DA:75,0
DA:77,0
DA:78,0
DA:79,0
DA:83,0
DA:85,0
DA:88,0
DA:89,0
DA:90,0
DA:105,0
DA:107,0
DA:110,0
DA:111,0
DA:112,0
DA:113,0
DA:114,0
DA:118,0
DA:120,0
DA:121,0
DA:124,0
DA:125,0
DA:129,0
DA:130,0
DA:131,0
DA:132,0
DA:133,0
DA:137,0
DA:139,0
DA:140,0
DA:144,0
DA:145,0
DA:149,0
DA:150,0
DA:151,0
DA:155,0
DA:156,0
DA:159,0
DA:165,0
DA:168,0
DA:171,0
DA:174,0
DA:175,0
DA:179,0
LF:61
LH:0
BRDA:31,0,0,0
BRDA:34,1,0,0
BRDA:36,2,0,0
BRDA:37,3,0,0
BRDA:37,3,1,0
BRDA:43,4,0,0
BRDA:60,5,0,0
BRDA:61,6,0,0
BRDA:61,6,1,0
BRDA:65,7,0,0
BRDA:65,7,1,0
BRDA:65,8,0,0
BRDA:65,8,1,0
BRDA:75,9,0,0
BRDA:75,9,1,0
BRDA:75,10,0,0
BRDA:75,10,1,0
BRDA:83,11,0,0
BRDA:83,12,0,0
BRDA:83,12,1,0
BRDA:105,13,0,0
BRDA:110,14,0,0
BRDA:111,15,0,0
BRDA:111,15,1,0
BRDA:120,16,0,0
BRDA:129,17,0,0
BRDA:129,17,1,0
BRDA:129,18,0,0
BRDA:129,18,1,0
BRDA:144,19,0,0
BRDA:149,20,0,0
BRDA:149,20,1,0
BRDA:174,21,0,0
BRF:33
BRH:0
end_of_record
TN:
SF:src/utils/server/passwordUtils.ts
FN:1,getLastPasswordChangeTimestamp
FN:5,isTokenValid
FNF:2
FNH:0
FNDA:0,getLastPasswordChangeTimestamp
FNDA:0,isTokenValid
DA:1,0
DA:2,0
DA:3,0
DA:5,0
DA:6,0
DA:7,0
DA:8,0
DA:12,0
DA:16,0
LF:9
LH:0
BRDA:3,0,0,0
BRDA:3,0,1,0
BRDA:12,1,0,0
BRDA:12,1,1,0
BRF:4
BRH:0
end_of_record
TN:
SF:src/utils/server/pinecone-client.ts
FN:13,initPinecone
FN:29,(anonymous_4)
FN:51,(anonymous_5)
FNF:3
FNH:0
FNDA:0,initPinecone
FNDA:0,(anonymous_4)
FNDA:0,(anonymous_5)
DA:1,0
DA:7,0
DA:11,0
DA:14,0
DA:15,0
DA:17,0
DA:18,0
DA:22,0
DA:24,0
DA:25,0
DA:29,0
DA:30,0
DA:31,0
DA:32,0
DA:33,0
DA:34,0
DA:35,0
DA:36,0
DA:39,0
DA:40,0
DA:43,0
DA:51,0
DA:52,0
DA:53,0
DA:57,0
DA:58,0
DA:59,0
DA:63,0
DA:64,0
DA:67,0
DA:69,0
LF:31
LH:0
BRDA:14,0,0,0
BRDA:30,1,0,0
BRDA:35,2,0,0
BRDA:52,3,0,0
BRDA:57,4,0,0
BRF:5
BRH:0
end_of_record
TN:
SF:src/utils/server/redisUtils.ts
FN:8,initializeRedis
FN:25,getFromCache
FN:48,setInCache
FN:63,deleteFromCache
FNF:4
FNH:0
FNDA:0,initializeRedis
FNDA:0,getFromCache
FNDA:0,setInCache
FNDA:0,deleteFromCache
DA:1,0
DA:2,0
DA:4,0
DA:6,0
DA:8,0
DA:9,0
DA:10,0
DA:11,0
DA:16,0
DA:18,0
DA:19,0
DA:22,0
DA:25,0
DA:26,0
DA:27,0
DA:29,0
DA:30,0
DA:31,0
DA:33,0
DA:34,0
DA:36,0
DA:38,0
DA:40,0
DA:43,0
DA:44,0
DA:48,0
DA:53,0
DA:54,0
DA:56,0
DA:57,0
DA:59,0
DA:63,0
DA:64,0
DA:65,0
DA:67,0
DA:68,0
DA:70,0
LF:37
LH:0
BRDA:6,0,0,0
BRDA:6,0,1,0
BRDA:9,1,0,0
BRDA:27,2,0,0
BRDA:31,3,0,0
BRDA:36,4,0,0
BRDA:51,5,0,0
BRDA:54,6,0,0
BRDA:65,7,0,0
BRF:9
BRH:0
end_of_record
TN:
SF:src/utils/server/relatedQuestionsUtils.ts
FN:60,performFirestoreOperation
FN:67,(anonymous_8)
FN:68,(anonymous_9)
FN:117,initializeClients
FN:179,getPineconeIndexName
FN:197,getPineconeIndex
FN:215,(anonymous_13)
FN:248,(anonymous_14)
FN:282,checkDbAvailable
FN:297,getBatchEmbeddings
FN:303,(anonymous_17)
FN:311,(anonymous_18)
FN:320,(anonymous_19)
FN:334,getEmbedding
FN:371,upsertEmbeddings
FN:390,(anonymous_22)
FN:411,(anonymous_23)
FN:486,(anonymous_24)
FN:521,getRelatedQuestions
FN:550,(anonymous_26)
FN:551,(anonymous_27)
FN:580,getQuestionsBatch
FN:597,(anonymous_29)
FN:619,(anonymous_30)
FN:626,(anonymous_31)
FN:650,findRelatedQuestionsPinecone
FN:711,(anonymous_33)
FN:719,(anonymous_34)
FN:770,(anonymous_35)
FN:838,(anonymous_36)
FN:862,findRelatedQuestionsPineconeWithEmbedding
FN:937,(anonymous_38)
FN:995,(anonymous_39)
FN:1060,(anonymous_40)
FN:1077,updateRelatedQuestionsBatch
FN:1118,(anonymous_42)
FN:1152,(anonymous_43)
FN:1175,(anonymous_44)
FN:1210,(anonymous_45)
FN:1242,(anonymous_46)
FN:1243,(anonymous_47)
FN:1260,(anonymous_48)
FN:1315,(anonymous_49)
FN:1332,(anonymous_50)
FN:1356,(anonymous_51)
FN:1381,(anonymous_52)
FN:1414,updateRelatedQuestions
FN:1443,(anonymous_54)
FN:1507,(anonymous_55)
FNF:49
FNH:0
FNDA:0,performFirestoreOperation
FNDA:0,(anonymous_8)
FNDA:0,(anonymous_9)
FNDA:0,initializeClients
FNDA:0,getPineconeIndexName
FNDA:0,getPineconeIndex
FNDA:0,(anonymous_13)
FNDA:0,(anonymous_14)
FNDA:0,checkDbAvailable
FNDA:0,getBatchEmbeddings
FNDA:0,(anonymous_17)
FNDA:0,(anonymous_18)
FNDA:0,(anonymous_19)
FNDA:0,getEmbedding
FNDA:0,upsertEmbeddings
FNDA:0,(anonymous_22)
FNDA:0,(anonymous_23)
FNDA:0,(anonymous_24)
FNDA:0,getRelatedQuestions
FNDA:0,(anonymous_26)
FNDA:0,(anonymous_27)
FNDA:0,getQuestionsBatch
FNDA:0,(anonymous_29)
FNDA:0,(anonymous_30)
FNDA:0,(anonymous_31)
FNDA:0,findRelatedQuestionsPinecone
FNDA:0,(anonymous_33)
FNDA:0,(anonymous_34)
FNDA:0,(anonymous_35)
FNDA:0,(anonymous_36)
FNDA:0,findRelatedQuestionsPineconeWithEmbedding
FNDA:0,(anonymous_38)
FNDA:0,(anonymous_39)
FNDA:0,(anonymous_40)
FNDA:0,updateRelatedQuestionsBatch
FNDA:0,(anonymous_42)
FNDA:0,(anonymous_43)
FNDA:0,(anonymous_44)
FNDA:0,(anonymous_45)
FNDA:0,(anonymous_46)
FNDA:0,(anonymous_47)
FNDA:0,(anonymous_48)
FNDA:0,(anonymous_49)
FNDA:0,(anonymous_50)
FNDA:0,(anonymous_51)
FNDA:0,(anonymous_52)
FNDA:0,updateRelatedQuestions
FNDA:0,(anonymous_54)
FNDA:0,(anonymous_55)
DA:25,0
DA:26,0
DA:27,0
DA:28,0
DA:29,0
DA:30,0
DA:31,0
DA:32,0
DA:39,0
DA:42,0
DA:43,0
DA:45,0
DA:48,0
DA:51,0
DA:65,0
DA:67,0
DA:68,0
DA:69,0
DA:78,0
DA:79,0
DA:82,0
DA:83,0
DA:85,0
DA:94,0
DA:98,0
DA:107,0
DA:119,0
DA:121,0
DA:123,0
DA:125,0
DA:127,0
DA:128,0
DA:129,0
DA:132,0
DA:133,0
DA:136,0
DA:142,0
DA:143,0
DA:147,0
DA:148,0
DA:152,0
DA:153,0
DA:155,0
DA:158,0
DA:160,0
DA:161,0
DA:162,0
DA:163,0
DA:165,0
DA:168,0
DA:180,0
DA:182,0
DA:187,0
DA:188,0
DA:199,0
DA:200,0
DA:202,0
DA:204,0
DA:205,0
DA:209,0
DA:211,0
DA:213,0
DA:214,0
DA:215,0
DA:219,0
DA:221,0
DA:223,0
DA:226,0
DA:240,0
DA:241,0
DA:242,0
DA:244,0
DA:248,0
DA:249,0
DA:253,0
DA:254,0
DA:261,0
DA:262,0
DA:265,0
DA:270,0
DA:271,0
DA:272,0
DA:283,0
DA:284,0
DA:299,0
DA:300,0
DA:303,0
DA:304,0
DA:305,0
DA:306,0
DA:309,0
DA:311,0
DA:314,0
DA:320,0
DA:322,0
DA:323,0
DA:336,0
DA:337,0
DA:340,0
DA:341,0
DA:342,0
DA:344,0
DA:346,0
DA:348,0
DA:353,0
DA:355,0
DA:357,0
DA:371,0
DA:376,0
DA:377,0
DA:378,0
DA:381,0
DA:382,0
DA:383,0
DA:389,0
DA:390,0
DA:393,0
DA:394,0
DA:395,0
DA:398,0
DA:401,0
DA:403,0
DA:404,0
DA:408,0
DA:411,0
DA:413,0
DA:415,0
DA:416,0
DA:423,0
DA:424,0
DA:425,0
DA:426,0
DA:429,0
DA:431,0
DA:444,0
DA:445,0
DA:446,0
DA:450,0
DA:451,0
DA:452,0
DA:454,0
DA:455,0
DA:458,0
DA:459,0
DA:460,0
DA:462,0
DA:463,0
DA:464,0
DA:465,0
DA:466,0
DA:469,0
DA:470,0
DA:474,0
DA:482,0
DA:483,0
DA:486,0
DA:487,0
DA:489,0
DA:491,0
DA:495,0
DA:500,0
DA:501,0
DA:508,0
DA:509,0
DA:521,0
DA:525,0
DA:527,0
DA:528,0
DA:531,0
DA:532,0
DA:536,0
DA:539,0
DA:541,0
DA:542,0
DA:543,0
DA:548,0
DA:549,0
DA:550,0
DA:551,0
DA:554,0
DA:555,0
DA:558,0
DA:560,0
DA:561,0
DA:564,0
DA:568,0
DA:584,0
DA:586,0
DA:588,0
DA:594,0
DA:596,0
DA:598,0
DA:604,0
DA:605,0
DA:610,0
DA:615,0
DA:618,0
DA:619,0
DA:625,0
DA:627,0
DA:632,0
DA:634,0
DA:635,0
DA:650,0
DA:656,0
DA:657,0
DA:658,0
DA:660,0
DA:661,0
DA:662,0
DA:668,0
DA:669,0
DA:670,0
DA:671,0
DA:674,0
DA:675,0
DA:676,0
DA:677,0
DA:680,0
DA:683,0
DA:687,0
DA:690,0
DA:692,0
DA:693,0
DA:695,0
DA:696,0
DA:697,0
DA:698,0
DA:699,0
DA:703,0
DA:704,0
DA:707,0
DA:708,0
DA:711,0
DA:712,0
DA:715,0
DA:716,0
DA:719,0
DA:720,0
DA:726,0
DA:727,0
DA:733,0
DA:742,0
DA:743,0
DA:745,0
DA:747,0
DA:748,0
DA:749,0
DA:750,0
DA:751,0
DA:753,0
DA:754,0
DA:758,0
DA:766,0
DA:767,0
DA:770,0
DA:771,0
DA:773,0
DA:777,0
DA:782,0
DA:783,0
DA:788,0
DA:791,0
DA:792,0
DA:794,0
DA:795,0
DA:798,0
DA:806,0
DA:808,0
DA:809,0
DA:811,0
DA:816,0
DA:823,0
DA:824,0
DA:829,0
DA:838,0
DA:839,0
DA:841,0
DA:845,0
DA:869,0
DA:870,0
DA:874,0
DA:875,0
DA:876,0
DA:882,0
DA:883,0
DA:886,0
DA:887,0
DA:890,0
DA:893,0
DA:895,0
DA:898,0
DA:899,0
DA:900,0
DA:902,0
DA:903,0
DA:904,0
DA:905,0
DA:906,0
DA:910,0
DA:912,0
DA:916,0
DA:917,0
DA:920,0
DA:921,0
DA:925,0
DA:933,0
DA:934,0
DA:937,0
DA:938,0
DA:940,0
DA:942,0
DA:945,0
DA:950,0
DA:951,0
DA:957,0
DA:966,0
DA:967,0
DA:969,0
DA:971,0
DA:972,0
DA:973,0
DA:974,0
DA:975,0
DA:978,0
DA:979,0
DA:983,0
DA:991,0
DA:992,0
DA:995,0
DA:996,0
DA:998,0
DA:1002,0
DA:1007,0
DA:1008,0
DA:1013,0
DA:1016,0
DA:1017,0
DA:1019,0
DA:1020,0
DA:1022,0
DA:1029,0
DA:1030,0
DA:1031,0
DA:1032,0
DA:1033,0
DA:1038,0
DA:1044,0
DA:1045,0
DA:1050,0
DA:1060,0
DA:1061,0
DA:1063,0
DA:1067,0
DA:1077,0
DA:1081,0
DA:1082,0
DA:1083,0
DA:1085,0
DA:1089,0
DA:1093,0
DA:1094,0
DA:1097,0
DA:1100,0
DA:1102,0
DA:1103,0
DA:1104,0
DA:1107,0
DA:1110,0
DA:1111,0
DA:1114,0
DA:1115,0
DA:1117,0
DA:1118,0
DA:1123,0
DA:1127,0
DA:1130,0
DA:1135,0
DA:1136,0
DA:1138,0
DA:1139,0
DA:1144,0
DA:1145,0
DA:1148,0
DA:1149,0
DA:1151,0
DA:1152,0
DA:1158,0
DA:1160,0
DA:1161,0
DA:1163,0
DA:1165,0
DA:1168,0
DA:1173,0
DA:1174,0
DA:1175,0
DA:1176,0
DA:1179,0
DA:1180,0
DA:1185,0
DA:1189,0
DA:1193,0
DA:1195,0
DA:1197,0
DA:1201,0
DA:1205,0
DA:1206,0
DA:1210,0
DA:1217,0
DA:1220,0
DA:1226,0
DA:1230,0
DA:1237,0
DA:1242,0
DA:1245,0
DA:1249,0
DA:1254,0
DA:1257,0
DA:1258,0
DA:1260,0
DA:1261,0
DA:1263,0
DA:1265,0
DA:1266,0
DA:1268,0
DA:1269,0
DA:1273,0
DA:1276,0
DA:1278,0
DA:1280,0
DA:1283,0
DA:1287,0
DA:1288,0
DA:1294,0
DA:1295,0
DA:1299,0
DA:1304,0
DA:1307,0
DA:1308,0
DA:1310,0
DA:1311,0
DA:1312,0
DA:1314,0
DA:1315,0
DA:1316,0
DA:1317,0
DA:1320,0
DA:1321,0
DA:1322,0
DA:1325,0
DA:1326,0
DA:1327,0
DA:1329,0
DA:1330,0
DA:1331,0
DA:1332,0
DA:1336,0
DA:1337,0
DA:1338,0
DA:1339,0
DA:1341,0
DA:1346,0
DA:1347,0
DA:1353,0
DA:1356,0
DA:1357,0
DA:1359,0
DA:1362,0
DA:1366,0
DA:1371,0
DA:1372,0
DA:1379,0
DA:1380,0
DA:1382,0
DA:1389,0
DA:1398,0
DA:1414,0
DA:1418,0
DA:1419,0
DA:1420,0
DA:1422,0
DA:1427,0
DA:1431,0
DA:1432,0
DA:1439,0
DA:1440,0
DA:1442,0
DA:1443,0
DA:1449,0
DA:1450,0
DA:1452,0
DA:1454,0
DA:1455,0
DA:1457,0
DA:1459,0
DA:1461,0
DA:1465,0
DA:1470,0
DA:1472,0
DA:1473,0
DA:1483,0
DA:1485,0
DA:1490,0
DA:1497,0
DA:1504,0
DA:1506,0
DA:1508,0
DA:1516,0
DA:1517,0
DA:1523,0
LF:510
LH:0
BRDA:82,0,0,0
BRDA:82,0,1,0
BRDA:83,1,0,0
BRDA:83,1,1,0
BRDA:94,2,0,0
BRDA:95,3,0,0
BRDA:95,3,1,0
BRDA:119,4,0,0
BRDA:119,5,0,0
BRDA:119,5,1,0
BRDA:119,5,2,0
BRDA:121,6,0,0
BRDA:132,7,0,0
BRDA:132,8,0,0
BRDA:132,8,1,0
BRDA:132,8,2,0
BRDA:142,9,0,0
BRDA:147,10,0,0
BRDA:147,10,1,0
BRDA:153,11,0,0
BRDA:199,12,0,0
BRDA:204,13,0,0
BRDA:204,14,0,0
BRDA:204,14,1,0
BRDA:219,15,0,0
BRDA:221,16,0,0
BRDA:221,16,1,0
BRDA:223,17,0,0
BRDA:223,17,1,0
BRDA:245,18,0,0
BRDA:245,18,1,0
BRDA:253,19,0,0
BRDA:283,20,0,0
BRDA:300,21,0,0
BRDA:303,22,0,0
BRDA:303,22,1,0
BRDA:304,23,0,0
BRDA:337,24,0,0
BRDA:340,25,0,0
BRDA:340,26,0,0
BRDA:340,26,1,0
BRDA:377,27,0,0
BRDA:377,28,0,0
BRDA:377,28,1,0
BRDA:382,29,0,0
BRDA:390,30,0,0
BRDA:390,30,1,0
BRDA:390,30,2,0
BRDA:393,31,0,0
BRDA:401,32,0,0
BRDA:401,32,1,0
BRDA:403,33,0,0
BRDA:415,34,0,0
BRDA:429,35,0,0
BRDA:429,36,0,0
BRDA:429,36,1,0
BRDA:444,37,0,0
BRDA:469,38,0,0
BRDA:469,38,1,0
BRDA:470,39,0,0
BRDA:470,39,1,0
BRDA:471,40,0,0
BRDA:471,40,1,0
BRDA:474,41,0,0
BRDA:474,41,1,0
BRDA:474,41,2,0
BRDA:474,41,3,0
BRDA:474,41,4,0
BRDA:474,41,5,0
BRDA:474,41,6,0
BRDA:482,42,0,0
BRDA:482,42,1,0
BRDA:482,43,0,0
BRDA:482,43,1,0
BRDA:500,44,0,0
BRDA:531,45,0,0
BRDA:541,46,0,0
BRDA:548,47,0,0
BRDA:548,47,1,0
BRDA:554,48,0,0
BRDA:594,49,0,0
BRDA:604,50,0,0
BRDA:604,50,1,0
BRDA:621,51,0,0
BRDA:621,51,1,0
BRDA:653,52,0,0
BRDA:657,53,0,0
BRDA:661,54,0,0
BRDA:676,55,0,0
BRDA:699,56,0,0
BRDA:700,57,0,0
BRDA:700,57,1,0
BRDA:707,58,0,0
BRDA:715,59,0,0
BRDA:726,60,0,0
BRDA:753,61,0,0
BRDA:753,61,1,0
BRDA:754,62,0,0
BRDA:754,62,1,0
BRDA:755,63,0,0
BRDA:755,63,1,0
BRDA:758,64,0,0
BRDA:758,64,1,0
BRDA:758,64,2,0
BRDA:758,64,3,0
BRDA:758,64,4,0
BRDA:758,64,5,0
BRDA:758,64,6,0
BRDA:766,65,0,0
BRDA:766,65,1,0
BRDA:766,66,0,0
BRDA:766,66,1,0
BRDA:782,67,0,0
BRDA:782,68,0,0
BRDA:782,68,1,0
BRDA:788,69,0,0
BRDA:788,69,1,0
BRDA:798,70,0,0
BRDA:799,71,0,0
BRDA:799,71,1,0
BRDA:799,71,2,0
BRDA:799,71,3,0
BRDA:799,71,4,0
BRDA:799,71,5,0
BRDA:806,72,0,0
BRDA:806,72,1,0
BRDA:809,73,0,0
BRDA:865,74,0,0
BRDA:869,75,0,0
BRDA:875,76,0,0
BRDA:886,77,0,0
BRDA:886,78,0,0
BRDA:886,78,1,0
BRDA:906,79,0,0
BRDA:906,79,1,0
BRDA:907,80,0,0
BRDA:907,80,1,0
BRDA:920,81,0,0
BRDA:920,81,1,0
BRDA:921,82,0,0
BRDA:921,82,1,0
BRDA:922,83,0,0
BRDA:922,83,1,0
BRDA:925,84,0,0
BRDA:925,84,1,0
BRDA:925,84,2,0
BRDA:925,84,3,0
BRDA:925,84,4,0
BRDA:925,84,5,0
BRDA:925,84,6,0
BRDA:933,85,0,0
BRDA:933,85,1,0
BRDA:933,86,0,0
BRDA:933,86,1,0
BRDA:950,87,0,0
BRDA:978,88,0,0
BRDA:978,88,1,0
BRDA:979,89,0,0
BRDA:979,89,1,0
BRDA:980,90,0,0
BRDA:980,90,1,0
BRDA:983,91,0,0
BRDA:983,91,1,0
BRDA:983,91,2,0
BRDA:983,91,3,0
BRDA:983,91,4,0
BRDA:983,91,5,0
BRDA:983,91,6,0
BRDA:991,92,0,0
BRDA:991,92,1,0
BRDA:991,93,0,0
BRDA:991,93,1,0
BRDA:1007,94,0,0
BRDA:1007,95,0,0
BRDA:1007,95,1,0
BRDA:1013,96,0,0
BRDA:1013,96,1,0
BRDA:1022,97,0,0
BRDA:1023,98,0,0
BRDA:1023,98,1,0
BRDA:1023,98,2,0
BRDA:1023,98,3,0
BRDA:1023,98,4,0
BRDA:1029,99,0,0
BRDA:1029,100,0,0
BRDA:1029,100,1,0
BRDA:1030,101,0,0
BRDA:1030,101,1,0
BRDA:1032,102,0,0
BRDA:1093,103,0,0
BRDA:1103,104,0,0
BRDA:1123,105,0,0
BRDA:1123,105,1,0
BRDA:1144,106,0,0
BRDA:1144,106,1,0
BRDA:1144,107,0,0
BRDA:1144,107,1,0
BRDA:1163,108,0,0
BRDA:1163,109,0,0
BRDA:1163,109,1,0
BRDA:1175,110,0,0
BRDA:1175,110,1,0
BRDA:1179,111,0,0
BRDA:1220,112,0,0
BRDA:1221,113,0,0
BRDA:1221,113,1,0
BRDA:1221,113,2,0
BRDA:1221,113,3,0
BRDA:1227,114,0,0
BRDA:1227,114,1,0
BRDA:1232,115,0,0
BRDA:1232,115,1,0
BRDA:1263,116,0,0
BRDA:1263,116,1,0
BRDA:1266,117,0,0
BRDA:1266,117,1,0
BRDA:1268,118,0,0
BRDA:1268,118,1,0
BRDA:1278,119,0,0
BRDA:1278,119,1,0
BRDA:1278,120,0,0
BRDA:1278,120,1,0
BRDA:1284,121,0,0
BRDA:1284,121,1,0
BRDA:1287,122,0,0
BRDA:1294,123,0,0
BRDA:1294,123,1,0
BRDA:1312,124,0,0
BRDA:1346,125,0,0
BRDA:1346,125,1,0
BRDA:1347,126,0,0
BRDA:1347,126,1,0
BRDA:1348,127,0,0
BRDA:1348,127,1,0
BRDA:1348,127,2,0
BRDA:1348,127,3,0
BRDA:1371,128,0,0
BRDA:1371,128,1,0
BRDA:1431,129,0,0
BRDA:1449,130,0,0
BRDA:1454,131,0,0
BRDA:1454,132,0,0
BRDA:1454,132,1,0
BRDA:1459,133,0,0
BRDA:1459,133,1,0
BRF:245
BRH:0
end_of_record
TN:
SF:src/utils/server/sudoCookieUtils.ts
FN:14,encrypt
FN:22,decrypt
FN:37,setSudoCookie
FN:78,getSudoCookie
FN:86,(anonymous_10)
FN:87,(anonymous_11)
FN:100,validateSudoCookie
FN:143,deleteSudoCookie
FNF:8
FNH:0
FNDA:0,encrypt
FNDA:0,decrypt
FNDA:0,setSudoCookie
FNDA:0,getSudoCookie
FNDA:0,(anonymous_10)
FNDA:0,(anonymous_11)
FNDA:0,validateSudoCookie
FNDA:0,deleteSudoCookie
DA:1,0
DA:2,0
DA:3,0
DA:5,0
DA:6,0
DA:7,0
DA:9,0
DA:15,0
DA:16,0
DA:17,0
DA:18,0
DA:19,0
DA:23,0
DA:24,0
DA:25,0
DA:26,0
DA:27,0
DA:28,0
DA:29,0
DA:30,0
DA:32,0
DA:33,0
DA:43,0
DA:44,0
DA:45,0
DA:46,0
DA:47,0
DA:49,0
DA:50,0
DA:54,0
DA:55,0
DA:58,0
DA:60,0
DA:61,0
DA:62,0
DA:63,0
DA:64,0
DA:65,0
DA:72,0
DA:74,0
DA:80,0
DA:83,0
DA:84,0
DA:86,0
DA:87,0
DA:89,0
DA:90,0
DA:94,0
DA:95,0
DA:96,0
DA:104,0
DA:105,0
DA:108,0
DA:109,0
DA:110,0
DA:111,0
DA:112,0
DA:115,0
DA:116,0
DA:117,0
DA:119,0
DA:120,0
DA:123,0
DA:126,0
DA:132,0
DA:133,0
DA:145,0
DA:146,0
DA:147,0
DA:148,0
DA:149,0
DA:152,0
LF:72
LH:0
BRDA:11,0,0,0
BRDA:11,0,1,0
BRDA:43,1,0,0
BRDA:43,1,1,0
BRDA:49,2,0,0
BRDA:49,3,0,0
BRDA:49,3,1,0
BRDA:54,4,0,0
BRDA:60,5,0,0
BRDA:60,5,1,0
BRDA:80,6,0,0
BRDA:80,6,1,0
BRDA:83,7,0,0
BRDA:104,8,0,0
BRDA:110,9,0,0
BRDA:119,10,0,0
BRDA:145,11,0,0
BRDA:145,11,1,0
BRF:18
BRH:0
end_of_record
TN:
SF:src/utils/shared/chatHistory.ts
FN:19,convertChatHistory
FN:53,createChatMessages
FNF:2
FNH:0
FNDA:0,convertChatHistory
FNDA:0,createChatMessages
DA:19,0
DA:20,0
DA:22,0
DA:29,0
DA:30,0
DA:31,0
DA:33,0
DA:34,0
DA:37,0
DA:41,0
DA:44,0
DA:47,0
DA:53,0
DA:57,0
LF:14
LH:0
BRDA:20,0,0,0
BRDA:22,1,0,0
BRDA:23,2,0,0
BRDA:23,2,1,0
BRDA:23,2,2,0
BRDA:23,2,3,0
BRDA:31,3,0,0
BRDA:37,4,0,0
BRDA:38,5,0,0
BRDA:38,5,1,0
BRF:10
BRH:0
end_of_record
