TN:
SF:src/app/api/chat/v1/route.ts
FN:76,(anonymous_9)
FN:147,validateAndPreprocessInput
FN:227,applyRateLimiting
FN:255,setupPineconeAndFilter
FN:284,(anonymous_13)
FN:301,(anonymous_14)
FN:319,setupVectorStoreAndRetriever
FN:332,(anonymous_16)
FN:351,(anonymous_17)
FN:355,(anonymous_18)
FN:376,createEmptyDocument
FN:413,updateDocument
FN:448,saveAnswerToFirestore
FN:484,handleError
FN:520,handleComparisonRequest
FN:527,(anonymous_24)
FN:546,(anonymous_25)
FN:557,(anonymous_26)
FN:616,(anonymous_27)
FN:634,(anonymous_28)
FN:651,(anonymous_29)
FN:672,(anonymous_30)
FN:697,(anonymous_31)
FN:745,(anonymous_32)
FN:757,handleChatRequest
FN:821,(anonymous_34)
FN:827,(anonymous_35)
FN:917,(anonymous_36)
FN:924,(anonymous_37)
FN:949,(anonymous_38)
FN:996,(anonymous_39)
FN:1000,(anonymous_40)
FN:1005,(anonymous_41)
FN:1018,(anonymous_42)
FN:1023,(anonymous_43)
FN:1028,(anonymous_44)
FN:1058,normalizeMediaTypes
FN:1071,(anonymous_46)
FN:1080,logPerformanceMetrics
FN:1086,(anonymous_48)
FNF:40
FNH:5
FNDA:13,(anonymous_9)
FNDA:32,validateAndPreprocessInput
FNDA:34,applyRateLimiting
FNDA:0,setupPineconeAndFilter
FNDA:0,(anonymous_13)
FNDA:0,(anonymous_14)
FNDA:0,setupVectorStoreAndRetriever
FNDA:0,(anonymous_16)
FNDA:0,(anonymous_17)
FNDA:0,(anonymous_18)
FNDA:0,createEmptyDocument
FNDA:0,updateDocument
FNDA:0,saveAnswerToFirestore
FNDA:0,handleError
FNDA:0,handleComparisonRequest
FNDA:0,(anonymous_24)
FNDA:0,(anonymous_25)
FNDA:0,(anonymous_26)
FNDA:0,(anonymous_27)
FNDA:0,(anonymous_28)
FNDA:0,(anonymous_29)
FNDA:0,(anonymous_30)
FNDA:0,(anonymous_31)
FNDA:34,(anonymous_32)
FNDA:34,handleChatRequest
FNDA:0,(anonymous_34)
FNDA:0,(anonymous_35)
FNDA:0,(anonymous_36)
FNDA:0,(anonymous_37)
FNDA:0,(anonymous_38)
FNDA:0,(anonymous_39)
FNDA:0,(anonymous_40)
FNDA:0,(anonymous_41)
FNDA:0,(anonymous_42)
FNDA:0,(anonymous_43)
FNDA:0,(anonymous_44)
FNDA:0,normalizeMediaTypes
FNDA:0,(anonymous_46)
FNDA:0,logPerformanceMetrics
FNDA:0,(anonymous_48)
DA:45,4
DA:47,4
DA:48,4
DA:52,4
DA:53,4
DA:54,4
DA:55,4
DA:56,4
DA:57,4
DA:60,4
DA:61,4
DA:62,4
DA:65,4
DA:66,4
DA:67,4
DA:69,4
DA:70,4
DA:72,4
DA:73,4
DA:76,13
DA:77,13
DA:79,13
DA:80,1
DA:87,12
DA:90,12
DA:159,32
DA:160,32
DA:162,0
DA:163,0
DA:164,0
DA:168,0
DA:171,32
DA:174,32
DA:175,32
DA:179,32
DA:183,0
DA:188,0
DA:191,0
DA:197,0
DA:201,0
DA:205,0
DA:209,0
DA:212,0
DA:214,0
DA:218,0
DA:231,34
DA:244,34
DA:245,2
DA:249,2
DA:252,32
DA:260,0
DA:263,0
DA:264,0
DA:268,0
DA:273,0
DA:275,0
DA:276,0
DA:283,0
DA:284,0
DA:285,0
DA:287,0
DA:296,0
DA:301,0
DA:302,0
DA:303,0
DA:306,0
DA:307,0
DA:310,0
DA:311,0
DA:313,0
DA:316,0
DA:332,0
DA:333,0
DA:336,0
DA:341,0
DA:346,0
DA:348,0
DA:352,0
DA:353,0
DA:356,0
DA:357,0
DA:358,0
DA:359,0
DA:361,0
DA:362,0
DA:363,0
DA:372,0
DA:383,0
DA:384,0
DA:387,0
DA:390,0
DA:391,0
DA:392,0
DA:403,0
DA:404,0
DA:405,0
DA:407,0
DA:408,0
DA:419,0
DA:420,0
DA:423,0
DA:427,0
DA:428,0
DA:429,0
DA:432,0
DA:434,0
DA:435,0
DA:439,0
DA:440,0
DA:442,0
DA:443,0
DA:457,0
DA:458,0
DA:459,0
DA:462,0
DA:463,0
DA:464,0
DA:475,0
DA:476,0
DA:478,0
DA:479,0
DA:488,0
DA:489,0
DA:491,0
DA:492,0
DA:493,0
DA:497,0
DA:499,0
DA:503,0
DA:507,0
DA:508,0
DA:512,0
DA:515,0
DA:525,0
DA:526,0
DA:528,0
DA:529,0
DA:532,0
DA:539,0
DA:546,0
DA:547,0
DA:548,0
DA:552,0
DA:557,0
DA:558,0
DA:559,0
DA:563,0
DA:568,0
DA:571,0
DA:576,0
DA:581,0
DA:586,0
DA:596,0
DA:607,0
DA:608,0
DA:611,0
DA:616,0
DA:617,0
DA:621,0
DA:624,0
DA:625,0
DA:635,0
DA:636,0
DA:652,0
DA:653,0
DA:663,0
DA:666,0
DA:667,0
DA:668,0
DA:672,0
DA:675,0
DA:676,0
DA:678,0
DA:681,0
DA:684,0
DA:691,0
DA:692,0
DA:693,0
DA:697,0
DA:700,0
DA:703,0
DA:705,0
DA:707,0
DA:718,0
DA:722,0
DA:726,0
DA:732,0
DA:740,0
DA:744,34
DA:747,34
DA:750,34
DA:759,34
DA:763,34
DA:770,34
DA:772,34
DA:773,0
DA:778,0
DA:782,34
DA:785,34
DA:786,34
DA:787,0
DA:791,34
DA:792,34
DA:793,2
DA:797,32
DA:798,32
DA:799,32
DA:802,0
DA:805,0
DA:807,0
DA:808,0
DA:816,0
DA:819,0
DA:820,0
DA:822,0
DA:823,0
DA:824,0
DA:825,0
DA:827,0
DA:828,0
DA:829,0
DA:831,0
DA:835,0
DA:840,0
DA:841,0
DA:842,0
DA:845,0
DA:852,0
DA:853,0
DA:857,0
DA:858,0
DA:859,0
DA:860,0
DA:863,0
DA:866,0
DA:867,0
DA:873,0
DA:876,0
DA:887,0
DA:891,0
DA:895,0
DA:897,0
DA:903,0
DA:905,0
DA:908,0
DA:909,0
DA:911,0
DA:919,0
DA:920,0
DA:922,0
DA:925,0
DA:926,0
DA:931,0
DA:938,0
DA:941,0
DA:949,0
DA:951,0
DA:955,0
DA:957,0
DA:969,0
DA:971,0
DA:972,0
DA:978,0
DA:993,0
DA:995,0
DA:997,0
DA:999,0
DA:1001,0
DA:1002,0
DA:1006,0
DA:1010,0
DA:1019,0
DA:1020,0
DA:1024,0
DA:1029,0
DA:1033,0
DA:1034,0
DA:1036,0
DA:1038,0
DA:1039,0
DA:1041,0
DA:1047,0
DA:1055,0
DA:1061,0
DA:1068,0
DA:1070,0
DA:1071,0
DA:1086,0
DA:1087,0
DA:1114,0
LF:290
LH:52
BRDA:79,0,0,1
BRDA:174,1,0,32
BRDA:183,2,0,0
BRDA:184,3,0,0
BRDA:184,3,1,0
BRDA:184,3,2,0
BRDA:201,4,0,0
BRDA:202,5,0,0
BRDA:202,5,1,0
BRDA:236,6,0,27
BRDA:236,6,1,7
BRDA:244,7,0,2
BRDA:263,8,0,0
BRDA:263,8,1,0
BRDA:273,9,0,0
BRDA:273,10,0,0
BRDA:273,10,1,0
BRDA:275,11,0,0
BRDA:283,12,0,0
BRDA:283,13,0,0
BRDA:283,13,1,0
BRDA:285,14,0,0
BRDA:285,14,1,0
BRDA:296,15,0,0
BRDA:296,15,1,0
BRDA:302,16,0,0
BRDA:306,17,0,0
BRDA:311,18,0,0
BRDA:323,19,0,0
BRDA:356,20,0,0
BRDA:383,21,0,0
BRDA:419,22,0,0
BRDA:427,23,0,0
BRDA:457,24,0,0
BRDA:489,25,0,0
BRDA:489,25,1,0
BRDA:491,26,0,0
BRDA:491,26,1,0
BRDA:497,27,0,0
BRDA:497,27,1,0
BRDA:507,28,0,0
BRDA:507,28,1,0
BRDA:512,29,0,0
BRDA:512,29,1,0
BRDA:540,30,0,0
BRDA:540,30,1,0
BRDA:568,31,0,0
BRDA:568,31,1,0
BRDA:607,32,0,0
BRDA:607,32,1,0
BRDA:608,33,0,0
BRDA:608,33,1,0
BRDA:635,34,0,0
BRDA:652,35,0,0
BRDA:666,36,0,0
BRDA:687,37,0,0
BRDA:687,37,1,0
BRDA:691,38,0,0
BRDA:712,39,0,0
BRDA:712,39,1,0
BRDA:772,40,0,0
BRDA:782,41,0,34
BRDA:782,41,1,7
BRDA:786,42,0,0
BRDA:792,43,0,2
BRDA:798,44,0,32
BRDA:807,45,0,0
BRDA:828,46,0,0
BRDA:831,47,0,0
BRDA:832,48,0,0
BRDA:832,48,1,0
BRDA:840,49,0,0
BRDA:840,50,0,0
BRDA:840,50,1,0
BRDA:846,51,0,0
BRDA:846,51,1,0
BRDA:852,52,0,0
BRDA:857,53,0,0
BRDA:857,54,0,0
BRDA:857,54,1,0
BRDA:860,55,0,0
BRDA:860,55,1,0
BRDA:866,56,0,0
BRDA:877,57,0,0
BRDA:877,57,1,0
BRDA:881,58,0,0
BRDA:881,58,1,0
BRDA:891,59,0,0
BRDA:891,59,1,0
BRDA:892,60,0,0
BRDA:892,60,1,0
BRDA:909,61,0,0
BRDA:913,62,0,0
BRDA:913,62,1,0
BRDA:914,63,0,0
BRDA:914,63,1,0
BRDA:919,64,0,0
BRDA:932,65,0,0
BRDA:932,65,1,0
BRDA:945,66,0,0
BRDA:945,66,1,0
BRDA:960,67,0,0
BRDA:960,67,1,0
BRDA:962,68,0,0
BRDA:962,68,1,0
BRDA:971,69,0,0
BRDA:981,70,0,0
BRDA:981,70,1,0
BRDA:985,71,0,0
BRDA:985,71,1,0
BRDA:993,72,0,0
BRDA:997,73,0,0
BRDA:997,73,1,0
BRDA:1001,74,0,0
BRDA:1013,75,0,0
BRDA:1013,75,1,0
BRDA:1015,76,0,0
BRDA:1015,76,1,0
BRDA:1019,77,0,0
BRDA:1036,78,0,0
BRDA:1068,79,0,0
BRDA:1073,80,0,0
BRDA:1073,80,1,0
BRDA:1083,81,0,0
BRDA:1088,82,0,0
BRDA:1088,82,1,0
BRDA:1091,83,0,0
BRDA:1091,83,1,0
BRDA:1095,84,0,0
BRDA:1095,84,1,0
BRDA:1095,85,0,0
BRDA:1095,85,1,0
BRDA:1099,86,0,0
BRDA:1099,86,1,0
BRDA:1099,87,0,0
BRDA:1099,87,1,0
BRDA:1102,88,0,0
BRDA:1102,88,1,0
BRDA:1106,89,0,0
BRDA:1106,89,1,0
BRDA:1106,90,0,0
BRDA:1106,90,1,0
BRDA:1109,91,0,0
BRDA:1109,91,1,0
BRDA:1110,92,0,0
BRDA:1110,92,1,0
BRDA:1111,93,0,0
BRDA:1111,93,1,0
BRF:148
BRH:9
end_of_record
TN:
SF:src/components/AnswerItem.tsx
FN:40,(anonymous_5)
FN:48,(anonymous_6)
FN:66,(anonymous_7)
FN:87,(anonymous_8)
FN:95,(anonymous_9)
FN:104,(anonymous_10)
FN:109,(anonymous_11)
FN:123,(anonymous_12)
FN:143,(anonymous_13)
FN:163,(anonymous_14)
FN:185,(anonymous_15)
FN:243,(anonymous_16)
FN:253,(anonymous_17)
FN:264,(anonymous_18)
FN:267,(anonymous_19)
FN:294,(anonymous_20)
FN:316,(anonymous_21)
FN:346,(anonymous_22)
FN:364,(anonymous_23)
FNF:19
FNH:0
FNDA:0,(anonymous_5)
FNDA:0,(anonymous_6)
FNDA:0,(anonymous_7)
FNDA:0,(anonymous_8)
FNDA:0,(anonymous_9)
FNDA:0,(anonymous_10)
FNDA:0,(anonymous_11)
FNDA:0,(anonymous_12)
FNDA:0,(anonymous_13)
FNDA:0,(anonymous_14)
FNDA:0,(anonymous_15)
FNDA:0,(anonymous_16)
FNDA:0,(anonymous_17)
FNDA:0,(anonymous_18)
FNDA:0,(anonymous_19)
FNDA:0,(anonymous_20)
FNDA:0,(anonymous_21)
FNDA:0,(anonymous_22)
FNDA:0,(anonymous_23)
DA:4,1
DA:5,1
DA:6,1
DA:7,1
DA:8,1
DA:9,1
DA:10,1
DA:12,1
DA:13,1
DA:15,1
DA:18,1
DA:40,1
DA:48,0
DA:64,1
DA:66,1
DA:78,0
DA:81,0
DA:82,0
DA:83,0
DA:84,0
DA:87,0
DA:88,0
DA:89,0
DA:90,0
DA:92,0
DA:93,0
DA:96,0
DA:104,0
DA:105,0
DA:109,0
DA:110,0
DA:112,0
DA:113,0
DA:117,0
DA:119,0
DA:123,0
DA:144,0
DA:164,0
DA:185,0
DA:243,0
DA:254,0
DA:265,0
DA:268,0
DA:294,0
DA:316,0
DA:346,0
DA:364,0
DA:371,1
LF:48
LH:15
BRDA:74,0,0,0
BRDA:76,1,0,0
BRDA:79,2,0,0
BRDA:79,2,1,0
BRDA:88,3,0,0
BRDA:98,4,0,0
BRDA:98,4,1,0
BRDA:105,5,0,0
BRDA:105,5,1,0
BRDA:112,6,0,0
BRDA:120,7,0,0
BRDA:120,7,1,0
BRDA:130,8,0,0
BRDA:130,8,1,0
BRDA:141,9,0,0
BRDA:143,10,0,0
BRDA:146,11,0,0
BRDA:146,11,1,0
BRDA:152,12,0,0
BRDA:152,12,1,0
BRDA:161,13,0,0
BRDA:166,14,0,0
BRDA:166,14,1,0
BRDA:174,15,0,0
BRDA:174,15,1,0
BRDA:181,16,0,0
BRDA:181,16,1,0
BRDA:181,16,2,0
BRDA:181,16,3,0
BRDA:181,16,4,0
BRDA:199,17,0,0
BRDA:199,17,1,0
BRDA:207,18,0,0
BRDA:209,19,0,0
BRDA:209,19,1,0
BRDA:210,20,0,0
BRDA:210,20,1,0
BRDA:225,21,0,0
BRDA:225,21,1,0
BRDA:226,22,0,0
BRDA:226,22,1,0
BRDA:231,23,0,0
BRDA:234,24,0,0
BRDA:234,24,1,0
BRDA:241,25,0,0
BRDA:241,25,1,0
BRDA:246,26,0,0
BRDA:246,26,1,0
BRDA:251,27,0,0
BRDA:251,27,1,0
BRDA:251,27,2,0
BRDA:251,27,3,0
BRDA:288,28,0,0
BRDA:288,28,1,0
BRDA:292,29,0,0
BRDA:299,30,0,0
BRDA:299,30,1,0
BRDA:304,31,0,0
BRDA:307,32,0,0
BRDA:307,32,1,0
BRDA:308,33,0,0
BRDA:308,33,1,0
BRDA:314,34,0,0
BRDA:314,34,1,0
BRDA:325,35,0,0
BRDA:329,36,0,0
BRDA:329,36,1,0
BRDA:337,37,0,0
BRDA:337,37,1,0
BRDA:337,37,2,0
BRDA:344,38,0,0
BRDA:361,39,0,0
BRDA:361,39,1,0
BRF:73
BRH:0
end_of_record
TN:
SF:src/components/AudioPlayer.tsx
FN:26,AudioPlayer
FN:56,(anonymous_6)
FN:110,(anonymous_7)
FN:113,(anonymous_8)
FN:118,(anonymous_9)
FN:123,(anonymous_10)
FN:130,(anonymous_11)
FN:142,(anonymous_12)
FN:158,(anonymous_13)
FN:169,(anonymous_14)
FN:170,(anonymous_15)
FNF:11
FNH:0
FNDA:0,AudioPlayer
FNDA:0,(anonymous_6)
FNDA:0,(anonymous_7)
FNDA:0,(anonymous_8)
FNDA:0,(anonymous_9)
FNDA:0,(anonymous_10)
FNDA:0,(anonymous_11)
FNDA:0,(anonymous_12)
FNDA:0,(anonymous_13)
FNDA:0,(anonymous_14)
FNDA:0,(anonymous_15)
DA:4,2
DA:5,2
DA:6,2
DA:7,2
DA:8,2
DA:26,0
DA:34,0
DA:35,0
DA:36,0
DA:37,0
DA:38,0
DA:50,0
DA:56,0
DA:57,0
DA:58,0
DA:59,0
DA:63,0
DA:69,0
DA:71,0
DA:72,0
DA:76,0
DA:78,0
DA:82,0
DA:83,0
DA:84,0
DA:87,0
DA:88,0
DA:90,0
DA:91,0
DA:95,0
DA:96,0
DA:99,0
DA:100,0
DA:101,0
DA:103,0
DA:104,0
DA:105,0
DA:110,0
DA:111,0
DA:112,0
DA:113,0
DA:114,0
DA:115,0
DA:118,0
DA:123,0
DA:124,0
DA:125,0
DA:130,0
DA:131,0
DA:132,0
DA:133,0
DA:134,0
DA:142,0
DA:143,0
DA:144,0
DA:146,0
DA:147,0
DA:148,0
DA:150,0
DA:151,0
DA:153,0
DA:158,0
DA:159,0
DA:160,0
DA:161,0
DA:169,0
DA:170,0
LF:67
LH:5
BRDA:30,0,0,0
BRDA:31,1,0,0
BRDA:58,2,0,0
BRDA:69,3,0,0
BRDA:69,4,0,0
BRDA:69,4,1,0
BRDA:82,5,0,0
BRDA:90,6,0,0
BRDA:95,7,0,0
BRDA:111,8,0,0
BRDA:111,9,0,0
BRDA:111,9,1,0
BRDA:111,9,2,0
BRDA:114,10,0,0
BRDA:114,11,0,0
BRDA:114,11,1,0
BRDA:124,12,0,0
BRDA:124,13,0,0
BRDA:124,13,1,0
BRDA:124,13,2,0
BRDA:134,14,0,0
BRDA:134,14,1,0
BRDA:143,15,0,0
BRDA:143,15,1,0
BRDA:146,16,0,0
BRDA:146,16,1,0
BRDA:172,17,0,0
BRDA:173,18,0,0
BRDA:176,19,0,0
BRDA:176,19,1,0
BRDA:176,19,2,0
BRDA:176,19,3,0
BRDA:176,19,4,0
BRDA:181,20,0,0
BRDA:181,20,1,0
BRDA:183,21,0,0
BRDA:183,21,1,0
BRDA:183,21,2,0
BRDA:183,21,3,0
BRDA:184,22,0,0
BRDA:184,22,1,0
BRDA:187,23,0,0
BRDA:187,23,1,0
BRDA:202,24,0,0
BRDA:202,24,1,0
BRDA:202,24,2,0
BRF:46
BRH:0
end_of_record
TN:
SF:src/components/AuthErrorBoundary.tsx
FN:26,(anonymous_5)
FN:68,(anonymous_6)
FN:103,(anonymous_7)
FN:112,(anonymous_8)
FN:36,(anonymous_9)
FN:51,(anonymous_10)
FN:124,(anonymous_11)
FNF:7
FNH:2
FNDA:4,(anonymous_5)
FNDA:0,(anonymous_6)
FNDA:0,(anonymous_7)
FNDA:0,(anonymous_8)
FNDA:0,(anonymous_9)
FNDA:0,(anonymous_10)
FNDA:4,(anonymous_11)
DA:1,1
DA:2,1
DA:3,1
DA:4,1
DA:27,4
DA:28,4
DA:40,0
DA:53,0
DA:59,0
DA:67,4
DA:69,0
DA:71,0
DA:76,0
DA:79,0
DA:86,0
DA:90,0
DA:91,0
DA:102,4
DA:104,0
DA:105,0
DA:111,4
DA:114,0
DA:125,4
DA:203,4
DA:207,4
LF:25
LH:12
BRDA:104,0,0,0
BRDA:44,1,0,0
BRDA:44,1,1,0
BRDA:44,1,2,0
BRDA:44,1,3,0
BRDA:125,2,0,0
BRDA:148,3,0,0
BRDA:148,3,1,0
BRDA:154,4,0,0
BRDA:154,4,1,0
BRDA:185,5,0,0
BRDA:185,5,1,0
BRDA:190,6,0,0
BRF:13
BRH:0
end_of_record
TN:
SF:src/components/ChatInput.tsx
FN:74,(anonymous_5)
FN:112,(anonymous_6)
FN:120,(anonymous_7)
FN:133,(anonymous_8)
FN:134,(anonymous_9)
FN:145,(anonymous_10)
FN:151,(anonymous_11)
FN:164,(anonymous_12)
FN:165,(anonymous_13)
FN:173,(anonymous_14)
FN:178,(anonymous_15)
FN:189,(anonymous_16)
FN:210,(anonymous_17)
FN:237,(anonymous_18)
FN:245,(anonymous_19)
FN:254,(anonymous_20)
FN:272,(anonymous_21)
FN:314,(anonymous_22)
FN:330,(anonymous_23)
FN:343,(anonymous_24)
FN:356,(anonymous_25)
FN:382,(anonymous_26)
FN:420,(anonymous_27)
FN:433,(anonymous_28)
FN:442,(anonymous_29)
FN:459,(anonymous_30)
FNF:26
FNH:14
FNDA:38,(anonymous_5)
FNDA:12,(anonymous_6)
FNDA:13,(anonymous_7)
FNDA:12,(anonymous_8)
FNDA:12,(anonymous_9)
FNDA:12,(anonymous_10)
FNDA:23,(anonymous_11)
FNDA:2,(anonymous_12)
FNDA:0,(anonymous_13)
FNDA:3,(anonymous_14)
FNDA:3,(anonymous_15)
FNDA:3,(anonymous_16)
FNDA:2,(anonymous_17)
FNDA:1,(anonymous_18)
FNDA:0,(anonymous_19)
FNDA:0,(anonymous_20)
FNDA:0,(anonymous_21)
FNDA:0,(anonymous_22)
FNDA:0,(anonymous_23)
FNDA:1,(anonymous_24)
FNDA:0,(anonymous_25)
FNDA:0,(anonymous_26)
FNDA:0,(anonymous_27)
FNDA:0,(anonymous_28)
FNDA:0,(anonymous_29)
FNDA:0,(anonymous_30)
DA:22,1
DA:23,1
DA:24,1
DA:25,1
DA:26,1
DA:27,1
DA:35,1
DA:36,1
DA:74,12
DA:102,38
DA:103,38
DA:104,38
DA:105,38
DA:106,38
DA:107,38
DA:108,38
DA:112,38
DA:113,12
DA:114,12
DA:120,38
DA:121,13
DA:122,1
DA:123,1
DA:125,1
DA:127,1
DA:133,38
DA:134,12
DA:135,12
DA:136,12
DA:137,12
DA:138,12
DA:142,12
DA:143,12
DA:145,12
DA:146,12
DA:151,38
DA:152,23
DA:153,22
DA:154,22
DA:155,22
DA:157,22
DA:158,11
DA:164,38
DA:165,2
DA:166,0
DA:167,0
DA:173,38
DA:174,3
DA:178,38
DA:179,3
DA:180,1
DA:182,2
DA:183,0
DA:185,2
DA:189,38
DA:190,3
DA:191,3
DA:192,1
DA:193,1
DA:195,2
DA:196,2
DA:197,2
DA:198,1
DA:199,1
DA:201,1
DA:202,1
DA:203,1
DA:204,1
DA:205,1
DA:210,38
DA:211,2
DA:212,1
DA:213,1
DA:214,1
DA:215,1
DA:216,1
DA:217,0
DA:218,0
DA:220,1
DA:221,1
DA:222,1
DA:223,1
DA:224,1
DA:225,1
DA:231,38
DA:232,38
DA:233,38
DA:234,38
DA:237,38
DA:238,1
DA:239,1
DA:240,1
DA:241,1
DA:245,38
DA:246,0
DA:247,0
DA:248,0
DA:251,38
DA:254,38
DA:255,0
DA:257,0
DA:259,0
DA:273,0
DA:274,0
DA:314,0
DA:330,0
DA:343,1
DA:356,0
DA:383,0
DA:384,0
DA:420,0
DA:433,0
DA:442,0
DA:460,0
LF:114
LH:92
BRDA:97,0,0,38
BRDA:115,1,0,10
BRDA:115,1,1,2
BRDA:121,2,0,1
BRDA:121,3,0,13
BRDA:121,3,1,12
BRDA:123,4,0,1
BRDA:137,5,0,12
BRDA:152,6,0,22
BRDA:154,7,0,22
BRDA:157,8,0,11
BRDA:166,9,0,0
BRDA:179,10,0,1
BRDA:182,11,0,0
BRDA:191,12,0,1
BRDA:191,12,1,2
BRDA:197,13,0,1
BRDA:211,14,0,1
BRDA:211,15,0,2
BRDA:211,15,1,2
BRDA:212,16,0,1
BRDA:216,17,0,0
BRDA:251,18,0,38
BRDA:251,18,1,38
BRDA:255,19,0,0
BRDA:283,20,0,2
BRDA:283,20,1,36
BRDA:292,21,0,2
BRDA:304,22,0,38
BRDA:304,22,1,0
BRDA:304,22,2,0
BRDA:304,22,3,0
BRDA:304,22,4,0
BRDA:304,22,5,0
BRDA:304,22,6,0
BRDA:317,23,0,0
BRDA:317,23,1,0
BRDA:323,24,0,38
BRDA:323,24,1,0
BRDA:325,25,0,38
BRDA:327,26,0,38
BRDA:332,27,0,38
BRDA:332,27,1,0
BRDA:340,28,0,38
BRDA:345,29,0,0
BRDA:345,29,1,38
BRDA:353,30,0,38
BRDA:358,31,0,0
BRDA:358,31,1,38
BRDA:368,32,0,38
BRDA:376,33,0,38
BRDA:383,34,0,0
BRDA:383,34,1,0
BRDA:387,35,0,0
BRDA:387,35,1,0
BRDA:400,36,0,38
BRDA:400,36,1,38
BRDA:400,36,2,38
BRDA:414,37,0,38
BRDA:414,37,1,0
BRDA:414,37,2,0
BRDA:414,37,3,0
BRDA:429,38,0,38
BRDA:451,39,0,0
BRDA:460,40,0,0
BRDA:460,40,1,0
BRDA:468,41,0,0
BRDA:480,42,0,0
BRDA:495,43,0,0
BRDA:512,44,0,38
BRDA:521,45,0,38
BRDA:521,45,1,38
BRDA:521,45,2,38
BRDA:525,46,0,38
BRDA:541,47,0,25
BRDA:541,47,1,13
BRF:76
BRH:47
end_of_record
TN:
SF:src/components/CopyButton.tsx
FN:18,(anonymous_2)
FN:27,(anonymous_3)
FN:32,(anonymous_4)
FN:34,(anonymous_5)
FN:51,(anonymous_6)
FN:65,(anonymous_7)
FNF:6
FNH:6
FNDA:20,(anonymous_2)
FNDA:9,(anonymous_3)
FNDA:8,(anonymous_4)
FNDA:18,(anonymous_5)
FNDA:9,(anonymous_6)
FNDA:1,(anonymous_7)
DA:1,2
DA:2,2
DA:3,2
DA:4,2
DA:7,2
DA:18,2
DA:25,20
DA:27,20
DA:28,9
DA:29,9
DA:32,20
DA:33,8
DA:35,18
DA:36,18
DA:37,18
DA:38,18
DA:40,18
DA:41,1
DA:42,17
DA:43,5
DA:45,12
DA:51,20
DA:52,9
DA:54,9
DA:55,8
DA:58,9
DA:62,9
DA:63,9
DA:64,9
DA:65,9
DA:68,9
DA:86,10
LF:32
LH:32
BRDA:35,0,0,18
BRDA:35,0,1,1
BRDA:36,1,0,18
BRDA:36,1,1,1
BRDA:40,2,0,1
BRDA:40,2,1,17
BRDA:40,3,0,18
BRDA:40,3,1,1
BRDA:42,4,0,5
BRDA:42,4,1,12
BRDA:54,5,0,8
BRDA:54,6,0,9
BRDA:54,6,1,9
BRDA:54,6,2,9
BRDA:68,7,0,9
BRDA:68,7,1,1
BRDA:78,8,0,9
BRF:17
BRH:17
end_of_record
TN:
SF:src/components/DownvotedAnswerReview.tsx
FN:16,(anonymous_5)
FN:27,(anonymous_6)
FN:48,(anonymous_7)
FN:78,(anonymous_8)
FN:142,(anonymous_9)
FN:150,(anonymous_10)
FN:158,(anonymous_11)
FNF:7
FNH:2
FNDA:6,(anonymous_5)
FNDA:0,(anonymous_6)
FNDA:6,(anonymous_7)
FNDA:0,(anonymous_8)
FNDA:0,(anonymous_9)
FNDA:0,(anonymous_10)
FNDA:0,(anonymous_11)
DA:1,1
DA:2,1
DA:4,1
DA:5,1
DA:6,1
DA:8,1
DA:16,1
DA:21,6
DA:23,6
DA:27,6
DA:28,0
DA:29,0
DA:30,0
DA:38,0
DA:39,0
DA:41,0
DA:44,0
DA:48,6
DA:57,6
DA:58,0
DA:62,6
DA:63,6
DA:67,0
DA:68,0
DA:71,0
DA:75,6
DA:79,0
DA:80,0
DA:83,0
DA:142,0
DA:150,0
DA:158,0
DA:170,7
LF:33
LH:16
BRDA:19,0,0,6
BRDA:29,1,0,0
BRDA:29,1,1,0
BRDA:38,2,0,0
BRDA:38,2,1,0
BRDA:57,3,0,0
BRDA:62,4,0,6
BRDA:67,5,0,0
BRDA:75,6,0,0
BRDA:75,6,1,6
BRDA:76,7,0,0
BRDA:76,7,1,0
BRDA:105,8,0,6
BRDA:105,8,1,0
BRDA:107,9,0,6
BRDA:110,10,0,0
BRDA:110,10,1,0
BRDA:115,11,0,6
BRDA:115,11,1,6
BRDA:117,12,0,0
BRDA:123,13,0,0
BRDA:134,14,0,6
BRDA:144,15,0,0
BRDA:144,15,1,6
BRDA:152,16,0,0
BRDA:152,16,1,6
BRDA:160,17,0,0
BRDA:160,17,1,6
BRF:28
BRH:11
end_of_record
TN:
SF:src/components/FeedbackModal.tsx
FN:21,(anonymous_4)
FN:32,(anonymous_5)
FN:43,(anonymous_6)
FN:56,(anonymous_7)
FN:65,(anonymous_8)
FN:75,(anonymous_9)
FN:95,(anonymous_10)
FNF:7
FNH:2
FNDA:15,(anonymous_4)
FNDA:8,(anonymous_5)
FNDA:0,(anonymous_6)
FNDA:0,(anonymous_7)
FNDA:0,(anonymous_8)
FNDA:0,(anonymous_9)
FNDA:0,(anonymous_10)
DA:1,1
DA:11,1
DA:21,1
DA:28,15
DA:29,15
DA:32,15
DA:33,8
DA:34,0
DA:35,0
DA:39,15
DA:40,15
DA:43,0
DA:44,0
DA:45,0
DA:56,0
DA:66,0
DA:75,0
DA:95,0
DA:131,30
LF:19
LH:10
BRDA:33,0,0,0
BRDA:39,1,0,15
BRDA:39,2,0,15
BRDA:39,2,1,0
BRDA:44,3,0,0
BRDA:44,4,0,0
BRDA:44,4,1,0
BRDA:101,5,0,0
BRDA:118,6,0,0
BRDA:118,6,1,0
BRF:10
BRH:2
end_of_record
TN:
SF:src/components/Footer.tsx
FN:12,(anonymous_2)
FN:76,(anonymous_3)
FNF:2
FNH:1
FNDA:24,(anonymous_2)
FNDA:0,(anonymous_3)
DA:2,3
DA:3,3
DA:5,3
DA:6,3
DA:12,3
DA:13,24
DA:14,24
DA:78,0
DA:79,0
DA:80,0
DA:82,0
DA:83,0
DA:85,0
DA:86,0
DA:89,0
DA:90,0
DA:92,0
DA:93,0
DA:107,0
DA:108,0
DA:119,0
DA:122,0
DA:123,0
DA:134,0
DA:152,24
LF:25
LH:8
BRDA:19,0,0,24
BRDA:23,1,0,0
BRDA:60,2,0,0
BRDA:79,3,0,0
BRDA:80,4,0,0
BRDA:80,4,1,0
BRDA:80,4,2,0
BRDA:80,4,3,0
BRDA:80,4,4,0
BRDA:100,5,0,0
BRDA:107,6,0,0
BRDA:119,7,0,0
BRDA:119,7,1,0
BRDA:122,8,0,0
BRDA:122,8,1,0
BRF:15
BRH:1
end_of_record
TN:
SF:src/components/LikeButton.tsx
FN:14,(anonymous_1)
FN:36,(anonymous_2)
FN:52,(anonymous_3)
FN:58,(anonymous_4)
FN:71,(anonymous_5)
FN:91,(anonymous_6)
FN:112,(anonymous_7)
FNF:7
FNH:6
FNDA:24,(anonymous_1)
FNDA:17,(anonymous_2)
FNDA:18,(anonymous_3)
FNDA:4,(anonymous_4)
FNDA:2,(anonymous_5)
FNDA:0,(anonymous_6)
FNDA:1,(anonymous_7)
DA:1,3
DA:2,3
DA:3,3
DA:14,3
DA:23,24
DA:26,24
DA:29,24
DA:30,24
DA:31,24
DA:32,24
DA:36,24
DA:37,17
DA:38,17
DA:39,10
DA:43,17
DA:45,14
DA:46,2
DA:52,24
DA:53,18
DA:54,2
DA:58,24
DA:60,4
DA:63,4
DA:65,4
DA:66,4
DA:69,4
DA:70,4
DA:71,4
DA:73,4
DA:74,4
DA:76,4
DA:78,4
DA:81,3
DA:82,3
DA:85,3
DA:88,3
DA:91,3
DA:92,0
DA:95,1
DA:98,1
DA:101,1
DA:102,1
DA:103,1
DA:104,1
DA:105,1
DA:107,0
DA:111,1
DA:112,1
DA:115,1
DA:121,24
DA:122,0
DA:150,12
LF:52
LH:49
BRDA:19,0,0,22
BRDA:20,1,0,23
BRDA:38,2,0,10
BRDA:43,3,0,14
BRDA:45,4,0,2
BRDA:45,5,0,14
BRDA:45,5,1,4
BRDA:53,6,0,2
BRDA:53,7,0,18
BRDA:53,7,1,14
BRDA:60,8,0,0
BRDA:60,9,0,4
BRDA:60,9,1,4
BRDA:73,10,0,3
BRDA:73,10,1,1
BRDA:82,11,0,3
BRDA:82,11,1,0
BRDA:103,12,0,1
BRDA:103,12,1,0
BRDA:111,13,0,1
BRDA:111,13,1,0
BRDA:121,14,0,0
BRDA:130,15,0,8
BRDA:130,15,1,16
BRDA:131,16,0,8
BRDA:131,16,1,16
BRDA:132,17,0,1
BRDA:132,17,1,23
BRDA:134,18,0,8
BRDA:134,18,1,16
BRDA:139,19,0,8
BRDA:139,19,1,16
BRDA:142,20,0,24
BRDA:142,20,1,23
BRDA:145,21,0,24
BRF:35
BRH:30
end_of_record
TN:
SF:src/components/LikePrompt.tsx
FN:11,(anonymous_2)
FN:16,(anonymous_3)
FNF:2
FNH:1
FNDA:15,(anonymous_2)
FNDA:0,(anonymous_3)
DA:1,1
DA:2,1
DA:3,1
DA:11,1
DA:12,15
DA:14,15
DA:16,0
DA:17,0
DA:20,0
DA:40,30
LF:10
LH:7
BRDA:14,0,0,15
BRDA:14,1,0,15
BRDA:14,1,1,0
BRF:3
BRH:2
end_of_record
TN:
SF:src/components/MessageItem.tsx
FN:45,(anonymous_5)
FN:70,(anonymous_6)
FN:113,(anonymous_7)
FN:123,(anonymous_8)
FN:137,(anonymous_9)
FN:148,(anonymous_10)
FN:165,(anonymous_11)
FN:169,(anonymous_12)
FN:189,(anonymous_13)
FN:204,(anonymous_14)
FN:219,(anonymous_15)
FN:277,(anonymous_16)
FN:306,(anonymous_17)
FNF:13
FNH:11
FNDA:32,(anonymous_5)
FNDA:1,(anonymous_6)
FNDA:7,(anonymous_7)
FNDA:7,(anonymous_8)
FNDA:2,(anonymous_9)
FNDA:3,(anonymous_10)
FNDA:3,(anonymous_11)
FNDA:32,(anonymous_12)
FNDA:15,(anonymous_13)
FNDA:0,(anonymous_14)
FNDA:0,(anonymous_15)
FNDA:1,(anonymous_16)
FNDA:1,(anonymous_17)
DA:4,2
DA:5,2
DA:6,2
DA:7,2
DA:8,2
DA:9,2
DA:10,2
DA:11,2
DA:12,2
DA:16,2
DA:17,2
DA:19,2
DA:45,2
DA:67,32
DA:68,32
DA:70,32
DA:72,1
DA:73,1
DA:74,1
DA:77,1
DA:85,32
DA:96,31
DA:108,1
DA:113,32
DA:116,7
DA:117,6
DA:119,6
DA:121,5
DA:122,5
DA:123,7
DA:126,5
DA:130,5
DA:137,2
DA:149,3
DA:165,32
DA:166,3
DA:169,32
DA:170,32
DA:186,16
DA:189,32
DA:190,15
DA:192,15
DA:194,15
DA:195,0
DA:198,0
DA:204,0
DA:218,32
DA:220,0
DA:235,32
DA:278,1
DA:307,1
DA:308,1
DA:345,45
LF:53
LH:49
BRDA:56,0,0,0
BRDA:64,1,0,30
BRDA:73,2,0,1
BRDA:73,2,1,0
BRDA:85,3,0,31
BRDA:85,3,1,1
BRDA:109,4,0,0
BRDA:109,4,1,1
BRDA:109,5,0,1
BRDA:109,5,1,0
BRDA:116,6,0,1
BRDA:117,7,0,0
BRDA:117,8,0,6
BRDA:117,8,1,6
BRDA:119,9,0,1
BRDA:119,10,0,6
BRDA:119,10,1,1
BRDA:126,11,0,0
BRDA:130,12,0,5
BRDA:130,12,1,4
BRDA:130,12,2,3
BRDA:135,13,0,5
BRDA:135,13,1,4
BRDA:140,14,0,1
BRDA:140,14,1,2
BRDA:144,15,0,5
BRDA:166,16,0,0
BRDA:166,16,1,3
BRDA:170,17,0,16
BRDA:170,18,0,32
BRDA:170,18,1,17
BRDA:172,19,0,1
BRDA:172,19,1,15
BRDA:176,20,0,0
BRDA:176,20,1,16
BRDA:176,21,0,16
BRDA:176,21,1,0
BRDA:190,22,0,0
BRDA:192,23,0,15
BRDA:192,23,1,15
BRDA:194,24,0,0
BRDA:206,25,0,0
BRDA:206,25,1,15
BRDA:208,26,0,0
BRDA:208,26,1,15
BRDA:211,27,0,0
BRDA:211,27,1,15
BRDA:220,28,0,0
BRDA:220,29,0,0
BRDA:220,29,1,0
BRDA:237,30,0,32
BRDA:237,30,1,1
BRDA:237,30,2,32
BRDA:241,31,0,32
BRDA:241,31,1,0
BRDA:247,32,0,32
BRDA:247,32,1,31
BRDA:257,33,0,32
BRDA:257,33,1,1
BRDA:260,34,0,32
BRDA:260,34,1,31
BRDA:260,34,2,16
BRDA:260,34,3,1
BRDA:267,35,0,15
BRDA:267,35,1,0
BRDA:269,36,0,15
BRDA:269,36,1,0
BRDA:274,37,0,15
BRDA:278,38,0,1
BRDA:278,38,1,1
BRDA:281,39,0,0
BRDA:281,39,1,15
BRDA:286,40,0,15
BRDA:286,40,1,0
BRDA:293,41,0,0
BRDA:293,41,1,15
BRDA:298,42,0,15
BRDA:298,42,1,0
BRDA:300,43,0,15
BRDA:300,43,1,0
BRDA:301,44,0,15
BRDA:301,44,1,15
BRDA:307,45,0,1
BRDA:316,46,0,15
BRDA:335,47,0,32
BRDA:335,47,1,31
BRDA:335,47,2,7
BRF:87
BRH:62
end_of_record
TN:
SF:src/components/NPSSurvey.tsx
FN:18,(anonymous_5)
FN:31,(anonymous_6)
FN:61,(anonymous_7)
FN:76,(anonymous_8)
FN:85,(anonymous_9)
FN:91,(anonymous_10)
FN:112,(anonymous_11)
FN:147,(anonymous_12)
FN:161,(anonymous_13)
FN:188,(anonymous_14)
FN:219,(anonymous_15)
FN:223,(anonymous_16)
FN:241,(anonymous_17)
FN:251,(anonymous_18)
FN:300,(anonymous_19)
FNF:15
FNH:5
FNDA:36,(anonymous_5)
FNDA:23,(anonymous_6)
FNDA:0,(anonymous_7)
FNDA:1,(anonymous_8)
FNDA:0,(anonymous_9)
FNDA:0,(anonymous_10)
FNDA:0,(anonymous_11)
FNDA:0,(anonymous_12)
FNDA:0,(anonymous_13)
FNDA:1,(anonymous_14)
FNDA:44,(anonymous_15)
FNDA:0,(anonymous_16)
FNDA:0,(anonymous_17)
FNDA:0,(anonymous_18)
FNDA:0,(anonymous_19)
DA:4,4
DA:6,4
DA:7,4
DA:8,4
DA:9,4
DA:10,4
DA:11,4
DA:18,4
DA:23,36
DA:24,36
DA:25,36
DA:26,36
DA:27,36
DA:28,36
DA:29,36
DA:31,36
DA:33,23
DA:34,4
DA:35,4
DA:36,4
DA:39,19
DA:40,19
DA:41,19
DA:42,19
DA:43,19
DA:46,19
DA:47,9
DA:50,9
DA:53,9
DA:55,9
DA:60,9
DA:62,0
DA:63,0
DA:64,0
DA:68,0
DA:69,0
DA:70,0
DA:76,36
DA:77,1
DA:78,1
DA:80,1
DA:82,0
DA:83,0
DA:85,0
DA:86,0
DA:91,36
DA:92,0
DA:93,0
DA:94,0
DA:96,0
DA:97,0
DA:98,0
DA:100,0
DA:101,0
DA:102,0
DA:104,0
DA:105,0
DA:106,0
DA:108,0
DA:112,36
DA:113,0
DA:114,0
DA:117,0
DA:118,0
DA:119,0
DA:127,0
DA:128,0
DA:134,0
DA:136,0
DA:138,0
DA:139,0
DA:140,0
DA:141,0
DA:142,0
DA:143,0
DA:145,0
DA:147,0
DA:148,0
DA:152,0
DA:155,0
DA:156,0
DA:161,36
DA:162,0
DA:163,0
DA:164,0
DA:188,1
DA:220,44
DA:223,0
DA:241,0
DA:251,0
DA:300,0
DA:306,32
LF:92
LH:41
BRDA:20,0,0,28
BRDA:33,1,0,4
BRDA:43,2,0,19
BRDA:43,2,1,4
BRDA:46,3,0,9
BRDA:46,4,0,19
BRDA:46,4,1,18
BRDA:47,5,0,0
BRDA:47,5,1,9
BRDA:50,6,0,0
BRDA:50,6,1,9
BRDA:55,7,0,9
BRDA:55,7,1,0
BRDA:56,8,0,9
BRDA:56,8,1,9
BRDA:66,9,0,0
BRDA:66,9,1,9
BRDA:68,10,0,0
BRDA:68,11,0,0
BRDA:68,11,1,0
BRDA:77,12,0,1
BRDA:77,12,1,0
BRDA:78,13,0,1
BRDA:78,13,1,0
BRDA:92,14,0,0
BRDA:96,15,0,0
BRDA:100,16,0,0
BRDA:100,17,0,0
BRDA:100,17,1,0
BRDA:104,18,0,0
BRDA:113,19,0,0
BRDA:117,20,0,0
BRDA:117,20,1,0
BRDA:136,21,0,0
BRDA:136,21,1,0
BRDA:145,22,0,0
BRDA:171,23,0,36
BRDA:183,24,0,4
BRDA:183,24,1,0
BRDA:222,25,0,0
BRDA:222,25,1,44
BRDA:255,26,0,4
BRDA:261,27,0,0
BRDA:261,27,1,4
BRDA:280,28,0,36
BRDA:299,29,0,36
BRF:46
BRH:22
end_of_record
TN:
SF:src/components/SourcesList.tsx
FN:40,(anonymous_5)
FN:52,(anonymous_6)
FN:70,(anonymous_7)
FN:84,(anonymous_8)
FN:105,(anonymous_9)
FN:146,(anonymous_10)
FN:154,(anonymous_11)
FN:159,(anonymous_12)
FN:165,(anonymous_13)
FN:166,(anonymous_14)
FN:181,(anonymous_15)
FN:191,(anonymous_16)
FN:204,(anonymous_17)
FN:216,(anonymous_18)
FN:236,(anonymous_19)
FN:251,(anonymous_20)
FN:258,(anonymous_21)
FN:275,(anonymous_22)
FN:286,(anonymous_23)
FN:294,(anonymous_24)
FN:302,(anonymous_25)
FN:359,(anonymous_27)
FN:368,(anonymous_28)
FN:390,(anonymous_29)
FN:403,(anonymous_30)
FNF:25
FNH:18
FNDA:27,(anonymous_5)
FNDA:1,(anonymous_6)
FNDA:22,(anonymous_7)
FNDA:3,(anonymous_8)
FNDA:1,(anonymous_9)
FNDA:27,(anonymous_10)
FNDA:3,(anonymous_11)
FNDA:4,(anonymous_12)
FNDA:5,(anonymous_13)
FNDA:5,(anonymous_14)
FNDA:1,(anonymous_15)
FNDA:0,(anonymous_16)
FNDA:27,(anonymous_17)
FNDA:27,(anonymous_18)
FNDA:1,(anonymous_19)
FNDA:27,(anonymous_20)
FNDA:0,(anonymous_21)
FNDA:0,(anonymous_22)
FNDA:0,(anonymous_23)
FNDA:0,(anonymous_24)
FNDA:0,(anonymous_25)
FNDA:0,(anonymous_27)
FNDA:3,(anonymous_28)
FNDA:27,(anonymous_29)
FNDA:5,(anonymous_30)
DA:21,3
DA:23,3
DA:24,3
DA:25,3
DA:29,3
DA:30,3
DA:31,3
DA:35,3
DA:40,3
DA:41,27
DA:52,3
DA:53,1
DA:54,1
DA:55,1
DA:56,0
DA:57,1
DA:61,1
DA:63,1
DA:64,1
DA:65,1
DA:66,1
DA:67,1
DA:70,3
DA:77,22
DA:80,22
DA:83,22
DA:85,3
DA:86,3
DA:100,0
DA:105,22
DA:106,1
DA:107,1
DA:114,1
DA:131,0
DA:135,22
DA:136,22
DA:139,22
DA:140,1
DA:146,21
DA:147,27
DA:149,21
DA:154,21
DA:155,3
DA:156,1
DA:157,1
DA:159,4
DA:160,2
DA:165,21
DA:166,5
DA:167,5
DA:168,5
DA:169,5
DA:170,4
DA:171,4
DA:173,1
DA:174,1
DA:176,5
DA:181,21
DA:185,1
DA:186,1
DA:187,1
DA:191,21
DA:195,0
DA:196,0
DA:197,0
DA:198,0
DA:199,0
DA:204,21
DA:205,27
DA:207,9
DA:209,4
DA:211,14
DA:216,21
DA:218,27
DA:221,27
DA:222,0
DA:237,1
DA:251,21
DA:252,27
DA:253,27
DA:258,0
DA:271,21
DA:275,0
DA:286,0
DA:294,0
DA:303,0
DA:359,0
DA:369,3
DA:370,3
DA:391,27
DA:392,27
DA:393,27
DA:404,5
DA:405,5
DA:477,14
LF:95
LH:80
BRDA:41,0,0,27
BRDA:41,0,1,1
BRDA:41,0,2,1
BRDA:55,1,0,0
BRDA:55,1,1,1
BRDA:57,2,0,1
BRDA:58,3,0,1
BRDA:58,3,1,1
BRDA:61,4,0,1
BRDA:61,4,1,0
BRDA:65,5,0,1
BRDA:65,5,1,0
BRDA:72,6,0,21
BRDA:74,7,0,21
BRDA:85,8,0,3
BRDA:92,9,0,3
BRDA:92,9,1,0
BRDA:106,10,0,1
BRDA:107,11,0,0
BRDA:135,12,0,22
BRDA:135,12,1,2
BRDA:136,13,0,22
BRDA:136,13,1,2
BRDA:139,14,0,1
BRDA:147,15,0,27
BRDA:147,15,1,0
BRDA:149,16,0,1
BRDA:149,16,1,20
BRDA:155,17,0,1
BRDA:155,17,1,2
BRDA:169,18,0,4
BRDA:169,18,1,1
BRDA:197,19,0,0
BRDA:205,20,0,9
BRDA:205,20,1,4
BRDA:205,20,2,14
BRDA:221,21,0,0
BRDA:221,22,0,27
BRDA:221,22,1,9
BRDA:228,23,0,13
BRDA:228,23,1,14
BRDA:233,24,0,13
BRDA:233,24,1,14
BRDA:235,25,0,13
BRDA:235,25,1,0
BRDA:237,26,0,1
BRDA:237,26,1,1
BRDA:256,27,0,0
BRDA:271,28,0,1
BRDA:278,29,0,0
BRDA:278,29,1,1
BRDA:281,30,0,1
BRDA:309,31,0,0
BRDA:309,31,1,0
BRDA:316,32,0,0
BRDA:316,32,1,0
BRDA:318,33,0,0
BRDA:318,33,1,0
BRDA:348,34,0,20
BRDA:350,35,0,20
BRDA:350,35,1,0
BRDA:350,36,0,20
BRDA:350,36,1,0
BRDA:350,36,2,0
BRDA:353,37,0,20
BRDA:357,38,0,0
BRDA:357,39,0,0
BRDA:357,39,1,0
BRDA:362,40,0,0
BRDA:362,40,1,0
BRDA:374,41,0,6
BRDA:374,41,1,14
BRDA:380,42,0,20
BRDA:387,43,0,20
BRDA:387,43,1,0
BRDA:387,43,2,0
BRDA:397,44,0,20
BRDA:397,44,1,7
BRDA:433,45,0,27
BRDA:433,45,1,27
BRDA:433,45,2,27
BRDA:441,46,0,27
BRDA:444,47,0,8
BRDA:444,47,1,8
BRDA:444,47,2,3
BRDA:447,48,0,8
BRDA:447,48,1,8
BRDA:447,48,2,1
BRF:88
BRH:61
end_of_record
TN:
SF:src/components/Toast.tsx
FN:8,(anonymous_4)
FN:9,(anonymous_5)
FN:10,(anonymous_6)
FN:14,(anonymous_7)
FNF:4
FNH:4
FNDA:3,(anonymous_4)
FNDA:3,(anonymous_5)
FNDA:1,(anonymous_6)
FNDA:3,(anonymous_7)
DA:1,5
DA:8,5
DA:9,3
DA:10,3
DA:11,1
DA:14,3
DA:38,5
LF:7
LH:7
BRF:0
BRH:0
end_of_record
TN:
SF:src/components/TruncatedMarkdown.tsx
FN:13,(anonymous_5)
FN:22,(anonymous_6)
FN:34,(anonymous_7)
FN:57,(anonymous_8)
FNF:4
FNH:3
FNDA:21,(anonymous_5)
FNDA:21,(anonymous_6)
FNDA:0,(anonymous_7)
FNDA:2,(anonymous_8)
DA:1,2
DA:2,2
DA:3,2
DA:13,2
DA:18,21
DA:20,21
DA:22,21
DA:23,21
DA:25,19
DA:28,19
DA:34,21
DA:36,0
DA:53,21
DA:57,19
DA:58,2
DA:59,2
DA:83,20
LF:17
LH:16
BRDA:14,0,0,0
BRDA:23,1,0,2
BRDA:28,2,0,5
BRDA:28,2,1,14
BRDA:28,3,0,19
BRDA:28,3,1,17
BRDA:36,4,0,0
BRDA:36,5,0,0
BRDA:36,5,1,0
BRDA:53,6,0,2
BRDA:74,7,0,19
BRDA:74,7,1,17
BRF:12
BRH:8
end_of_record
TN:
SF:src/components/layout.tsx
FN:19,Layout
FN:26,(anonymous_3)
FN:28,(anonymous_4)
FN:32,(anonymous_5)
FN:39,(anonymous_6)
FN:84,(anonymous_7)
FNF:6
FNH:5
FNDA:40,Layout
FNDA:16,(anonymous_3)
FNDA:16,(anonymous_4)
FNDA:16,(anonymous_5)
FNDA:24,(anonymous_6)
FNDA:0,(anonymous_7)
DA:2,3
DA:4,3
DA:5,3
DA:6,3
DA:7,3
DA:8,3
DA:9,3
DA:10,3
DA:11,3
DA:12,3
DA:19,41
DA:20,40
DA:21,40
DA:22,40
DA:23,40
DA:26,40
DA:27,16
DA:28,16
DA:32,40
DA:33,16
DA:34,0
DA:39,40
DA:40,24
DA:42,23
DA:52,23
DA:57,40
DA:84,0
LF:27
LH:25
BRDA:33,0,0,0
BRDA:40,1,0,1
BRDA:42,2,0,23
BRDA:57,3,0,16
BRDA:65,4,0,24
BRDA:70,5,0,24
BRDA:70,5,1,0
BRDA:74,6,0,0
BRF:8
BRH:5
end_of_record
TN:
SF:src/components/popup.tsx
FN:12,(anonymous_2)
FN:15,(anonymous_3)
FN:17,(anonymous_4)
FNF:3
FNH:0
FNDA:0,(anonymous_2)
FNDA:0,(anonymous_3)
FNDA:0,(anonymous_4)
DA:1,1
DA:2,1
DA:3,1
DA:12,1
DA:13,0
DA:15,0
DA:16,0
DA:17,0
DA:18,0
DA:19,0
DA:20,0
DA:44,1
LF:12
LH:5
BRDA:19,0,0,0
BRDA:19,1,0,0
BRDA:19,1,1,0
BRF:3
BRH:0
end_of_record
TN:
SF:src/components/Header/AnandaHeader.tsx
FN:9,AnandaHeader
FNF:1
FNH:0
FNDA:0,AnandaHeader
DA:1,3
DA:3,3
DA:9,0
DA:10,0
DA:11,0
LF:5
LH:2
BRF:0
BRH:0
end_of_record
TN:
SF:src/components/Header/AnandaPublicHeader.tsx
FN:9,AnandaHeader
FNF:1
FNH:0
FNDA:0,AnandaHeader
DA:1,3
DA:3,3
DA:9,0
DA:10,0
DA:11,0
LF:5
LH:2
BRF:0
BRH:0
end_of_record
TN:
SF:src/components/Header/BaseHeader.tsx
FN:18,BaseHeader
FN:26,(anonymous_3)
FN:28,(anonymous_4)
FN:36,(anonymous_5)
FN:61,(anonymous_6)
FNF:5
FNH:0
FNDA:0,BaseHeader
FNDA:0,(anonymous_3)
FNDA:0,(anonymous_4)
FNDA:0,(anonymous_5)
FNDA:0,(anonymous_6)
DA:1,3
DA:2,3
DA:3,3
DA:4,3
DA:6,3
DA:7,3
DA:18,0
DA:25,0
DA:26,0
DA:28,0
DA:29,0
DA:30,0
DA:31,0
DA:32,0
DA:33,0
DA:36,0
DA:37,0
DA:62,0
LF:18
LH:6
BRDA:42,0,0,0
BRDA:49,1,0,0
BRDA:49,1,1,0
BRDA:50,2,0,0
BRDA:50,2,1,0
BRDA:52,3,0,0
BRDA:66,4,0,0
BRDA:66,4,1,0
BRDA:75,5,0,0
BRDA:78,6,0,0
BRF:10
BRH:0
end_of_record
TN:
SF:src/components/Header/CrystalHeader.tsx
FN:11,CrystalHeader
FNF:1
FNH:0
FNDA:0,CrystalHeader
DA:1,3
DA:2,3
DA:3,3
DA:5,3
DA:11,0
DA:12,0
LF:6
LH:4
BRF:0
BRH:0
end_of_record
TN:
SF:src/components/Header/JairamHeader.tsx
FN:9,JairamHeader
FNF:1
FNH:0
FNDA:0,JairamHeader
DA:1,3
DA:3,3
DA:9,0
DA:10,0
DA:11,0
LF:5
LH:2
BRF:0
BRH:0
end_of_record
TN:
SF:src/config/pinecone.ts
FN:3,loadEnvVariables
FN:18,getPineconeIndexName
FN:23,getPineconeIngestIndexName
FNF:3
FNH:0
FNDA:0,loadEnvVariables
FNDA:0,getPineconeIndexName
FNDA:0,getPineconeIngestIndexName
DA:1,2
DA:4,0
DA:6,0
DA:7,0
DA:10,0
DA:14,0
DA:18,1
DA:19,0
DA:20,0
DA:23,1
DA:24,0
DA:25,0
LF:12
LH:3
BRDA:6,0,0,0
BRDA:10,1,0,0
BRDA:11,2,0,0
BRDA:11,2,1,0
BRDA:20,3,0,0
BRDA:20,3,1,0
BRDA:25,4,0,0
BRDA:25,4,1,0
BRF:8
BRH:0
end_of_record
TN:
SF:src/contexts/AudioContext.tsx
FN:10,(anonymous_6)
FN:20,(anonymous_7)
FNF:2
FNH:1
FNDA:4,(anonymous_6)
FNDA:0,(anonymous_7)
DA:1,3
DA:8,3
DA:10,4
DA:11,4
DA:20,3
DA:21,0
DA:22,0
DA:23,0
DA:25,0
LF:9
LH:5
BRDA:22,0,0,0
BRF:1
BRH:0
end_of_record
TN:
SF:src/contexts/SudoContext.tsx
FN:12,(anonymous_6)
FN:18,(anonymous_7)
FN:63,(anonymous_8)
FN:74,(anonymous_9)
FNF:4
FNH:4
FNDA:12,(anonymous_6)
FNDA:11,(anonymous_7)
FNDA:11,(anonymous_8)
FNDA:23,(anonymous_9)
DA:1,2
DA:2,2
DA:10,2
DA:12,13
DA:15,12
DA:16,12
DA:18,12
DA:19,11
DA:21,11
DA:27,4
DA:28,4
DA:29,4
DA:30,4
DA:31,0
DA:33,4
DA:35,0
DA:37,0
DA:38,0
DA:41,0
DA:42,0
DA:43,0
DA:47,0
DA:48,0
DA:52,0
DA:55,0
DA:56,0
DA:58,0
DA:63,12
DA:64,11
DA:74,23
DA:75,23
DA:76,23
DA:77,0
DA:79,23
LF:34
LH:20
BRDA:27,0,0,4
BRDA:27,0,1,0
BRDA:30,1,0,0
BRDA:30,1,1,4
BRDA:35,2,0,0
BRDA:35,2,1,0
BRDA:47,3,0,0
BRDA:47,4,0,0
BRDA:47,4,1,0
BRDA:55,5,0,0
BRDA:55,5,1,0
BRDA:55,6,0,0
BRDA:55,6,1,0
BRDA:76,7,0,0
BRF:14
BRH:2
end_of_record
TN:
SF:src/hooks/useAudioPlayer.ts
FN:8,useAudioPlayer
FN:17,(anonymous_2)
FN:21,(anonymous_3)
FN:27,(anonymous_4)
FN:31,(anonymous_5)
FN:35,(anonymous_6)
FN:45,(anonymous_7)
FN:53,(anonymous_8)
FN:62,(anonymous_9)
FN:71,(anonymous_10)
FN:81,(anonymous_11)
FN:88,(anonymous_12)
FNF:12
FNH:0
FNDA:0,useAudioPlayer
FNDA:0,(anonymous_2)
FNDA:0,(anonymous_3)
FNDA:0,(anonymous_4)
FNDA:0,(anonymous_5)
FNDA:0,(anonymous_6)
FNDA:0,(anonymous_7)
FNDA:0,(anonymous_8)
FNDA:0,(anonymous_9)
FNDA:0,(anonymous_10)
FNDA:0,(anonymous_11)
FNDA:0,(anonymous_12)
DA:1,2
DA:8,0
DA:9,0
DA:10,0
DA:11,0
DA:12,0
DA:13,0
DA:14,0
DA:15,0
DA:17,0
DA:18,0
DA:19,0
DA:21,0
DA:22,0
DA:23,0
DA:24,0
DA:27,0
DA:28,0
DA:31,0
DA:32,0
DA:35,0
DA:36,0
DA:37,0
DA:40,0
DA:41,0
DA:42,0
DA:43,0
DA:45,0
DA:46,0
DA:47,0
DA:48,0
DA:49,0
DA:53,0
DA:54,0
DA:55,0
DA:57,0
DA:58,0
DA:59,0
DA:62,0
DA:63,0
DA:64,0
DA:66,0
DA:67,0
DA:68,0
DA:70,0
DA:71,0
DA:72,0
DA:73,0
DA:74,0
DA:76,0
DA:80,0
DA:82,0
DA:83,0
DA:84,0
DA:85,0
DA:86,0
DA:87,0
DA:88,0
DA:89,0
DA:90,0
DA:91,0
DA:94,0
DA:100,0
LF:63
LH:1
BRDA:19,0,0,0
BRDA:55,1,0,0
BRDA:55,2,0,0
BRDA:55,2,1,0
BRDA:64,3,0,0
BRDA:64,4,0,0
BRDA:64,4,1,0
BRDA:66,5,0,0
BRDA:66,5,1,0
BRDA:83,6,0,0
BRDA:87,7,0,0
BRF:11
BRH:0
end_of_record
TN:
SF:src/hooks/useLocalStorage.ts
FN:3,useLocalStorage
FN:4,(anonymous_2)
FN:17,(anonymous_3)
FNF:3
FNH:3
FNDA:55,useLocalStorage
FNDA:24,(anonymous_2)
FNDA:40,(anonymous_3)
DA:1,3
DA:3,55
DA:4,55
DA:5,24
DA:6,0
DA:8,24
DA:9,24
DA:10,24
DA:12,0
DA:13,0
DA:17,55
DA:18,40
DA:19,40
DA:21,0
DA:25,55
LF:15
LH:11
BRDA:5,0,0,0
BRDA:10,1,0,20
BRDA:10,1,1,4
BRF:3
BRH:2
end_of_record
TN:
SF:src/hooks/useMultipleCollections.ts
FN:5,(anonymous_1)
FN:6,(anonymous_2)
FNF:2
FNH:2
FNDA:6,(anonymous_1)
FNDA:5,(anonymous_2)
DA:1,2
DA:2,2
DA:5,6
DA:6,6
DA:7,5
DA:8,0
DA:9,0
DA:11,5
DA:12,5
DA:13,5
LF:10
LH:8
BRDA:7,0,0,0
BRF:1
BRH:0
end_of_record
TN:
SF:src/pages/_app.tsx
FN:35,MyApp
FN:42,(anonymous_5)
FN:45,(anonymous_6)
FN:48,(anonymous_7)
FN:82,(anonymous_8)
FN:84,(anonymous_9)
FN:127,(anonymous_10)
FN:140,(anonymous_11)
FN:153,(anonymous_12)
FN:179,(anonymous_13)
FN:188,(anonymous_14)
FN:194,reportWebVitals
FNF:12
FNH:7
FNDA:4,MyApp
FNDA:4,(anonymous_5)
FNDA:2,(anonymous_6)
FNDA:2,(anonymous_7)
FNDA:4,(anonymous_8)
FNDA:0,(anonymous_9)
FNDA:0,(anonymous_10)
FNDA:4,(anonymous_11)
FNDA:0,(anonymous_12)
FNDA:0,(anonymous_13)
FNDA:0,(anonymous_14)
FNDA:1,reportWebVitals
DA:2,1
DA:3,1
DA:4,1
DA:6,1
DA:7,1
DA:8,1
DA:9,1
DA:10,1
DA:12,1
DA:13,1
DA:14,1
DA:15,1
DA:16,1
DA:17,1
DA:18,1
DA:19,1
DA:22,1
DA:36,4
DA:37,4
DA:38,4
DA:39,4
DA:42,4
DA:44,4
DA:46,2
DA:49,2
DA:50,2
DA:53,2
DA:57,1
DA:61,1
DA:65,1
DA:82,4
DA:84,4
DA:93,0
DA:98,0
DA:101,0
DA:104,0
DA:108,0
DA:112,0
DA:115,0
DA:127,4
DA:128,0
DA:130,0
DA:134,4
DA:135,4
DA:140,4
DA:141,4
DA:145,4
DA:153,4
DA:155,0
DA:157,0
DA:158,0
DA:179,0
DA:188,1
DA:189,0
DA:190,0
DA:194,1
DA:195,1
DA:196,1
DA:197,1
DA:206,0
DA:215,4
LF:61
LH:45
BRDA:53,0,0,1
BRDA:54,1,0,2
BRDA:54,1,1,2
BRDA:93,2,0,0
BRDA:94,3,0,0
BRDA:94,3,1,0
BRDA:94,3,2,0
BRDA:101,4,0,0
BRDA:155,5,0,0
BRDA:169,6,0,4
BRDA:196,7,0,1
BRDA:196,7,1,0
BRDA:207,8,0,0
BRDA:207,8,1,0
BRDA:208,9,0,0
BRDA:208,9,1,0
BRF:16
BRH:5
end_of_record
TN:
SF:src/pages/index.tsx
FN:50,Home
FN:57,(anonymous_3)
FN:100,(anonymous_4)
FN:112,(anonymous_5)
FN:117,(anonymous_6)
FN:118,(anonymous_7)
FN:150,(anonymous_8)
FN:160,(anonymous_9)
FN:171,(anonymous_10)
FN:178,(anonymous_11)
FN:182,(anonymous_12)
FN:205,(anonymous_13)
FN:223,(anonymous_14)
FN:240,(anonymous_15)
FN:276,(anonymous_16)
FN:277,(anonymous_17)
FN:326,(anonymous_18)
FN:353,(anonymous_19)
FN:387,(anonymous_20)
FN:440,(anonymous_21)
FN:474,(anonymous_22)
FN:480,(anonymous_23)
FN:482,(anonymous_24)
FN:505,(anonymous_25)
FN:513,(anonymous_26)
FN:538,(anonymous_27)
FN:635,(anonymous_28)
FN:652,(anonymous_29)
FN:657,(anonymous_30)
FN:659,fetchQueries
FN:673,(anonymous_32)
FN:679,(anonymous_33)
FN:703,(anonymous_34)
FN:706,(anonymous_35)
FN:716,(anonymous_36)
FN:746,(anonymous_37)
FN:771,(anonymous_38)
FN:792,(anonymous_39)
FN:809,(anonymous_40)
FN:817,(anonymous_41)
FN:819,(anonymous_42)
FN:821,(anonymous_43)
FN:827,(anonymous_44)
FN:846,(anonymous_45)
FN:856,(anonymous_46)
FN:918,(anonymous_47)
FNF:46
FNH:12
FNDA:30,Home
FNDA:8,(anonymous_3)
FNDA:0,(anonymous_4)
FNDA:0,(anonymous_5)
FNDA:8,(anonymous_6)
FNDA:0,(anonymous_7)
FNDA:0,(anonymous_8)
FNDA:8,(anonymous_9)
FNDA:23,(anonymous_10)
FNDA:0,(anonymous_11)
FNDA:0,(anonymous_12)
FNDA:0,(anonymous_13)
FNDA:0,(anonymous_14)
FNDA:0,(anonymous_15)
FNDA:0,(anonymous_16)
FNDA:0,(anonymous_17)
FNDA:0,(anonymous_18)
FNDA:0,(anonymous_19)
FNDA:0,(anonymous_20)
FNDA:0,(anonymous_21)
FNDA:0,(anonymous_22)
FNDA:0,(anonymous_23)
FNDA:0,(anonymous_24)
FNDA:8,(anonymous_25)
FNDA:0,(anonymous_26)
FNDA:0,(anonymous_27)
FNDA:0,(anonymous_28)
FNDA:0,(anonymous_29)
FNDA:8,(anonymous_30)
FNDA:8,fetchQueries
FNDA:8,(anonymous_32)
FNDA:23,(anonymous_33)
FNDA:0,(anonymous_34)
FNDA:0,(anonymous_35)
FNDA:0,(anonymous_36)
FNDA:0,(anonymous_37)
FNDA:0,(anonymous_38)
FNDA:0,(anonymous_39)
FNDA:0,(anonymous_40)
FNDA:0,(anonymous_41)
FNDA:0,(anonymous_42)
FNDA:0,(anonymous_43)
FNDA:15,(anonymous_44)
FNDA:0,(anonymous_45)
FNDA:0,(anonymous_46)
FNDA:30,(anonymous_47)
DA:10,1
DA:13,1
DA:14,1
DA:15,1
DA:16,1
DA:17,1
DA:18,1
DA:21,1
DA:22,1
DA:23,1
DA:24,1
DA:27,1
DA:28,1
DA:29,1
DA:36,1
DA:40,1
DA:41,1
DA:46,1
DA:47,1
DA:50,8
DA:56,30
DA:57,30
DA:58,8
DA:59,8
DA:61,30
DA:62,30
DA:63,30
DA:64,30
DA:65,30
DA:79,30
DA:80,30
DA:85,30
DA:86,30
DA:89,30
DA:90,30
DA:91,30
DA:92,30
DA:93,30
DA:94,30
DA:95,30
DA:96,30
DA:97,30
DA:100,30
DA:101,0
DA:106,0
DA:107,0
DA:112,0
DA:117,30
DA:118,8
DA:119,0
DA:120,0
DA:123,0
DA:124,0
DA:127,0
DA:128,0
DA:129,0
DA:132,0
DA:133,0
DA:137,0
DA:140,0
DA:141,0
DA:142,0
DA:145,0
DA:146,0
DA:150,0
DA:155,8
DA:156,8
DA:157,0
DA:160,8
DA:161,8
DA:162,0
DA:164,8
DA:165,0
DA:171,30
DA:172,23
DA:173,0
DA:178,30
DA:179,0
DA:180,0
DA:181,0
DA:182,0
DA:183,0
DA:184,0
DA:189,0
DA:196,30
DA:205,30
DA:206,0
DA:207,0
DA:208,0
DA:209,0
DA:210,0
DA:215,30
DA:216,30
DA:220,30
DA:223,30
DA:224,0
DA:225,0
DA:226,0
DA:227,0
DA:231,30
DA:232,30
DA:237,30
DA:238,30
DA:240,30
DA:241,0
DA:242,0
DA:248,0
DA:249,0
DA:252,0
DA:253,0
DA:255,0
DA:256,0
DA:260,30
DA:265,30
DA:273,30
DA:275,30
DA:277,0
DA:278,0
DA:279,0
DA:281,0
DA:283,0
DA:284,0
DA:294,0
DA:301,0
DA:302,0
DA:304,0
DA:305,0
DA:306,0
DA:313,0
DA:320,0
DA:325,30
DA:328,0
DA:330,0
DA:335,0
DA:341,0
DA:342,0
DA:343,0
DA:346,0
DA:347,0
DA:348,0
DA:351,0
DA:352,0
DA:353,0
DA:354,0
DA:358,0
DA:359,0
DA:364,0
DA:365,0
DA:371,0
DA:373,0
DA:374,0
DA:378,0
DA:381,0
DA:384,0
DA:387,0
DA:389,0
DA:390,0
DA:393,0
DA:397,0
DA:398,0
DA:399,0
DA:400,0
DA:401,0
DA:407,0
DA:413,0
DA:414,0
DA:419,0
DA:425,0
DA:429,0
DA:430,0
DA:431,0
DA:434,0
DA:437,0
DA:440,0
DA:441,0
DA:443,0
DA:445,0
DA:447,0
DA:451,0
DA:453,0
DA:454,0
DA:455,0
DA:459,0
DA:463,0
DA:466,0
DA:474,0
DA:475,0
DA:476,0
DA:479,0
DA:480,0
DA:483,0
DA:486,0
DA:505,30
DA:506,8
DA:507,0
DA:508,0
DA:513,30
DA:514,0
DA:515,0
DA:518,0
DA:520,0
DA:521,0
DA:522,0
DA:525,0
DA:526,0
DA:527,0
DA:530,0
DA:531,0
DA:532,0
DA:535,0
DA:538,0
DA:558,0
DA:561,0
DA:563,0
DA:564,0
DA:565,0
DA:567,0
DA:583,0
DA:584,0
DA:585,0
DA:586,0
DA:587,0
DA:590,0
DA:591,0
DA:592,0
DA:593,0
DA:594,0
DA:597,0
DA:598,0
DA:599,0
DA:600,0
DA:601,0
DA:602,0
DA:605,0
DA:606,0
DA:608,0
DA:609,0
DA:610,0
DA:611,0
DA:614,0
DA:616,0
DA:622,0
DA:624,0
DA:625,0
DA:630,0
DA:635,30
DA:639,0
DA:640,0
DA:641,0
DA:642,0
DA:643,0
DA:652,30
DA:653,0
DA:657,30
DA:658,8
DA:660,8
DA:661,7
DA:662,7
DA:666,7
DA:667,7
DA:668,7
DA:672,8
DA:673,8
DA:674,8
DA:679,30
DA:680,23
DA:682,23
DA:683,23
DA:684,0
DA:688,23
DA:692,0
DA:693,0
DA:697,30
DA:703,30
DA:705,0
DA:706,0
DA:712,0
DA:716,30
DA:719,0
DA:720,0
DA:722,0
DA:723,0
DA:726,0
DA:727,0
DA:732,30
DA:733,30
DA:737,30
DA:738,30
DA:741,30
DA:746,30
DA:747,0
DA:748,0
DA:750,0
DA:752,0
DA:754,0
DA:757,0
DA:760,0
DA:761,0
DA:764,0
DA:765,0
DA:771,30
DA:776,0
DA:777,0
DA:778,0
DA:784,0
DA:785,0
DA:786,0
DA:792,0
DA:793,0
DA:794,0
DA:795,0
DA:798,0
DA:800,0
DA:802,0
DA:803,0
DA:809,30
DA:810,0
DA:811,0
DA:812,0
DA:813,0
DA:817,30
DA:818,0
DA:819,0
DA:820,0
DA:821,0
DA:822,0
DA:827,30
DA:831,15
DA:833,15
DA:835,15
DA:836,7
DA:841,30
DA:846,30
DA:847,0
DA:848,0
DA:849,0
DA:856,30
DA:857,0
DA:859,0
DA:861,0
DA:863,0
DA:864,0
DA:868,30
DA:871,30
DA:919,30
LF:345
LH:113
BRDA:59,0,0,8
BRDA:59,0,1,8
BRDA:101,1,0,0
BRDA:102,2,0,0
BRDA:102,2,1,0
BRDA:102,2,2,0
BRDA:119,3,0,0
BRDA:123,4,0,0
BRDA:128,5,0,0
BRDA:132,6,0,0
BRDA:145,7,0,0
BRDA:156,8,0,0
BRDA:161,9,0,0
BRDA:164,10,0,0
BRDA:172,11,0,0
BRDA:172,12,0,23
BRDA:172,12,1,0
BRDA:172,12,2,0
BRDA:179,13,0,0
BRDA:181,14,0,0
BRDA:187,15,0,0
BRDA:187,15,1,0
BRDA:198,16,0,24
BRDA:198,16,1,6
BRDA:206,17,0,0
BRDA:206,18,0,0
BRDA:206,18,1,0
BRDA:224,19,0,0
BRDA:248,20,0,0
BRDA:261,21,0,30
BRDA:261,21,1,30
BRDA:281,22,0,0
BRDA:281,22,1,0
BRDA:287,23,0,0
BRDA:287,23,1,0
BRDA:289,24,0,0
BRDA:289,24,1,0
BRDA:291,25,0,0
BRDA:291,25,1,0
BRDA:302,26,0,0
BRDA:305,27,0,0
BRDA:330,28,0,0
BRDA:331,29,0,0
BRDA:331,29,1,0
BRDA:331,29,2,0
BRDA:341,30,0,0
BRDA:346,31,0,0
BRDA:351,32,0,0
BRDA:354,33,0,0
BRDA:354,33,1,0
BRDA:358,34,0,0
BRDA:378,35,0,0
BRDA:393,36,0,0
BRDA:394,37,0,0
BRDA:394,37,1,0
BRDA:398,38,0,0
BRDA:407,39,0,0
BRDA:408,40,0,0
BRDA:408,40,1,0
BRDA:408,40,2,0
BRDA:429,41,0,0
BRDA:434,42,0,0
BRDA:445,43,0,0
BRDA:445,43,1,0
BRDA:451,44,0,0
BRDA:451,44,1,0
BRDA:454,45,0,0
BRDA:479,46,0,0
BRDA:483,47,0,0
BRDA:483,47,1,0
BRDA:486,48,0,0
BRDA:486,48,1,0
BRDA:506,49,0,0
BRDA:515,50,0,0
BRDA:520,51,0,0
BRDA:525,52,0,0
BRDA:583,53,0,0
BRDA:586,54,0,0
BRDA:586,54,1,0
BRDA:591,55,0,0
BRDA:601,56,0,0
BRDA:609,57,0,0
BRDA:626,58,0,0
BRDA:626,58,1,0
BRDA:639,59,0,0
BRDA:639,60,0,0
BRDA:639,60,1,0
BRDA:640,61,0,0
BRDA:660,62,0,7
BRDA:666,63,0,7
BRDA:680,64,0,23
BRDA:683,65,0,0
BRDA:720,66,0,0
BRDA:720,66,1,0
BRDA:750,67,0,0
BRDA:750,67,1,0
BRDA:752,68,0,0
BRDA:752,68,1,0
BRDA:757,69,0,0
BRDA:757,69,1,0
BRDA:784,70,0,0
BRDA:787,71,0,0
BRDA:787,71,1,0
BRDA:802,72,0,0
BRDA:802,72,1,0
BRDA:831,73,0,15
BRDA:831,73,1,15
BRDA:832,74,0,0
BRDA:832,74,1,15
BRDA:835,75,0,7
BRDA:835,76,0,15
BRDA:835,76,1,7
BRDA:842,77,0,30
BRDA:842,77,1,2
BRDA:857,78,0,0
BRDA:861,79,0,0
BRDA:861,80,0,0
BRDA:861,80,1,0
BRDA:868,81,0,30
BRDA:868,81,1,30
BRDA:871,82,0,0
BRDA:892,83,0,30
BRDA:892,83,1,0
BRDA:902,84,0,30
BRDA:923,85,0,0
BRDA:923,85,1,30
BRDA:939,86,0,30
BRDA:939,86,1,2
BRDA:944,87,0,30
BRDA:944,87,1,0
BRDA:944,87,2,0
BRDA:944,87,3,0
BRDA:957,88,0,16
BRDA:989,89,0,30
BRDA:1014,90,0,30
BRDA:1014,90,1,0
BRF:136
BRH:29
end_of_record
TN:
SF:src/pages/admin/downvotes.tsx
FN:14,(anonymous_2)
FN:22,(anonymous_3)
FN:28,(anonymous_4)
FN:89,(anonymous_5)
FN:101,(anonymous_6)
FN:111,(anonymous_7)
FNF:6
FNH:5
FNDA:9,(anonymous_2)
FNDA:7,(anonymous_3)
FNDA:1,(anonymous_4)
FNDA:7,(anonymous_5)
FNDA:0,(anonymous_6)
FNDA:1,(anonymous_7)
DA:1,1
DA:2,1
DA:4,1
DA:5,1
DA:7,1
DA:8,1
DA:14,1
DA:15,9
DA:16,9
DA:17,9
DA:19,9
DA:22,9
DA:23,7
DA:24,5
DA:28,9
DA:29,1
DA:30,0
DA:32,1
DA:33,1
DA:39,9
DA:55,8
DA:65,8
DA:90,7
DA:101,0
DA:111,1
DA:125,7
LF:26
LH:24
BRDA:16,0,0,9
BRDA:16,0,1,0
BRDA:23,1,0,5
BRDA:23,2,0,7
BRDA:23,2,1,5
BRDA:29,3,0,0
BRDA:29,4,0,1
BRDA:29,4,1,1
BRDA:29,4,2,1
BRDA:39,5,0,1
BRDA:39,6,0,9
BRDA:39,6,1,1
BRDA:55,7,0,0
BRDA:65,8,0,1
BRDA:71,9,0,1
BRDA:71,9,1,0
BRDA:85,10,0,1
BRDA:84,11,0,7
BRDA:84,11,1,7
BRDA:102,12,0,6
BRDA:102,12,1,5
BRDA:112,13,0,6
BRDA:112,13,1,5
BRF:23
BRH:19
end_of_record
TN:
SF:src/pages/answers/[answerId].tsx
FN:30,(anonymous_2)
FN:44,(anonymous_3)
FN:66,(anonymous_4)
FN:67,(anonymous_5)
FN:83,(anonymous_6)
FN:109,(anonymous_7)
FN:116,(anonymous_8)
FN:132,(anonymous_9)
FN:147,(anonymous_10)
FN:150,(anonymous_11)
FN:162,(anonymous_12)
FN:167,(anonymous_13)
FN:179,(anonymous_14)
FN:191,(anonymous_15)
FN:198,(anonymous_16)
FN:200,(anonymous_17)
FN:202,(anonymous_18)
FN:208,(anonymous_19)
FN:253,(anonymous_20)
FN:294,(anonymous_21)
FNF:20
FNH:5
FNDA:2,(anonymous_2)
FNDA:0,(anonymous_3)
FNDA:1,(anonymous_4)
FNDA:1,(anonymous_5)
FNDA:0,(anonymous_6)
FNDA:1,(anonymous_7)
FNDA:0,(anonymous_8)
FNDA:0,(anonymous_9)
FNDA:1,(anonymous_10)
FNDA:0,(anonymous_11)
FNDA:0,(anonymous_12)
FNDA:0,(anonymous_13)
FNDA:0,(anonymous_14)
FNDA:0,(anonymous_15)
FNDA:0,(anonymous_16)
FNDA:0,(anonymous_17)
FNDA:0,(anonymous_18)
FNDA:0,(anonymous_19)
FNDA:0,(anonymous_20)
FNDA:0,(anonymous_21)
DA:9,1
DA:10,1
DA:11,1
DA:12,1
DA:14,1
DA:15,1
DA:16,1
DA:17,1
DA:18,1
DA:19,1
DA:20,1
DA:21,1
DA:22,1
DA:23,1
DA:30,1
DA:31,2
DA:32,2
DA:33,2
DA:34,2
DA:35,2
DA:36,2
DA:37,2
DA:38,2
DA:39,2
DA:41,2
DA:44,2
DA:45,0
DA:60,2
DA:63,2
DA:66,2
DA:67,1
DA:68,1
DA:70,1
DA:71,1
DA:73,1
DA:75,1
DA:77,0
DA:78,0
DA:79,0
DA:82,0
DA:83,0
DA:84,0
DA:87,0
DA:88,0
DA:89,0
DA:91,0
DA:94,1
DA:95,1
DA:99,1
DA:103,1
DA:104,1
DA:109,2
DA:111,1
DA:112,0
DA:113,0
DA:116,1
DA:117,0
DA:119,0
DA:120,0
DA:122,0
DA:125,0
DA:128,0
DA:130,0
DA:131,0
DA:132,0
DA:133,0
DA:135,0
DA:141,1
DA:142,0
DA:147,2
DA:148,1
DA:150,0
DA:151,0
DA:152,0
DA:153,0
DA:159,0
DA:162,0
DA:167,2
DA:172,0
DA:173,0
DA:174,0
DA:178,0
DA:179,0
DA:180,0
DA:181,0
DA:182,0
DA:190,0
DA:191,0
DA:198,2
DA:199,0
DA:200,0
DA:201,0
DA:202,0
DA:203,0
DA:208,2
DA:209,0
DA:210,0
DA:212,0
DA:216,0
DA:217,0
DA:218,0
DA:223,0
DA:224,0
DA:226,0
DA:227,0
DA:233,2
DA:236,2
DA:247,2
DA:253,0
DA:264,1
DA:295,0
DA:350,1
LF:112
LH:54
BRDA:45,0,0,0
BRDA:45,1,0,0
BRDA:45,1,1,0
BRDA:63,2,0,2
BRDA:63,2,1,0
BRDA:68,3,0,0
BRDA:77,4,0,0
BRDA:82,5,0,0
BRDA:84,6,0,0
BRDA:84,6,1,0
BRDA:88,7,0,0
BRDA:88,7,1,0
BRDA:88,8,0,0
BRDA:88,8,1,0
BRDA:96,9,0,1
BRDA:96,9,1,0
BRDA:103,10,0,1
BRDA:111,11,0,0
BRDA:117,12,0,0
BRDA:130,13,0,0
BRDA:141,14,0,0
BRDA:148,15,0,0
BRDA:148,16,0,1
BRDA:148,16,1,0
BRDA:152,17,0,0
BRDA:172,18,0,0
BRDA:178,19,0,0
BRDA:180,20,0,0
BRDA:180,21,0,0
BRDA:180,21,1,0
BRDA:209,22,0,0
BRDA:216,23,0,0
BRDA:233,24,0,2
BRDA:233,24,1,2
BRDA:236,25,0,0
BRDA:247,26,0,1
BRDA:264,27,0,1
BRDA:264,28,0,1
BRDA:264,28,1,1
BRDA:285,29,0,0
BRDA:285,29,1,0
BRDA:285,29,2,0
BRDA:298,30,0,0
BRDA:298,30,1,0
BRDA:313,31,0,0
BRDA:313,31,1,0
BRDA:325,32,0,0
BRDA:332,33,0,0
BRDA:332,33,1,0
BRDA:336,34,0,0
BRDA:336,34,1,0
BRF:51
BRH:10
end_of_record
TN:
SF:src/pages/api/answers.ts
FN:23,getAnswers
FN:59,(anonymous_2)
FN:103,deleteAnswerById
FN:118,apiHandler
FN:143,handler
FN:159,handleGetRequest
FN:224,handleDeleteRequest
FNF:7
FNH:7
FNDA:2,getAnswers
FNDA:2,(anonymous_2)
FNDA:2,deleteAnswerById
FNDA:10,apiHandler
FNDA:10,handler
FNDA:5,handleGetRequest
FNDA:4,handleDeleteRequest
DA:6,1
DA:7,1
DA:8,1
DA:12,1
DA:15,1
DA:16,1
DA:17,1
DA:30,2
DA:31,1
DA:35,1
DA:40,1
DA:41,0
DA:45,1
DA:46,1
DA:47,1
DA:50,1
DA:53,1
DA:54,0
DA:58,1
DA:59,1
DA:60,2
DA:61,2
DA:64,2
DA:65,2
DA:68,0
DA:69,0
DA:70,0
DA:71,0
DA:72,0
DA:78,2
DA:99,1
DA:105,2
DA:106,0
DA:109,2
DA:110,2
DA:112,1
DA:113,1
DA:119,10
DA:122,10
DA:123,5
DA:127,5
DA:128,4
DA:132,1
DA:133,1
DA:137,1
DA:140,1
DA:143,10
DA:144,10
DA:146,10
DA:147,5
DA:150,5
DA:151,4
DA:155,1
DA:161,5
DA:167,5
DA:168,0
DA:171,5
DA:172,5
DA:174,5
DA:176,3
DA:177,1
DA:181,2
DA:182,2
DA:183,2
DA:184,1
DA:186,1
DA:189,2
DA:190,2
DA:191,2
DA:192,2
DA:193,2
DA:194,2
DA:200,1
DA:204,1
DA:205,1
DA:206,1
DA:207,0
DA:210,1
DA:211,1
DA:213,0
DA:218,0
DA:225,4
DA:227,4
DA:228,4
DA:229,1
DA:236,3
DA:237,3
DA:238,1
DA:241,2
DA:242,1
DA:245,1
DA:246,1
DA:247,1
DA:248,0
DA:250,1
DA:255,0
LF:96
LH:82
BRDA:30,0,0,1
BRDA:37,1,0,0
BRDA:37,1,1,1
BRDA:40,2,0,0
BRDA:53,3,0,0
BRDA:65,4,0,2
BRDA:65,4,1,0
BRDA:68,5,0,0
BRDA:71,6,0,0
BRDA:71,7,0,0
BRDA:71,7,1,0
BRDA:87,8,0,2
BRDA:87,8,1,0
BRDA:88,9,0,2
BRDA:88,9,1,2
BRDA:92,10,0,2
BRDA:92,10,1,2
BRDA:105,11,0,0
BRDA:122,12,0,5
BRDA:127,13,0,4
BRDA:146,14,0,5
BRDA:150,15,0,4
BRDA:167,16,0,0
BRDA:174,17,0,3
BRDA:174,17,1,2
BRDA:176,18,0,1
BRDA:183,19,0,1
BRDA:190,20,0,2
BRDA:190,20,1,0
BRDA:191,21,0,2
BRDA:191,21,1,0
BRDA:193,22,0,2
BRDA:193,22,1,1
BRDA:205,23,0,1
BRDA:205,23,1,0
BRDA:206,24,0,0
BRDA:206,24,1,1
BRDA:206,25,0,1
BRDA:206,25,1,0
BRDA:210,26,0,1
BRDA:210,26,1,0
BRDA:228,27,0,1
BRDA:228,28,0,4
BRDA:228,28,1,3
BRDA:237,29,0,1
BRDA:246,30,0,1
BRDA:246,30,1,0
BRDA:247,31,0,0
BRDA:247,31,1,1
BRF:49
BRH:30
end_of_record
TN:
SF:src/pages/api/contact.ts
FN:38,(anonymous_2)
FNF:1
FNH:1
FNDA:6,(anonymous_2)
DA:5,1
DA:6,1
DA:7,1
DA:8,1
DA:9,1
DA:10,1
DA:11,1
DA:13,1
DA:22,1
DA:38,1
DA:43,6
DA:46,6
DA:47,0
DA:48,0
DA:52,6
DA:53,1
DA:54,1
DA:58,5
DA:64,5
DA:65,0
DA:68,5
DA:69,5
DA:72,5
DA:73,1
DA:75,4
DA:76,1
DA:78,3
DA:79,2
DA:83,1
DA:84,1
DA:85,1
DA:87,1
DA:88,1
DA:89,1
DA:94,0
DA:95,0
DA:96,0
DA:101,0
DA:118,0
DA:119,0
DA:121,0
DA:122,0
DA:127,6
LF:43
LH:32
BRDA:14,0,0,1
BRDA:14,0,1,1
BRDA:16,1,0,1
BRDA:16,1,1,1
BRDA:17,2,0,1
BRDA:17,2,1,1
BRDA:24,3,0,1
BRDA:24,3,1,1
BRDA:46,4,0,0
BRDA:52,5,0,1
BRDA:64,6,0,0
BRDA:72,7,0,1
BRDA:75,8,0,1
BRDA:78,9,0,2
BRDA:88,10,0,1
BRDA:95,11,0,0
BRF:16
BRH:13
end_of_record
TN:
SF:src/pages/api/downvotedAnswers.ts
FN:12,handler
FN:58,(anonymous_2)
FNF:2
FNH:2
FNDA:6,handler
FNDA:4,(anonymous_2)
DA:5,1
DA:6,1
DA:7,1
DA:8,1
DA:9,1
DA:10,1
DA:14,6
DA:20,6
DA:21,0
DA:24,6
DA:25,1
DA:28,5
DA:29,5
DA:30,1
DA:34,4
DA:35,1
DA:38,3
DA:39,3
DA:40,3
DA:41,3
DA:43,3
DA:46,2
DA:47,2
DA:48,2
DA:51,2
DA:58,2
DA:59,4
DA:60,4
DA:75,2
DA:81,1
DA:82,1
DA:88,6
LF:32
LH:31
BRDA:20,0,0,0
BRDA:24,1,0,1
BRDA:29,2,0,1
BRDA:34,3,0,1
BRDA:39,4,0,3
BRDA:39,4,1,2
BRDA:62,5,0,4
BRDA:62,5,1,0
BRDA:63,6,0,4
BRDA:63,6,1,0
BRDA:64,7,0,4
BRDA:64,7,1,0
BRDA:65,8,0,4
BRDA:65,8,1,0
BRDA:69,9,0,4
BRDA:69,9,1,0
BRDA:70,10,0,4
BRDA:70,10,1,0
BRDA:71,11,0,4
BRDA:71,11,1,0
BRDA:83,12,0,1
BRDA:83,12,1,0
BRF:22
BRH:13
end_of_record
TN:
SF:src/pages/api/get-token.ts
FN:30,handler
FNF:1
FNH:1
FNDA:13,handler
DA:19,1
DA:20,1
DA:21,1
DA:22,1
DA:31,13
DA:34,13
DA:40,13
DA:41,0
DA:45,13
DA:46,13
DA:47,13
DA:50,13
DA:51,13
DA:54,13
DA:55,13
DA:56,13
DA:59,13
DA:60,1
DA:61,1
DA:64,12
DA:66,12
DA:69,12
DA:71,12
DA:72,4
DA:73,4
DA:76,4
DA:77,2
DA:82,2
DA:93,10
DA:95,10
DA:96,1
DA:97,1
DA:101,9
DA:102,9
DA:105,9
DA:106,1
DA:109,1
DA:113,8
DA:114,8
DA:118,8
DA:124,8
DA:125,8
DA:128,8
DA:129,1
DA:132,1
DA:133,0
DA:134,0
DA:137,0
DA:142,1
DA:146,7
DA:154,7
DA:159,6
DA:162,1
DA:163,1
DA:167,13
LF:55
LH:51
BRDA:40,0,0,0
BRDA:59,1,0,1
BRDA:66,2,0,12
BRDA:66,2,1,1
BRDA:71,3,0,4
BRDA:76,4,0,2
BRDA:93,5,0,10
BRDA:93,5,1,9
BRDA:95,6,0,1
BRDA:105,7,0,1
BRDA:105,8,0,9
BRDA:105,8,1,8
BRDA:128,9,0,1
BRDA:128,10,0,8
BRDA:128,10,1,3
BRDA:132,11,0,0
BRDA:147,12,0,5
BRDA:147,12,1,2
BRF:18
BRH:16
end_of_record
TN:
SF:src/pages/api/login.ts
FN:14,handler
FNF:1
FNH:1
FNDA:9,handler
DA:2,1
DA:3,1
DA:4,1
DA:5,1
DA:9,1
DA:10,1
DA:11,1
DA:12,1
DA:15,9
DA:17,9
DA:18,0
DA:19,0
DA:22,9
DA:24,8
DA:30,8
DA:32,8
DA:35,8
DA:36,1
DA:39,7
DA:40,1
DA:43,6
DA:55,1
DA:56,1
DA:60,5
DA:61,5
DA:65,5
DA:66,5
DA:67,5
DA:68,5
DA:70,5
DA:76,1
DA:79,4
DA:80,4
DA:81,3
DA:86,3
DA:87,1
DA:91,2
DA:92,2
DA:94,2
DA:95,2
DA:98,2
DA:100,2
DA:108,2
DA:117,2
DA:119,2
DA:123,1
DA:126,1
DA:130,10
LF:48
LH:46
BRDA:17,0,0,0
BRDA:22,1,0,8
BRDA:22,1,1,1
BRDA:30,2,0,0
BRDA:35,3,0,1
BRDA:35,4,0,8
BRDA:35,4,1,8
BRDA:39,5,0,1
BRDA:43,6,0,1
BRDA:44,7,0,6
BRDA:44,7,1,2
BRDA:44,7,2,2
BRDA:44,7,3,2
BRDA:61,8,0,1
BRDA:61,8,1,4
BRDA:70,9,0,1
BRDA:71,10,0,5
BRDA:71,10,1,5
BRDA:71,10,2,4
BRDA:71,10,3,4
BRDA:80,11,0,3
BRDA:80,11,1,1
BRDA:86,12,0,1
BRDA:91,13,0,2
BRDA:91,13,1,0
BRF:25
BRH:22
end_of_record
TN:
SF:src/pages/api/logout.ts
FN:6,handler
FNF:1
FNH:1
FNDA:3,handler
DA:2,1
DA:3,1
DA:4,1
DA:8,3
DA:14,3
DA:15,0
DA:18,3
DA:19,2
DA:20,2
DA:24,2
DA:28,2
DA:30,1
DA:34,3
LF:13
LH:12
BRDA:14,0,0,0
BRDA:18,1,0,2
BRDA:18,1,1,1
BRF:3
BRH:2
end_of_record
TN:
SF:src/pages/api/model-comparison-export.ts
FN:42,handler
FN:91,(anonymous_2)
FN:115,(anonymous_3)
FNF:3
FNH:3
FNDA:7,handler
FNDA:3,(anonymous_2)
FNDA:1,(anonymous_3)
DA:5,1
DA:6,1
DA:7,1
DA:8,1
DA:9,1
DA:10,1
DA:44,7
DA:50,7
DA:51,1
DA:54,6
DA:55,1
DA:59,5
DA:60,5
DA:61,1
DA:67,4
DA:68,0
DA:75,4
DA:77,4
DA:78,4
DA:79,4
DA:80,4
DA:83,4
DA:84,0
DA:86,4
DA:87,0
DA:90,4
DA:91,3
DA:96,3
DA:97,1
DA:115,1
DA:116,1
DA:135,1
DA:137,1
DA:138,1
DA:142,1
DA:146,2
DA:147,2
DA:151,2
DA:153,1
DA:154,1
DA:158,7
LF:41
LH:38
BRDA:50,0,0,1
BRDA:54,1,0,1
BRDA:60,2,0,1
BRDA:67,3,0,0
BRDA:72,4,0,3
BRDA:78,5,0,0
BRDA:78,5,1,4
BRDA:83,6,0,0
BRDA:86,7,0,0
BRDA:96,8,0,1
BRDA:125,9,0,1
BRDA:125,9,1,0
BRDA:126,10,0,1
BRDA:126,10,1,0
BRDA:127,11,0,1
BRDA:127,11,1,1
BRDA:128,12,0,1
BRDA:128,12,1,0
BRDA:129,13,0,1
BRDA:129,13,1,1
BRDA:130,14,0,1
BRDA:130,14,1,0
BRF:22
BRH:14
end_of_record
TN:
SF:src/pages/api/relatedQuestions.ts
FN:28,categorizeError
FN:71,withJwtOrCronAuth
FN:74,(anonymous_5)
FN:92,handler
FN:138,(anonymous_7)
FN:141,(anonymous_8)
FNF:6
FNH:4
FNDA:0,categorizeError
FNDA:3,withJwtOrCronAuth
FNDA:5,(anonymous_5)
FNDA:4,handler
FNDA:2,(anonymous_7)
FNDA:0,(anonymous_8)
DA:5,3
DA:6,3
DA:7,3
DA:9,3
DA:12,3
DA:15,3
DA:29,0
DA:31,0
DA:37,0
DA:43,0
DA:44,0
DA:50,0
DA:54,0
DA:60,0
DA:74,3
DA:75,5
DA:76,5
DA:78,5
DA:80,1
DA:83,4
DA:105,4
DA:111,4
DA:112,2
DA:115,2
DA:117,2
DA:120,2
DA:121,0
DA:127,2
DA:128,2
DA:129,0
DA:135,2
DA:138,2
DA:140,2
DA:141,2
DA:142,0
DA:149,2
DA:150,2
DA:152,2
DA:157,0
DA:160,0
DA:170,0
DA:176,0
DA:182,0
DA:184,0
DA:187,0
DA:188,0
DA:194,0
DA:196,0
DA:197,0
DA:203,0
DA:205,0
DA:215,0
DA:221,0
DA:229,0
DA:236,5
LF:55
LH:28
BRDA:29,0,0,0
BRDA:29,0,1,0
BRDA:31,1,0,0
BRDA:32,2,0,0
BRDA:32,2,1,0
BRDA:32,2,2,0
BRDA:32,2,3,0
BRDA:43,3,0,0
BRDA:50,4,0,0
BRDA:51,5,0,0
BRDA:51,5,1,0
BRDA:75,6,0,5
BRDA:75,6,1,3
BRDA:78,7,0,1
BRDA:78,7,1,4
BRDA:111,8,0,2
BRDA:115,9,0,2
BRDA:115,9,1,0
BRDA:120,10,0,0
BRDA:120,11,0,2
BRDA:120,11,1,2
BRDA:128,12,0,0
BRDA:170,13,0,0
BRDA:170,13,1,0
BRDA:172,14,0,0
BRDA:172,14,1,0
BRDA:182,15,0,0
BRDA:182,15,1,0
BRDA:187,16,0,0
BRDA:187,17,0,0
BRDA:187,17,1,0
BRDA:215,18,0,0
BRDA:215,18,1,0
BRDA:217,19,0,0
BRDA:217,19,1,0
BRF:35
BRH:8
end_of_record
TN:
SF:src/pages/api/submitNpsSurvey.ts
FN:12,handleRequest
FN:100,(anonymous_2)
FNF:2
FNH:2
FNDA:11,handleRequest
FNDA:4,(anonymous_2)
DA:5,1
DA:6,1
DA:7,1
DA:8,1
DA:9,1
DA:17,11
DA:23,11
DA:24,0
DA:27,11
DA:28,1
DA:29,1
DA:32,10
DA:35,10
DA:36,1
DA:37,1
DA:40,9
DA:41,1
DA:42,1
DA:45,8
DA:46,1
DA:49,1
DA:52,7
DA:56,1
DA:59,1
DA:62,6
DA:63,1
DA:64,1
DA:67,5
DA:68,1
DA:69,1
DA:70,1
DA:73,4
DA:74,1
DA:75,1
DA:76,1
DA:79,3
DA:80,3
DA:85,3
DA:88,3
DA:89,3
DA:90,3
DA:92,3
DA:97,3
DA:98,3
DA:99,3
DA:100,4
DA:103,3
DA:104,1
DA:107,1
DA:112,2
DA:121,1
DA:123,1
DA:124,1
DA:131,11
LF:54
LH:53
BRDA:23,0,0,0
BRDA:27,1,0,1
BRDA:35,2,0,1
BRDA:35,3,0,10
BRDA:35,3,1,10
BRDA:35,3,2,10
BRDA:40,4,0,1
BRDA:40,5,0,9
BRDA:40,5,1,9
BRDA:40,5,2,9
BRDA:45,6,0,1
BRDA:45,7,0,8
BRDA:45,7,1,8
BRDA:45,7,2,8
BRDA:52,8,0,1
BRDA:53,9,0,7
BRDA:53,9,1,2
BRDA:53,9,2,2
BRDA:62,10,0,1
BRDA:62,11,0,6
BRDA:62,11,1,6
BRDA:67,12,0,1
BRDA:73,13,0,1
BRDA:98,14,0,3
BRDA:100,15,0,4
BRDA:100,15,1,1
BRDA:103,16,0,1
BRDA:125,17,0,1
BRDA:125,17,1,0
BRF:29
BRH:27
end_of_record
TN:
SF:src/pages/api/web-token.ts
FN:34,handler
FN:70,(anonymous_3)
FNF:2
FNH:2
FNDA:15,handler
FNDA:39,(anonymous_3)
DA:21,1
DA:22,1
DA:23,1
DA:24,1
DA:25,1
DA:26,1
DA:36,15
DA:42,15
DA:43,0
DA:47,15
DA:48,1
DA:51,14
DA:53,14
DA:54,14
DA:57,14
DA:61,14
DA:69,14
DA:70,39
DA:73,14
DA:75,7
DA:76,7
DA:77,2
DA:78,2
DA:82,5
DA:83,5
DA:84,1
DA:85,1
DA:89,4
DA:90,4
DA:91,1
DA:94,1
DA:97,3
DA:100,3
DA:101,3
DA:102,1
DA:103,1
DA:104,1
DA:105,1
DA:109,2
DA:110,1
DA:111,1
DA:112,1
DA:117,8
DA:118,1
DA:119,1
DA:123,7
DA:124,7
DA:133,6
DA:135,1
DA:136,1
DA:140,0
DA:141,0
DA:145,15
LF:53
LH:50
BRDA:42,0,0,0
BRDA:47,1,0,1
BRDA:57,2,0,14
BRDA:57,2,1,10
BRDA:69,3,0,14
BRDA:69,3,1,14
BRDA:73,4,0,7
BRDA:73,5,0,14
BRDA:73,5,1,10
BRDA:76,6,0,2
BRDA:83,7,0,1
BRDA:90,8,0,1
BRDA:101,9,0,1
BRDA:109,10,0,1
BRDA:117,11,0,1
BRF:15
BRH:14
end_of_record
TN:
SF:src/pages/api/audio/[filename].ts
FN:29,(anonymous_2)
FNF:1
FNH:1
FNDA:15,(anonymous_2)
DA:5,2
DA:6,2
DA:7,2
DA:8,2
DA:9,2
DA:10,2
DA:13,2
DA:29,2
DA:34,15
DA:37,15
DA:38,0
DA:39,0
DA:43,15
DA:49,15
DA:50,0
DA:54,15
DA:55,1
DA:56,1
DA:60,14
DA:62,14
DA:64,14
DA:65,2
DA:66,2
DA:71,12
DA:74,12
DA:75,2
DA:76,2
DA:80,12
DA:87,12
DA:91,12
DA:94,12
DA:96,12
DA:98,12
DA:107,12
DA:113,12
DA:114,9
DA:117,9
DA:123,9
DA:125,3
DA:127,3
DA:128,1
DA:129,1
DA:132,2
DA:136,2
DA:139,0
DA:140,0
DA:144,0
DA:149,16
LF:48
LH:42
BRDA:15,0,0,2
BRDA:15,0,1,2
BRDA:37,1,0,0
BRDA:49,2,0,0
BRDA:54,3,0,1
BRDA:64,4,0,2
BRDA:64,5,0,14
BRDA:64,5,1,13
BRDA:87,6,0,2
BRDA:87,6,1,10
BRDA:99,7,0,12
BRDA:99,7,1,7
BRDA:101,8,0,12
BRDA:101,8,1,7
BRDA:102,9,0,12
BRDA:102,9,1,7
BRDA:108,10,0,12
BRDA:108,10,1,0
BRDA:127,11,0,1
BRDA:127,12,0,3
BRDA:127,12,1,2
BRDA:134,13,0,2
BRDA:134,13,1,1
BRDA:142,14,0,0
BRDA:142,14,1,0
BRF:25
BRH:20
end_of_record
TN:
SF:src/services/firebase.ts
FN:54,(anonymous_4)
FNF:1
FNH:1
FNDA:8,(anonymous_4)
DA:2,7
DA:3,7
DA:7,7
DA:11,7
DA:14,7
DA:15,1
DA:16,6
DA:17,4
DA:18,4
DA:21,4
DA:22,1
DA:23,1
DA:27,0
DA:28,0
DA:35,3
DA:39,2
DA:40,0
DA:43,0
DA:47,2
DA:53,2
DA:54,8
DA:57,2
DA:58,1
DA:62,1
DA:67,1
DA:68,1
DA:76,1
DA:80,3
DA:82,3
DA:84,3
DA:88,2
DA:91,3
LF:32
LH:28
BRDA:7,0,0,7
BRDA:7,0,1,1
BRDA:14,1,0,1
BRDA:14,1,1,6
BRDA:16,2,0,4
BRDA:16,2,1,2
BRDA:21,3,0,1
BRDA:22,4,0,1
BRDA:22,4,1,0
BRDA:39,5,0,0
BRDA:39,5,1,2
BRDA:39,6,0,2
BRDA:39,6,1,2
BRDA:57,7,0,1
BRDA:57,7,1,1
BRDA:82,8,0,3
BRF:16
BRH:14
end_of_record
TN:
SF:src/services/likeService.ts
FN:18,checkUserLikes
FN:46,(anonymous_5)
FN:93,(anonymous_6)
FN:99,(anonymous_7)
FN:123,(anonymous_8)
FN:150,(anonymous_9)
FN:162,(anonymous_10)
FN:189,(anonymous_11)
FN:195,(anonymous_12)
FN:215,(anonymous_13)
FN:225,(anonymous_14)
FN:259,(anonymous_15)
FNF:12
FNH:0
FNDA:0,checkUserLikes
FNDA:0,(anonymous_5)
FNDA:0,(anonymous_6)
FNDA:0,(anonymous_7)
FNDA:0,(anonymous_8)
FNDA:0,(anonymous_9)
FNDA:0,(anonymous_10)
FNDA:0,(anonymous_11)
FNDA:0,(anonymous_12)
FNDA:0,(anonymous_13)
FNDA:0,(anonymous_14)
FNDA:0,(anonymous_15)
DA:1,1
DA:2,1
DA:18,0
DA:24,0
DA:27,0
DA:29,0
DA:31,0
DA:32,0
DA:34,0
DA:36,0
DA:39,0
DA:40,0
DA:43,0
DA:46,0
DA:47,0
DA:48,0
DA:51,0
DA:52,0
DA:55,0
DA:62,0
DA:65,0
DA:67,0
DA:72,0
DA:73,0
DA:74,0
DA:85,0
DA:88,0
DA:89,0
DA:92,0
DA:93,0
DA:94,0
DA:96,0
DA:99,0
DA:100,0
DA:101,0
DA:108,0
DA:109,0
DA:112,0
DA:119,0
DA:122,0
DA:123,0
DA:124,0
DA:126,0
DA:128,0
DA:133,0
DA:134,0
DA:137,0
DA:140,0
DA:145,0
DA:148,0
DA:149,0
DA:150,0
DA:151,0
DA:153,0
DA:155,0
DA:158,0
DA:162,1
DA:167,0
DA:170,0
DA:172,0
DA:173,0
DA:181,0
DA:184,0
DA:185,0
DA:188,0
DA:189,0
DA:190,0
DA:192,0
DA:195,0
DA:196,0
DA:201,0
DA:203,0
DA:206,0
DA:213,0
DA:214,0
DA:215,0
DA:216,0
DA:218,0
DA:221,0
DA:225,1
DA:232,0
DA:235,0
DA:237,0
DA:238,0
DA:246,0
DA:248,0
DA:249,0
DA:251,0
DA:252,0
DA:255,0
DA:259,0
DA:260,0
DA:261,0
DA:268,0
DA:269,0
LF:95
LH:4
BRDA:24,0,0,0
BRDA:24,0,1,0
BRDA:27,1,0,0
BRDA:27,1,1,0
BRDA:31,2,0,0
BRDA:31,3,0,0
BRDA:31,3,1,0
BRDA:36,4,0,0
BRDA:39,5,0,0
BRDA:39,6,0,0
BRDA:39,6,1,0
BRDA:48,7,0,0
BRDA:48,7,1,0
BRDA:52,8,0,0
BRDA:52,8,1,0
BRDA:55,9,0,0
BRDA:56,10,0,0
BRDA:56,10,1,0
BRDA:56,10,2,0
BRDA:56,10,3,0
BRDA:56,10,4,0
BRDA:72,11,0,0
BRDA:72,12,0,0
BRDA:72,12,1,0
BRDA:85,13,0,0
BRDA:88,14,0,0
BRDA:88,15,0,0
BRDA:88,15,1,0
BRDA:102,16,0,0
BRDA:102,16,1,0
BRDA:102,16,2,0
BRDA:112,17,0,0
BRDA:113,18,0,0
BRDA:113,18,1,0
BRDA:113,18,2,0
BRDA:113,18,3,0
BRDA:113,18,4,0
BRDA:140,19,0,0
BRDA:141,20,0,0
BRDA:141,20,1,0
BRDA:141,20,2,0
BRDA:141,20,3,0
BRDA:141,20,4,0
BRDA:148,21,0,0
BRDA:167,22,0,0
BRDA:167,22,1,0
BRDA:170,23,0,0
BRDA:170,23,1,0
BRDA:181,24,0,0
BRDA:184,25,0,0
BRDA:184,26,0,0
BRDA:184,26,1,0
BRDA:197,27,0,0
BRDA:197,27,1,0
BRDA:206,28,0,0
BRDA:207,29,0,0
BRDA:207,29,1,0
BRDA:207,29,2,0
BRDA:207,29,3,0
BRDA:207,29,4,0
BRDA:232,30,0,0
BRDA:232,30,1,0
BRDA:235,31,0,0
BRDA:235,31,1,0
BRDA:246,32,0,0
BRDA:248,33,0,0
BRDA:249,34,0,0
BRDA:249,34,1,0
BRDA:262,35,0,0
BRDA:262,35,1,0
BRDA:262,35,2,0
BRF:71
BRH:0
end_of_record
TN:
SF:src/utils/env.ts
FN:1,(anonymous_4)
FN:2,(anonymous_5)
FN:3,(anonymous_6)
FNF:3
FNH:1
FNDA:93,(anonymous_4)
FNDA:0,(anonymous_5)
FNDA:0,(anonymous_6)
DA:1,93
DA:2,12
DA:3,12
LF:3
LH:3
BRDA:3,0,0,0
BRDA:3,0,1,0
BRF:2
BRH:0
end_of_record
TN:
SF:src/utils/client/analytics.ts
FN:5,(anonymous_1)
FNF:1
FNH:1
FNDA:3,(anonymous_1)
DA:3,3
DA:5,3
DA:11,3
DA:12,1
DA:20,2
LF:5
LH:5
BRDA:11,0,0,1
BRDA:11,0,1,2
BRF:2
BRH:2
end_of_record
TN:
SF:src/utils/client/authConfig.ts
FN:14,(anonymous_4)
FN:30,(anonymous_5)
FN:59,(anonymous_6)
FNF:3
FNH:1
FNDA:0,(anonymous_4)
FNDA:2,(anonymous_5)
FNDA:0,(anonymous_6)
DA:14,2
DA:16,0
DA:19,0
DA:30,2
DA:35,2
DA:38,1
DA:41,1
DA:44,1
DA:47,0
DA:59,2
DA:65,0
DA:70,0
DA:74,0
DA:75,0
DA:79,0
DA:80,0
DA:84,0
DA:85,0
DA:89,0
DA:90,0
DA:94,0
LF:21
LH:7
BRDA:16,0,0,0
BRDA:35,1,0,1
BRDA:38,2,0,0
BRDA:41,3,0,0
BRDA:41,4,0,1
BRDA:41,4,1,0
BRDA:44,5,0,1
BRDA:65,6,0,0
BRDA:66,7,0,0
BRDA:66,7,1,0
BRDA:66,7,2,0
BRDA:74,8,0,0
BRDA:79,9,0,0
BRDA:79,10,0,0
BRDA:79,10,1,0
BRDA:84,11,0,0
BRDA:89,12,0,0
BRF:17
BRH:3
end_of_record
TN:
SF:src/utils/client/clipboard.ts
FN:1,(anonymous_1)
FNF:1
FNH:1
FNDA:4,(anonymous_1)
DA:1,2
DA:2,4
DA:3,4
DA:4,1
DA:5,1
DA:6,1
DA:8,3
DA:11,1
DA:15,4
LF:9
LH:9
BRDA:1,0,0,2
BRDA:3,1,0,1
BRDA:3,1,1,3
BRDA:3,2,0,4
BRDA:3,2,1,2
BRF:5
BRH:5
end_of_record
TN:
SF:src/utils/client/collectionQueries.ts
FN:3,loadQueries
FN:17,(anonymous_4)
FN:30,getCollectionQueries
FNF:3
FNH:3
FNDA:13,loadQueries
FNDA:37,(anonymous_4)
FNDA:5,getCollectionQueries
DA:1,8
DA:3,8
DA:7,13
DA:12,1
DA:15,12
DA:16,12
DA:17,37
DA:19,12
DA:20,8
DA:22,12
DA:23,10
DA:25,12
DA:27,12
DA:30,8
DA:34,5
DA:35,1
DA:38,4
DA:39,4
DA:40,5
DA:43,4
DA:44,0
DA:46,4
DA:47,4
LF:23
LH:22
BRDA:7,0,0,1
BRDA:8,1,0,13
BRDA:8,1,1,5
BRDA:8,1,2,3
BRDA:19,2,0,8
BRDA:22,3,0,10
BRDA:34,4,0,1
BRDA:34,5,0,5
BRDA:34,5,1,2
BRDA:43,6,0,0
BRF:10
BRH:9
end_of_record
TN:
SF:src/utils/client/collectionsConfig.ts
FNF:0
FNH:0
DA:1,7
LF:1
LH:1
BRF:0
BRH:0
end_of_record
TN:
SF:src/utils/client/libraryMappings.ts
FN:25,getMappedLibraryName
FN:29,getLibraryUrl
FNF:2
FNH:2
FNDA:32,getMappedLibraryName
FNDA:32,getLibraryUrl
DA:10,5
DA:25,32
DA:26,32
DA:29,32
DA:30,32
LF:5
LH:5
BRDA:26,0,0,32
BRDA:26,0,1,29
BRF:2
BRH:2
end_of_record
TN:
SF:src/utils/client/reactQueryConfig.ts
FN:36,queryFetch
FN:95,createQueryClient
FN:101,(anonymous_7)
FN:113,(anonymous_8)
FN:128,(anonymous_9)
FN:153,(anonymous_10)
FN:154,(anonymous_11)
FN:155,(anonymous_12)
FN:156,(anonymous_13)
FNF:9
FNH:1
FNDA:0,queryFetch
FNDA:1,createQueryClient
FNDA:0,(anonymous_7)
FNDA:0,(anonymous_8)
FNDA:0,(anonymous_9)
FNDA:0,(anonymous_10)
FNDA:0,(anonymous_11)
FNDA:0,(anonymous_12)
FNDA:0,(anonymous_13)
DA:11,1
DA:12,1
DA:15,1
DA:36,0
DA:41,0
DA:42,0
DA:43,0
DA:44,0
DA:46,0
DA:54,0
DA:55,0
DA:58,0
DA:60,0
DA:70,0
DA:71,0
DA:75,0
DA:76,0
DA:82,0
DA:95,0
DA:96,1
DA:103,0
DA:104,0
DA:105,0
DA:106,0
DA:110,0
DA:115,0
DA:120,0
DA:123,0
DA:130,0
DA:135,0
DA:137,0
DA:147,1
DA:152,1
DA:153,0
DA:154,0
DA:155,0
DA:156,0
LF:37
LH:6
BRDA:38,0,0,0
BRDA:41,1,0,0
BRDA:58,2,0,0
BRDA:65,3,0,0
BRDA:65,3,1,0
BRDA:70,4,0,0
BRDA:75,5,0,0
BRDA:103,6,0,0
BRDA:103,7,0,0
BRDA:103,7,1,0
BRDA:105,8,0,0
BRDA:105,9,0,0
BRDA:105,9,1,0
BRDA:105,9,2,0
BRDA:105,9,3,0
BRDA:115,10,0,0
BRDA:116,11,0,0
BRDA:116,11,1,0
BRDA:116,11,2,0
BRDA:130,12,0,0
BRDA:131,13,0,0
BRDA:131,13,1,0
BRDA:131,13,2,0
BRF:23
BRH:0
end_of_record
TN:
SF:src/utils/client/siteConfig.ts
FN:9,(anonymous_23)
FN:20,(anonymous_24)
FN:24,(anonymous_25)
FN:28,(anonymous_26)
FN:32,(anonymous_27)
FN:36,(anonymous_28)
FN:40,getGreeting
FN:45,(anonymous_30)
FN:52,(anonymous_31)
FN:56,(anonymous_32)
FN:60,(anonymous_33)
FN:64,(anonymous_34)
FN:68,(anonymous_35)
FN:72,(anonymous_36)
FN:76,getChatPlaceholder
FN:81,(anonymous_38)
FN:88,(anonymous_39)
FN:95,(anonymous_40)
FN:99,(anonymous_41)
FN:104,(anonymous_42)
FN:109,(anonymous_43)
FN:115,(anonymous_44)
FNF:22
FNH:22
FNDA:16,(anonymous_23)
FNDA:13,(anonymous_24)
FNDA:4,(anonymous_25)
FNDA:4,(anonymous_26)
FNDA:4,(anonymous_27)
FNDA:4,(anonymous_28)
FNDA:4,getGreeting
FNDA:3,(anonymous_30)
FNDA:41,(anonymous_31)
FNDA:41,(anonymous_32)
FNDA:41,(anonymous_33)
FNDA:4,(anonymous_34)
FNDA:4,(anonymous_35)
FNDA:3,(anonymous_36)
FNDA:42,getChatPlaceholder
FNDA:5,(anonymous_38)
FNDA:29,(anonymous_39)
FNDA:3,(anonymous_40)
FNDA:3,(anonymous_41)
FNDA:3,(anonymous_42)
FNDA:42,(anonymous_43)
FNDA:1,(anonymous_44)
DA:9,16
DA:10,16
DA:20,13
DA:21,13
DA:24,6
DA:25,4
DA:28,6
DA:29,4
DA:32,6
DA:33,4
DA:36,6
DA:37,4
DA:40,4
DA:41,4
DA:45,6
DA:46,3
DA:52,41
DA:53,41
DA:56,41
DA:57,41
DA:60,41
DA:61,41
DA:64,6
DA:65,4
DA:68,6
DA:69,4
DA:72,6
DA:73,3
DA:76,42
DA:77,42
DA:81,6
DA:84,5
DA:88,29
DA:91,29
DA:95,6
DA:96,3
DA:99,6
DA:101,3
DA:104,6
DA:106,3
DA:109,42
DA:112,42
DA:115,6
DA:117,1
LF:44
LH:44
BRDA:10,0,0,16
BRDA:10,0,1,3
BRDA:21,1,0,13
BRDA:21,1,1,9
BRDA:25,2,0,4
BRDA:25,2,1,2
BRDA:29,3,0,4
BRDA:29,3,1,2
BRDA:33,4,0,4
BRDA:33,4,1,2
BRDA:37,5,0,4
BRDA:37,5,1,2
BRDA:41,6,0,4
BRDA:41,6,1,2
BRDA:46,7,0,3
BRDA:46,7,1,2
BRDA:53,8,0,41
BRDA:53,8,1,2
BRDA:57,9,0,41
BRDA:57,9,1,2
BRDA:61,10,0,41
BRDA:61,10,1,2
BRDA:65,11,0,4
BRDA:65,11,1,2
BRDA:69,12,0,4
BRDA:69,12,1,2
BRDA:73,13,0,3
BRDA:73,13,1,2
BRDA:77,14,0,42
BRDA:77,14,1,41
BRDA:84,15,0,5
BRDA:84,15,1,2
BRDA:91,16,0,29
BRDA:91,16,1,3
BRDA:96,17,0,3
BRDA:96,17,1,2
BRDA:101,18,0,3
BRDA:101,18,1,2
BRDA:106,19,0,3
BRDA:106,19,1,2
BRDA:112,20,0,42
BRDA:112,20,1,40
BRDA:117,21,0,1
BRDA:117,21,1,1
BRF:44
BRH:44
end_of_record
TN:
SF:src/utils/client/tokenManager.ts
FN:45,parseJwtExpiration
FN:63,isTokenValid
FN:73,fetchNewToken
FN:141,initializeTokenManager
FN:157,(anonymous_10)
FN:161,(anonymous_11)
FN:178,isAuthenticated
FN:196,getToken
FN:217,withAuth
FN:237,fetchWithAuth
FN:249,fetchWithRetry
FN:285,(anonymous_17)
FNF:12
FNH:8
FNDA:0,parseJwtExpiration
FNDA:9,isTokenValid
FNDA:7,fetchNewToken
FNDA:0,initializeTokenManager
FNDA:0,(anonymous_10)
FNDA:0,(anonymous_11)
FNDA:2,isAuthenticated
FNDA:7,getToken
FNDA:7,withAuth
FNDA:7,fetchWithAuth
FNDA:7,fetchWithRetry
FNDA:7,(anonymous_17)
DA:30,4
DA:33,4
DA:36,4
DA:39,4
DA:40,4
DA:46,0
DA:48,0
DA:50,0
DA:52,0
DA:54,0
DA:56,0
DA:64,9
DA:67,0
DA:74,7
DA:77,7
DA:84,0
DA:86,0
DA:87,0
DA:89,0
DA:90,0
DA:94,0
DA:97,0
DA:99,0
DA:100,0
DA:103,0
DA:106,0
DA:107,0
DA:109,0
DA:110,0
DA:114,0
DA:119,0
DA:122,7
DA:123,0
DA:124,0
DA:125,0
DA:129,0
DA:132,7
DA:133,7
DA:141,0
DA:143,0
DA:144,0
DA:148,0
DA:149,0
DA:153,0
DA:156,0
DA:158,0
DA:159,0
DA:162,0
DA:163,0
DA:164,0
DA:165,0
DA:169,0
DA:178,2
DA:180,2
DA:185,0
DA:189,2
DA:196,0
DA:198,7
DA:199,0
DA:203,7
DA:204,0
DA:208,7
DA:217,0
DA:218,7
DA:220,0
DA:237,7
DA:242,7
DA:254,7
DA:255,7
DA:256,0
DA:259,0
DA:260,0
DA:265,0
DA:268,0
DA:271,0
DA:273,0
DA:274,0
DA:277,0
DA:280,7
DA:281,7
DA:284,7
DA:285,7
DA:287,0
DA:291,0
LF:84
LH:26
BRDA:64,0,0,9
BRDA:84,1,0,0
BRDA:86,2,0,0
BRDA:86,3,0,0
BRDA:86,3,1,0
BRDA:97,4,0,0
BRDA:97,5,0,0
BRDA:97,5,1,0
BRDA:109,6,0,0
BRDA:122,7,0,0
BRDA:143,8,0,0
BRDA:143,9,0,0
BRDA:143,9,1,0
BRDA:148,10,0,0
BRDA:180,11,0,0
BRDA:181,12,0,2
BRDA:181,12,1,0
BRDA:181,12,2,0
BRDA:198,13,0,0
BRDA:198,14,0,7
BRDA:198,14,1,0
BRDA:203,15,0,0
BRDA:223,16,0,0
BRDA:223,16,1,0
BRDA:252,17,0,7
BRDA:259,18,0,0
BRDA:259,19,0,0
BRDA:259,19,1,0
BRDA:271,20,0,0
BRDA:271,21,0,0
BRDA:271,21,1,0
BRDA:280,22,0,7
BRF:32
BRH:5
end_of_record
TN:
SF:src/utils/client/uuid.ts
FN:4,(anonymous_2)
FNF:1
FNH:1
FNDA:5,(anonymous_2)
DA:1,3
DA:2,3
DA:4,5
DA:5,5
DA:6,5
DA:7,4
DA:8,4
DA:10,5
LF:8
LH:8
BRDA:6,0,0,4
BRF:1
BRH:1
end_of_record
TN:
SF:src/utils/client/voteHandler.ts
FN:4,(anonymous_1)
FN:25,(anonymous_2)
FN:55,(anonymous_3)
FNF:3
FNH:2
FNDA:6,(anonymous_1)
FNDA:0,(anonymous_2)
FNDA:1,(anonymous_3)
DA:1,2
DA:2,2
DA:4,6
DA:11,6
DA:12,1
DA:13,1
DA:16,5
DA:19,5
DA:20,1
DA:22,4
DA:25,5
DA:26,0
DA:27,0
DA:30,5
DA:37,5
DA:38,5
DA:45,4
DA:46,4
DA:47,1
DA:49,3
DA:51,2
DA:52,2
DA:55,2
LF:23
LH:21
BRDA:11,0,0,1
BRDA:16,1,0,5
BRDA:16,1,1,4
BRDA:19,2,0,1
BRDA:19,2,1,4
BRDA:19,3,0,5
BRDA:19,3,1,4
BRDA:19,3,2,4
BRDA:19,3,3,1
BRDA:22,4,0,3
BRDA:22,4,1,1
BRDA:31,5,0,4
BRDA:31,5,1,1
BRDA:46,6,0,1
BRDA:47,7,0,1
BRDA:47,7,1,0
BRDA:53,8,0,2
BRDA:53,8,1,0
BRF:18
BRH:16
end_of_record
TN:
SF:src/utils/server/answersUtils.ts
FN:18,getAnswersByIds
FN:33,(anonymous_6)
FN:67,parseAndRemoveWordsFromSources
FN:90,(anonymous_8)
FN:103,getCacheKeyForDocumentCount
FN:111,getTotalDocuments
FNF:6
FNH:0
FNDA:0,getAnswersByIds
FNDA:0,(anonymous_6)
FNDA:0,parseAndRemoveWordsFromSources
FNDA:0,(anonymous_8)
FNDA:0,getCacheKeyForDocumentCount
FNDA:0,getTotalDocuments
DA:3,2
DA:4,2
DA:5,2
DA:6,2
DA:11,2
DA:18,0
DA:20,0
DA:21,0
DA:24,0
DA:25,0
DA:26,0
DA:27,0
DA:28,0
DA:29,0
DA:33,0
DA:34,0
DA:36,0
DA:40,0
DA:43,0
DA:44,0
DA:47,0
DA:58,0
DA:59,0
DA:63,0
DA:67,0
DA:70,0
DA:71,0
DA:74,0
DA:75,0
DA:76,0
DA:77,0
DA:78,0
DA:80,0
DA:85,0
DA:86,0
DA:90,0
DA:91,0
DA:92,0
DA:93,0
DA:95,0
DA:104,0
DA:105,0
DA:106,0
DA:111,0
DA:112,0
DA:115,0
DA:116,0
DA:117,0
DA:121,0
DA:122,0
DA:126,0
DA:127,0
DA:131,0
DA:132,0
DA:136,0
DA:138,0
LF:56
LH:5
BRDA:20,0,0,0
BRDA:40,1,0,0
BRDA:40,1,1,0
BRDA:43,2,0,0
BRDA:70,3,0,0
BRDA:75,4,0,0
BRDA:75,4,1,0
BRDA:78,5,0,0
BRDA:78,5,1,0
BRDA:85,6,0,0
BRDA:92,7,0,0
BRDA:92,8,0,0
BRDA:92,8,1,0
BRDA:105,9,0,0
BRDA:105,9,1,0
BRDA:116,10,0,0
BRDA:121,11,0,0
BRF:17
BRH:0
end_of_record
TN:
SF:src/utils/server/apiMiddleware.ts
FN:25,withApiMiddleware
FN:53,withJwtOnlyAuth
FN:62,applyCors
FN:87,applySecurityChecks
FN:88,(anonymous_7)
FN:90,(anonymous_8)
FN:110,(anonymous_9)
FN:126,(anonymous_10)
FN:139,(anonymous_11)
FNF:9
FNH:6
FNDA:7,withApiMiddleware
FNDA:2,withJwtOnlyAuth
FNDA:76,applyCors
FNDA:9,applySecurityChecks
FNDA:76,(anonymous_7)
FNDA:74,(anonymous_8)
FNDA:0,(anonymous_9)
FNDA:0,(anonymous_10)
FNDA:0,(anonymous_11)
DA:3,9
DA:4,9
DA:5,9
DA:25,7
DA:30,7
DA:33,7
DA:35,2
DA:36,2
DA:37,0
DA:42,7
DA:53,2
DA:55,2
DA:58,2
DA:67,76
DA:69,76
DA:70,36
DA:72,40
DA:76,76
DA:77,2
DA:78,2
DA:81,74
DA:88,9
DA:90,76
DA:92,74
DA:93,74
DA:94,74
DA:97,74
DA:99,40
DA:100,40
DA:103,0
DA:104,0
DA:106,0
DA:107,0
DA:110,0
DA:112,0
DA:113,0
DA:114,0
DA:116,0
DA:119,0
DA:120,0
DA:125,0
DA:126,0
DA:127,0
DA:130,0
DA:135,0
DA:138,0
DA:139,0
DA:140,0
DA:143,0
DA:149,74
LF:50
LH:29
BRDA:27,0,0,2
BRDA:33,1,0,2
BRDA:36,2,0,0
BRDA:36,3,0,2
BRDA:36,3,1,2
BRDA:36,3,2,1
BRDA:69,4,0,36
BRDA:69,4,1,40
BRDA:76,5,0,2
BRDA:92,6,0,74
BRDA:92,6,1,70
BRDA:97,7,0,40
BRDA:97,8,0,74
BRDA:97,8,1,40
BRDA:99,9,0,40
BRDA:99,9,1,0
BRDA:103,10,0,0
BRDA:103,11,0,0
BRDA:103,11,1,0
BRDA:107,12,0,0
BRDA:107,12,1,0
BRDA:112,13,0,0
BRDA:119,14,0,0
BRF:23
BRH:14
end_of_record
TN:
SF:src/utils/server/appRouterJwtUtils.ts
FN:26,getTokenFromAppRequest
FN:47,withAppRouterJwtAuth
FN:50,(anonymous_5)
FNF:3
FNH:3
FNDA:6,getTokenFromAppRequest
FNDA:3,withAppRouterJwtAuth
FNDA:3,(anonymous_5)
DA:13,1
DA:14,1
DA:26,3
DA:27,6
DA:29,6
DA:30,3
DA:33,3
DA:34,3
DA:47,3
DA:50,3
DA:51,3
DA:53,3
DA:56,1
DA:60,2
DA:61,2
LF:15
LH:15
BRDA:29,0,0,3
BRDA:29,1,0,6
BRDA:29,1,1,4
BRDA:50,2,0,0
BRDA:60,3,0,2
BRDA:60,3,1,0
BRF:6
BRH:4
end_of_record
TN:
SF:src/utils/server/corsMiddleware.ts
FN:17,runMiddleware
FN:26,(anonymous_10)
FN:27,(anonymous_11)
FN:37,isAllowedOrigin
FN:162,isAllowedDevOrigin
FN:177,isWordPressRequest
FN:185,setCorsHeaders
FN:231,handleCors
FN:291,addCorsHeaders
FN:417,handleCorsOptions
FN:437,createErrorCorsHeaders
FN:462,logCorsConfigOnDeploy
FN:474,(anonymous_21)
FN:484,(anonymous_22)
FNF:14
FNH:7
FNDA:0,runMiddleware
FNDA:0,(anonymous_10)
FNDA:0,(anonymous_11)
FNDA:9,isAllowedOrigin
FNDA:125,isAllowedDevOrigin
FNDA:1,isWordPressRequest
FNDA:21,setCorsHeaders
FNDA:34,handleCors
FNDA:80,addCorsHeaders
FNDA:0,handleCorsOptions
FNDA:0,createErrorCorsHeaders
FNDA:12,logCorsConfigOnDeploy
FNDA:0,(anonymous_21)
FNDA:0,(anonymous_22)
DA:2,12
DA:4,12
DA:5,12
DA:7,12
DA:10,12
DA:17,1
DA:26,0
DA:27,0
DA:28,0
DA:29,0
DA:31,0
DA:38,9
DA:42,9
DA:44,9
DA:46,9
DA:47,9
DA:50,9
DA:51,2
DA:57,9
DA:58,6
DA:59,1
DA:60,6
DA:64,3
DA:66,5
DA:67,0
DA:68,0
DA:69,0
DA:73,5
DA:74,0
DA:75,0
DA:76,0
DA:77,0
DA:80,0
DA:85,5
DA:86,0
DA:87,0
DA:88,0
DA:89,0
DA:92,0
DA:98,5
DA:103,3
DA:104,1
DA:105,0
DA:108,1
DA:113,4
DA:114,0
DA:115,0
DA:118,0
DA:121,4
DA:122,0
DA:123,0
DA:126,0
DA:130,4
DA:131,4
DA:132,4
DA:133,0
DA:134,0
DA:137,0
DA:141,0
DA:142,0
DA:143,0
DA:146,0
DA:152,2
DA:153,1
DA:154,2
DA:156,0
DA:157,0
DA:166,125
DA:169,82
DA:171,82
DA:173,82
DA:178,1
DA:185,22
DA:190,21
DA:191,21
DA:194,21
DA:195,0
DA:196,0
DA:197,0
DA:201,0
DA:202,0
DA:205,21
DA:206,0
DA:207,0
DA:208,0
DA:212,0
DA:213,0
DA:216,21
DA:217,0
DA:218,0
DA:219,0
DA:220,0
DA:221,0
DA:225,0
DA:231,35
DA:232,34
DA:233,34
DA:234,34
DA:236,34
DA:237,0
DA:238,0
DA:245,34
DA:246,0
DA:250,34
DA:251,0
DA:254,34
DA:256,34
DA:259,0
DA:262,0
DA:263,0
DA:264,0
DA:267,0
DA:268,0
DA:272,0
DA:273,0
DA:277,0
DA:278,0
DA:279,0
DA:281,0
DA:284,0
DA:291,81
DA:296,80
DA:297,80
DA:298,80
DA:301,80
DA:303,12
DA:304,1
DA:305,1
DA:309,1
DA:313,1
DA:314,1
DA:318,11
DA:319,9
DA:323,9
DA:326,9
DA:327,8
DA:328,8
DA:332,8
DA:336,8
DA:337,8
DA:340,8
DA:346,1
DA:347,1
DA:348,1
DA:349,1
DA:350,1
DA:352,0
DA:356,1
DA:357,1
DA:362,0
DA:365,2
DA:367,0
DA:368,0
DA:372,0
DA:376,0
DA:379,11
DA:383,68
DA:384,0
DA:385,0
DA:386,0
DA:390,0
DA:394,0
DA:397,68
DA:399,0
DA:400,0
DA:401,0
DA:402,0
DA:403,0
DA:407,0
DA:410,0
DA:413,0
DA:417,1
DA:423,0
DA:424,0
DA:425,0
DA:429,0
DA:430,0
DA:431,0
DA:433,0
DA:437,1
DA:443,0
DA:444,0
DA:445,0
DA:446,0
DA:449,0
DA:462,12
DA:464,12
DA:468,12
DA:472,0
DA:474,0
DA:475,0
DA:477,0
DA:479,0
DA:480,0
DA:481,0
DA:482,0
DA:483,0
DA:484,0
DA:485,0
DA:487,0
DA:490,0
DA:496,12
LF:202
LH:91
BRDA:12,0,0,12
BRDA:12,0,1,12
BRDA:28,1,0,0
BRDA:38,2,0,0
BRDA:42,3,0,9
BRDA:42,3,1,7
BRDA:50,4,0,2
BRDA:57,5,0,6
BRDA:58,6,0,1
BRDA:66,7,0,0
BRDA:67,8,0,0
BRDA:73,9,0,0
BRDA:75,10,0,0
BRDA:76,11,0,0
BRDA:85,12,0,0
BRDA:87,13,0,0
BRDA:88,14,0,0
BRDA:98,15,0,3
BRDA:99,16,0,5
BRDA:99,16,1,5
BRDA:99,16,2,5
BRDA:103,17,0,1
BRDA:103,18,0,3
BRDA:103,18,1,3
BRDA:104,19,0,0
BRDA:113,20,0,0
BRDA:113,21,0,4
BRDA:113,21,1,0
BRDA:114,22,0,0
BRDA:121,23,0,0
BRDA:121,24,0,4
BRDA:121,24,1,4
BRDA:122,25,0,0
BRDA:132,26,0,0
BRDA:133,27,0,0
BRDA:141,28,0,0
BRDA:142,29,0,0
BRDA:152,30,0,1
BRDA:166,31,0,43
BRDA:169,32,0,82
BRDA:169,32,1,81
BRDA:171,33,0,82
BRDA:171,33,1,82
BRDA:173,34,0,82
BRDA:173,34,1,81
BRDA:179,35,0,1
BRDA:179,35,1,1
BRDA:179,35,2,0
BRDA:194,36,0,0
BRDA:195,37,0,0
BRDA:195,37,1,0
BRDA:205,38,0,0
BRDA:206,39,0,0
BRDA:206,39,1,0
BRDA:216,40,0,0
BRDA:217,41,0,0
BRDA:217,41,1,0
BRDA:218,42,0,0
BRDA:236,43,0,0
BRDA:245,44,0,0
BRDA:250,45,0,0
BRDA:254,46,0,34
BRDA:259,47,0,0
BRDA:259,47,1,0
BRDA:262,48,0,0
BRDA:267,49,0,0
BRDA:301,50,0,12
BRDA:303,51,0,1
BRDA:303,52,0,12
BRDA:303,52,1,3
BRDA:303,52,2,1
BRDA:318,53,0,9
BRDA:318,53,1,2
BRDA:319,54,0,9
BRDA:319,54,1,0
BRDA:323,55,0,9
BRDA:323,55,1,2
BRDA:326,56,0,8
BRDA:326,56,1,1
BRDA:365,57,0,0
BRDA:365,58,0,2
BRDA:365,58,1,0
BRDA:383,59,0,0
BRDA:384,60,0,0
BRDA:384,60,1,0
BRDA:392,61,0,0
BRDA:392,61,1,0
BRDA:397,62,0,68
BRDA:399,63,0,0
BRDA:399,63,1,0
BRDA:400,64,0,0
BRDA:400,64,1,0
BRDA:423,65,0,0
BRDA:423,66,0,0
BRDA:423,66,1,0
BRDA:430,67,0,0
BRDA:439,68,0,0
BRDA:443,69,0,0
BRDA:443,69,1,0
BRDA:443,70,0,0
BRDA:443,70,1,0
BRDA:445,71,0,0
BRDA:445,72,0,0
BRDA:445,72,1,0
BRDA:451,73,0,0
BRDA:451,73,1,0
BRDA:452,74,0,0
BRDA:452,74,1,0
BRDA:453,75,0,0
BRDA:453,75,1,0
BRDA:453,75,2,0
BRDA:464,76,0,12
BRDA:465,77,0,12
BRDA:465,77,1,0
BRDA:472,78,0,0
BRDA:472,79,0,0
BRDA:472,79,1,0
BRDA:479,80,0,0
BRDA:483,81,0,0
BRDA:483,81,1,0
BRF:120
BRH:44
end_of_record
TN:
SF:src/utils/server/firestoreUtils.ts
FN:3,(anonymous_1)
FNF:1
FNH:0
FNDA:0,(anonymous_1)
DA:1,4
DA:3,4
DA:4,0
DA:5,0
LF:4
LH:2
BRF:0
BRH:0
end_of_record
TN:
SF:src/utils/server/genericRateLimiter.ts
FN:20,genericRateLimiter
FN:90,deleteRateLimitCounter
FNF:2
FNH:0
FNDA:0,genericRateLimiter
FNDA:0,deleteRateLimitCounter
DA:1,2
DA:2,2
DA:4,2
DA:5,2
DA:14,2
DA:20,1
DA:27,0
DA:28,0
DA:29,0
DA:32,0
DA:37,0
DA:38,0
DA:40,0
DA:41,0
DA:45,0
DA:46,0
DA:47,0
DA:48,0
DA:52,0
DA:55,0
DA:56,0
DA:57,0
DA:58,0
DA:59,0
DA:60,0
DA:61,0
DA:62,0
DA:63,0
DA:66,0
DA:67,0
DA:70,0
DA:72,0
DA:76,0
DA:81,0
DA:83,0
DA:85,0
DA:86,0
DA:90,1
DA:95,0
DA:96,0
DA:99,0
DA:102,0
DA:103,0
DA:104,0
DA:106,0
DA:107,0
DA:108,0
DA:110,0
DA:111,0
DA:113,0
DA:118,0
LF:51
LH:7
BRDA:15,0,0,1
BRDA:15,0,1,1
BRDA:17,1,0,1
BRDA:17,1,1,1
BRDA:27,2,0,0
BRDA:37,3,0,0
BRDA:37,3,1,0
BRDA:37,3,2,0
BRDA:47,4,0,0
BRDA:56,5,0,0
BRDA:58,6,0,0
BRDA:58,6,1,0
BRDA:59,7,0,0
BRDA:61,8,0,0
BRDA:62,9,0,0
BRDA:62,9,1,0
BRDA:62,10,0,0
BRDA:62,10,1,0
BRDA:66,11,0,0
BRDA:95,12,0,0
BRDA:110,13,0,0
BRDA:110,13,1,0
BRF:22
BRH:4
end_of_record
TN:
SF:src/utils/server/getCommonSiteConfigProps.ts
FN:3,(anonymous_1)
FNF:1
FNH:0
FNDA:0,(anonymous_1)
DA:1,1
DA:3,1
DA:4,0
DA:6,0
DA:7,0
DA:9,0
DA:10,0
DA:13,0
DA:19,0
DA:20,0
LF:10
LH:2
BRDA:4,0,0,0
BRDA:4,0,1,0
BRDA:9,1,0,0
BRF:3
BRH:0
end_of_record
TN:
SF:src/utils/server/ipUtils.ts
FN:5,getClientIp
FNF:1
FNH:0
FNDA:0,getClientIp
DA:3,4
DA:5,1
DA:7,0
DA:8,0
DA:13,0
DA:17,0
DA:18,0
DA:23,0
DA:27,0
DA:29,0
DA:36,0
DA:40,0
DA:41,0
DA:45,0
DA:46,0
DA:49,0
LF:16
LH:2
BRDA:7,0,0,0
BRDA:13,1,0,0
BRDA:13,1,1,0
BRDA:17,2,0,0
BRDA:18,3,0,0
BRDA:18,3,1,0
BRDA:23,4,0,0
BRDA:23,4,1,0
BRDA:27,5,0,0
BRDA:29,6,0,0
BRDA:29,6,1,0
BRDA:36,7,0,0
BRDA:36,7,1,0
BRDA:40,8,0,0
BRDA:41,9,0,0
BRDA:41,9,1,0
BRDA:45,10,0,0
BRDA:46,11,0,0
BRDA:46,11,1,0
BRF:19
BRH:0
end_of_record
TN:
SF:src/utils/server/jwtUtils.ts
FN:41,verifyToken
FN:77,getTokenFromRequest
FN:101,withJwtAuth
FN:108,(anonymous_8)
FN:115,(anonymous_9)
FNF:5
FNH:1
FNDA:3,verifyToken
FNDA:0,getTokenFromRequest
FNDA:0,withJwtAuth
FNDA:0,(anonymous_8)
FNDA:0,(anonymous_9)
DA:15,5
DA:16,5
DA:41,3
DA:42,3
DA:44,3
DA:46,3
DA:47,0
DA:50,3
DA:51,1
DA:54,2
DA:58,0
DA:63,2
DA:77,0
DA:78,0
DA:80,0
DA:81,0
DA:84,0
DA:85,0
DA:101,0
DA:108,0
DA:109,0
DA:111,0
DA:112,0
DA:114,0
DA:115,0
DA:116,0
DA:119,0
DA:123,0
DA:127,0
DA:128,0
LF:30
LH:10
BRDA:46,0,0,0
BRDA:54,1,0,0
BRDA:55,2,0,2
BRDA:55,2,1,2
BRDA:80,3,0,0
BRDA:80,4,0,0
BRDA:80,4,1,0
BRDA:112,5,0,0
BRDA:127,6,0,0
BRDA:127,6,1,0
BRF:10
BRH:2
end_of_record
TN:
SF:src/utils/server/loadEnv.js
FN:5,loadEnv
FNF:1
FNH:0
FNDA:0,loadEnv
DA:1,2
DA:2,2
DA:3,2
DA:5,0
DA:6,0
DA:7,0
DA:9,0
DA:10,0
DA:11,0
DA:12,0
DA:14,0
DA:15,0
LF:12
LH:3
BRDA:6,0,0,0
BRDA:6,0,1,0
BRF:2
BRH:0
end_of_record
TN:
SF:src/utils/server/loadSiteConfig.ts
FN:10,parseSiteConfig
FN:45,loadSiteConfig
FN:57,loadSiteConfigSync
FNF:3
FNH:2
FNDA:80,parseSiteConfig
FNDA:0,loadSiteConfig
FNDA:80,loadSiteConfigSync
DA:11,80
DA:13,80
DA:14,80
DA:17,80
DA:18,80
DA:19,80
DA:20,80
DA:24,0
DA:35,80
DA:36,80
DA:45,2
DA:48,0
DA:49,0
DA:57,82
DA:58,80
DA:59,80
LF:16
LH:13
BRDA:10,0,0,0
BRDA:13,1,0,80
BRDA:13,1,1,80
BRDA:17,2,0,80
BRDA:27,3,0,0
BRDA:27,3,1,0
BRDA:28,4,0,0
BRDA:28,4,1,0
BRDA:29,5,0,0
BRDA:29,5,1,0
BRDA:30,6,0,0
BRDA:30,6,1,0
BRDA:31,7,0,0
BRDA:31,7,1,0
BRDA:32,8,0,0
BRDA:32,8,1,0
BRDA:48,9,0,0
BRDA:48,9,1,0
BRDA:48,9,2,0
BRDA:58,10,0,80
BRDA:58,10,1,80
BRDA:58,10,2,56
BRF:22
BRH:6
end_of_record
TN:
SF:src/utils/server/makechain.ts
FN:84,loadTextFile
FN:96,streamToString
FN:97,(anonymous_7)
FN:99,(anonymous_8)
FN:101,(anonymous_9)
FN:106,loadTextFileFromS3
FN:131,processTemplate
FN:161,substituteVariables
FN:167,(anonymous_13)
FN:173,loadSiteConfig
FN:193,processSiteConfig
FN:211,(anonymous_16)
FN:266,(anonymous_17)
FN:267,(anonymous_18)
FN:278,(anonymous_19)
FN:287,(anonymous_20)
FN:290,(anonymous_21)
FN:301,retrieveDocumentsByLibrary
FN:331,(anonymous_23)
FN:380,(anonymous_24)
FN:400,(anonymous_25)
FN:415,(anonymous_26)
FN:426,(anonymous_27)
FN:427,(anonymous_28)
FN:451,(anonymous_29)
FN:457,(anonymous_30)
FN:478,(anonymous_31)
FN:497,(anonymous_32)
FN:518,(anonymous_33)
FN:522,(anonymous_34)
FN:526,(anonymous_35)
FN:530,(anonymous_36)
FN:543,(anonymous_37)
FN:588,(anonymous_38)
FN:589,(anonymous_39)
FN:592,(anonymous_40)
FN:607,(anonymous_41)
FN:646,setupAndExecuteLanguageModelChain
FN:706,(anonymous_43)
FNF:39
FNH:0
FNDA:0,loadTextFile
FNDA:0,streamToString
FNDA:0,(anonymous_7)
FNDA:0,(anonymous_8)
FNDA:0,(anonymous_9)
FNDA:0,loadTextFileFromS3
FNDA:0,processTemplate
FNDA:0,substituteVariables
FNDA:0,(anonymous_13)
FNDA:0,loadSiteConfig
FNDA:0,processSiteConfig
FNDA:0,(anonymous_16)
FNDA:0,(anonymous_17)
FNDA:0,(anonymous_18)
FNDA:0,(anonymous_19)
FNDA:0,(anonymous_20)
FNDA:0,(anonymous_21)
FNDA:0,retrieveDocumentsByLibrary
FNDA:0,(anonymous_23)
FNDA:0,(anonymous_24)
FNDA:0,(anonymous_25)
FNDA:0,(anonymous_26)
FNDA:0,(anonymous_27)
FNDA:0,(anonymous_28)
FNDA:0,(anonymous_29)
FNDA:0,(anonymous_30)
FNDA:0,(anonymous_31)
FNDA:0,(anonymous_32)
FNDA:0,(anonymous_33)
FNDA:0,(anonymous_34)
FNDA:0,(anonymous_35)
FNDA:0,(anonymous_36)
FNDA:0,(anonymous_37)
FNDA:0,(anonymous_38)
FNDA:0,(anonymous_39)
FNDA:0,(anonymous_40)
FNDA:0,(anonymous_41)
FNDA:0,setupAndExecuteLanguageModelChain
FNDA:0,(anonymous_43)
DA:29,3
DA:30,3
DA:34,3
DA:35,3
DA:38,3
DA:39,3
DA:41,3
DA:47,3
DA:50,3
DA:85,0
DA:86,0
DA:88,0
DA:91,0
DA:97,0
DA:98,0
DA:99,0
DA:100,0
DA:101,0
DA:110,0
DA:111,0
DA:118,0
DA:119,0
DA:122,0
DA:124,0
DA:125,0
DA:136,0
DA:137,0
DA:138,0
DA:140,0
DA:141,0
DA:145,0
DA:146,0
DA:147,0
DA:151,0
DA:154,0
DA:157,0
DA:165,0
DA:167,0
DA:175,0
DA:177,0
DA:179,0
DA:180,0
DA:181,0
DA:183,0
DA:186,0
DA:187,0
DA:188,0
DA:197,0
DA:202,0
DA:203,0
DA:206,0
DA:211,3
DA:213,0
DA:215,0
DA:216,0
DA:219,0
DA:222,0
DA:223,0
DA:224,0
DA:225,0
DA:229,0
DA:234,3
DA:266,3
DA:267,0
DA:273,0
DA:278,3
DA:282,0
DA:283,0
DA:286,0
DA:287,0
DA:290,0
DA:308,0
DA:311,0
DA:313,0
DA:317,0
DA:320,0
DA:326,0
DA:331,3
DA:343,0
DA:344,0
DA:345,0
DA:347,0
DA:354,0
DA:356,0
DA:358,0
DA:365,0
DA:371,0
DA:372,0
DA:376,0
DA:377,0
DA:378,0
DA:380,0
DA:382,0
DA:389,0
DA:396,0
DA:399,0
DA:401,0
DA:402,0
DA:405,0
DA:406,0
DA:411,0
DA:414,0
DA:415,0
DA:418,0
DA:421,0
DA:425,0
DA:426,0
DA:428,0
DA:429,0
DA:438,0
DA:439,0
DA:440,0
DA:444,0
DA:448,0
DA:451,0
DA:452,0
DA:457,0
DA:462,0
DA:463,0
DA:467,0
DA:470,0
DA:475,0
DA:478,0
DA:479,0
DA:480,0
DA:486,0
DA:487,0
DA:489,0
DA:490,0
DA:492,0
DA:495,0
DA:498,0
DA:499,0
DA:501,0
DA:510,0
DA:521,0
DA:525,0
DA:529,0
DA:533,0
DA:541,0
DA:545,0
DA:550,0
DA:551,0
DA:552,0
DA:555,0
DA:558,0
DA:559,0
DA:560,0
DA:564,0
DA:569,0
DA:572,0
DA:575,0
DA:576,0
DA:579,0
DA:584,0
DA:586,0
DA:588,0
DA:589,0
DA:593,0
DA:594,0
DA:598,0
DA:602,0
DA:607,3
DA:616,0
DA:617,0
DA:638,0
DA:640,0
DA:641,0
DA:646,1
DA:656,0
DA:657,0
DA:658,0
DA:659,0
DA:660,0
DA:663,0
DA:664,0
DA:666,0
DA:667,0
DA:668,0
DA:670,0
DA:673,0
DA:677,0
DA:678,0
DA:687,0
DA:690,0
DA:692,0
DA:693,0
DA:696,0
DA:697,0
DA:707,0
DA:708,0
DA:709,0
DA:713,0
DA:720,0
DA:722,0
DA:730,0
DA:732,0
DA:734,0
DA:735,0
LF:199
LH:16
BRDA:51,0,0,3
BRDA:51,0,1,3
BRDA:118,1,0,0
BRDA:136,2,0,0
BRDA:136,2,1,0
BRDA:137,3,0,0
BRDA:138,4,0,0
BRDA:138,4,1,0
BRDA:140,5,0,0
BRDA:167,6,0,0
BRDA:167,6,1,0
BRDA:175,7,0,0
BRDA:175,7,1,0
BRDA:213,8,0,0
BRDA:213,8,1,0
BRDA:219,9,0,0
BRDA:219,9,1,0
BRDA:222,10,0,0
BRDA:282,11,0,0
BRDA:282,12,0,0
BRDA:282,12,1,0
BRDA:287,13,0,0
BRDA:287,13,1,0
BRDA:293,14,0,0
BRDA:293,14,1,0
BRDA:311,15,0,0
BRDA:311,15,1,0
BRDA:334,16,0,0
BRDA:338,17,0,0
BRDA:343,18,0,0
BRDA:343,18,1,0
BRDA:354,19,0,0
BRDA:354,19,1,0
BRDA:372,20,0,0
BRDA:372,20,1,0
BRDA:405,21,0,0
BRDA:405,21,1,0
BRDA:405,22,0,0
BRDA:405,22,1,0
BRDA:415,23,0,0
BRDA:415,23,1,0
BRDA:418,24,0,0
BRDA:418,24,1,0
BRDA:438,25,0,0
BRDA:462,26,0,0
BRDA:462,26,1,0
BRDA:479,27,0,0
BRDA:479,27,1,0
BRDA:486,28,0,0
BRDA:489,29,0,0
BRDA:498,30,0,0
BRDA:551,31,0,0
BRDA:558,32,0,0
BRDA:593,33,0,0
BRDA:595,34,0,0
BRDA:595,34,1,0
BRDA:611,35,0,0
BRDA:651,36,0,0
BRDA:657,37,0,0
BRDA:657,37,1,0
BRDA:658,38,0,0
BRDA:658,38,1,0
BRDA:663,39,0,0
BRDA:664,40,0,0
BRDA:664,40,1,0
BRDA:666,41,0,0
BRDA:707,42,0,0
BRDA:707,42,1,0
BRF:68
BRH:2
end_of_record
TN:
SF:src/utils/server/pagesCorsUtils.ts
FN:30,isOriginAllowed
FN:56,addPagesCorsHeaders
FN:101,handlePagesCorsOptions
FN:165,withPagesCors
FN:168,(anonymous_5)
FNF:5
FNH:4
FNDA:0,isOriginAllowed
FNDA:11,addPagesCorsHeaders
FNDA:11,handlePagesCorsOptions
FNDA:1,withPagesCors
FNDA:11,(anonymous_5)
DA:15,1
DA:18,1
DA:31,0
DA:34,0
DA:36,0
DA:40,0
DA:43,0
DA:44,0
DA:49,0
DA:57,11
DA:60,11
DA:61,0
DA:62,0
DA:65,11
DA:66,0
DA:67,0
DA:70,0
DA:71,0
DA:75,11
DA:77,0
DA:78,0
DA:79,0
DA:83,11
DA:85,0
DA:88,0
DA:89,0
DA:90,0
DA:105,11
DA:107,0
DA:110,0
DA:111,0
DA:112,0
DA:113,0
DA:114,0
DA:118,0
DA:120,0
DA:121,0
DA:124,0
DA:125,0
DA:129,0
DA:130,0
DA:131,0
DA:132,0
DA:133,0
DA:137,0
DA:139,0
DA:140,0
DA:144,0
DA:145,0
DA:149,0
DA:150,0
DA:151,0
DA:155,0
DA:156,0
DA:159,11
DA:165,1
DA:168,1
DA:171,11
DA:174,11
DA:175,0
DA:179,11
LF:61
LH:14
BRDA:31,0,0,0
BRDA:34,1,0,0
BRDA:36,2,0,0
BRDA:37,3,0,0
BRDA:37,3,1,0
BRDA:43,4,0,0
BRDA:60,5,0,0
BRDA:61,6,0,0
BRDA:61,6,1,0
BRDA:65,7,0,0
BRDA:65,7,1,11
BRDA:65,8,0,11
BRDA:65,8,1,0
BRDA:75,9,0,0
BRDA:75,9,1,11
BRDA:75,10,0,11
BRDA:75,10,1,11
BRDA:83,11,0,0
BRDA:83,12,0,11
BRDA:83,12,1,0
BRDA:105,13,0,0
BRDA:110,14,0,0
BRDA:111,15,0,0
BRDA:111,15,1,0
BRDA:120,16,0,0
BRDA:129,17,0,0
BRDA:129,17,1,0
BRDA:129,18,0,0
BRDA:129,18,1,0
BRDA:144,19,0,0
BRDA:149,20,0,0
BRDA:149,20,1,0
BRDA:174,21,0,0
BRF:33
BRH:6
end_of_record
TN:
SF:src/utils/server/passwordUtils.ts
FN:1,getLastPasswordChangeTimestamp
FN:5,isTokenValid
FNF:2
FNH:0
FNDA:0,getLastPasswordChangeTimestamp
FNDA:0,isTokenValid
DA:1,1
DA:2,0
DA:3,0
DA:5,1
DA:6,0
DA:7,0
DA:8,0
DA:12,0
DA:16,0
LF:9
LH:2
BRDA:3,0,0,0
BRDA:3,0,1,0
BRDA:12,1,0,0
BRDA:12,1,1,0
BRF:4
BRH:0
end_of_record
TN:
SF:src/utils/server/pinecone-client.ts
FN:13,initPinecone
FN:29,(anonymous_4)
FN:51,(anonymous_5)
FNF:3
FNH:0
FNDA:0,initPinecone
FNDA:0,(anonymous_4)
FNDA:0,(anonymous_5)
DA:1,2
DA:7,2
DA:11,2
DA:14,0
DA:15,0
DA:17,0
DA:18,0
DA:22,0
DA:24,0
DA:25,0
DA:29,2
DA:30,0
DA:31,0
DA:32,0
DA:33,0
DA:34,0
DA:35,0
DA:36,0
DA:39,0
DA:40,0
DA:43,0
DA:51,2
DA:52,0
DA:53,0
DA:57,0
DA:58,0
DA:59,0
DA:63,0
DA:64,0
DA:67,0
DA:69,0
LF:31
LH:5
BRDA:14,0,0,0
BRDA:30,1,0,0
BRDA:35,2,0,0
BRDA:52,3,0,0
BRDA:57,4,0,0
BRF:5
BRH:0
end_of_record
TN:
SF:src/utils/server/redisUtils.ts
FN:8,initializeRedis
FN:25,getFromCache
FN:48,setInCache
FN:63,deleteFromCache
FNF:4
FNH:0
FNDA:0,initializeRedis
FNDA:0,getFromCache
FNDA:0,setInCache
FNDA:0,deleteFromCache
DA:1,2
DA:2,2
DA:4,2
DA:6,2
DA:8,0
DA:9,0
DA:10,0
DA:11,0
DA:16,0
DA:18,0
DA:19,0
DA:22,0
DA:25,0
DA:26,0
DA:27,0
DA:29,0
DA:30,0
DA:31,0
DA:33,0
DA:34,0
DA:36,0
DA:38,0
DA:40,0
DA:43,0
DA:44,0
DA:48,0
DA:53,0
DA:54,0
DA:56,0
DA:57,0
DA:59,0
DA:63,0
DA:64,0
DA:65,0
DA:67,0
DA:68,0
DA:70,0
LF:37
LH:4
BRDA:6,0,0,0
BRDA:6,0,1,2
BRDA:9,1,0,0
BRDA:27,2,0,0
BRDA:31,3,0,0
BRDA:36,4,0,0
BRDA:51,5,0,0
BRDA:54,6,0,0
BRDA:65,7,0,0
BRF:9
BRH:1
end_of_record
TN:
SF:src/utils/server/relatedQuestionsUtils.ts
FN:60,performFirestoreOperation
FN:67,(anonymous_8)
FN:68,(anonymous_9)
FN:117,initializeClients
FN:179,getPineconeIndexName
FN:197,getPineconeIndex
FN:215,(anonymous_13)
FN:248,(anonymous_14)
FN:282,checkDbAvailable
FN:297,getBatchEmbeddings
FN:303,(anonymous_17)
FN:311,(anonymous_18)
FN:320,(anonymous_19)
FN:334,getEmbedding
FN:371,upsertEmbeddings
FN:390,(anonymous_22)
FN:411,(anonymous_23)
FN:486,(anonymous_24)
FN:521,getRelatedQuestions
FN:550,(anonymous_26)
FN:551,(anonymous_27)
FN:580,getQuestionsBatch
FN:597,(anonymous_29)
FN:619,(anonymous_30)
FN:626,(anonymous_31)
FN:650,findRelatedQuestionsPinecone
FN:711,(anonymous_33)
FN:719,(anonymous_34)
FN:770,(anonymous_35)
FN:838,(anonymous_36)
FN:862,findRelatedQuestionsPineconeWithEmbedding
FN:937,(anonymous_38)
FN:995,(anonymous_39)
FN:1060,(anonymous_40)
FN:1077,updateRelatedQuestionsBatch
FN:1118,(anonymous_42)
FN:1152,(anonymous_43)
FN:1175,(anonymous_44)
FN:1210,(anonymous_45)
FN:1242,(anonymous_46)
FN:1243,(anonymous_47)
FN:1260,(anonymous_48)
FN:1315,(anonymous_49)
FN:1332,(anonymous_50)
FN:1356,(anonymous_51)
FN:1381,(anonymous_52)
FN:1414,updateRelatedQuestions
FN:1443,(anonymous_54)
FN:1507,(anonymous_55)
FNF:49
FNH:3
FNDA:0,performFirestoreOperation
FNDA:0,(anonymous_8)
FNDA:0,(anonymous_9)
FNDA:2,initializeClients
FNDA:0,getPineconeIndexName
FNDA:0,getPineconeIndex
FNDA:0,(anonymous_13)
FNDA:0,(anonymous_14)
FNDA:2,checkDbAvailable
FNDA:0,getBatchEmbeddings
FNDA:0,(anonymous_17)
FNDA:0,(anonymous_18)
FNDA:0,(anonymous_19)
FNDA:0,getEmbedding
FNDA:0,upsertEmbeddings
FNDA:0,(anonymous_22)
FNDA:0,(anonymous_23)
FNDA:0,(anonymous_24)
FNDA:0,getRelatedQuestions
FNDA:0,(anonymous_26)
FNDA:0,(anonymous_27)
FNDA:0,getQuestionsBatch
FNDA:0,(anonymous_29)
FNDA:0,(anonymous_30)
FNDA:0,(anonymous_31)
FNDA:0,findRelatedQuestionsPinecone
FNDA:0,(anonymous_33)
FNDA:0,(anonymous_34)
FNDA:0,(anonymous_35)
FNDA:0,(anonymous_36)
FNDA:0,findRelatedQuestionsPineconeWithEmbedding
FNDA:0,(anonymous_38)
FNDA:0,(anonymous_39)
FNDA:0,(anonymous_40)
FNDA:2,updateRelatedQuestionsBatch
FNDA:0,(anonymous_42)
FNDA:0,(anonymous_43)
FNDA:0,(anonymous_44)
FNDA:0,(anonymous_45)
FNDA:0,(anonymous_46)
FNDA:0,(anonymous_47)
FNDA:0,(anonymous_48)
FNDA:0,(anonymous_49)
FNDA:0,(anonymous_50)
FNDA:0,(anonymous_51)
FNDA:0,(anonymous_52)
FNDA:0,updateRelatedQuestions
FNDA:0,(anonymous_54)
FNDA:0,(anonymous_55)
DA:25,2
DA:26,2
DA:27,2
DA:28,2
DA:29,2
DA:30,2
DA:31,2
DA:32,2
DA:39,2
DA:42,2
DA:43,2
DA:45,2
DA:48,2
DA:51,2
DA:65,0
DA:67,0
DA:68,0
DA:69,0
DA:78,0
DA:79,0
DA:82,0
DA:83,0
DA:85,0
DA:94,0
DA:98,0
DA:107,0
DA:119,2
DA:121,2
DA:123,2
DA:125,2
DA:127,2
DA:128,2
DA:129,2
DA:132,2
DA:133,2
DA:136,2
DA:142,0
DA:143,0
DA:147,0
DA:148,0
DA:152,0
DA:153,0
DA:155,0
DA:158,2
DA:160,2
DA:161,2
DA:162,2
DA:163,2
DA:165,2
DA:168,2
DA:180,0
DA:182,0
DA:187,2
DA:188,2
DA:199,0
DA:200,0
DA:202,0
DA:204,0
DA:205,0
DA:209,0
DA:211,0
DA:213,0
DA:214,0
DA:215,0
DA:219,0
DA:221,0
DA:223,0
DA:226,0
DA:240,0
DA:241,0
DA:242,0
DA:244,0
DA:248,0
DA:249,0
DA:253,0
DA:254,0
DA:261,0
DA:262,0
DA:265,0
DA:270,0
DA:271,0
DA:272,0
DA:283,2
DA:284,0
DA:299,0
DA:300,0
DA:303,0
DA:304,0
DA:305,0
DA:306,0
DA:309,0
DA:311,0
DA:314,0
DA:320,0
DA:322,0
DA:323,0
DA:336,0
DA:337,0
DA:340,0
DA:341,0
DA:342,0
DA:344,0
DA:346,0
DA:348,0
DA:353,0
DA:355,0
DA:357,0
DA:371,0
DA:376,0
DA:377,0
DA:378,0
DA:381,0
DA:382,0
DA:383,0
DA:389,0
DA:390,0
DA:393,0
DA:394,0
DA:395,0
DA:398,0
DA:401,0
DA:403,0
DA:404,0
DA:408,0
DA:411,0
DA:413,0
DA:415,0
DA:416,0
DA:423,0
DA:424,0
DA:425,0
DA:426,0
DA:429,0
DA:431,0
DA:444,0
DA:445,0
DA:446,0
DA:450,0
DA:451,0
DA:452,0
DA:454,0
DA:455,0
DA:458,0
DA:459,0
DA:460,0
DA:462,0
DA:463,0
DA:464,0
DA:465,0
DA:466,0
DA:469,0
DA:470,0
DA:474,0
DA:482,0
DA:483,0
DA:486,0
DA:487,0
DA:489,0
DA:491,0
DA:495,0
DA:500,0
DA:501,0
DA:508,0
DA:509,0
DA:521,0
DA:525,0
DA:527,0
DA:528,0
DA:531,0
DA:532,0
DA:536,0
DA:539,0
DA:541,0
DA:542,0
DA:543,0
DA:548,0
DA:549,0
DA:550,0
DA:551,0
DA:554,0
DA:555,0
DA:558,0
DA:560,0
DA:561,0
DA:564,0
DA:568,0
DA:584,0
DA:586,0
DA:588,0
DA:594,0
DA:596,0
DA:598,0
DA:604,0
DA:605,0
DA:610,0
DA:615,0
DA:618,0
DA:619,0
DA:625,0
DA:627,0
DA:632,0
DA:634,0
DA:635,0
DA:650,0
DA:656,0
DA:657,0
DA:658,0
DA:660,0
DA:661,0
DA:662,0
DA:668,0
DA:669,0
DA:670,0
DA:671,0
DA:674,0
DA:675,0
DA:676,0
DA:677,0
DA:680,0
DA:683,0
DA:687,0
DA:690,0
DA:692,0
DA:693,0
DA:695,0
DA:696,0
DA:697,0
DA:698,0
DA:699,0
DA:703,0
DA:704,0
DA:707,0
DA:708,0
DA:711,0
DA:712,0
DA:715,0
DA:716,0
DA:719,0
DA:720,0
DA:726,0
DA:727,0
DA:733,0
DA:742,0
DA:743,0
DA:745,0
DA:747,0
DA:748,0
DA:749,0
DA:750,0
DA:751,0
DA:753,0
DA:754,0
DA:758,0
DA:766,0
DA:767,0
DA:770,0
DA:771,0
DA:773,0
DA:777,0
DA:782,0
DA:783,0
DA:788,0
DA:791,0
DA:792,0
DA:794,0
DA:795,0
DA:798,0
DA:806,0
DA:808,0
DA:809,0
DA:811,0
DA:816,0
DA:823,0
DA:824,0
DA:829,0
DA:838,0
DA:839,0
DA:841,0
DA:845,0
DA:869,0
DA:870,0
DA:874,0
DA:875,0
DA:876,0
DA:882,0
DA:883,0
DA:886,0
DA:887,0
DA:890,0
DA:893,0
DA:895,0
DA:898,0
DA:899,0
DA:900,0
DA:902,0
DA:903,0
DA:904,0
DA:905,0
DA:906,0
DA:910,0
DA:912,0
DA:916,0
DA:917,0
DA:920,0
DA:921,0
DA:925,0
DA:933,0
DA:934,0
DA:937,0
DA:938,0
DA:940,0
DA:942,0
DA:945,0
DA:950,0
DA:951,0
DA:957,0
DA:966,0
DA:967,0
DA:969,0
DA:971,0
DA:972,0
DA:973,0
DA:974,0
DA:975,0
DA:978,0
DA:979,0
DA:983,0
DA:991,0
DA:992,0
DA:995,0
DA:996,0
DA:998,0
DA:1002,0
DA:1007,0
DA:1008,0
DA:1013,0
DA:1016,0
DA:1017,0
DA:1019,0
DA:1020,0
DA:1022,0
DA:1029,0
DA:1030,0
DA:1031,0
DA:1032,0
DA:1033,0
DA:1038,0
DA:1044,0
DA:1045,0
DA:1050,0
DA:1060,0
DA:1061,0
DA:1063,0
DA:1067,0
DA:1077,2
DA:1081,2
DA:1082,2
DA:1083,2
DA:1085,2
DA:1089,2
DA:1093,0
DA:1094,0
DA:1097,0
DA:1100,0
DA:1102,0
DA:1103,0
DA:1104,0
DA:1107,0
DA:1110,0
DA:1111,0
DA:1114,0
DA:1115,0
DA:1117,0
DA:1118,0
DA:1123,0
DA:1127,0
DA:1130,0
DA:1135,0
DA:1136,0
DA:1138,0
DA:1139,0
DA:1144,0
DA:1145,0
DA:1148,0
DA:1149,0
DA:1151,0
DA:1152,0
DA:1158,0
DA:1160,0
DA:1161,0
DA:1163,0
DA:1165,0
DA:1168,0
DA:1173,0
DA:1174,0
DA:1175,0
DA:1176,0
DA:1179,0
DA:1180,0
DA:1185,0
DA:1189,0
DA:1193,0
DA:1195,0
DA:1197,0
DA:1201,0
DA:1205,0
DA:1206,0
DA:1210,0
DA:1217,0
DA:1220,0
DA:1226,0
DA:1230,0
DA:1237,0
DA:1242,0
DA:1245,0
DA:1249,0
DA:1254,0
DA:1257,0
DA:1258,0
DA:1260,0
DA:1261,0
DA:1263,0
DA:1265,0
DA:1266,0
DA:1268,0
DA:1269,0
DA:1273,0
DA:1276,0
DA:1278,0
DA:1280,0
DA:1283,0
DA:1287,0
DA:1288,0
DA:1294,0
DA:1295,0
DA:1299,0
DA:1304,0
DA:1307,0
DA:1308,0
DA:1310,0
DA:1311,0
DA:1312,0
DA:1314,0
DA:1315,0
DA:1316,0
DA:1317,0
DA:1320,0
DA:1321,0
DA:1322,0
DA:1325,0
DA:1326,0
DA:1327,0
DA:1329,0
DA:1330,0
DA:1331,0
DA:1332,0
DA:1336,0
DA:1337,0
DA:1338,0
DA:1339,0
DA:1341,0
DA:1346,0
DA:1347,0
DA:1353,0
DA:1356,0
DA:1357,0
DA:1359,0
DA:1362,0
DA:1366,0
DA:1371,0
DA:1372,0
DA:1379,0
DA:1380,0
DA:1382,0
DA:1389,0
DA:1398,0
DA:1414,0
DA:1418,0
DA:1419,0
DA:1420,0
DA:1422,0
DA:1427,0
DA:1431,0
DA:1432,0
DA:1439,0
DA:1440,0
DA:1442,0
DA:1443,0
DA:1449,0
DA:1450,0
DA:1452,0
DA:1454,0
DA:1455,0
DA:1457,0
DA:1459,0
DA:1461,0
DA:1465,0
DA:1470,0
DA:1472,0
DA:1473,0
DA:1483,0
DA:1485,0
DA:1490,0
DA:1497,0
DA:1504,0
DA:1506,0
DA:1508,0
DA:1516,0
DA:1517,0
DA:1523,0
LF:510
LH:40
BRDA:82,0,0,0
BRDA:82,0,1,0
BRDA:83,1,0,0
BRDA:83,1,1,0
BRDA:94,2,0,0
BRDA:95,3,0,0
BRDA:95,3,1,0
BRDA:119,4,0,0
BRDA:119,5,0,2
BRDA:119,5,1,0
BRDA:119,5,2,0
BRDA:121,6,0,0
BRDA:132,7,0,2
BRDA:132,8,0,2
BRDA:132,8,1,0
BRDA:132,8,2,0
BRDA:142,9,0,0
BRDA:147,10,0,0
BRDA:147,10,1,0
BRDA:153,11,0,0
BRDA:199,12,0,0
BRDA:204,13,0,0
BRDA:204,14,0,0
BRDA:204,14,1,0
BRDA:219,15,0,0
BRDA:221,16,0,0
BRDA:221,16,1,0
BRDA:223,17,0,0
BRDA:223,17,1,0
BRDA:245,18,0,0
BRDA:245,18,1,0
BRDA:253,19,0,0
BRDA:283,20,0,0
BRDA:300,21,0,0
BRDA:303,22,0,0
BRDA:303,22,1,0
BRDA:304,23,0,0
BRDA:337,24,0,0
BRDA:340,25,0,0
BRDA:340,26,0,0
BRDA:340,26,1,0
BRDA:377,27,0,0
BRDA:377,28,0,0
BRDA:377,28,1,0
BRDA:382,29,0,0
BRDA:390,30,0,0
BRDA:390,30,1,0
BRDA:390,30,2,0
BRDA:393,31,0,0
BRDA:401,32,0,0
BRDA:401,32,1,0
BRDA:403,33,0,0
BRDA:415,34,0,0
BRDA:429,35,0,0
BRDA:429,36,0,0
BRDA:429,36,1,0
BRDA:444,37,0,0
BRDA:469,38,0,0
BRDA:469,38,1,0
BRDA:470,39,0,0
BRDA:470,39,1,0
BRDA:471,40,0,0
BRDA:471,40,1,0
BRDA:474,41,0,0
BRDA:474,41,1,0
BRDA:474,41,2,0
BRDA:474,41,3,0
BRDA:474,41,4,0
BRDA:474,41,5,0
BRDA:474,41,6,0
BRDA:482,42,0,0
BRDA:482,42,1,0
BRDA:482,43,0,0
BRDA:482,43,1,0
BRDA:500,44,0,0
BRDA:531,45,0,0
BRDA:541,46,0,0
BRDA:548,47,0,0
BRDA:548,47,1,0
BRDA:554,48,0,0
BRDA:594,49,0,0
BRDA:604,50,0,0
BRDA:604,50,1,0
BRDA:621,51,0,0
BRDA:621,51,1,0
BRDA:653,52,0,0
BRDA:657,53,0,0
BRDA:661,54,0,0
BRDA:676,55,0,0
BRDA:699,56,0,0
BRDA:700,57,0,0
BRDA:700,57,1,0
BRDA:707,58,0,0
BRDA:715,59,0,0
BRDA:726,60,0,0
BRDA:753,61,0,0
BRDA:753,61,1,0
BRDA:754,62,0,0
BRDA:754,62,1,0
BRDA:755,63,0,0
BRDA:755,63,1,0
BRDA:758,64,0,0
BRDA:758,64,1,0
BRDA:758,64,2,0
BRDA:758,64,3,0
BRDA:758,64,4,0
BRDA:758,64,5,0
BRDA:758,64,6,0
BRDA:766,65,0,0
BRDA:766,65,1,0
BRDA:766,66,0,0
BRDA:766,66,1,0
BRDA:782,67,0,0
BRDA:782,68,0,0
BRDA:782,68,1,0
BRDA:788,69,0,0
BRDA:788,69,1,0
BRDA:798,70,0,0
BRDA:799,71,0,0
BRDA:799,71,1,0
BRDA:799,71,2,0
BRDA:799,71,3,0
BRDA:799,71,4,0
BRDA:799,71,5,0
BRDA:806,72,0,0
BRDA:806,72,1,0
BRDA:809,73,0,0
BRDA:865,74,0,0
BRDA:869,75,0,0
BRDA:875,76,0,0
BRDA:886,77,0,0
BRDA:886,78,0,0
BRDA:886,78,1,0
BRDA:906,79,0,0
BRDA:906,79,1,0
BRDA:907,80,0,0
BRDA:907,80,1,0
BRDA:920,81,0,0
BRDA:920,81,1,0
BRDA:921,82,0,0
BRDA:921,82,1,0
BRDA:922,83,0,0
BRDA:922,83,1,0
BRDA:925,84,0,0
BRDA:925,84,1,0
BRDA:925,84,2,0
BRDA:925,84,3,0
BRDA:925,84,4,0
BRDA:925,84,5,0
BRDA:925,84,6,0
BRDA:933,85,0,0
BRDA:933,85,1,0
BRDA:933,86,0,0
BRDA:933,86,1,0
BRDA:950,87,0,0
BRDA:978,88,0,0
BRDA:978,88,1,0
BRDA:979,89,0,0
BRDA:979,89,1,0
BRDA:980,90,0,0
BRDA:980,90,1,0
BRDA:983,91,0,0
BRDA:983,91,1,0
BRDA:983,91,2,0
BRDA:983,91,3,0
BRDA:983,91,4,0
BRDA:983,91,5,0
BRDA:983,91,6,0
BRDA:991,92,0,0
BRDA:991,92,1,0
BRDA:991,93,0,0
BRDA:991,93,1,0
BRDA:1007,94,0,0
BRDA:1007,95,0,0
BRDA:1007,95,1,0
BRDA:1013,96,0,0
BRDA:1013,96,1,0
BRDA:1022,97,0,0
BRDA:1023,98,0,0
BRDA:1023,98,1,0
BRDA:1023,98,2,0
BRDA:1023,98,3,0
BRDA:1023,98,4,0
BRDA:1029,99,0,0
BRDA:1029,100,0,0
BRDA:1029,100,1,0
BRDA:1030,101,0,0
BRDA:1030,101,1,0
BRDA:1032,102,0,0
BRDA:1093,103,0,0
BRDA:1103,104,0,0
BRDA:1123,105,0,0
BRDA:1123,105,1,0
BRDA:1144,106,0,0
BRDA:1144,106,1,0
BRDA:1144,107,0,0
BRDA:1144,107,1,0
BRDA:1163,108,0,0
BRDA:1163,109,0,0
BRDA:1163,109,1,0
BRDA:1175,110,0,0
BRDA:1175,110,1,0
BRDA:1179,111,0,0
BRDA:1220,112,0,0
BRDA:1221,113,0,0
BRDA:1221,113,1,0
BRDA:1221,113,2,0
BRDA:1221,113,3,0
BRDA:1227,114,0,0
BRDA:1227,114,1,0
BRDA:1232,115,0,0
BRDA:1232,115,1,0
BRDA:1263,116,0,0
BRDA:1263,116,1,0
BRDA:1266,117,0,0
BRDA:1266,117,1,0
BRDA:1268,118,0,0
BRDA:1268,118,1,0
BRDA:1278,119,0,0
BRDA:1278,119,1,0
BRDA:1278,120,0,0
BRDA:1278,120,1,0
BRDA:1284,121,0,0
BRDA:1284,121,1,0
BRDA:1287,122,0,0
BRDA:1294,123,0,0
BRDA:1294,123,1,0
BRDA:1312,124,0,0
BRDA:1346,125,0,0
BRDA:1346,125,1,0
BRDA:1347,126,0,0
BRDA:1347,126,1,0
BRDA:1348,127,0,0
BRDA:1348,127,1,0
BRDA:1348,127,2,0
BRDA:1348,127,3,0
BRDA:1371,128,0,0
BRDA:1371,128,1,0
BRDA:1431,129,0,0
BRDA:1449,130,0,0
BRDA:1454,131,0,0
BRDA:1454,132,0,0
BRDA:1454,132,1,0
BRDA:1459,133,0,0
BRDA:1459,133,1,0
BRF:245
BRH:3
end_of_record
TN:
SF:src/utils/shared/chatHistory.ts
FN:19,convertChatHistory
FN:53,createChatMessages
FNF:2
FNH:0
FNDA:0,convertChatHistory
FNDA:0,createChatMessages
DA:19,0
DA:20,0
DA:22,0
DA:29,0
DA:30,0
DA:31,0
DA:33,0
DA:34,0
DA:37,0
DA:41,0
DA:44,0
DA:47,0
DA:53,0
DA:57,0
LF:14
LH:0
BRDA:20,0,0,0
BRDA:22,1,0,0
BRDA:23,2,0,0
BRDA:23,2,1,0
BRDA:23,2,2,0
BRDA:23,2,3,0
BRDA:31,3,0,0
BRDA:37,4,0,0
BRDA:38,5,0,0
BRDA:38,5,1,0
BRF:10
BRH:0
end_of_record
